
<!DOCTYPE html>
<html>


<head>
	<meta charset='utf-8' /> 
	<meta name='description' content='' />
	<meta name='robots' content='noodp, noydir' />
	<meta name='viewport' content='width=device-width, initial-scale=1' />
	<meta id="timeStampFormat" name="timeStampFormat" content='MMM d, yyyy hh:mm:ss a'/>
	
	<link href='https://fonts.googleapis.com/css?family=Source+Sans+Pro:400,600' rel='stylesheet' type='text/css' />
	<link href="https://fonts.googleapis.com/icon?family=Material+Icons" rel="stylesheet" />

		<link href='https://cdn.rawgit.com/anshooarora/extentreports-java/b4a58fcfd1e137bd9287244035a7c80d3d73b3af/dist/css/extent.css' type='text/css' rel='stylesheet' />
	
	<title>ExtentReports</title>

	<style type='text/css'>
	</style>
</head>

	<body class='extent standard default hide-overflow bdd-report'>
		<div id='theme-selector' alt='Click to toggle theme. To enable by default, use theme configuration.' title='Click to toggle theme. To enable by default, use theme configuration.'>
			<span><i class='material-icons'>desktop_windows</i></span>
		</div>

<nav>
	<div class="nav-wrapper">
		<a href="#!" class="brand-logo blue darken-3">Extent</a>

		<!-- slideout menu -->
		<ul id='slide-out' class='side-nav fixed hide-on-med-and-down'>
			<li class='waves-effect active'><a href='#!' view='test-view' onclick="configureView(0);chartsView('test');"><i class='material-icons'>dashboard</i></a></li>
						<li class='waves-effect'><a href='#!' view='category-view' onclick="configureView(1)"><i class='material-icons'>label_outline</i></a></li>
			<li class='waves-effect'><a href='#!' view='exception-view' onclick="configureView(2)"><i class='material-icons'>bug_report</i></a></li>
			<li class='waves-effect'><a href='#!' onclick="configureView(-1);chartsView('dashboard');" view='dashboard-view'><i class='material-icons'>track_changes</i></i></a></li>
		</ul>

		<!-- report name -->
		<span class='report-name'>ExtentReports</span>
		
		<!-- report headline -->
		<span class='report-headline'></span>

		<!-- nav-right -->
		<ul id='nav-mobile' class='right hide-on-med-and-down nav-right'>
			<li>
                <a href='#!'>
                    <span class='label suite-start-time blue darken-3'>May 18, 2022 05:21:29 PM</span>
				</a>
			</li>
			<li>
                <a href='#!'>
                    <span class='label blue darken-3'>3.1.5</span>
				</a>
			</li>
		</ul>
	</div>
</nav>

		<!-- container -->
		<div class='container'>

<div id='test-view' class='view'>
				
	<section id='controls'>
		<div class='controls grey lighten-4'>
			<!-- test toggle -->
			<div class='chip transparent'>
				<a class='dropdown-button tests-toggle' data-activates='tests-toggle' data-constrainwidth='true' data-beloworigin='true' data-hover='true' href='#'>
					<i class='material-icons'>warning</i> Status
				</a>
				<ul id='tests-toggle' class='dropdown-content'>
											<li status='pass'><a href='#!'>Pass <i class='material-icons green-text'>check_circle</i></a></li>
						<li status='fail'><a href='#!'>Fail <i class='material-icons red-text'>cancel</i></a></li>
						<li status='skip'><a href='#!'>Skip <i class='material-icons cyan-text'>redo</i></a></li>
					<li class='divider'></li>
					<li status='clear' clear='true'><a href='#!'>Clear Filters <i class='material-icons'>clear</i></a></li>
				</ul>
			</div>
			<!-- test toggle -->

			<!-- category toggle -->
			<div class='chip transparent'>
				<a class='dropdown-button category-toggle' data-activates='category-toggle' data-constrainwidth='false' data-beloworigin='true' data-hover='true' href='#'>
					<i class='material-icons'>local_offer</i> Category
				</a>
				<ul id='category-toggle' class='dropdown-content'>
					<li><a href='#'>@PieVisual1</a></li>
					<li class='divider'></li>
					<li class='clear'><a href='#!' clear='true'>Clear Filters</a></li>
				</ul>
			</div>
			<!-- category toggle -->

			<!-- clear filters -->
			<div class='chip transparent hide'>
				<a class='' id='clear-filters' alt='Clear Filters' title='Clear Filters'>
					<i class='material-icons'>close</i> Clear
				</a>
			</div>
			<!-- clear filters -->

			<!-- enable dashboard -->
			<div id='toggle-test-view-charts' class='chip transparent'>
				<a class='pink-text' id='enable-dashboard' alt='Enable Dashboard' title='Enable Dashboard'>
					<i class='material-icons'>track_changes</i> Dashboard
				</a>
			</div>
			<!-- enable dashboard -->

			<!-- search -->
			<div class='chip transparent' alt='Search Tests' title='Search Tests'>
				<a href="#" class='search-div'>
					<i class='material-icons'>search</i> Search
				</a>

				<div class='input-field left hide'>
					<input id='search-tests' type='text' class='validate browser-default' placeholder='Search Tests...'>
				</div>
				
			</div>
			<!-- search -->
		</div>
	</section>


<div id='test-view-charts' class='subview-full'>
	<div id='charts-row' class='row nm-v nm-h'>
		<div class='col s12 m4 l4 np-h'>
			<div class='card-panel nm-v'>
				<div class='left panel-name'>Features</div>
				<div class='chart-box'>
					<canvas id='parent-analysis' width='100' height='80'></canvas>
				</div>
				<div class='block text-small'>
					<span class='tooltipped' data-position='top' data-tooltip='0%'><span class='strong'>0</span> feature(s) passed</span>
				</div>
				<div class='block text-small'>
					<span class='strong tooltipped' data-position='top' data-tooltip='100%'>1</span> feature(s) failed, <span class='strong tooltipped' data-position='top' data-tooltip='0%'>0</span> others
				</div>
			</div>
		</div>
		
		<div class='col s12 m4 l4 np-h'>
			<div class='card-panel nm-v'>
				<div class='left panel-name'>Scenarios</div>
				<div class='chart-box'>
					<canvas id='child-analysis' width='100' height='80'></canvas>
				</div>
				<div class='block text-small'>
					<span class='tooltipped' data-position='top' data-tooltip='51.111%'><span class='strong'>23</span> scenario(s) passed</span>
				</div>
				<div class='block text-small'>
					<span class='strong tooltipped' data-position='top' data-tooltip='48.889%'>22</span> scenario(s) failed, <span class='strong tooltipped' data-position='top' data-tooltip='0%'>0</span> others
				</div>
			</div>
		</div>
		
		<div class='col s12 m4 l4 np-h'>
			<div class='card-panel nm-v'>
				<div class='left panel-name'>Steps</div>
				<div class='chart-box'>
					<canvas id='grandchild-analysis' width='100' height='80'></canvas>
				</div>
				<div class='block text-small'>
					<span class='tooltipped' data-position='top' data-tooltip='81.915%'><span class='strong'>231</span> step(s) passed</span>
				</div>
				<div class='block text-small'>
					<span class='strong tooltipped' data-position='top' data-tooltip='7.801%'>22</span> step(s) failed, <span class='strong tooltipped' data-position='top' data-tooltip='10.284%'>29</span> others
				</div>
			</div>
		</div>
	</div>
</div>

	<div class='subview-left left'>
		
		<div class='view-summary'>
			<h5>Features</h5>
			<ul id='test-collection' class='test-collection'>
				
				
				<li class='test displayed active has-leaf fail' status='fail' bdd='true' test-id='1'>
					<div class='test-heading'>
						<span class='test-name'>Verifying Pie Visual Functionality</span>
						<span class='test-time'>May 18, 2022 05:21:29 PM</span>
						<span class='test-status right fail'>fail</span>
					</div>
					<div class='test-content hide'>
<div class='scenario node' test-id='2' status='fail'>
	<div class='category-list'>
		<span class='category label white-text'>@PieVisual1</span>
	</div>
	<span class='duration right label'>0h 1m 59s+331ms</span>
	<div class='desc'>
		<b>Scenario</b>
		<span class="desc-text">TC_Pie_120:Edit series - Verify edit series icon</span>
	</div>
	<ul class='steps'>
		<li test-id='3' class='node and pass' status='pass'>
			
			<b>And</b>
			
			<span class="bdd-step-name">And Create a pie visual with series id's "226311002"</span>
				<div class='pre'>passed</div>
			
		</li>
		<li test-id='4' class='node and pass' status='pass'>
			
			<b>And</b>
			
			<span class="bdd-step-name">And Click on Edit series option</span>
				<div class='pre'>passed</div>
			
		</li>
		<li test-id='5' class='node and fail' status='fail'>
			
			<b>And</b>
			
			<span class="bdd-step-name">And Click on edit series icon</span>
				<div class='pre'><pre>org.openqa.selenium.NoSuchElementException: no such element: Unable to locate element: {"method":"xpath","selector":"//*[@class='table']/*[1]/*[2]/*[3]/*/*/*//*[@title='Edit series']"}
  (Session info: chrome=101.0.4951.67)
For documentation on this error, please visit: http://seleniumhq.org/exceptions/no_such_element.html
Build info: version: '3.4.0', revision: 'unknown', time: 'unknown'
System info: host: 'IN-BLR-L008', ip: '192.168.56.1', os.name: 'Windows 10', os.arch: 'amd64', os.version: '10.0', java.version: '1.8.0_202'
Driver info: org.openqa.selenium.chrome.ChromeDriver
Capabilities [{networkConnectionEnabled=false, chrome={chromedriverVersion=100.0.4896.20 (f9d71f93d32a6487809d6f35a9670c879fe97dfe-refs/branch-heads/4896@{#203}), userDataDir=C:\Users\nmaduru\AppData\Local\Temp\scoped_dir2968_872913359}, timeouts={implicit=0.0, pageLoad=300000.0, script=30000.0}, pageLoadStrategy=normal, unhandledPromptBehavior=dismiss and notify, strictFileInteractability=false, platform=ANY, proxy=Proxy(), goog:chromeOptions={debuggerAddress=localhost:59249}, webauthn:extension:credBlob=true, acceptInsecureCerts=true, browserVersion=101.0.4951.67, browserName=chrome, javascriptEnabled=true, platformName=windows, setWindowRect=true, webauthn:extension:largeBlob=true, webauthn:virtualAuthenticators=true}]
Session ID: 800e249356369312680db7c98ee01135
*** Element info: {Using=xpath, value=//*[@class='table']/*[1]/*[2]/*[3]/*/*/*//*[@title='Edit series']}
	at sun.reflect.NativeConstructorAccessorImpl.newInstance0(Native Method)
	at sun.reflect.NativeConstructorAccessorImpl.newInstance(NativeConstructorAccessorImpl.java:62)
	at sun.reflect.DelegatingConstructorAccessorImpl.newInstance(DelegatingConstructorAccessorImpl.java:45)
	at java.lang.reflect.Constructor.newInstance(Constructor.java:423)
	at org.openqa.selenium.remote.http.W3CHttpResponseCodec.createException(W3CHttpResponseCodec.java:150)
	at org.openqa.selenium.remote.http.W3CHttpResponseCodec.decode(W3CHttpResponseCodec.java:115)
	at org.openqa.selenium.remote.http.W3CHttpResponseCodec.decode(W3CHttpResponseCodec.java:45)
	at org.openqa.selenium.remote.HttpCommandExecutor.execute(HttpCommandExecutor.java:164)
	at org.openqa.selenium.remote.service.DriverCommandExecutor.execute(DriverCommandExecutor.java:82)
	at org.openqa.selenium.remote.RemoteWebDriver.execute(RemoteWebDriver.java:637)
	at org.openqa.selenium.remote.RemoteWebDriver.findElement(RemoteWebDriver.java:410)
	at org.openqa.selenium.remote.RemoteWebDriver.findElementByXPath(RemoteWebDriver.java:509)
	at org.openqa.selenium.By$ByXPath.findElement(By.java:361)
	at org.openqa.selenium.remote.RemoteWebDriver.findElement(RemoteWebDriver.java:402)
	at CDMNext.util.CommonFunctionality.getElementByXpath(CommonFunctionality.java:508)
	at CDMNext.StepDefinations.Histogram.click_on_edit_series_icon(Histogram.java:1063)
	at ✽.And Click on edit series icon(PieVisual.feature:871)
</pre></div>
			
		</li>
		<li test-id='6' class='node then skip' status='skip'>
			
			<b>Then</b>
			
			<span class="bdd-step-name">Then Below options should be available</span>
				<div class='pre'><table><tr><td>Rename</td></tr><tr><td>Color</td></tr><tr><td>Frequency</td></tr><tr><td>Currency</td></tr><tr><td>Change</td></tr></table></div>
				<div class='pre'>skipped</div>
			
		</li>
	</ul>
</div>
<div class='scenario node' test-id='7' status='fail'>
	<div class='category-list'>
		<span class='category label white-text'>@PieVisual1</span>
	</div>
	<span class='duration right label'>0h 1m 36s+212ms</span>
	<div class='desc'>
		<b>Scenario</b>
		<span class="desc-text">TC_Pie_121:Edit series - Verify Rename option under edit series</span>
	</div>
	<ul class='steps'>
		<li test-id='8' class='node and pass' status='pass'>
			
			<b>And</b>
			
			<span class="bdd-step-name">And Create a pie visual with series id's "408940397"</span>
				<div class='pre'>passed</div>
			
		</li>
		<li test-id='9' class='node and pass' status='pass'>
			
			<b>And</b>
			
			<span class="bdd-step-name">And Click on Edit series option</span>
				<div class='pre'>passed</div>
			
		</li>
		<li test-id='10' class='node and fail' status='fail'>
			
			<b>And</b>
			
			<span class="bdd-step-name">And Click on edit series icon</span>
				<div class='pre'><pre>org.openqa.selenium.NoSuchElementException: no such element: Unable to locate element: {"method":"xpath","selector":"//*[@class='table']/*[1]/*[2]/*[3]/*/*/*//*[@title='Edit series']"}
  (Session info: chrome=101.0.4951.67)
For documentation on this error, please visit: http://seleniumhq.org/exceptions/no_such_element.html
Build info: version: '3.4.0', revision: 'unknown', time: 'unknown'
System info: host: 'IN-BLR-L008', ip: '192.168.56.1', os.name: 'Windows 10', os.arch: 'amd64', os.version: '10.0', java.version: '1.8.0_202'
Driver info: org.openqa.selenium.chrome.ChromeDriver
Capabilities [{networkConnectionEnabled=false, chrome={chromedriverVersion=100.0.4896.20 (f9d71f93d32a6487809d6f35a9670c879fe97dfe-refs/branch-heads/4896@{#203}), userDataDir=C:\Users\nmaduru\AppData\Local\Temp\scoped_dir2968_872913359}, timeouts={implicit=0.0, pageLoad=300000.0, script=30000.0}, pageLoadStrategy=normal, unhandledPromptBehavior=dismiss and notify, strictFileInteractability=false, platform=ANY, proxy=Proxy(), goog:chromeOptions={debuggerAddress=localhost:59249}, webauthn:extension:credBlob=true, acceptInsecureCerts=true, browserVersion=101.0.4951.67, browserName=chrome, javascriptEnabled=true, platformName=windows, setWindowRect=true, webauthn:extension:largeBlob=true, webauthn:virtualAuthenticators=true}]
Session ID: 800e249356369312680db7c98ee01135
*** Element info: {Using=xpath, value=//*[@class='table']/*[1]/*[2]/*[3]/*/*/*//*[@title='Edit series']}
	at sun.reflect.NativeConstructorAccessorImpl.newInstance0(Native Method)
	at sun.reflect.NativeConstructorAccessorImpl.newInstance(NativeConstructorAccessorImpl.java:62)
	at sun.reflect.DelegatingConstructorAccessorImpl.newInstance(DelegatingConstructorAccessorImpl.java:45)
	at java.lang.reflect.Constructor.newInstance(Constructor.java:423)
	at org.openqa.selenium.remote.http.W3CHttpResponseCodec.createException(W3CHttpResponseCodec.java:150)
	at org.openqa.selenium.remote.http.W3CHttpResponseCodec.decode(W3CHttpResponseCodec.java:115)
	at org.openqa.selenium.remote.http.W3CHttpResponseCodec.decode(W3CHttpResponseCodec.java:45)
	at org.openqa.selenium.remote.HttpCommandExecutor.execute(HttpCommandExecutor.java:164)
	at org.openqa.selenium.remote.service.DriverCommandExecutor.execute(DriverCommandExecutor.java:82)
	at org.openqa.selenium.remote.RemoteWebDriver.execute(RemoteWebDriver.java:637)
	at org.openqa.selenium.remote.RemoteWebDriver.findElement(RemoteWebDriver.java:410)
	at org.openqa.selenium.remote.RemoteWebDriver.findElementByXPath(RemoteWebDriver.java:509)
	at org.openqa.selenium.By$ByXPath.findElement(By.java:361)
	at org.openqa.selenium.remote.RemoteWebDriver.findElement(RemoteWebDriver.java:402)
	at CDMNext.util.CommonFunctionality.getElementByXpath(CommonFunctionality.java:508)
	at CDMNext.StepDefinations.Histogram.click_on_edit_series_icon(Histogram.java:1063)
	at ✽.And Click on edit series icon(PieVisual.feature:883)
</pre></div>
			
		</li>
		<li test-id='11' class='node and skip' status='skip'>
			
			<b>And</b>
			
			<span class="bdd-step-name">And Select "Rename"</span>
				<div class='pre'>skipped</div>
			
		</li>
		<li test-id='12' class='node then skip' status='skip'>
			
			<b>Then</b>
			
			<span class="bdd-step-name">Then Rename popup should be displayed for selected series</span>
				<div class='pre'>skipped</div>
			
		</li>
	</ul>
</div>
<div class='scenario node' test-id='13' status='fail'>
	<div class='category-list'>
		<span class='category label white-text'>@PieVisual1</span>
	</div>
	<span class='duration right label'>0h 1m 36s+174ms</span>
	<div class='desc'>
		<b>Scenario</b>
		<span class="desc-text">TC_Pie_122:Edit series - Verify Color option under edit series</span>
	</div>
	<ul class='steps'>
		<li test-id='14' class='node and pass' status='pass'>
			
			<b>And</b>
			
			<span class="bdd-step-name">And Create a pie visual with series id's "408940397"</span>
				<div class='pre'>passed</div>
			
		</li>
		<li test-id='15' class='node and pass' status='pass'>
			
			<b>And</b>
			
			<span class="bdd-step-name">And Click on Edit series option</span>
				<div class='pre'>passed</div>
			
		</li>
		<li test-id='16' class='node and fail' status='fail'>
			
			<b>And</b>
			
			<span class="bdd-step-name">And Click on edit series icon</span>
				<div class='pre'><pre>org.openqa.selenium.NoSuchElementException: no such element: Unable to locate element: {"method":"xpath","selector":"//*[@class='table']/*[1]/*[2]/*[3]/*/*/*//*[@title='Edit series']"}
  (Session info: chrome=101.0.4951.67)
For documentation on this error, please visit: http://seleniumhq.org/exceptions/no_such_element.html
Build info: version: '3.4.0', revision: 'unknown', time: 'unknown'
System info: host: 'IN-BLR-L008', ip: '192.168.56.1', os.name: 'Windows 10', os.arch: 'amd64', os.version: '10.0', java.version: '1.8.0_202'
Driver info: org.openqa.selenium.chrome.ChromeDriver
Capabilities [{networkConnectionEnabled=false, chrome={chromedriverVersion=100.0.4896.20 (f9d71f93d32a6487809d6f35a9670c879fe97dfe-refs/branch-heads/4896@{#203}), userDataDir=C:\Users\nmaduru\AppData\Local\Temp\scoped_dir2968_872913359}, timeouts={implicit=0.0, pageLoad=300000.0, script=30000.0}, pageLoadStrategy=normal, unhandledPromptBehavior=dismiss and notify, strictFileInteractability=false, platform=ANY, proxy=Proxy(), goog:chromeOptions={debuggerAddress=localhost:59249}, webauthn:extension:credBlob=true, acceptInsecureCerts=true, browserVersion=101.0.4951.67, browserName=chrome, javascriptEnabled=true, platformName=windows, setWindowRect=true, webauthn:extension:largeBlob=true, webauthn:virtualAuthenticators=true}]
Session ID: 800e249356369312680db7c98ee01135
*** Element info: {Using=xpath, value=//*[@class='table']/*[1]/*[2]/*[3]/*/*/*//*[@title='Edit series']}
	at sun.reflect.NativeConstructorAccessorImpl.newInstance0(Native Method)
	at sun.reflect.NativeConstructorAccessorImpl.newInstance(NativeConstructorAccessorImpl.java:62)
	at sun.reflect.DelegatingConstructorAccessorImpl.newInstance(DelegatingConstructorAccessorImpl.java:45)
	at java.lang.reflect.Constructor.newInstance(Constructor.java:423)
	at org.openqa.selenium.remote.http.W3CHttpResponseCodec.createException(W3CHttpResponseCodec.java:150)
	at org.openqa.selenium.remote.http.W3CHttpResponseCodec.decode(W3CHttpResponseCodec.java:115)
	at org.openqa.selenium.remote.http.W3CHttpResponseCodec.decode(W3CHttpResponseCodec.java:45)
	at org.openqa.selenium.remote.HttpCommandExecutor.execute(HttpCommandExecutor.java:164)
	at org.openqa.selenium.remote.service.DriverCommandExecutor.execute(DriverCommandExecutor.java:82)
	at org.openqa.selenium.remote.RemoteWebDriver.execute(RemoteWebDriver.java:637)
	at org.openqa.selenium.remote.RemoteWebDriver.findElement(RemoteWebDriver.java:410)
	at org.openqa.selenium.remote.RemoteWebDriver.findElementByXPath(RemoteWebDriver.java:509)
	at org.openqa.selenium.By$ByXPath.findElement(By.java:361)
	at org.openqa.selenium.remote.RemoteWebDriver.findElement(RemoteWebDriver.java:402)
	at CDMNext.util.CommonFunctionality.getElementByXpath(CommonFunctionality.java:508)
	at CDMNext.StepDefinations.Histogram.click_on_edit_series_icon(Histogram.java:1063)
	at ✽.And Click on edit series icon(PieVisual.feature:891)
</pre></div>
			
		</li>
		<li test-id='17' class='node and skip' status='skip'>
			
			<b>And</b>
			
			<span class="bdd-step-name">And Select "Color"</span>
				<div class='pre'>skipped</div>
			
		</li>
		<li test-id='18' class='node then skip' status='skip'>
			
			<b>Then</b>
			
			<span class="bdd-step-name">Then Selected color should be applied to the series</span>
				<div class='pre'>skipped</div>
			
		</li>
	</ul>
</div>
<div class='scenario node' test-id='19' status='fail'>
	<div class='category-list'>
		<span class='category label white-text'>@PieVisual1</span>
	</div>
	<span class='duration right label'>0h 1m 35s+980ms</span>
	<div class='desc'>
		<b>Scenario</b>
		<span class="desc-text">TC_Pie_123:Edit Histogram - Edit series - Verify Currency option under edit series</span>
	</div>
	<ul class='steps'>
		<li test-id='20' class='node and pass' status='pass'>
			
			<b>And</b>
			
			<span class="bdd-step-name">And Create a pie visual with series id's "226311002"</span>
				<div class='pre'>passed</div>
			
		</li>
		<li test-id='21' class='node and pass' status='pass'>
			
			<b>And</b>
			
			<span class="bdd-step-name">And Click on Edit series option</span>
				<div class='pre'>passed</div>
			
		</li>
		<li test-id='22' class='node and fail' status='fail'>
			
			<b>And</b>
			
			<span class="bdd-step-name">And Click on edit series icon</span>
				<div class='pre'><pre>org.openqa.selenium.NoSuchElementException: no such element: Unable to locate element: {"method":"xpath","selector":"//*[@class='table']/*[1]/*[2]/*[3]/*/*/*//*[@title='Edit series']"}
  (Session info: chrome=101.0.4951.67)
For documentation on this error, please visit: http://seleniumhq.org/exceptions/no_such_element.html
Build info: version: '3.4.0', revision: 'unknown', time: 'unknown'
System info: host: 'IN-BLR-L008', ip: '192.168.56.1', os.name: 'Windows 10', os.arch: 'amd64', os.version: '10.0', java.version: '1.8.0_202'
Driver info: org.openqa.selenium.chrome.ChromeDriver
Capabilities [{networkConnectionEnabled=false, chrome={chromedriverVersion=100.0.4896.20 (f9d71f93d32a6487809d6f35a9670c879fe97dfe-refs/branch-heads/4896@{#203}), userDataDir=C:\Users\nmaduru\AppData\Local\Temp\scoped_dir2968_872913359}, timeouts={implicit=0.0, pageLoad=300000.0, script=30000.0}, pageLoadStrategy=normal, unhandledPromptBehavior=dismiss and notify, strictFileInteractability=false, platform=ANY, proxy=Proxy(), goog:chromeOptions={debuggerAddress=localhost:59249}, webauthn:extension:credBlob=true, acceptInsecureCerts=true, browserVersion=101.0.4951.67, browserName=chrome, javascriptEnabled=true, platformName=windows, setWindowRect=true, webauthn:extension:largeBlob=true, webauthn:virtualAuthenticators=true}]
Session ID: 800e249356369312680db7c98ee01135
*** Element info: {Using=xpath, value=//*[@class='table']/*[1]/*[2]/*[3]/*/*/*//*[@title='Edit series']}
	at sun.reflect.NativeConstructorAccessorImpl.newInstance0(Native Method)
	at sun.reflect.NativeConstructorAccessorImpl.newInstance(NativeConstructorAccessorImpl.java:62)
	at sun.reflect.DelegatingConstructorAccessorImpl.newInstance(DelegatingConstructorAccessorImpl.java:45)
	at java.lang.reflect.Constructor.newInstance(Constructor.java:423)
	at org.openqa.selenium.remote.http.W3CHttpResponseCodec.createException(W3CHttpResponseCodec.java:150)
	at org.openqa.selenium.remote.http.W3CHttpResponseCodec.decode(W3CHttpResponseCodec.java:115)
	at org.openqa.selenium.remote.http.W3CHttpResponseCodec.decode(W3CHttpResponseCodec.java:45)
	at org.openqa.selenium.remote.HttpCommandExecutor.execute(HttpCommandExecutor.java:164)
	at org.openqa.selenium.remote.service.DriverCommandExecutor.execute(DriverCommandExecutor.java:82)
	at org.openqa.selenium.remote.RemoteWebDriver.execute(RemoteWebDriver.java:637)
	at org.openqa.selenium.remote.RemoteWebDriver.findElement(RemoteWebDriver.java:410)
	at org.openqa.selenium.remote.RemoteWebDriver.findElementByXPath(RemoteWebDriver.java:509)
	at org.openqa.selenium.By$ByXPath.findElement(By.java:361)
	at org.openqa.selenium.remote.RemoteWebDriver.findElement(RemoteWebDriver.java:402)
	at CDMNext.util.CommonFunctionality.getElementByXpath(CommonFunctionality.java:508)
	at CDMNext.StepDefinations.Histogram.click_on_edit_series_icon(Histogram.java:1063)
	at ✽.And Click on edit series icon(PieVisual.feature:899)
</pre></div>
			
		</li>
		<li test-id='23' class='node and skip' status='skip'>
			
			<b>And</b>
			
			<span class="bdd-step-name">And Select "Currency"</span>
				<div class='pre'>skipped</div>
			
		</li>
		<li test-id='24' class='node then skip' status='skip'>
			
			<b>Then</b>
			
			<span class="bdd-step-name">Then Selected currency function should be applied to the series</span>
				<div class='pre'>skipped</div>
			
		</li>
	</ul>
</div>
<div class='scenario node' test-id='25' status='fail'>
	<div class='category-list'>
		<span class='category label white-text'>@PieVisual1</span>
	</div>
	<span class='duration right label'>0h 1m 36s+226ms</span>
	<div class='desc'>
		<b>Scenario</b>
		<span class="desc-text">TC_Pie_124:Edit series - Verify Change option under edit series</span>
	</div>
	<ul class='steps'>
		<li test-id='26' class='node and pass' status='pass'>
			
			<b>And</b>
			
			<span class="bdd-step-name">And Create a pie visual with series id's "408940397"</span>
				<div class='pre'>passed</div>
			
		</li>
		<li test-id='27' class='node and pass' status='pass'>
			
			<b>And</b>
			
			<span class="bdd-step-name">And Click on Edit series option</span>
				<div class='pre'>passed</div>
			
		</li>
		<li test-id='28' class='node and fail' status='fail'>
			
			<b>And</b>
			
			<span class="bdd-step-name">And Click on edit series icon</span>
				<div class='pre'><pre>org.openqa.selenium.NoSuchElementException: no such element: Unable to locate element: {"method":"xpath","selector":"//*[@class='table']/*[1]/*[2]/*[3]/*/*/*//*[@title='Edit series']"}
  (Session info: chrome=101.0.4951.67)
For documentation on this error, please visit: http://seleniumhq.org/exceptions/no_such_element.html
Build info: version: '3.4.0', revision: 'unknown', time: 'unknown'
System info: host: 'IN-BLR-L008', ip: '192.168.56.1', os.name: 'Windows 10', os.arch: 'amd64', os.version: '10.0', java.version: '1.8.0_202'
Driver info: org.openqa.selenium.chrome.ChromeDriver
Capabilities [{networkConnectionEnabled=false, chrome={chromedriverVersion=100.0.4896.20 (f9d71f93d32a6487809d6f35a9670c879fe97dfe-refs/branch-heads/4896@{#203}), userDataDir=C:\Users\nmaduru\AppData\Local\Temp\scoped_dir2968_872913359}, timeouts={implicit=0.0, pageLoad=300000.0, script=30000.0}, pageLoadStrategy=normal, unhandledPromptBehavior=dismiss and notify, strictFileInteractability=false, platform=ANY, proxy=Proxy(), goog:chromeOptions={debuggerAddress=localhost:59249}, webauthn:extension:credBlob=true, acceptInsecureCerts=true, browserVersion=101.0.4951.67, browserName=chrome, javascriptEnabled=true, platformName=windows, setWindowRect=true, webauthn:extension:largeBlob=true, webauthn:virtualAuthenticators=true}]
Session ID: 800e249356369312680db7c98ee01135
*** Element info: {Using=xpath, value=//*[@class='table']/*[1]/*[2]/*[3]/*/*/*//*[@title='Edit series']}
	at sun.reflect.GeneratedConstructorAccessor17.newInstance(Unknown Source)
	at sun.reflect.DelegatingConstructorAccessorImpl.newInstance(DelegatingConstructorAccessorImpl.java:45)
	at java.lang.reflect.Constructor.newInstance(Constructor.java:423)
	at org.openqa.selenium.remote.http.W3CHttpResponseCodec.createException(W3CHttpResponseCodec.java:150)
	at org.openqa.selenium.remote.http.W3CHttpResponseCodec.decode(W3CHttpResponseCodec.java:115)
	at org.openqa.selenium.remote.http.W3CHttpResponseCodec.decode(W3CHttpResponseCodec.java:45)
	at org.openqa.selenium.remote.HttpCommandExecutor.execute(HttpCommandExecutor.java:164)
	at org.openqa.selenium.remote.service.DriverCommandExecutor.execute(DriverCommandExecutor.java:82)
	at org.openqa.selenium.remote.RemoteWebDriver.execute(RemoteWebDriver.java:637)
	at org.openqa.selenium.remote.RemoteWebDriver.findElement(RemoteWebDriver.java:410)
	at org.openqa.selenium.remote.RemoteWebDriver.findElementByXPath(RemoteWebDriver.java:509)
	at org.openqa.selenium.By$ByXPath.findElement(By.java:361)
	at org.openqa.selenium.remote.RemoteWebDriver.findElement(RemoteWebDriver.java:402)
	at CDMNext.util.CommonFunctionality.getElementByXpath(CommonFunctionality.java:508)
	at CDMNext.StepDefinations.Histogram.click_on_edit_series_icon(Histogram.java:1063)
	at ✽.And Click on edit series icon(PieVisual.feature:907)
</pre></div>
			
		</li>
		<li test-id='29' class='node and skip' status='skip'>
			
			<b>And</b>
			
			<span class="bdd-step-name">And Select "Change"</span>
				<div class='pre'>skipped</div>
			
		</li>
		<li test-id='30' class='node then skip' status='skip'>
			
			<b>Then</b>
			
			<span class="bdd-step-name">Then Selected change function should be applied to the series</span>
				<div class='pre'>skipped</div>
			
		</li>
	</ul>
</div>
<div class='scenario node' test-id='31' status='pass'>
	<div class='category-list'>
		<span class='category label white-text'>@PieVisual1</span>
	</div>
	<span class='duration right label'>0h 1m 28s+941ms</span>
	<div class='desc'>
		<b>Scenario</b>
		<span class="desc-text">TC_Pie_126:Edit series - Verify applying frequency in series level</span>
	</div>
	<ul class='steps'>
		<li test-id='32' class='node and pass' status='pass'>
			
			<b>And</b>
			
			<span class="bdd-step-name">And Create a pie visual with series id's "16240301;16243001"</span>
				<div class='pre'>passed</div>
			
		</li>
		<li test-id='33' class='node and pass' status='pass'>
			
			<b>And</b>
			
			<span class="bdd-step-name">And Click on Edit series option</span>
				<div class='pre'>passed</div>
			
		</li>
		<li test-id='34' class='node and pass' status='pass'>
			
			<b>And</b>
			
			<span class="bdd-step-name">And Click on frequency dropdown in series level</span>
				<div class='pre'>passed</div>
			
		</li>
		<li test-id='35' class='node and pass' status='pass'>
			
			<b>And</b>
			
			<span class="bdd-step-name">And Select "Yearly (Sum)" from frequency dropdown</span>
				<div class='pre'>passed</div>
			
		</li>
		<li test-id='36' class='node then pass' status='pass'>
			
			<b>Then</b>
			
			<span class="bdd-step-name">Then Selected frequency should be applied to ONLY selected series</span>
				<div class='pre'>passed</div>
			
		</li>
	</ul>
</div>
<div class='scenario node' test-id='37' status='fail'>
	<div class='category-list'>
		<span class='category label white-text'>@PieVisual1</span>
	</div>
	<span class='duration right label'>0h 1m 25s+281ms</span>
	<div class='desc'>
		<b>Scenario</b>
		<span class="desc-text">TC_Pie_127:Edit series - Verify applying currency in series level</span>
	</div>
	<ul class='steps'>
		<li test-id='38' class='node and pass' status='pass'>
			
			<b>And</b>
			
			<span class="bdd-step-name">And Create a pie visual with series id's "16240301;16243001"</span>
				<div class='pre'>passed</div>
			
		</li>
		<li test-id='39' class='node and pass' status='pass'>
			
			<b>And</b>
			
			<span class="bdd-step-name">And Click on Edit series option</span>
				<div class='pre'>passed</div>
			
		</li>
		<li test-id='40' class='node and fail' status='fail'>
			
			<b>And</b>
			
			<span class="bdd-step-name">And Click on currency dropdown in series level</span>
				<div class='pre'><pre>org.openqa.selenium.JavascriptException: javascript error: Cannot read properties of null (reading 'scrollIntoView')
  (Session info: chrome=101.0.4951.67)
Build info: version: '3.4.0', revision: 'unknown', time: 'unknown'
System info: host: 'IN-BLR-L008', ip: '192.168.56.1', os.name: 'Windows 10', os.arch: 'amd64', os.version: '10.0', java.version: '1.8.0_202'
Driver info: org.openqa.selenium.chrome.ChromeDriver
Capabilities [{networkConnectionEnabled=false, chrome={chromedriverVersion=100.0.4896.20 (f9d71f93d32a6487809d6f35a9670c879fe97dfe-refs/branch-heads/4896@{#203}), userDataDir=C:\Users\nmaduru\AppData\Local\Temp\scoped_dir2968_872913359}, timeouts={implicit=0.0, pageLoad=300000.0, script=30000.0}, pageLoadStrategy=normal, unhandledPromptBehavior=dismiss and notify, strictFileInteractability=false, platform=ANY, proxy=Proxy(), goog:chromeOptions={debuggerAddress=localhost:59249}, webauthn:extension:credBlob=true, acceptInsecureCerts=true, browserVersion=101.0.4951.67, browserName=chrome, javascriptEnabled=true, platformName=windows, setWindowRect=true, webauthn:extension:largeBlob=true, webauthn:virtualAuthenticators=true}]
Session ID: 800e249356369312680db7c98ee01135
	at sun.reflect.NativeConstructorAccessorImpl.newInstance0(Native Method)
	at sun.reflect.NativeConstructorAccessorImpl.newInstance(NativeConstructorAccessorImpl.java:62)
	at sun.reflect.DelegatingConstructorAccessorImpl.newInstance(DelegatingConstructorAccessorImpl.java:45)
	at java.lang.reflect.Constructor.newInstance(Constructor.java:423)
	at org.openqa.selenium.remote.http.W3CHttpResponseCodec.createException(W3CHttpResponseCodec.java:150)
	at org.openqa.selenium.remote.http.W3CHttpResponseCodec.decode(W3CHttpResponseCodec.java:115)
	at org.openqa.selenium.remote.http.W3CHttpResponseCodec.decode(W3CHttpResponseCodec.java:45)
	at org.openqa.selenium.remote.HttpCommandExecutor.execute(HttpCommandExecutor.java:164)
	at org.openqa.selenium.remote.service.DriverCommandExecutor.execute(DriverCommandExecutor.java:82)
	at org.openqa.selenium.remote.RemoteWebDriver.execute(RemoteWebDriver.java:637)
	at org.openqa.selenium.remote.RemoteWebDriver.executeScript(RemoteWebDriver.java:573)
	at CDMNext.StepDefinations.Histogram.click_on_currency_dropdown_in_series_level(Histogram.java:1189)
	at ✽.And Click on currency dropdown in series level(PieVisual.feature:930)
</pre></div>
			
		</li>
		<li test-id='41' class='node and skip' status='skip'>
			
			<b>And</b>
			
			<span class="bdd-step-name">And Select "RMB" from currency dropdown</span>
				<div class='pre'>skipped</div>
			
		</li>
		<li test-id='42' class='node then skip' status='skip'>
			
			<b>Then</b>
			
			<span class="bdd-step-name">Then Selected currency should be applied to ONLY selected series</span>
				<div class='pre'>skipped</div>
			
		</li>
	</ul>
</div>
<div class='scenario node' test-id='43' status='pass'>
	<div class='category-list'>
		<span class='category label white-text'>@PieVisual1</span>
	</div>
	<span class='duration right label'>0h 1m 32s+613ms</span>
	<div class='desc'>
		<b>Scenario</b>
		<span class="desc-text">TC_Pie_128:Edit series - Verify applying function in series level</span>
	</div>
	<ul class='steps'>
		<li test-id='44' class='node and pass' status='pass'>
			
			<b>And</b>
			
			<span class="bdd-step-name">And Create a pie visual with series id's "408940397"</span>
				<div class='pre'>passed</div>
			
		</li>
		<li test-id='45' class='node and pass' status='pass'>
			
			<b>And</b>
			
			<span class="bdd-step-name">And Click on Edit series option</span>
				<div class='pre'>passed</div>
			
		</li>
		<li test-id='46' class='node and pass' status='pass'>
			
			<b>And</b>
			
			<span class="bdd-step-name">And Click on "Type a function" field in series level</span>
				<div class='pre'>passed</div>
			
		</li>
		<li test-id='47' class='node and pass' status='pass'>
			
			<b>And</b>
			
			<span class="bdd-step-name">And Select "ACCUMULATE" function</span>
				<div class='pre'>passed</div>
			
		</li>
		<li test-id='48' class='node and pass' status='pass'>
			
			<b>And</b>
			
			<span class="bdd-step-name">And Click on "Apply function"</span>
				<div class='pre'>passed</div>
			
		</li>
		<li test-id='49' class='node then pass' status='pass'>
			
			<b>Then</b>
			
			<span class="bdd-step-name">Then Selected function should applied to the series</span>
				<div class='pre'>passed</div>
			
		</li>
	</ul>
</div>
<div class='scenario node' test-id='50' status='pass'>
	<div class='category-list'>
		<span class='category label white-text'>@PieVisual1</span>
	</div>
	<span class='duration right label'>0h 1m 35s+91ms</span>
	<div class='desc'>
		<b>Scenario</b>
		<span class="desc-text">TC_Pie_129:Edit series - Verify multiple functions apply</span>
	</div>
	<ul class='steps'>
		<li test-id='51' class='node and pass' status='pass'>
			
			<b>And</b>
			
			<span class="bdd-step-name">And Create a pie visual with series id's "408940397"</span>
				<div class='pre'>passed</div>
			
		</li>
		<li test-id='52' class='node and pass' status='pass'>
			
			<b>And</b>
			
			<span class="bdd-step-name">And Click on Edit series option</span>
				<div class='pre'>passed</div>
			
		</li>
		<li test-id='53' class='node and pass' status='pass'>
			
			<b>And</b>
			
			<span class="bdd-step-name">And Click on "Type a function" field in series level</span>
				<div class='pre'>passed</div>
			
		</li>
		<li test-id='54' class='node and pass' status='pass'>
			
			<b>And</b>
			
			<span class="bdd-step-name">And Select multiple functions "ACCUMULATE"  and "LOG"</span>
				<div class='pre'>passed</div>
			
		</li>
		<li test-id='55' class='node and pass' status='pass'>
			
			<b>And</b>
			
			<span class="bdd-step-name">And Click on "Apply function"</span>
				<div class='pre'>passed</div>
			
		</li>
		<li test-id='56' class='node then pass' status='pass'>
			
			<b>Then</b>
			
			<span class="bdd-step-name">Then The Selected functions should applied to the series</span>
				<div class='pre'>passed</div>
			
		</li>
	</ul>
</div>
<div class='scenario node' test-id='57' status='pass'>
	<div class='category-list'>
		<span class='category label white-text'>@PieVisual1</span>
	</div>
	<span class='duration right label'>0h 1m 38s+203ms</span>
	<div class='desc'>
		<b>Scenario</b>
		<span class="desc-text">TC_Pie_136:Edit series - Verify Region, Unit and Series ID fields</span>
	</div>
	<ul class='steps'>
		<li test-id='58' class='node and pass' status='pass'>
			
			<b>And</b>
			
			<span class="bdd-step-name">And Create a pie visual with series id's "16240301;16243001"</span>
				<div class='pre'>passed</div>
			
		</li>
		<li test-id='59' class='node and pass' status='pass'>
			
			<b>And</b>
			
			<span class="bdd-step-name">And Click on Edit series option</span>
				<div class='pre'>passed</div>
			
		</li>
		<li test-id='60' class='node then pass' status='pass'>
			
			<b>Then</b>
			
			<span class="bdd-step-name">Then "Region", "Unit" and "Series id" fields should be available for respective series</span>
				<div class='pre'>passed</div>
			
		</li>
	</ul>
</div>
<div class='scenario node' test-id='61' status='pass'>
	<div class='category-list'>
		<span class='category label white-text'>@PieVisual1</span>
	</div>
	<span class='duration right label'>0h 1m 24s+426ms</span>
	<div class='desc'>
		<b>Scenario</b>
		<span class="desc-text">TC_Pie_147:Edit Pie - Border - Verify Pie color</span>
	</div>
	<ul class='steps'>
		<li test-id='62' class='node and pass' status='pass'>
			
			<b>And</b>
			
			<span class="bdd-step-name">And Create a pie visual with series id's "16240301;16243001"</span>
				<div class='pre'>passed</div>
			
		</li>
		<li test-id='63' class='node and pass' status='pass'>
			
			<b>And</b>
			
			<span class="bdd-step-name">And Click on "Edit Pie"</span>
				<div class='pre'>passed</div>
			
		</li>
		<li test-id='64' class='node and pass' status='pass'>
			
			<b>And</b>
			
			<span class="bdd-step-name">And Click on Border drop down</span>
				<div class='pre'>passed</div>
			
		</li>
		<li test-id='65' class='node and pass' status='pass'>
			
			<b>And</b>
			
			<span class="bdd-step-name">And Check Pie for "Border"</span>
				<div class='pre'>passed</div>
			
		</li>
		<li test-id='66' class='node and pass' status='pass'>
			
			<b>And</b>
			
			<span class="bdd-step-name">And Select color</span>
				<div class='pre'>passed</div>
			
		</li>
		<li test-id='67' class='node then pass' status='pass'>
			
			<b>Then</b>
			
			<span class="bdd-step-name">Then Border should be displayed for "pie visual" with selected color</span>
				<div class='pre'>passed</div>
			
		</li>
	</ul>
</div>
<div class='scenario node' test-id='68' status='pass'>
	<div class='category-list'>
		<span class='category label white-text'>@PieVisual1</span>
	</div>
	<span class='duration right label'>0h 1m 26s+388ms</span>
	<div class='desc'>
		<b>Scenario</b>
		<span class="desc-text">TC_Pie_150:Edit Pie - Border - Verify visual color</span>
	</div>
	<ul class='steps'>
		<li test-id='69' class='node and pass' status='pass'>
			
			<b>And</b>
			
			<span class="bdd-step-name">And Create a pie visual with series id's "16240301;16243001"</span>
				<div class='pre'>passed</div>
			
		</li>
		<li test-id='70' class='node and pass' status='pass'>
			
			<b>And</b>
			
			<span class="bdd-step-name">And Click on "Edit Pie"</span>
				<div class='pre'>passed</div>
			
		</li>
		<li test-id='71' class='node and pass' status='pass'>
			
			<b>And</b>
			
			<span class="bdd-step-name">And Click on Border drop down</span>
				<div class='pre'>passed</div>
			
		</li>
		<li test-id='72' class='node and pass' status='pass'>
			
			<b>And</b>
			
			<span class="bdd-step-name">And Check Visual check box</span>
				<div class='pre'>passed</div>
			
		</li>
		<li test-id='73' class='node and pass' status='pass'>
			
			<b>And</b>
			
			<span class="bdd-step-name">And Select color for Visual</span>
				<div class='pre'>passed</div>
			
		</li>
		<li test-id='74' class='node then pass' status='pass'>
			
			<b>Then</b>
			
			<span class="bdd-step-name">Then Border should be displayed for visual with selected color</span>
				<div class='pre'>passed</div>
			
		</li>
	</ul>
</div>
<div class='scenario node' test-id='75' status='fail'>
	<div class='category-list'>
		<span class='category label white-text'>@PieVisual1</span>
	</div>
	<span class='duration right label'>0h 1m 22s+57ms</span>
	<div class='desc'>
		<b>Scenario</b>
		<span class="desc-text">TC_Pie_152:Verify max series for Pie visual</span>
	</div>
	<ul class='steps'>
		<li test-id='76' class='node and pass' status='pass'>
			
			<b>And</b>
			
			<span class="bdd-step-name">And Select more than 20 series and try to create Pie visual</span>
				<div class='pre'>passed</div>
			
		</li>
		<li test-id='77' class='node then fail' status='fail'>
			
			<b>Then</b>
			
			<span class="bdd-step-name">Then Pie should allow max 20 series</span>
				<div class='pre'><pre>org.openqa.selenium.NoSuchElementException: no such element: Unable to locate element: {"method":"xpath","selector":"//*[text()='Confirmation']"}
  (Session info: chrome=101.0.4951.67)
For documentation on this error, please visit: http://seleniumhq.org/exceptions/no_such_element.html
Build info: version: '3.4.0', revision: 'unknown', time: 'unknown'
System info: host: 'IN-BLR-L008', ip: '192.168.56.1', os.name: 'Windows 10', os.arch: 'amd64', os.version: '10.0', java.version: '1.8.0_202'
Driver info: org.openqa.selenium.chrome.ChromeDriver
Capabilities [{networkConnectionEnabled=false, chrome={chromedriverVersion=100.0.4896.20 (f9d71f93d32a6487809d6f35a9670c879fe97dfe-refs/branch-heads/4896@{#203}), userDataDir=C:\Users\nmaduru\AppData\Local\Temp\scoped_dir2968_872913359}, timeouts={implicit=0.0, pageLoad=300000.0, script=30000.0}, pageLoadStrategy=normal, unhandledPromptBehavior=dismiss and notify, strictFileInteractability=false, platform=ANY, proxy=Proxy(), goog:chromeOptions={debuggerAddress=localhost:59249}, webauthn:extension:credBlob=true, acceptInsecureCerts=true, browserVersion=101.0.4951.67, browserName=chrome, javascriptEnabled=true, platformName=windows, setWindowRect=true, webauthn:extension:largeBlob=true, webauthn:virtualAuthenticators=true}]
Session ID: 800e249356369312680db7c98ee01135
*** Element info: {Using=xpath, value=//*[text()='Confirmation']}
	at sun.reflect.GeneratedConstructorAccessor17.newInstance(Unknown Source)
	at sun.reflect.DelegatingConstructorAccessorImpl.newInstance(DelegatingConstructorAccessorImpl.java:45)
	at java.lang.reflect.Constructor.newInstance(Constructor.java:423)
	at org.openqa.selenium.remote.http.W3CHttpResponseCodec.createException(W3CHttpResponseCodec.java:150)
	at org.openqa.selenium.remote.http.W3CHttpResponseCodec.decode(W3CHttpResponseCodec.java:115)
	at org.openqa.selenium.remote.http.W3CHttpResponseCodec.decode(W3CHttpResponseCodec.java:45)
	at org.openqa.selenium.remote.HttpCommandExecutor.execute(HttpCommandExecutor.java:164)
	at org.openqa.selenium.remote.service.DriverCommandExecutor.execute(DriverCommandExecutor.java:82)
	at org.openqa.selenium.remote.RemoteWebDriver.execute(RemoteWebDriver.java:637)
	at org.openqa.selenium.remote.RemoteWebDriver.findElement(RemoteWebDriver.java:410)
	at org.openqa.selenium.remote.RemoteWebDriver.findElementByXPath(RemoteWebDriver.java:509)
	at org.openqa.selenium.By$ByXPath.findElement(By.java:361)
	at org.openqa.selenium.remote.RemoteWebDriver.findElement(RemoteWebDriver.java:402)
	at CDMNext.StepDefinations.PieVisual.pie_should_allow_max_series(PieVisual.java:1293)
	at ✽.Then Pie should allow max 20 series(PieVisual.feature:1153)
</pre></div>
			
		</li>
	</ul>
</div>
<div class='scenario node' test-id='78' status='pass'>
	<div class='category-list'>
		<span class='category label white-text'>@PieVisual1</span>
	</div>
	<span class='duration right label'>0h 1m 21s+678ms</span>
	<div class='desc'>
		<b>Scenario</b>
		<span class="desc-text">TC_Pie_172:Edit Pie - Title - Verify color for visual title</span>
	</div>
	<ul class='steps'>
		<li test-id='79' class='node and pass' status='pass'>
			
			<b>And</b>
			
			<span class="bdd-step-name">And Create a pie visual with series id's "16240301;16243001"</span>
				<div class='pre'>passed</div>
			
		</li>
		<li test-id='80' class='node and pass' status='pass'>
			
			<b>And</b>
			
			<span class="bdd-step-name">And Click on "Edit Pie"</span>
				<div class='pre'>passed</div>
			
		</li>
		<li test-id='81' class='node and pass' status='pass'>
			
			<b>And</b>
			
			<span class="bdd-step-name">And Click on cogwheel icon for title</span>
				<div class='pre'>passed</div>
			
		</li>
		<li test-id='82' class='node and pass' status='pass'>
			
			<b>And</b>
			
			<span class="bdd-step-name">And Check "Title"</span>
				<div class='pre'>passed</div>
			
		</li>
		<li test-id='83' class='node and pass' status='pass'>
			
			<b>And</b>
			
			<span class="bdd-step-name">And Select color for "Title"</span>
				<div class='pre'>passed</div>
			
		</li>
		<li test-id='84' class='node when pass' status='pass'>
			
			<b>When</b>
			
			<span class="bdd-step-name">When Click on "Save"</span>
				<div class='pre'>passed</div>
			
		</li>
		<li test-id='85' class='node then pass' status='pass'>
			
			<b>Then</b>
			
			<span class="bdd-step-name">Then Visual "title" should be displayed in selected color</span>
				<div class='pre'>passed</div>
			
		</li>
	</ul>
</div>
<div class='scenario node' test-id='86' status='pass'>
	<div class='category-list'>
		<span class='category label white-text'>@PieVisual1</span>
	</div>
	<span class='duration right label'>0h 1m 25s+22ms</span>
	<div class='desc'>
		<b>Scenario</b>
		<span class="desc-text">TC_Pie_173:Edit Pie - Title - Verify color for visual title background</span>
	</div>
	<ul class='steps'>
		<li test-id='87' class='node and pass' status='pass'>
			
			<b>And</b>
			
			<span class="bdd-step-name">And Create a pie visual with series id's "16240301;16243001"</span>
				<div class='pre'>passed</div>
			
		</li>
		<li test-id='88' class='node and pass' status='pass'>
			
			<b>And</b>
			
			<span class="bdd-step-name">And Click on "Edit Pie"</span>
				<div class='pre'>passed</div>
			
		</li>
		<li test-id='89' class='node and pass' status='pass'>
			
			<b>And</b>
			
			<span class="bdd-step-name">And Click on cogwheel icon for title</span>
				<div class='pre'>passed</div>
			
		</li>
		<li test-id='90' class='node and pass' status='pass'>
			
			<b>And</b>
			
			<span class="bdd-step-name">And Check "Title"</span>
				<div class='pre'>passed</div>
			
		</li>
		<li test-id='91' class='node and pass' status='pass'>
			
			<b>And</b>
			
			<span class="bdd-step-name">And Select color for "title" background highlight</span>
				<div class='pre'>passed</div>
			
		</li>
		<li test-id='92' class='node when pass' status='pass'>
			
			<b>When</b>
			
			<span class="bdd-step-name">When Click on "Save"</span>
				<div class='pre'>passed</div>
			
		</li>
		<li test-id='93' class='node then pass' status='pass'>
			
			<b>Then</b>
			
			<span class="bdd-step-name">Then Visual "title" background should be displayed in selected color</span>
				<div class='pre'>passed</div>
			
		</li>
	</ul>
</div>
<div class='scenario node' test-id='94' status='pass'>
	<div class='category-list'>
		<span class='category label white-text'>@PieVisual1</span>
	</div>
	<span class='duration right label'>0h 1m 40s+944ms</span>
	<div class='desc'>
		<b>Scenario</b>
		<span class="desc-text">TC_Pie_182:Edit Pie - Title - Verify font size for visual sub title</span>
	</div>
	<ul class='steps'>
		<li test-id='95' class='node and pass' status='pass'>
			
			<b>And</b>
			
			<span class="bdd-step-name">And Create a pie visual with series id's "16240301;16243001"</span>
				<div class='pre'>passed</div>
			
		</li>
		<li test-id='96' class='node and pass' status='pass'>
			
			<b>And</b>
			
			<span class="bdd-step-name">And Click on "Edit Pie"</span>
				<div class='pre'>passed</div>
			
		</li>
		<li test-id='97' class='node and pass' status='pass'>
			
			<b>And</b>
			
			<span class="bdd-step-name">And Click on cogwheel icon for title</span>
				<div class='pre'>passed</div>
			
		</li>
		<li test-id='98' class='node and pass' status='pass'>
			
			<b>And</b>
			
			<span class="bdd-step-name">And Select size for visual "Sub title" as "20"</span>
				<div class='pre'>passed</div>
			
		</li>
		<li test-id='99' class='node when pass' status='pass'>
			
			<b>When</b>
			
			<span class="bdd-step-name">When Click on "Save"</span>
				<div class='pre'>passed</div>
			
		</li>
		<li test-id='100' class='node then pass' status='pass'>
			
			<b>Then</b>
			
			<span class="bdd-step-name">Then The "sub_title" font size should be changed as "20"</span>
				<div class='pre'>passed</div>
			
		</li>
	</ul>
</div>
<div class='scenario node' test-id='101' status='fail'>
	<div class='category-list'>
		<span class='category label white-text'>@PieVisual1</span>
	</div>
	<span class='duration right label'>0h 1m 27s+603ms</span>
	<div class='desc'>
		<b>Scenario</b>
		<span class="desc-text">TC_Pie_193:Edit pie - Copyright - Verify 'Horizontal align'</span>
	</div>
	<ul class='steps'>
		<li test-id='102' class='node and pass' status='pass'>
			
			<b>And</b>
			
			<span class="bdd-step-name">And Create a pie visual with series id's "16240301;16243001"</span>
				<div class='pre'>passed</div>
			
		</li>
		<li test-id='103' class='node and pass' status='pass'>
			
			<b>And</b>
			
			<span class="bdd-step-name">And Click on "Edit Pie"</span>
				<div class='pre'>passed</div>
			
		</li>
		<li test-id='104' class='node and pass' status='pass'>
			
			<b>And</b>
			
			<span class="bdd-step-name">And Check "Copyright"</span>
				<div class='pre'>passed</div>
			
		</li>
		<li test-id='105' class='node and pass' status='pass'>
			
			<b>And</b>
			
			<span class="bdd-step-name">And Open drop down for "Copyright"</span>
				<div class='pre'>passed</div>
			
		</li>
		<li test-id='106' class='node and pass' status='pass'>
			
			<b>And</b>
			
			<span class="bdd-step-name">And Select Horizontal alignment of copyright to "left" and save</span>
				<div class='pre'>passed</div>
			
		</li>
		<li test-id='107' class='node then fail' status='fail'>
			
			<b>Then</b>
			
			<span class="bdd-step-name">Then The copyright image should align to "Left"</span>
				<div class='pre'><pre>org.openqa.selenium.NoSuchElementException: no such element: Unable to locate element: {"method":"xpath","selector":"//*[@class='movable-modal--window ui-draggable']//*[@class='visual-item-wrapper--credits-container']"}
  (Session info: chrome=101.0.4951.67)
For documentation on this error, please visit: http://seleniumhq.org/exceptions/no_such_element.html
Build info: version: '3.4.0', revision: 'unknown', time: 'unknown'
System info: host: 'IN-BLR-L008', ip: '192.168.56.1', os.name: 'Windows 10', os.arch: 'amd64', os.version: '10.0', java.version: '1.8.0_202'
Driver info: org.openqa.selenium.chrome.ChromeDriver
Capabilities [{networkConnectionEnabled=false, chrome={chromedriverVersion=100.0.4896.20 (f9d71f93d32a6487809d6f35a9670c879fe97dfe-refs/branch-heads/4896@{#203}), userDataDir=C:\Users\nmaduru\AppData\Local\Temp\scoped_dir2968_872913359}, timeouts={implicit=0.0, pageLoad=300000.0, script=30000.0}, pageLoadStrategy=normal, unhandledPromptBehavior=dismiss and notify, strictFileInteractability=false, platform=ANY, proxy=Proxy(), goog:chromeOptions={debuggerAddress=localhost:59249}, webauthn:extension:credBlob=true, acceptInsecureCerts=true, browserVersion=101.0.4951.67, browserName=chrome, javascriptEnabled=true, platformName=windows, setWindowRect=true, webauthn:extension:largeBlob=true, webauthn:virtualAuthenticators=true}]
Session ID: 800e249356369312680db7c98ee01135
*** Element info: {Using=xpath, value=//*[@class='movable-modal--window ui-draggable']//*[@class='visual-item-wrapper--credits-container']}
	at sun.reflect.GeneratedConstructorAccessor17.newInstance(Unknown Source)
	at sun.reflect.DelegatingConstructorAccessorImpl.newInstance(DelegatingConstructorAccessorImpl.java:45)
	at java.lang.reflect.Constructor.newInstance(Constructor.java:423)
	at org.openqa.selenium.remote.http.W3CHttpResponseCodec.createException(W3CHttpResponseCodec.java:150)
	at org.openqa.selenium.remote.http.W3CHttpResponseCodec.decode(W3CHttpResponseCodec.java:115)
	at org.openqa.selenium.remote.http.W3CHttpResponseCodec.decode(W3CHttpResponseCodec.java:45)
	at org.openqa.selenium.remote.HttpCommandExecutor.execute(HttpCommandExecutor.java:164)
	at org.openqa.selenium.remote.service.DriverCommandExecutor.execute(DriverCommandExecutor.java:82)
	at org.openqa.selenium.remote.RemoteWebDriver.execute(RemoteWebDriver.java:637)
	at org.openqa.selenium.remote.RemoteWebDriver.findElement(RemoteWebDriver.java:410)
	at org.openqa.selenium.remote.RemoteWebDriver.findElementByXPath(RemoteWebDriver.java:509)
	at org.openqa.selenium.By$ByXPath.findElement(By.java:361)
	at org.openqa.selenium.remote.RemoteWebDriver.findElement(RemoteWebDriver.java:402)
	at CDMNext.StepDefinations.Histogram.the_copyright_image_should_align_to(Histogram.java:3131)
	at ✽.Then The copyright image should align to "Left"(PieVisual.feature:1527)
</pre></div>
			
		</li>
		<li test-id='108' class='node and skip' status='skip'>
			
			<b>And</b>
			
			<span class="bdd-step-name">And Select Horizontal alignment of copyright to "center" and save</span>
				<div class='pre'>skipped</div>
			
		</li>
		<li test-id='109' class='node then skip' status='skip'>
			
			<b>Then</b>
			
			<span class="bdd-step-name">Then The copyright image should align to "Center"</span>
				<div class='pre'>skipped</div>
			
		</li>
		<li test-id='110' class='node and skip' status='skip'>
			
			<b>And</b>
			
			<span class="bdd-step-name">And Select Horizontal alignment of copyright to "right" and save</span>
				<div class='pre'>skipped</div>
			
		</li>
		<li test-id='111' class='node then skip' status='skip'>
			
			<b>Then</b>
			
			<span class="bdd-step-name">Then The copyright image should align to "Right"</span>
				<div class='pre'>skipped</div>
			
		</li>
	</ul>
</div>
<div class='scenario node' test-id='112' status='fail'>
	<div class='category-list'>
		<span class='category label white-text'>@PieVisual1</span>
	</div>
	<span class='duration right label'>0h 1m 20s+761ms</span>
	<div class='desc'>
		<b>Scenario</b>
		<span class="desc-text">TC_Pie_197:Edit pie - Copyright - Verify link for copyright</span>
	</div>
	<ul class='steps'>
		<li test-id='113' class='node and pass' status='pass'>
			
			<b>And</b>
			
			<span class="bdd-step-name">And Create a pie visual with series id's "16240301;16243001"</span>
				<div class='pre'>passed</div>
			
		</li>
		<li test-id='114' class='node and pass' status='pass'>
			
			<b>And</b>
			
			<span class="bdd-step-name">And Click on "Edit Pie"</span>
				<div class='pre'>passed</div>
			
		</li>
		<li test-id='115' class='node and pass' status='pass'>
			
			<b>And</b>
			
			<span class="bdd-step-name">And Check "Copyright"</span>
				<div class='pre'>passed</div>
			
		</li>
		<li test-id='116' class='node and pass' status='pass'>
			
			<b>And</b>
			
			<span class="bdd-step-name">And Click on "Open advanced settings popup" icon</span>
				<div class='pre'>passed</div>
			
		</li>
		<li test-id='117' class='node and pass' status='pass'>
			
			<b>And</b>
			
			<span class="bdd-step-name">And Select Text radio button from copyright popup and Save</span>
				<div class='pre'>passed</div>
			
		</li>
		<li test-id='118' class='node and pass' status='pass'>
			
			<b>And</b>
			
			<span class="bdd-step-name">And Click on the Copyright</span>
				<div class='pre'>passed</div>
			
		</li>
		<li test-id='119' class='node then fail' status='fail'>
			
			<b>Then</b>
			
			<span class="bdd-step-name">Then The user should redirect to "https://www.ceicdata.com/en" link</span>
				<div class='pre'><pre>java.lang.IndexOutOfBoundsException: Index: 1, Size: 1
	at java.util.ArrayList.rangeCheck(ArrayList.java:657)
	at java.util.ArrayList.get(ArrayList.java:433)
	at CDMNext.StepDefinations.Histogram.the_user_should_redirect_to_link(Histogram.java:3322)
	at ✽.Then The user should redirect to "https://www.ceicdata.com/en" link(PieVisual.feature:1567)
</pre></div>
			
		</li>
	</ul>
</div>
<div class='scenario node' test-id='120' status='pass'>
	<div class='category-list'>
		<span class='category label white-text'>@PieVisual1</span>
	</div>
	<span class='duration right label'>0h 1m 28s+464ms</span>
	<div class='desc'>
		<b>Scenario</b>
		<span class="desc-text">TC_Pie_198:Edit pie - Copyright -Verify copyright color</span>
	</div>
	<ul class='steps'>
		<li test-id='121' class='node and pass' status='pass'>
			
			<b>And</b>
			
			<span class="bdd-step-name">And Create a pie visual with series id's "16240301;16243001"</span>
				<div class='pre'>passed</div>
			
		</li>
		<li test-id='122' class='node and pass' status='pass'>
			
			<b>And</b>
			
			<span class="bdd-step-name">And Click on "Edit Pie"</span>
				<div class='pre'>passed</div>
			
		</li>
		<li test-id='123' class='node and pass' status='pass'>
			
			<b>And</b>
			
			<span class="bdd-step-name">And Check "Copyright"</span>
				<div class='pre'>passed</div>
			
		</li>
		<li test-id='124' class='node and pass' status='pass'>
			
			<b>And</b>
			
			<span class="bdd-step-name">And Click on "Open advanced settings popup" icon</span>
				<div class='pre'>passed</div>
			
		</li>
		<li test-id='125' class='node and pass' status='pass'>
			
			<b>And</b>
			
			<span class="bdd-step-name">And Select Text radio button</span>
				<div class='pre'>passed</div>
			
		</li>
		<li test-id='126' class='node and pass' status='pass'>
			
			<b>And</b>
			
			<span class="bdd-step-name">And Select color for "Copyright"</span>
				<div class='pre'>passed</div>
			
		</li>
		<li test-id='127' class='node when pass' status='pass'>
			
			<b>When</b>
			
			<span class="bdd-step-name">When Click on "Save"</span>
				<div class='pre'>passed</div>
			
		</li>
		<li test-id='128' class='node then pass' status='pass'>
			
			<b>Then</b>
			
			<span class="bdd-step-name">Then Visual "Copyright" should be displayed in selected color</span>
				<div class='pre'>passed</div>
			
		</li>
	</ul>
</div>
<div class='scenario node' test-id='129' status='fail'>
	<div class='category-list'>
		<span class='category label white-text'>@PieVisual1</span>
	</div>
	<span class='duration right label'>0h 1m 27s+643ms</span>
	<div class='desc'>
		<b>Scenario</b>
		<span class="desc-text">TC_Pie_203:Edit pie - Copyright - Verify horizontal alignment (left, right, center)</span>
	</div>
	<ul class='steps'>
		<li test-id='130' class='node and pass' status='pass'>
			
			<b>And</b>
			
			<span class="bdd-step-name">And Create a pie visual with series id's "16240301;16243001"</span>
				<div class='pre'>passed</div>
			
		</li>
		<li test-id='131' class='node and pass' status='pass'>
			
			<b>And</b>
			
			<span class="bdd-step-name">And Click on "Edit Pie"</span>
				<div class='pre'>passed</div>
			
		</li>
		<li test-id='132' class='node and pass' status='pass'>
			
			<b>And</b>
			
			<span class="bdd-step-name">And Check "Copyright"</span>
				<div class='pre'>passed</div>
			
		</li>
		<li test-id='133' class='node and pass' status='pass'>
			
			<b>And</b>
			
			<span class="bdd-step-name">And Click on "Open advanced settings popup" icon</span>
				<div class='pre'>passed</div>
			
		</li>
		<li test-id='134' class='node and pass' status='pass'>
			
			<b>And</b>
			
			<span class="bdd-step-name">And Select Text radio button</span>
				<div class='pre'>passed</div>
			
		</li>
		<li test-id='135' class='node and pass' status='pass'>
			
			<b>And</b>
			
			<span class="bdd-step-name">And Select Horizontal alignment of copyright to "left" and save</span>
				<div class='pre'>passed</div>
			
		</li>
		<li test-id='136' class='node then fail' status='fail'>
			
			<b>Then</b>
			
			<span class="bdd-step-name">Then The copyright image should align to "Left"</span>
				<div class='pre'><pre>org.openqa.selenium.NoSuchElementException: no such element: Unable to locate element: {"method":"xpath","selector":"//*[@class='movable-modal--window ui-draggable']//*[@class='visual-item-wrapper--credits-container']"}
  (Session info: chrome=101.0.4951.67)
For documentation on this error, please visit: http://seleniumhq.org/exceptions/no_such_element.html
Build info: version: '3.4.0', revision: 'unknown', time: 'unknown'
System info: host: 'IN-BLR-L008', ip: '192.168.56.1', os.name: 'Windows 10', os.arch: 'amd64', os.version: '10.0', java.version: '1.8.0_202'
Driver info: org.openqa.selenium.chrome.ChromeDriver
Capabilities [{networkConnectionEnabled=false, chrome={chromedriverVersion=100.0.4896.20 (f9d71f93d32a6487809d6f35a9670c879fe97dfe-refs/branch-heads/4896@{#203}), userDataDir=C:\Users\nmaduru\AppData\Local\Temp\scoped_dir2968_872913359}, timeouts={implicit=0.0, pageLoad=300000.0, script=30000.0}, pageLoadStrategy=normal, unhandledPromptBehavior=dismiss and notify, strictFileInteractability=false, platform=ANY, proxy=Proxy(), goog:chromeOptions={debuggerAddress=localhost:59249}, webauthn:extension:credBlob=true, acceptInsecureCerts=true, browserVersion=101.0.4951.67, browserName=chrome, javascriptEnabled=true, platformName=windows, setWindowRect=true, webauthn:extension:largeBlob=true, webauthn:virtualAuthenticators=true}]
Session ID: 800e249356369312680db7c98ee01135
*** Element info: {Using=xpath, value=//*[@class='movable-modal--window ui-draggable']//*[@class='visual-item-wrapper--credits-container']}
	at sun.reflect.GeneratedConstructorAccessor17.newInstance(Unknown Source)
	at sun.reflect.DelegatingConstructorAccessorImpl.newInstance(DelegatingConstructorAccessorImpl.java:45)
	at java.lang.reflect.Constructor.newInstance(Constructor.java:423)
	at org.openqa.selenium.remote.http.W3CHttpResponseCodec.createException(W3CHttpResponseCodec.java:150)
	at org.openqa.selenium.remote.http.W3CHttpResponseCodec.decode(W3CHttpResponseCodec.java:115)
	at org.openqa.selenium.remote.http.W3CHttpResponseCodec.decode(W3CHttpResponseCodec.java:45)
	at org.openqa.selenium.remote.HttpCommandExecutor.execute(HttpCommandExecutor.java:164)
	at org.openqa.selenium.remote.service.DriverCommandExecutor.execute(DriverCommandExecutor.java:82)
	at org.openqa.selenium.remote.RemoteWebDriver.execute(RemoteWebDriver.java:637)
	at org.openqa.selenium.remote.RemoteWebDriver.findElement(RemoteWebDriver.java:410)
	at org.openqa.selenium.remote.RemoteWebDriver.findElementByXPath(RemoteWebDriver.java:509)
	at org.openqa.selenium.By$ByXPath.findElement(By.java:361)
	at org.openqa.selenium.remote.RemoteWebDriver.findElement(RemoteWebDriver.java:402)
	at CDMNext.StepDefinations.Histogram.the_copyright_image_should_align_to(Histogram.java:3131)
	at ✽.Then The copyright image should align to "Left"(PieVisual.feature:1632)
</pre></div>
			
		</li>
		<li test-id='137' class='node and skip' status='skip'>
			
			<b>And</b>
			
			<span class="bdd-step-name">And Select Horizontal alignment of copyright to "center" and save</span>
				<div class='pre'>skipped</div>
			
		</li>
		<li test-id='138' class='node then skip' status='skip'>
			
			<b>Then</b>
			
			<span class="bdd-step-name">Then The copyright image should align to "Center"</span>
				<div class='pre'>skipped</div>
			
		</li>
		<li test-id='139' class='node and skip' status='skip'>
			
			<b>And</b>
			
			<span class="bdd-step-name">And Select Horizontal alignment of copyright to "right" and save</span>
				<div class='pre'>skipped</div>
			
		</li>
		<li test-id='140' class='node then skip' status='skip'>
			
			<b>Then</b>
			
			<span class="bdd-step-name">Then The copyright image should align to "Right"</span>
				<div class='pre'>skipped</div>
			
		</li>
	</ul>
</div>
<div class='scenario node' test-id='141' status='pass'>
	<div class='category-list'>
		<span class='category label white-text'>@PieVisual1</span>
	</div>
	<span class='duration right label'>0h 1m 19s+48ms</span>
	<div class='desc'>
		<b>Scenario</b>
		<span class="desc-text">TC_Pie_212:Edit pie - percentage tooltip for pie visual</span>
	</div>
	<ul class='steps'>
		<li test-id='142' class='node and pass' status='pass'>
			
			<b>And</b>
			
			<span class="bdd-step-name">And Create a pie visual with series id's "16240301;16243001"</span>
				<div class='pre'>passed</div>
			
		</li>
		<li test-id='143' class='node and pass' status='pass'>
			
			<b>And</b>
			
			<span class="bdd-step-name">And Click on "Edit Pie"</span>
				<div class='pre'>passed</div>
			
		</li>
		<li test-id='144' class='node and pass' status='pass'>
			
			<b>And</b>
			
			<span class="bdd-step-name">And Check "Tooltips"</span>
				<div class='pre'>passed</div>
			
		</li>
		<li test-id='145' class='node and pass' status='pass'>
			
			<b>And</b>
			
			<span class="bdd-step-name">And Open date dropdown</span>
				<div class='pre'>passed</div>
			
		</li>
		<li test-id='146' class='node and pass' status='pass'>
			
			<b>And</b>
			
			<span class="bdd-step-name">And Select "Percentage" field</span>
				<div class='pre'>passed</div>
			
		</li>
		<li test-id='147' class='node then pass' status='pass'>
			
			<b>Then</b>
			
			<span class="bdd-step-name">Then The Tooltip default value should be changed to "Date +2" and tooltips of visual should include with "Percentage" of series</span>
				<div class='pre'>passed</div>
			
		</li>
	</ul>
</div>
<div class='scenario node' test-id='148' status='pass'>
	<div class='category-list'>
		<span class='category label white-text'>@PieVisual1</span>
	</div>
	<span class='duration right label'>0h 1m 39s+280ms</span>
	<div class='desc'>
		<b>Scenario</b>
		<span class="desc-text">TC_Pie_221:Edit pie > tooltip dropdown > advanced settings > items > Function description</span>
	</div>
	<ul class='steps'>
		<li test-id='149' class='node and pass' status='pass'>
			
			<b>And</b>
			
			<span class="bdd-step-name">And Add series to the my series tab</span>
				<div class='pre'>passed</div>
			
		</li>
		<li test-id='150' class='node and pass' status='pass'>
			
			<b>And</b>
			
			<span class="bdd-step-name">And Apply function for a series</span>
				<div class='pre'>passed</div>
			
		</li>
		<li test-id='151' class='node and pass' status='pass'>
			
			<b>And</b>
			
			<span class="bdd-step-name">And Right click on series</span>
				<div class='pre'>passed</div>
			
		</li>
		<li test-id='152' class='node and pass' status='pass'>
			
			<b>And</b>
			
			<span class="bdd-step-name">And Select "Pie" visual</span>
				<div class='pre'>passed</div>
			
		</li>
		<li test-id='153' class='node and pass' status='pass'>
			
			<b>And</b>
			
			<span class="bdd-step-name">And Click on "Edit Pie"</span>
				<div class='pre'>passed</div>
			
		</li>
		<li test-id='154' class='node and pass' status='pass'>
			
			<b>And</b>
			
			<span class="bdd-step-name">And Check "Tooltips"</span>
				<div class='pre'>passed</div>
			
		</li>
		<li test-id='155' class='node and pass' status='pass'>
			
			<b>And</b>
			
			<span class="bdd-step-name">And Open date dropdown</span>
				<div class='pre'>passed</div>
			
		</li>
		<li test-id='156' class='node and pass' status='pass'>
			
			<b>And</b>
			
			<span class="bdd-step-name">And Click on "Advanced settings"</span>
				<div class='pre'>passed</div>
			
		</li>
		<li test-id='157' class='node and pass' status='pass'>
			
			<b>And</b>
			
			<span class="bdd-step-name">And Expand "Items"</span>
				<div class='pre'>passed</div>
			
		</li>
		<li test-id='158' class='node and pass' status='pass'>
			
			<b>And</b>
			
			<span class="bdd-step-name">And Select items as "Function description" from dropdown</span>
				<div class='pre'>passed</div>
			
		</li>
		<li test-id='159' class='node and pass' status='pass'>
			
			<b>And</b>
			
			<span class="bdd-step-name">And Click on "Save"</span>
				<div class='pre'>passed</div>
			
		</li>
		<li test-id='160' class='node then pass' status='pass'>
			
			<b>Then</b>
			
			<span class="bdd-step-name">Then "Function description" attribute should get added in tooltips</span>
				<div class='pre'>passed</div>
			
		</li>
	</ul>
</div>
<div class='scenario node' test-id='161' status='fail'>
	<div class='category-list'>
		<span class='category label white-text'>@PieVisual1</span>
	</div>
	<span class='duration right label'>0h 1m 29s+197ms</span>
	<div class='desc'>
		<b>Scenario</b>
		<span class="desc-text">TC_Pie_222:Edit pie > tooltip dropdown > advanced settings > items > Verify text color in tooltip</span>
	</div>
	<ul class='steps'>
		<li test-id='162' class='node and pass' status='pass'>
			
			<b>And</b>
			
			<span class="bdd-step-name">And Create a pie visual with series id's "16240301;16243001"</span>
				<div class='pre'>passed</div>
			
		</li>
		<li test-id='163' class='node and pass' status='pass'>
			
			<b>And</b>
			
			<span class="bdd-step-name">And Click on "Edit Pie"</span>
				<div class='pre'>passed</div>
			
		</li>
		<li test-id='164' class='node and pass' status='pass'>
			
			<b>And</b>
			
			<span class="bdd-step-name">And Check "Tooltips"</span>
				<div class='pre'>passed</div>
			
		</li>
		<li test-id='165' class='node and pass' status='pass'>
			
			<b>And</b>
			
			<span class="bdd-step-name">And Open date dropdown</span>
				<div class='pre'>passed</div>
			
		</li>
		<li test-id='166' class='node and pass' status='pass'>
			
			<b>And</b>
			
			<span class="bdd-step-name">And Click on "Advanced settings"</span>
				<div class='pre'>passed</div>
			
		</li>
		<li test-id='167' class='node and pass' status='pass'>
			
			<b>And</b>
			
			<span class="bdd-step-name">And Expand "Items"</span>
				<div class='pre'>passed</div>
			
		</li>
		<li test-id='168' class='node and pass' status='pass'>
			
			<b>And</b>
			
			<span class="bdd-step-name">And Select color for "Items"</span>
				<div class='pre'>passed</div>
			
		</li>
		<li test-id='169' class='node when pass' status='pass'>
			
			<b>When</b>
			
			<span class="bdd-step-name">When Click on "Save"</span>
				<div class='pre'>passed</div>
			
		</li>
		<li test-id='170' class='node then fail' status='fail'>
			
			<b>Then</b>
			
			<span class="bdd-step-name">Then "tooltip text" should be displayed in selected color</span>
				<div class='pre'><textarea>java.lang.NullPointerException
	at java.util.regex.Matcher.getTextLength(Matcher.java:1283)
	at java.util.regex.Matcher.reset(Matcher.java:309)
	at java.util.regex.Matcher.<init>(Matcher.java:229)
	at java.util.regex.Pattern.matcher(Pattern.java:1093)
	at org.openqa.selenium.support.Color$Converter.getColor(Color.java:127)
	at org.openqa.selenium.support.Color.fromString(Color.java:47)
	at CDMNext.StepDefinations.Commentary.ColorValidation(Commentary.java:2184)
	at CDMNext.StepDefinations.PieVisual.should_be_displayed_in_selected_color(PieVisual.java:1757)
	at ✽.Then "tooltip text" should be displayed in selected color(PieVisual.feature:1827)
</textarea></div>
			
		</li>
	</ul>
</div>
<div class='scenario node' test-id='171' status='fail'>
	<div class='category-list'>
		<span class='category label white-text'>@PieVisual1</span>
	</div>
	<span class='duration right label'>0h 1m 33s+916ms</span>
	<div class='desc'>
		<b>Scenario</b>
		<span class="desc-text">TC_Pie_240:Edit pie > legend > advanced settings under dropdown > items color</span>
	</div>
	<ul class='steps'>
		<li test-id='172' class='node and pass' status='pass'>
			
			<b>And</b>
			
			<span class="bdd-step-name">And Create a pie visual with series id's "16240301"</span>
				<div class='pre'>passed</div>
			
		</li>
		<li test-id='173' class='node and pass' status='pass'>
			
			<b>And</b>
			
			<span class="bdd-step-name">And Click on "Edit Pie"</span>
				<div class='pre'>passed</div>
			
		</li>
		<li test-id='174' class='node and pass' status='pass'>
			
			<b>And</b>
			
			<span class="bdd-step-name">And Click on legend dropdown</span>
				<div class='pre'>passed</div>
			
		</li>
		<li test-id='175' class='node and pass' status='pass'>
			
			<b>And</b>
			
			<span class="bdd-step-name">And Click on "Advanced settings"</span>
				<div class='pre'>passed</div>
			
		</li>
		<li test-id='176' class='node and pass' status='pass'>
			
			<b>And</b>
			
			<span class="bdd-step-name">And "Items" section from Legand popup should expand</span>
				<div class='pre'>passed</div>
			
		</li>
		<li test-id='177' class='node and pass' status='pass'>
			
			<b>And</b>
			
			<span class="bdd-step-name">And Select any "legend_item_color" for chart visual</span>
				<div class='pre'>passed</div>
			
		</li>
		<li test-id='178' class='node and pass' status='pass'>
			
			<b>And</b>
			
			<span class="bdd-step-name">And Select "#2b60d0" legend color from list</span>
				<div class='pre'>passed</div>
			
		</li>
		<li test-id='179' class='node and pass' status='pass'>
			
			<b>And</b>
			
			<span class="bdd-step-name">And Clicking "Save" option</span>
				<div class='pre'>passed</div>
			
		</li>
		<li test-id='180' class='node then fail' status='fail'>
			
			<b>Then</b>
			
			<span class="bdd-step-name">Then The Selected "Color" should reflect in the pie visual legand</span>
				<div class='pre'><pre>java.lang.AssertionError: expected [#2b60d0] but found [#000000]
	at org.testng.Assert.fail(Assert.java:94)
	at org.testng.Assert.failNotEquals(Assert.java:496)
	at org.testng.Assert.assertEquals(Assert.java:125)
	at org.testng.Assert.assertEquals(Assert.java:178)
	at org.testng.Assert.assertEquals(Assert.java:188)
	at CDMNext.StepDefinations.PieVisual.the_Selected_should_reflect_in_the_pie_visual_legand(PieVisual.java:2041)
	at ✽.Then The Selected "Color" should reflect in the pie visual legand(PieVisual.feature:2021)
</pre></div>
			
		</li>
	</ul>
</div>
<div class='scenario node' test-id='181' status='pass'>
	<div class='category-list'>
		<span class='category label white-text'>@PieVisual1</span>
	</div>
	<span class='duration right label'>0h 1m 16s+801ms</span>
	<div class='desc'>
		<b>Scenario</b>
		<span class="desc-text">TC_Pie_244:Edit pie > legend > advanced settings under dropdown > Title</span>
	</div>
	<ul class='steps'>
		<li test-id='182' class='node and pass' status='pass'>
			
			<b>And</b>
			
			<span class="bdd-step-name">And Create a pie visual with series id's "16240301"</span>
				<div class='pre'>passed</div>
			
		</li>
		<li test-id='183' class='node and pass' status='pass'>
			
			<b>And</b>
			
			<span class="bdd-step-name">And Click on "Edit Pie"</span>
				<div class='pre'>passed</div>
			
		</li>
		<li test-id='184' class='node and pass' status='pass'>
			
			<b>And</b>
			
			<span class="bdd-step-name">And Click on legend dropdown</span>
				<div class='pre'>passed</div>
			
		</li>
		<li test-id='185' class='node and pass' status='pass'>
			
			<b>And</b>
			
			<span class="bdd-step-name">And Click on "Advanced settings"</span>
				<div class='pre'>passed</div>
			
		</li>
		<li test-id='186' class='node and pass' status='pass'>
			
			<b>And</b>
			
			<span class="bdd-step-name">And Expand "Title"</span>
				<div class='pre'>passed</div>
			
		</li>
		<li test-id='187' class='node then pass' status='pass'>
			
			<b>Then</b>
			
			<span class="bdd-step-name">Then By default title options are disabled</span>
				<div class='pre'>passed</div>
			
		</li>
		<li test-id='188' class='node and pass' status='pass'>
			
			<b>And</b>
			
			<span class="bdd-step-name">And Check legend "Title"</span>
				<div class='pre'>passed</div>
			
		</li>
		<li test-id='189' class='node then pass' status='pass'>
			
			<b>Then</b>
			
			<span class="bdd-step-name">Then Should enable the legend options</span>
				<div class='pre'>passed</div>
			
		</li>
	</ul>
</div>
<div class='scenario node' test-id='190' status='fail'>
	<div class='category-list'>
		<span class='category label white-text'>@PieVisual1</span>
	</div>
	<span class='duration right label'>0h 1m 27s+979ms</span>
	<div class='desc'>
		<b>Scenario</b>
		<span class="desc-text">TC_Pie_245:Edit pie > legend > advanced settings under dropdown > Title color</span>
	</div>
	<ul class='steps'>
		<li test-id='191' class='node and pass' status='pass'>
			
			<b>And</b>
			
			<span class="bdd-step-name">And Create a pie visual with series id's "16240301"</span>
				<div class='pre'>passed</div>
			
		</li>
		<li test-id='192' class='node and pass' status='pass'>
			
			<b>And</b>
			
			<span class="bdd-step-name">And Click on "Edit Pie"</span>
				<div class='pre'>passed</div>
			
		</li>
		<li test-id='193' class='node and pass' status='pass'>
			
			<b>And</b>
			
			<span class="bdd-step-name">And Click on legend dropdown</span>
				<div class='pre'>passed</div>
			
		</li>
		<li test-id='194' class='node and pass' status='pass'>
			
			<b>And</b>
			
			<span class="bdd-step-name">And Click on "Advanced settings"</span>
				<div class='pre'>passed</div>
			
		</li>
		<li test-id='195' class='node and pass' status='pass'>
			
			<b>And</b>
			
			<span class="bdd-step-name">And Expand "Title"</span>
				<div class='pre'>passed</div>
			
		</li>
		<li test-id='196' class='node and pass' status='pass'>
			
			<b>And</b>
			
			<span class="bdd-step-name">And Check legend "Title"</span>
				<div class='pre'>passed</div>
			
		</li>
		<li test-id='197' class='node and pass' status='pass'>
			
			<b>And</b>
			
			<span class="bdd-step-name">And Enter the text "Shravas" for legend title</span>
				<div class='pre'>passed</div>
			
		</li>
		<li test-id='198' class='node and fail' status='fail'>
			
			<b>And</b>
			
			<span class="bdd-step-name">And Select color for "Legend"</span>
				<div class='pre'><pre>org.openqa.selenium.NoSuchElementException: no such element: Unable to locate element: {"method":"xpath","selector":"//*[@class='popover-block-content legend-config']/*[2]//*[@class='sp-preview-inner']"}
  (Session info: chrome=101.0.4951.67)
For documentation on this error, please visit: http://seleniumhq.org/exceptions/no_such_element.html
Build info: version: '3.4.0', revision: 'unknown', time: 'unknown'
System info: host: 'IN-BLR-L008', ip: '192.168.56.1', os.name: 'Windows 10', os.arch: 'amd64', os.version: '10.0', java.version: '1.8.0_202'
Driver info: org.openqa.selenium.chrome.ChromeDriver
Capabilities [{networkConnectionEnabled=false, chrome={chromedriverVersion=100.0.4896.20 (f9d71f93d32a6487809d6f35a9670c879fe97dfe-refs/branch-heads/4896@{#203}), userDataDir=C:\Users\nmaduru\AppData\Local\Temp\scoped_dir2968_872913359}, timeouts={implicit=0.0, pageLoad=300000.0, script=30000.0}, pageLoadStrategy=normal, unhandledPromptBehavior=dismiss and notify, strictFileInteractability=false, platform=ANY, proxy=Proxy(), goog:chromeOptions={debuggerAddress=localhost:59249}, webauthn:extension:credBlob=true, acceptInsecureCerts=true, browserVersion=101.0.4951.67, browserName=chrome, javascriptEnabled=true, platformName=windows, setWindowRect=true, webauthn:extension:largeBlob=true, webauthn:virtualAuthenticators=true}]
Session ID: 800e249356369312680db7c98ee01135
*** Element info: {Using=xpath, value=//*[@class='popover-block-content legend-config']/*[2]//*[@class='sp-preview-inner']}
	at sun.reflect.GeneratedConstructorAccessor17.newInstance(Unknown Source)
	at sun.reflect.DelegatingConstructorAccessorImpl.newInstance(DelegatingConstructorAccessorImpl.java:45)
	at java.lang.reflect.Constructor.newInstance(Constructor.java:423)
	at org.openqa.selenium.remote.http.W3CHttpResponseCodec.createException(W3CHttpResponseCodec.java:150)
	at org.openqa.selenium.remote.http.W3CHttpResponseCodec.decode(W3CHttpResponseCodec.java:115)
	at org.openqa.selenium.remote.http.W3CHttpResponseCodec.decode(W3CHttpResponseCodec.java:45)
	at org.openqa.selenium.remote.HttpCommandExecutor.execute(HttpCommandExecutor.java:164)
	at org.openqa.selenium.remote.service.DriverCommandExecutor.execute(DriverCommandExecutor.java:82)
	at org.openqa.selenium.remote.RemoteWebDriver.execute(RemoteWebDriver.java:637)
	at org.openqa.selenium.remote.RemoteWebDriver.findElement(RemoteWebDriver.java:410)
	at org.openqa.selenium.remote.RemoteWebDriver.findElementByXPath(RemoteWebDriver.java:509)
	at org.openqa.selenium.By$ByXPath.findElement(By.java:361)
	at org.openqa.selenium.remote.RemoteWebDriver.findElement(RemoteWebDriver.java:402)
	at CDMNext.util.CommonFunctionality.getElementByXpath(CommonFunctionality.java:508)
	at CDMNext.StepDefinations.Histogram.select_color_for(Histogram.java:2636)
	at ✽.And Select color for "Legend"(PieVisual.feature:2087)
</pre></div>
			
		</li>
		<li test-id='199' class='node when skip' status='skip'>
			
			<b>When</b>
			
			<span class="bdd-step-name">When Click on "Save"</span>
				<div class='pre'>skipped</div>
			
		</li>
		<li test-id='200' class='node then skip' status='skip'>
			
			<b>Then</b>
			
			<span class="bdd-step-name">Then Legend "title" should be displayed in selected color</span>
				<div class='pre'>skipped</div>
			
		</li>
	</ul>
</div>
<div class='scenario node' test-id='201' status='fail'>
	<div class='category-list'>
		<span class='category label white-text'>@PieVisual1</span>
	</div>
	<span class='duration right label'>0h 1m 35s+690ms</span>
	<div class='desc'>
		<b>Scenario</b>
		<span class="desc-text">TC_Pie_248:Edit pie > legend > advanced settings under dropdown > Background color</span>
	</div>
	<ul class='steps'>
		<li test-id='202' class='node and pass' status='pass'>
			
			<b>And</b>
			
			<span class="bdd-step-name">And Create a pie visual with series id's "16240301"</span>
				<div class='pre'>passed</div>
			
		</li>
		<li test-id='203' class='node and pass' status='pass'>
			
			<b>And</b>
			
			<span class="bdd-step-name">And Click on "Edit Pie"</span>
				<div class='pre'>passed</div>
			
		</li>
		<li test-id='204' class='node and pass' status='pass'>
			
			<b>And</b>
			
			<span class="bdd-step-name">And Click on legend dropdown</span>
				<div class='pre'>passed</div>
			
		</li>
		<li test-id='205' class='node and pass' status='pass'>
			
			<b>And</b>
			
			<span class="bdd-step-name">And Click on "Advanced settings"</span>
				<div class='pre'>passed</div>
			
		</li>
		<li test-id='206' class='node and pass' status='pass'>
			
			<b>And</b>
			
			<span class="bdd-step-name">And "Background" section from Legand popup should expand</span>
				<div class='pre'>passed</div>
			
		</li>
		<li test-id='207' class='node and pass' status='pass'>
			
			<b>And</b>
			
			<span class="bdd-step-name">And Check the checkbox for "Background" section</span>
				<div class='pre'>passed</div>
			
		</li>
		<li test-id='208' class='node and pass' status='pass'>
			
			<b>And</b>
			
			<span class="bdd-step-name">And Select any "legend_background_color" for chart visual</span>
				<div class='pre'>passed</div>
			
		</li>
		<li test-id='209' class='node and pass' status='pass'>
			
			<b>And</b>
			
			<span class="bdd-step-name">And Select "#2b60d0" legend bgcolor from list</span>
				<div class='pre'>passed</div>
			
		</li>
		<li test-id='210' class='node then fail' status='fail'>
			
			<b>Then</b>
			
			<span class="bdd-step-name">Then The Selected "Background color" should reflect in the chart visual legand</span>
				<div class='pre'><pre>java.lang.AssertionError: expected [#2b60d0] but found [#ffffff]
	at org.testng.Assert.fail(Assert.java:94)
	at org.testng.Assert.failNotEquals(Assert.java:496)
	at org.testng.Assert.assertEquals(Assert.java:125)
	at org.testng.Assert.assertEquals(Assert.java:178)
	at org.testng.Assert.assertEquals(Assert.java:188)
	at CDMNext.StepDefinations.ChartVisual.the_Selected_should_reflect_in_the_chart_visual_legand(ChartVisual.java:5464)
	at ✽.Then The Selected "Background color" should reflect in the chart visual legand(PieVisual.feature:2125)
</pre></div>
			
		</li>
	</ul>
</div>
<div class='scenario node' test-id='211' status='fail'>
	<div class='category-list'>
		<span class='category label white-text'>@PieVisual1</span>
	</div>
	<span class='duration right label'>0h 1m 27s+414ms</span>
	<div class='desc'>
		<b>Scenario</b>
		<span class="desc-text">TC_Pie_249:Edit pie > legend > advanced settings under dropdown > Border color</span>
	</div>
	<ul class='steps'>
		<li test-id='212' class='node and pass' status='pass'>
			
			<b>And</b>
			
			<span class="bdd-step-name">And Create a pie visual with series id's "16240301"</span>
				<div class='pre'>passed</div>
			
		</li>
		<li test-id='213' class='node and pass' status='pass'>
			
			<b>And</b>
			
			<span class="bdd-step-name">And Click on "Edit Pie"</span>
				<div class='pre'>passed</div>
			
		</li>
		<li test-id='214' class='node and pass' status='pass'>
			
			<b>And</b>
			
			<span class="bdd-step-name">And Click on legend dropdown</span>
				<div class='pre'>passed</div>
			
		</li>
		<li test-id='215' class='node and pass' status='pass'>
			
			<b>And</b>
			
			<span class="bdd-step-name">And Click on "Advanced settings"</span>
				<div class='pre'>passed</div>
			
		</li>
		<li test-id='216' class='node and pass' status='pass'>
			
			<b>And</b>
			
			<span class="bdd-step-name">And "Border" section from Legand popup should expand</span>
				<div class='pre'>passed</div>
			
		</li>
		<li test-id='217' class='node and pass' status='pass'>
			
			<b>And</b>
			
			<span class="bdd-step-name">And Check the checkbox for "Border" section</span>
				<div class='pre'>passed</div>
			
		</li>
		<li test-id='218' class='node and fail' status='fail'>
			
			<b>And</b>
			
			<span class="bdd-step-name">And Select any "legend_border_color" for chart visual</span>
				<div class='pre'><pre>org.openqa.selenium.NoSuchElementException: no such element: Unable to locate element: {"method":"css selector","selector":"*[name='legend_border_color'] + div"}
  (Session info: chrome=101.0.4951.67)
For documentation on this error, please visit: http://seleniumhq.org/exceptions/no_such_element.html
Build info: version: '3.4.0', revision: 'unknown', time: 'unknown'
System info: host: 'IN-BLR-L008', ip: '192.168.56.1', os.name: 'Windows 10', os.arch: 'amd64', os.version: '10.0', java.version: '1.8.0_202'
Driver info: org.openqa.selenium.chrome.ChromeDriver
Capabilities [{networkConnectionEnabled=false, chrome={chromedriverVersion=100.0.4896.20 (f9d71f93d32a6487809d6f35a9670c879fe97dfe-refs/branch-heads/4896@{#203}), userDataDir=C:\Users\nmaduru\AppData\Local\Temp\scoped_dir2968_872913359}, timeouts={implicit=0.0, pageLoad=300000.0, script=30000.0}, pageLoadStrategy=normal, unhandledPromptBehavior=dismiss and notify, strictFileInteractability=false, platform=ANY, proxy=Proxy(), goog:chromeOptions={debuggerAddress=localhost:59249}, webauthn:extension:credBlob=true, acceptInsecureCerts=true, browserVersion=101.0.4951.67, browserName=chrome, javascriptEnabled=true, platformName=windows, setWindowRect=true, webauthn:extension:largeBlob=true, webauthn:virtualAuthenticators=true}]
Session ID: 800e249356369312680db7c98ee01135
*** Element info: {Using=css selector, value=*[name='legend_border_color'] + div}
	at sun.reflect.GeneratedConstructorAccessor17.newInstance(Unknown Source)
	at sun.reflect.DelegatingConstructorAccessorImpl.newInstance(DelegatingConstructorAccessorImpl.java:45)
	at java.lang.reflect.Constructor.newInstance(Constructor.java:423)
	at org.openqa.selenium.remote.http.W3CHttpResponseCodec.createException(W3CHttpResponseCodec.java:150)
	at org.openqa.selenium.remote.http.W3CHttpResponseCodec.decode(W3CHttpResponseCodec.java:115)
	at org.openqa.selenium.remote.http.W3CHttpResponseCodec.decode(W3CHttpResponseCodec.java:45)
	at org.openqa.selenium.remote.HttpCommandExecutor.execute(HttpCommandExecutor.java:164)
	at org.openqa.selenium.remote.service.DriverCommandExecutor.execute(DriverCommandExecutor.java:82)
	at org.openqa.selenium.remote.RemoteWebDriver.execute(RemoteWebDriver.java:637)
	at org.openqa.selenium.remote.RemoteWebDriver.findElement(RemoteWebDriver.java:410)
	at org.openqa.selenium.remote.RemoteWebDriver.findElementByCssSelector(RemoteWebDriver.java:501)
	at org.openqa.selenium.By$ByCssSelector.findElement(By.java:430)
	at org.openqa.selenium.remote.RemoteWebDriver.findElement(RemoteWebDriver.java:402)
	at CDMNext.util.CommonFunctionality.getElementBycssSelector(CommonFunctionality.java:524)
	at CDMNext.StepDefinations.ChartVisual.select_any_for_chart_visual(ChartVisual.java:1591)
	at ✽.And Select any "legend_border_color" for chart visual(PieVisual.feature:2135)
</pre></div>
			
		</li>
		<li test-id='219' class='node and skip' status='skip'>
			
			<b>And</b>
			
			<span class="bdd-step-name">And Select "#2b60d0" legend border color from list</span>
				<div class='pre'>skipped</div>
			
		</li>
		<li test-id='220' class='node then skip' status='skip'>
			
			<b>Then</b>
			
			<span class="bdd-step-name">Then The Selected "Border color" should reflect in the chart visual legand</span>
				<div class='pre'>skipped</div>
			
		</li>
	</ul>
</div>
<div class='scenario node' test-id='221' status='fail'>
	<div class='category-list'>
		<span class='category label white-text'>@PieVisual1</span>
	</div>
	<span class='duration right label'>0h 1m 33s+649ms</span>
	<div class='desc'>
		<b>Scenario</b>
		<span class="desc-text">TC_Pie_256:Edit pie > Data labels > advanced settings > labels > color</span>
	</div>
	<ul class='steps'>
		<li test-id='222' class='node and pass' status='pass'>
			
			<b>And</b>
			
			<span class="bdd-step-name">And Create a pie visual with series id's "16240301"</span>
				<div class='pre'>passed</div>
			
		</li>
		<li test-id='223' class='node and pass' status='pass'>
			
			<b>And</b>
			
			<span class="bdd-step-name">And Click on "Edit Pie"</span>
				<div class='pre'>passed</div>
			
		</li>
		<li test-id='224' class='node and pass' status='pass'>
			
			<b>And</b>
			
			<span class="bdd-step-name">And Click on Advanced settings icon for Data labels</span>
				<div class='pre'>passed</div>
			
		</li>
		<li test-id='225' class='node and pass' status='pass'>
			
			<b>And</b>
			
			<span class="bdd-step-name">And Expand "Labels" section from "Labels" popup</span>
				<div class='pre'>passed</div>
			
		</li>
		<li test-id='226' class='node and pass' status='pass'>
			
			<b>And</b>
			
			<span class="bdd-step-name">And Select data label "color" from the list</span>
				<div class='pre'>passed</div>
			
		</li>
		<li test-id='227' class='node and pass' status='pass'>
			
			<b>And</b>
			
			<span class="bdd-step-name">And Select the "#2b60d0" data label color from list</span>
				<div class='pre'>passed</div>
			
		</li>
		<li test-id='228' class='node and pass' status='pass'>
			
			<b>And</b>
			
			<span class="bdd-step-name">And Clicking "Save" option</span>
				<div class='pre'>passed</div>
			
		</li>
		<li test-id='229' class='node then fail' status='fail'>
			
			<b>Then</b>
			
			<span class="bdd-step-name">Then Selected color should be applied for visuals</span>
				<div class='pre'><pre>java.lang.AssertionError: expected [#ffffff] but found [#2b60d0]
	at org.testng.Assert.fail(Assert.java:94)
	at org.testng.Assert.failNotEquals(Assert.java:496)
	at org.testng.Assert.assertEquals(Assert.java:125)
	at org.testng.Assert.assertEquals(Assert.java:178)
	at org.testng.Assert.assertEquals(Assert.java:188)
	at CDMNext.StepDefinations.PieVisual.selected_color_should_be_applied_for_visuals(PieVisual.java:2150)
	at ✽.Then Selected color should be applied for visuals(PieVisual.feature:2206)
</pre></div>
			
		</li>
	</ul>
</div>
<div class='scenario node' test-id='230' status='fail'>
	<div class='category-list'>
		<span class='category label white-text'>@PieVisual1</span>
	</div>
	<span class='duration right label'>0h 1m 44s+708ms</span>
	<div class='desc'>
		<b>Scenario</b>
		<span class="desc-text">TC_Pie_257:Edit pie > Data labels > advanced settings > labels > highlight</span>
	</div>
	<ul class='steps'>
		<li test-id='231' class='node and pass' status='pass'>
			
			<b>And</b>
			
			<span class="bdd-step-name">And Create a pie visual with series id's "16240301"</span>
				<div class='pre'>passed</div>
			
		</li>
		<li test-id='232' class='node and pass' status='pass'>
			
			<b>And</b>
			
			<span class="bdd-step-name">And Click on "Edit Pie"</span>
				<div class='pre'>passed</div>
			
		</li>
		<li test-id='233' class='node and pass' status='pass'>
			
			<b>And</b>
			
			<span class="bdd-step-name">And Click on Advanced settings icon for Data labels</span>
				<div class='pre'>passed</div>
			
		</li>
		<li test-id='234' class='node and pass' status='pass'>
			
			<b>And</b>
			
			<span class="bdd-step-name">And Expand "Labels" section from "Labels" popup</span>
				<div class='pre'>passed</div>
			
		</li>
		<li test-id='235' class='node and pass' status='pass'>
			
			<b>And</b>
			
			<span class="bdd-step-name">And Select the "#2b60d0" data label color from list</span>
				<div class='pre'>passed</div>
			
		</li>
		<li test-id='236' class='node and pass' status='pass'>
			
			<b>And</b>
			
			<span class="bdd-step-name">And Select data label "highlight" from the list</span>
				<div class='pre'>passed</div>
			
		</li>
		<li test-id='237' class='node and pass' status='pass'>
			
			<b>And</b>
			
			<span class="bdd-step-name">And Select the "#fda546" data label highlight color from list</span>
				<div class='pre'>passed</div>
			
		</li>
		<li test-id='238' class='node and pass' status='pass'>
			
			<b>And</b>
			
			<span class="bdd-step-name">And Clicking "Save" option</span>
				<div class='pre'>passed</div>
			
		</li>
		<li test-id='239' class='node then fail' status='fail'>
			
			<b>Then</b>
			
			<span class="bdd-step-name">Then Selected highlight color for labels should be shown</span>
				<div class='pre'><pre>java.lang.AssertionError: expected [#141414] but found [#fda546]
	at org.testng.Assert.fail(Assert.java:94)
	at org.testng.Assert.failNotEquals(Assert.java:496)
	at org.testng.Assert.assertEquals(Assert.java:125)
	at org.testng.Assert.assertEquals(Assert.java:178)
	at org.testng.Assert.assertEquals(Assert.java:188)
	at CDMNext.StepDefinations.PieVisual.selected_highlight_color_for_labels_should_be_shown(PieVisual.java:2161)
	at ✽.Then Selected highlight color for labels should be shown(PieVisual.feature:2218)
</pre></div>
			
		</li>
	</ul>
</div>
<div class='scenario node' test-id='240' status='fail'>
	<div class='category-list'>
		<span class='category label white-text'>@PieVisual1</span>
	</div>
	<span class='duration right label'>0h 1m 23s+22ms</span>
	<div class='desc'>
		<b>Scenario</b>
		<span class="desc-text">TC_Pie_265:Edit Pie - Verify title icon on visual</span>
	</div>
	<ul class='steps'>
		<li test-id='241' class='node and pass' status='pass'>
			
			<b>And</b>
			
			<span class="bdd-step-name">And Create a pie visual with series id's "16240301;16243001"</span>
				<div class='pre'>passed</div>
			
		</li>
		<li test-id='242' class='node and fail' status='fail'>
			
			<b>And</b>
			
			<span class="bdd-step-name">And Mouse hover on visual title for Edit visual popup</span>
				<div class='pre'><pre>org.openqa.selenium.NoSuchElementException: no such element: Unable to locate element: {"method":"xpath","selector":"//*[@class='movable-modal--window ui-draggable']//*[@data-name='title']"}
  (Session info: chrome=101.0.4951.67)
For documentation on this error, please visit: http://seleniumhq.org/exceptions/no_such_element.html
Build info: version: '3.4.0', revision: 'unknown', time: 'unknown'
System info: host: 'IN-BLR-L008', ip: '192.168.56.1', os.name: 'Windows 10', os.arch: 'amd64', os.version: '10.0', java.version: '1.8.0_202'
Driver info: org.openqa.selenium.chrome.ChromeDriver
Capabilities [{networkConnectionEnabled=false, chrome={chromedriverVersion=100.0.4896.20 (f9d71f93d32a6487809d6f35a9670c879fe97dfe-refs/branch-heads/4896@{#203}), userDataDir=C:\Users\nmaduru\AppData\Local\Temp\scoped_dir2968_872913359}, timeouts={implicit=0.0, pageLoad=300000.0, script=30000.0}, pageLoadStrategy=normal, unhandledPromptBehavior=dismiss and notify, strictFileInteractability=false, platform=ANY, proxy=Proxy(), goog:chromeOptions={debuggerAddress=localhost:59249}, webauthn:extension:credBlob=true, acceptInsecureCerts=true, browserVersion=101.0.4951.67, browserName=chrome, javascriptEnabled=true, platformName=windows, setWindowRect=true, webauthn:extension:largeBlob=true, webauthn:virtualAuthenticators=true}]
Session ID: 800e249356369312680db7c98ee01135
*** Element info: {Using=xpath, value=//*[@class='movable-modal--window ui-draggable']//*[@data-name='title']}
	at sun.reflect.GeneratedConstructorAccessor17.newInstance(Unknown Source)
	at sun.reflect.DelegatingConstructorAccessorImpl.newInstance(DelegatingConstructorAccessorImpl.java:45)
	at java.lang.reflect.Constructor.newInstance(Constructor.java:423)
	at org.openqa.selenium.remote.http.W3CHttpResponseCodec.createException(W3CHttpResponseCodec.java:150)
	at org.openqa.selenium.remote.http.W3CHttpResponseCodec.decode(W3CHttpResponseCodec.java:115)
	at org.openqa.selenium.remote.http.W3CHttpResponseCodec.decode(W3CHttpResponseCodec.java:45)
	at org.openqa.selenium.remote.HttpCommandExecutor.execute(HttpCommandExecutor.java:164)
	at org.openqa.selenium.remote.service.DriverCommandExecutor.execute(DriverCommandExecutor.java:82)
	at org.openqa.selenium.remote.RemoteWebDriver.execute(RemoteWebDriver.java:637)
	at org.openqa.selenium.remote.RemoteWebDriver.findElement(RemoteWebDriver.java:410)
	at org.openqa.selenium.remote.RemoteWebDriver.findElementByXPath(RemoteWebDriver.java:509)
	at org.openqa.selenium.By$ByXPath.findElement(By.java:361)
	at org.openqa.selenium.remote.RemoteWebDriver.findElement(RemoteWebDriver.java:402)
	at CDMNext.StepDefinations.Histogram.mouse_hover_on_visual_title_for_Edit_visual_popup(Histogram.java:1405)
	at ✽.And Mouse hover on visual title for Edit visual popup(PieVisual.feature:2301)
</pre></div>
			
		</li>
		<li test-id='243' class='node and skip' status='skip'>
			
			<b>And</b>
			
			<span class="bdd-step-name">And Click on edit icon for Edit visual popup</span>
				<div class='pre'>skipped</div>
			
		</li>
		<li test-id='244' class='node then skip' status='skip'>
			
			<b>Then</b>
			
			<span class="bdd-step-name">Then The "Titles" popup should be appeared</span>
				<div class='pre'>skipped</div>
			
		</li>
	</ul>
</div>
<div class='scenario node' test-id='245' status='pass'>
	<div class='category-list'>
		<span class='category label white-text'>@PieVisual1</span>
	</div>
	<span class='duration right label'>0h 3m 32s+924ms</span>
	<div class='desc'>
		<b>Scenario</b>
		<span class="desc-text">TC_Pie_268: Edit Pie - Verify double clicking on timepoints</span>
	</div>
	<ul class='steps'>
		<li test-id='246' class='node and pass' status='pass'>
			
			<b>And</b>
			
			<span class="bdd-step-name">And Create a pie visual with series id's "408940397;408929327"</span>
				<div class='pre'>passed</div>
			
		</li>
		<li test-id='247' class='node and pass' status='pass'>
			
			<b>And</b>
			
			<span class="bdd-step-name">And Click on "Edit Pie"</span>
				<div class='pre'>passed</div>
			
		</li>
		<li test-id='248' class='node and pass' status='pass'>
			
			<b>And</b>
			
			<span class="bdd-step-name">And Double click on timepoints in the edit visual</span>
				<div class='pre'>passed</div>
			
		</li>
		<li test-id='249' class='node then pass' status='pass'>
			
			<b>Then</b>
			
			<span class="bdd-step-name">Then The Labels popup should be displayed</span>
				<div class='pre'>passed</div>
			
		</li>
		<li test-id='250' class='node and pass' status='pass'>
			
			<b>And</b>
			
			<span class="bdd-step-name">And Choose highlight color is Orange</span>
				<div class='pre'>passed</div>
			
		</li>
		<li test-id='251' class='node then pass' status='pass'>
			
			<b>Then</b>
			
			<span class="bdd-step-name">Then The label color should update as Orange in the edit visual</span>
				<div class='pre'>passed</div>
			
		</li>
	</ul>
</div>
<div class='scenario node' test-id='252' status='pass'>
	<div class='category-list'>
		<span class='category label white-text'>@PieVisual1</span>
	</div>
	<span class='duration right label'>0h 1m 37s+330ms</span>
	<div class='desc'>
		<b>Scenario</b>
		<span class="desc-text">TC_Pie_277:Edit pie - Edit series - Verify delete series icon</span>
	</div>
	<ul class='steps'>
		<li test-id='253' class='node and pass' status='pass'>
			
			<b>And</b>
			
			<span class="bdd-step-name">And Create a pie visual with series id's "272965603"</span>
				<div class='pre'>passed</div>
			
		</li>
		<li test-id='254' class='node and pass' status='pass'>
			
			<b>And</b>
			
			<span class="bdd-step-name">And Click on "Edit Pie"</span>
				<div class='pre'>passed</div>
			
		</li>
		<li test-id='255' class='node and pass' status='pass'>
			
			<b>And</b>
			
			<span class="bdd-step-name">And Click on x icon for a series</span>
				<div class='pre'>passed</div>
			
		</li>
		<li test-id='256' class='node then pass' status='pass'>
			
			<b>Then</b>
			
			<span class="bdd-step-name">Then The series should be removed from visual and edit series panel</span>
				<div class='pre'>passed</div>
			
		</li>
	</ul>
</div>
<div class='scenario node' test-id='257' status='pass'>
	<div class='category-list'>
		<span class='category label white-text'>@PieVisual1</span>
	</div>
	<span class='duration right label'>0h 1m 16s+583ms</span>
	<div class='desc'>
		<b>Scenario</b>
		<span class="desc-text">TC_Pie_280:Edit pie - Edit series - Verify Rename option under settings icon.</span>
	</div>
	<ul class='steps'>
		<li test-id='258' class='node and pass' status='pass'>
			
			<b>And</b>
			
			<span class="bdd-step-name">And Create a pie visual with series id's "272965603"</span>
				<div class='pre'>passed</div>
			
		</li>
		<li test-id='259' class='node and pass' status='pass'>
			
			<b>And</b>
			
			<span class="bdd-step-name">And Click on "Edit Pie"</span>
				<div class='pre'>passed</div>
			
		</li>
		<li test-id='260' class='node and pass' status='pass'>
			
			<b>And</b>
			
			<span class="bdd-step-name">And Click on "Edit series" icon</span>
				<div class='pre'>passed</div>
			
		</li>
		<li test-id='261' class='node and pass' status='pass'>
			
			<b>And</b>
			
			<span class="bdd-step-name">And Select "Rename"</span>
				<div class='pre'>passed</div>
			
		</li>
		<li test-id='262' class='node then pass' status='pass'>
			
			<b>Then</b>
			
			<span class="bdd-step-name">Then "Rename" popup should be displayed for selected series</span>
				<div class='pre'>passed</div>
			
		</li>
	</ul>
</div>
<div class='scenario node' test-id='263' status='fail'>
	<div class='category-list'>
		<span class='category label white-text'>@PieVisual1</span>
	</div>
	<span class='duration right label'>0h 1m 25s+561ms</span>
	<div class='desc'>
		<b>Scenario</b>
		<span class="desc-text">TC_Pie_282:Edit pie - Edit series - Verify Color option under edit series</span>
	</div>
	<ul class='steps'>
		<li test-id='264' class='node and pass' status='pass'>
			
			<b>And</b>
			
			<span class="bdd-step-name">And Create a pie visual with series id's "272965603"</span>
				<div class='pre'>passed</div>
			
		</li>
		<li test-id='265' class='node and pass' status='pass'>
			
			<b>And</b>
			
			<span class="bdd-step-name">And Click on "Edit Pie"</span>
				<div class='pre'>passed</div>
			
		</li>
		<li test-id='266' class='node and pass' status='pass'>
			
			<b>And</b>
			
			<span class="bdd-step-name">And Click on "Edit series" icon</span>
				<div class='pre'>passed</div>
			
		</li>
		<li test-id='267' class='node and pass' status='pass'>
			
			<b>And</b>
			
			<span class="bdd-step-name">And Select "Color" as "#2b60d0"</span>
				<div class='pre'>passed</div>
			
		</li>
		<li test-id='268' class='node then fail' status='fail'>
			
			<b>Then</b>
			
			<span class="bdd-step-name">Then Selected color should be applied to the series</span>
				<div class='pre'><pre>java.lang.AssertionError: expected [#000000] but found [#fda546]
	at org.testng.Assert.fail(Assert.java:94)
	at org.testng.Assert.failNotEquals(Assert.java:496)
	at org.testng.Assert.assertEquals(Assert.java:125)
	at org.testng.Assert.assertEquals(Assert.java:178)
	at org.testng.Assert.assertEquals(Assert.java:188)
	at CDMNext.StepDefinations.Commentary.ColorValidation(Commentary.java:2186)
	at CDMNext.StepDefinations.PieVisual.selected_color_should_be_applied_to_the_series(PieVisual.java:1061)
	at ✽.Then Selected color should be applied to the series(PieVisual.feature:2436)
</pre></div>
			
		</li>
	</ul>
</div>
<div class='scenario node' test-id='269' status='pass'>
	<div class='category-list'>
		<span class='category label white-text'>@PieVisual1</span>
	</div>
	<span class='duration right label'>0h 1m 38s+534ms</span>
	<div class='desc'>
		<b>Scenario</b>
		<span class="desc-text">TC_Pie_286:Edit pie - Edit series - Series data conversion - Verify applying frequency</span>
	</div>
	<ul class='steps'>
		<li test-id='270' class='node and pass' status='pass'>
			
			<b>And</b>
			
			<span class="bdd-step-name">And Create a pie visual with series id's "272965603"</span>
				<div class='pre'>passed</div>
			
		</li>
		<li test-id='271' class='node and pass' status='pass'>
			
			<b>And</b>
			
			<span class="bdd-step-name">And Click on "Edit Pie"</span>
				<div class='pre'>passed</div>
			
		</li>
		<li test-id='272' class='node and pass' status='pass'>
			
			<b>And</b>
			
			<span class="bdd-step-name">And Click on "Frequency"</span>
				<div class='pre'>passed</div>
			
		</li>
		<li test-id='273' class='node and pass' status='pass'>
			
			<b>And</b>
			
			<span class="bdd-step-name">And Select "Frequency" as "Daily" from dropdown</span>
				<div class='pre'>passed</div>
			
		</li>
		<li test-id='274' class='node and pass' status='pass'>
			
			<b>And</b>
			
			<span class="bdd-step-name">And Click on "Apply"</span>
				<div class='pre'>passed</div>
			
		</li>
		<li test-id='275' class='node then pass' status='pass'>
			
			<b>Then</b>
			
			<span class="bdd-step-name">Then The selected frequency should be applied to available series</span>
				<div class='pre'>passed</div>
			
		</li>
	</ul>
</div>
<div class='scenario node' test-id='276' status='pass'>
	<div class='category-list'>
		<span class='category label white-text'>@PieVisual1</span>
	</div>
	<span class='duration right label'>0h 1m 7s+565ms</span>
	<div class='desc'>
		<b>Scenario</b>
		<span class="desc-text">TC_Pie_287:Edit pie - Edit series - Series data conversion - Verify applying Missing values method</span>
	</div>
	<ul class='steps'>
		<li test-id='277' class='node and pass' status='pass'>
			
			<b>And</b>
			
			<span class="bdd-step-name">And Create a pie visual with series id's "272965603"</span>
				<div class='pre'>passed</div>
			
		</li>
		<li test-id='278' class='node and pass' status='pass'>
			
			<b>And</b>
			
			<span class="bdd-step-name">And Click on "Edit Pie"</span>
				<div class='pre'>passed</div>
			
		</li>
		<li test-id='279' class='node and pass' status='pass'>
			
			<b>And</b>
			
			<span class="bdd-step-name">And Click on "Frequency"</span>
				<div class='pre'>passed</div>
			
		</li>
		<li test-id='280' class='node and pass' status='pass'>
			
			<b>And</b>
			
			<span class="bdd-step-name">And Select "Frequency" as "Daily" from dropdown</span>
				<div class='pre'>passed</div>
			
		</li>
		<li test-id='281' class='node and pass' status='pass'>
			
			<b>And</b>
			
			<span class="bdd-step-name">And Select "Missing values method" as "Next value" from dropdown</span>
				<div class='pre'>passed</div>
			
		</li>
		<li test-id='282' class='node then pass' status='pass'>
			
			<b>Then</b>
			
			<span class="bdd-step-name">Then Missing values method should be applied with selected frequency</span>
				<div class='pre'>passed</div>
			
		</li>
	</ul>
</div>
<div class='scenario node' test-id='283' status='fail'>
	<div class='category-list'>
		<span class='category label white-text'>@PieVisual1</span>
	</div>
	<span class='duration right label'>0h 1m 22s+279ms</span>
	<div class='desc'>
		<b>Scenario</b>
		<span class="desc-text">TC_Pie_295:Edit pie - Edit series - Verify applying currency in series level</span>
	</div>
	<ul class='steps'>
		<li test-id='284' class='node and pass' status='pass'>
			
			<b>And</b>
			
			<span class="bdd-step-name">And Create a pie visual with series id's "272965603;273074003"</span>
				<div class='pre'>passed</div>
			
		</li>
		<li test-id='285' class='node and pass' status='pass'>
			
			<b>And</b>
			
			<span class="bdd-step-name">And Click on "Edit Pie"</span>
				<div class='pre'>passed</div>
			
		</li>
		<li test-id='286' class='node and fail' status='fail'>
			
			<b>And</b>
			
			<span class="bdd-step-name">And Click on currency dropdown</span>
				<div class='pre'><pre>org.openqa.selenium.NoSuchElementException: no such element: Unable to locate element: {"method":"xpath","selector":"//*[@class='visual-series-list']/*/*[4]/*[2]//*[contains(@class,'icon--context-menu-arrow')]"}
  (Session info: chrome=101.0.4951.67)
For documentation on this error, please visit: http://seleniumhq.org/exceptions/no_such_element.html
Build info: version: '3.4.0', revision: 'unknown', time: 'unknown'
System info: host: 'IN-BLR-L008', ip: '192.168.56.1', os.name: 'Windows 10', os.arch: 'amd64', os.version: '10.0', java.version: '1.8.0_202'
Driver info: org.openqa.selenium.chrome.ChromeDriver
Capabilities [{networkConnectionEnabled=false, chrome={chromedriverVersion=100.0.4896.20 (f9d71f93d32a6487809d6f35a9670c879fe97dfe-refs/branch-heads/4896@{#203}), userDataDir=C:\Users\nmaduru\AppData\Local\Temp\scoped_dir2968_872913359}, timeouts={implicit=0.0, pageLoad=300000.0, script=30000.0}, pageLoadStrategy=normal, unhandledPromptBehavior=dismiss and notify, strictFileInteractability=false, platform=ANY, proxy=Proxy(), goog:chromeOptions={debuggerAddress=localhost:59249}, webauthn:extension:credBlob=true, acceptInsecureCerts=true, browserVersion=101.0.4951.67, browserName=chrome, javascriptEnabled=true, platformName=windows, setWindowRect=true, webauthn:extension:largeBlob=true, webauthn:virtualAuthenticators=true}]
Session ID: 800e249356369312680db7c98ee01135
*** Element info: {Using=xpath, value=//*[@class='visual-series-list']/*/*[4]/*[2]//*[contains(@class,'icon--context-menu-arrow')]}
	at sun.reflect.GeneratedConstructorAccessor17.newInstance(Unknown Source)
	at sun.reflect.DelegatingConstructorAccessorImpl.newInstance(DelegatingConstructorAccessorImpl.java:45)
	at java.lang.reflect.Constructor.newInstance(Constructor.java:423)
	at org.openqa.selenium.remote.http.W3CHttpResponseCodec.createException(W3CHttpResponseCodec.java:150)
	at org.openqa.selenium.remote.http.W3CHttpResponseCodec.decode(W3CHttpResponseCodec.java:115)
	at org.openqa.selenium.remote.http.W3CHttpResponseCodec.decode(W3CHttpResponseCodec.java:45)
	at org.openqa.selenium.remote.HttpCommandExecutor.execute(HttpCommandExecutor.java:164)
	at org.openqa.selenium.remote.service.DriverCommandExecutor.execute(DriverCommandExecutor.java:82)
	at org.openqa.selenium.remote.RemoteWebDriver.execute(RemoteWebDriver.java:637)
	at org.openqa.selenium.remote.RemoteWebDriver.findElement(RemoteWebDriver.java:410)
	at org.openqa.selenium.remote.RemoteWebDriver.findElementByXPath(RemoteWebDriver.java:509)
	at org.openqa.selenium.By$ByXPath.findElement(By.java:361)
	at org.openqa.selenium.remote.RemoteWebDriver.findElement(RemoteWebDriver.java:402)
	at CDMNext.util.CommonFunctionality.getElementByXpath(CommonFunctionality.java:508)
	at CDMNext.StepDefinations.Histogram.click_on_currency_dropdown(Histogram.java:4025)
	at ✽.And Click on currency dropdown(PieVisual.feature:2540)
</pre></div>
			
		</li>
		<li test-id='287' class='node and skip' status='skip'>
			
			<b>And</b>
			
			<span class="bdd-step-name">And Select currency as "USD"</span>
				<div class='pre'>skipped</div>
			
		</li>
		<li test-id='288' class='node then skip' status='skip'>
			
			<b>Then</b>
			
			<span class="bdd-step-name">Then Selected currency should be displayed in the series</span>
				<div class='pre'>skipped</div>
			
		</li>
	</ul>
</div>
<div class='scenario node' test-id='289' status='fail'>
	<div class='category-list'>
		<span class='category label white-text'>@PieVisual1</span>
	</div>
	<span class='duration right label'>0h 1m 39s+224ms</span>
	<div class='desc'>
		<b>Scenario</b>
		<span class="desc-text">TC_Pie_299:Edit Pie - Edit series - Verify multiple functions apply</span>
	</div>
	<ul class='steps'>
		<li test-id='290' class='node and pass' status='pass'>
			
			<b>And</b>
			
			<span class="bdd-step-name">And Create a pie visual with series id's "272965603;273074003"</span>
				<div class='pre'>passed</div>
			
		</li>
		<li test-id='291' class='node and pass' status='pass'>
			
			<b>And</b>
			
			<span class="bdd-step-name">And Click on "Edit Pie"</span>
				<div class='pre'>passed</div>
			
		</li>
		<li test-id='292' class='node and pass' status='pass'>
			
			<b>And</b>
			
			<span class="bdd-step-name">And Click on type a function field in series level</span>
				<div class='pre'>passed</div>
			
		</li>
		<li test-id='293' class='node and fail' status='fail'>
			
			<b>And</b>
			
			<span class="bdd-step-name">And Select multiple functions</span>
				<div class='pre'><pre>org.openqa.selenium.NoSuchElementException: no such element: Unable to locate element: {"method":"xpath","selector":"//*[@class='visual-series-list']/*/*[6]/*[2]//*[@class='functions-input-container']/*[2]/*[1]"}
  (Session info: chrome=101.0.4951.67)
For documentation on this error, please visit: http://seleniumhq.org/exceptions/no_such_element.html
Build info: version: '3.4.0', revision: 'unknown', time: 'unknown'
System info: host: 'IN-BLR-L008', ip: '192.168.56.1', os.name: 'Windows 10', os.arch: 'amd64', os.version: '10.0', java.version: '1.8.0_202'
Driver info: org.openqa.selenium.chrome.ChromeDriver
Capabilities [{networkConnectionEnabled=false, chrome={chromedriverVersion=100.0.4896.20 (f9d71f93d32a6487809d6f35a9670c879fe97dfe-refs/branch-heads/4896@{#203}), userDataDir=C:\Users\nmaduru\AppData\Local\Temp\scoped_dir2968_872913359}, timeouts={implicit=0.0, pageLoad=300000.0, script=30000.0}, pageLoadStrategy=normal, unhandledPromptBehavior=dismiss and notify, strictFileInteractability=false, platform=ANY, proxy=Proxy(), goog:chromeOptions={debuggerAddress=localhost:59249}, webauthn:extension:credBlob=true, acceptInsecureCerts=true, browserVersion=101.0.4951.67, browserName=chrome, javascriptEnabled=true, platformName=windows, setWindowRect=true, webauthn:extension:largeBlob=true, webauthn:virtualAuthenticators=true}]
Session ID: 800e249356369312680db7c98ee01135
*** Element info: {Using=xpath, value=//*[@class='visual-series-list']/*/*[6]/*[2]//*[@class='functions-input-container']/*[2]/*[1]}
	at sun.reflect.GeneratedConstructorAccessor17.newInstance(Unknown Source)
	at sun.reflect.DelegatingConstructorAccessorImpl.newInstance(DelegatingConstructorAccessorImpl.java:45)
	at java.lang.reflect.Constructor.newInstance(Constructor.java:423)
	at org.openqa.selenium.remote.http.W3CHttpResponseCodec.createException(W3CHttpResponseCodec.java:150)
	at org.openqa.selenium.remote.http.W3CHttpResponseCodec.decode(W3CHttpResponseCodec.java:115)
	at org.openqa.selenium.remote.http.W3CHttpResponseCodec.decode(W3CHttpResponseCodec.java:45)
	at org.openqa.selenium.remote.HttpCommandExecutor.execute(HttpCommandExecutor.java:164)
	at org.openqa.selenium.remote.service.DriverCommandExecutor.execute(DriverCommandExecutor.java:82)
	at org.openqa.selenium.remote.RemoteWebDriver.execute(RemoteWebDriver.java:637)
	at org.openqa.selenium.remote.RemoteWebDriver.findElement(RemoteWebDriver.java:410)
	at org.openqa.selenium.remote.RemoteWebDriver.findElementByXPath(RemoteWebDriver.java:509)
	at org.openqa.selenium.By$ByXPath.findElement(By.java:361)
	at org.openqa.selenium.remote.RemoteWebDriver.findElement(RemoteWebDriver.java:402)
	at CDMNext.util.CommonFunctionality.getElementByXpath(CommonFunctionality.java:508)
	at CDMNext.StepDefinations.Histogram.select_multiple_functions(Histogram.java:4166)
	at ✽.And Select multiple functions(PieVisual.feature:2574)
</pre></div>
			
		</li>
		<li test-id='294' class='node and skip' status='skip'>
			
			<b>And</b>
			
			<span class="bdd-step-name">And Click on "Apply function"</span>
				<div class='pre'>skipped</div>
			
		</li>
		<li test-id='295' class='node then skip' status='skip'>
			
			<b>Then</b>
			
			<span class="bdd-step-name">Then The selected functions should be applied to the series</span>
				<div class='pre'>skipped</div>
			
		</li>
	</ul>
</div>
<div class='scenario node' test-id='296' status='pass'>
	<div class='category-list'>
		<span class='category label white-text'>@PieVisual1</span>
	</div>
	<span class='duration right label'>0h 1m 24s+412ms</span>
	<div class='desc'>
		<b>Scenario</b>
		<span class="desc-text">TC_Pie_304:Edit Pie - Edit series - Verify Region, Unit and Series ID fields</span>
	</div>
	<ul class='steps'>
		<li test-id='297' class='node and pass' status='pass'>
			
			<b>And</b>
			
			<span class="bdd-step-name">And Create a pie visual with series id's "272965603"</span>
				<div class='pre'>passed</div>
			
		</li>
		<li test-id='298' class='node and pass' status='pass'>
			
			<b>And</b>
			
			<span class="bdd-step-name">And Click on "Edit Pie"</span>
				<div class='pre'>passed</div>
			
		</li>
		<li test-id='299' class='node then pass' status='pass'>
			
			<b>Then</b>
			
			<span class="bdd-step-name">Then "Region", "Unit" and "Series id" fields should be available for respective series</span>
				<div class='pre'>passed</div>
			
		</li>
	</ul>
</div>
<div class='scenario node' test-id='300' status='pass'>
	<div class='category-list'>
		<span class='category label white-text'>@PieVisual1</span>
	</div>
	<span class='duration right label'>0h 1m 33s+530ms</span>
	<div class='desc'>
		<b>Scenario</b>
		<span class="desc-text">TC_Pie_319:Copy - Verify the confrimation message for pasting visual in insight</span>
	</div>
	<ul class='steps'>
		<li test-id='301' class='node and pass' status='pass'>
			
			<b>And</b>
			
			<span class="bdd-step-name">And Create a pie visual with series id's "16240301;16243001"</span>
				<div class='pre'>passed</div>
			
		</li>
		<li test-id='302' class='node and pass' status='pass'>
			
			<b>And</b>
			
			<span class="bdd-step-name">And Click on "Copy" icon</span>
				<div class='pre'>passed</div>
			
		</li>
		<li test-id='303' class='node and pass' status='pass'>
			
			<b>And</b>
			
			<span class="bdd-step-name">And Paste within the insight</span>
				<div class='pre'>passed</div>
			
		</li>
		<li test-id='304' class='node then pass' status='pass'>
			
			<b>Then</b>
			
			<span class="bdd-step-name">Then "Data pasted from clipboard" message should be displayed</span>
				<div class='pre'>passed</div>
			
		</li>
	</ul>
</div>
<div class='scenario node' test-id='305' status='pass'>
	<div class='category-list'>
		<span class='category label white-text'>@PieVisual1</span>
	</div>
	<span class='duration right label'>0h 1m 53s+144ms</span>
	<div class='desc'>
		<b>Scenario</b>
		<span class="desc-text">TC_Pie_325:Download - Verify size for JPG/PNG download</span>
	</div>
	<ul class='steps'>
		<li test-id='306' class='node and pass' status='pass'>
			
			<b>And</b>
			
			<span class="bdd-step-name">And Create a pie visual with series id's "16240301;16243001"</span>
				<div class='pre'>passed</div>
			
		</li>
		<li test-id='307' class='node and pass' status='pass'>
			
			<b>And</b>
			
			<span class="bdd-step-name">And Click on Download icon</span>
				<div class='pre'>passed</div>
			
		</li>
		<li test-id='308' class='node and pass' status='pass'>
			
			<b>And</b>
			
			<span class="bdd-step-name">And Select "jpeg" format</span>
				<div class='pre'>passed</div>
			
		</li>
		<li test-id='309' class='node and pass' status='pass'>
			
			<b>And</b>
			
			<span class="bdd-step-name">And Select width size "652"</span>
				<div class='pre'>passed</div>
			
		</li>
		<li test-id='310' class='node and pass' status='pass'>
			
			<b>And</b>
			
			<span class="bdd-step-name">And Click on "Download"</span>
				<div class='pre'>passed</div>
			
		</li>
		<li test-id='311' class='node then pass' status='pass'>
			
			<b>Then</b>
			
			<span class="bdd-step-name">Then The visual should be downloaded with selected size</span>
				<div class='pre'>passed</div>
			
		</li>
	</ul>
</div>
<div class='scenario node' test-id='312' status='pass'>
	<div class='category-list'>
		<span class='category label white-text'>@PieVisual1</span>
	</div>
	<span class='duration right label'>0h 1m 23s+161ms</span>
	<div class='desc'>
		<b>Scenario</b>
		<span class="desc-text">TC_Pie_339:Right click - Verify commentary under insert visual</span>
	</div>
	<ul class='steps'>
		<li test-id='313' class='node and pass' status='pass'>
			
			<b>And</b>
			
			<span class="bdd-step-name">And Create a pie visual with series id's "16240301;16243001"</span>
				<div class='pre'>passed</div>
			
		</li>
		<li test-id='314' class='node and pass' status='pass'>
			
			<b>And</b>
			
			<span class="bdd-step-name">And Right click on visual header</span>
				<div class='pre'>passed</div>
			
		</li>
		<li test-id='315' class='node and pass' status='pass'>
			
			<b>And</b>
			
			<span class="bdd-step-name">And Choose Insert visual as "Commentary"</span>
				<div class='pre'>passed</div>
			
		</li>
		<li test-id='316' class='node then pass' status='pass'>
			
			<b>Then</b>
			
			<span class="bdd-step-name">Then The commentary visual should be created in the same view tab</span>
				<div class='pre'>passed</div>
			
		</li>
	</ul>
</div>
<div class='scenario node' test-id='317' status='fail'>
	<div class='category-list'>
		<span class='category label white-text'>@PieVisual1</span>
	</div>
	<span class='duration right label'>0h 1m 18s+11ms</span>
	<div class='desc'>
		<b>Scenario</b>
		<span class="desc-text">TC_Pie_363:Verify adding series from 'Series suggestion manager' popup</span>
	</div>
	<ul class='steps'>
		<li test-id='318' class='node and pass' status='pass'>
			
			<b>And</b>
			
			<span class="bdd-step-name">And Create a pie visual with series id's "5823501"</span>
				<div class='pre'>passed</div>
			
		</li>
		<li test-id='319' class='node and pass' status='pass'>
			
			<b>And</b>
			
			<span class="bdd-step-name">And Click on "Add related series"</span>
				<div class='pre'>passed</div>
			
		</li>
		<li test-id='320' class='node and pass' status='pass'>
			
			<b>And</b>
			
			<span class="bdd-step-name">And Select a region as "Albania"</span>
				<div class='pre'>passed</div>
			
		</li>
		<li test-id='321' class='node then fail' status='fail'>
			
			<b>Then</b>
			
			<span class="bdd-step-name">Then The related series should be added to the visual</span>
				<div class='pre'><pre>java.lang.AssertionError: The relatedd series not displayed in the visual
	at org.testng.Assert.fail(Assert.java:94)
	at CDMNext.StepDefinations.PieVisual.the_related_series_should_be_added_to_the_visual(PieVisual.java:1847)
	at ✽.Then The related series should be added to the visual(PieVisual.feature:3057)
</pre></div>
			
		</li>
	</ul>
</div>
<div class='scenario node' test-id='322' status='pass'>
	<div class='category-list'>
		<span class='category label white-text'>@PieVisual1</span>
	</div>
	<span class='duration right label'>0h 2m 17s+132ms</span>
	<div class='desc'>
		<b>Scenario</b>
		<span class="desc-text">TC_Pie_364:Verify applying function under download window for series of pie</span>
	</div>
	<ul class='steps'>
		<li test-id='323' class='node and pass' status='pass'>
			
			<b>And</b>
			
			<span class="bdd-step-name">And Create a pie visual with series id's "16240301"</span>
				<div class='pre'>passed</div>
			
		</li>
		<li test-id='324' class='node and pass' status='pass'>
			
			<b>And</b>
			
			<span class="bdd-step-name">And Click on Download icon</span>
				<div class='pre'>passed</div>
			
		</li>
		<li test-id='325' class='node and pass' status='pass'>
			
			<b>And</b>
			
			<span class="bdd-step-name">And Select "series" tab</span>
				<div class='pre'>passed</div>
			
		</li>
		<li test-id='326' class='node and pass' status='pass'>
			
			<b>And</b>
			
			<span class="bdd-step-name">And Apply any function inside the download window</span>
				<div class='pre'>passed</div>
			
		</li>
		<li test-id='327' class='node and pass' status='pass'>
			
			<b>And</b>
			
			<span class="bdd-step-name">And Click on "Download"</span>
				<div class='pre'>passed</div>
			
		</li>
		<li test-id='328' class='node then pass' status='pass'>
			
			<b>Then</b>
			
			<span class="bdd-step-name">Then Applied functions with created pie chart should be downloaded</span>
				<div class='pre'>passed</div>
			
		</li>
	</ul>
</div>
					</div>
				</li>
			</ul>
		</div>
	</div>
	<!-- subview left -->

	<div class='subview-right left'>
		<div class='view-summary'>
			<h5 class='test-name'></h5>

			<div id='step-filters' class="right">
				<span class="blue-text" status="info" alt="info" title="info"><i class="material-icons">info_outline</i></span>
				<span class="green-text" status="pass" alt="pass" title="pass"><i class="material-icons">check_circle</i></span>
				<span class="red-text" status="fail" alt="fail" title="fail"><i class="material-icons">cancel</i></span>
				<span class="red-text text-darken-4" status="fatal" alt="fatal" title="fatal"><i class="material-icons">cancel</i></span>
				<span class="pink-text text-lighten-1" status="error" alt="error" title="error"><i class="material-icons">error</i></span>
				<span class="orange-text" alt="warning" status="warning" title="warning"><i class="material-icons">warning</i></span>
				<span class="teal-text" status="skip" alt="skip" title="skip"><i class="material-icons">redo</i></span>
				<span status="clear" alt="Clear filters" title="Clear filters"><i class="material-icons">clear</i></span>
			</div>
		</div>
	</div>
	<!-- subview right -->

</div>
<!-- test view -->
<div id='category-view' class='view hide'>

	<section id='controls'>
		<div class='controls grey lighten-4'>
			<!-- search -->
			<div class='chip transparent' alt='Search Tests' title='Search Tests'>
				<a href="#" class='search-div'>
					<i class='material-icons'>search</i> Search
				</a>
				
				<div class='input-field left hide'>
					<input id='search-tests' type='text' class='validate browser-default' placeholder='Search Tests...'>
				</div>
				
			</div>
			<!-- search -->
		</div>
	</section>

	<div class='subview-left left'>
		
		<div class='view-summary'>
			<h5>Categories</h3>
			<ul id='category-collection' class='category-collection'>
				
				<li class='category displayed active'>
					<div class='category-heading'>
						<span class='category-name'>@PieVisual1</span>
						<span class='category-status right'>
							<span class='label pass'>23</span>
							<span class='label fail'>22</span>
						</span>
					</div>
					<div class='category-content hide'>
						<div class='category-status-counts'>
							<span class='label green accent-4 white-text'>Passed: 23</span>
							<span class='label red lighten-1 white-text'>Failed: 22</span>
							
						</div>
					
						<div class='category-tests'>
							<table class='bordered table-results'>
								<thead>
									<tr>
										<th>Timestamp</th>
										<th>TestName</th>
										<th>Status</th>
									</tr>
								</thead>
								<tbody>
									<tr>
										<td>May 18, 2022 05:21:29 PM</td>
										<td class='linked' test-id='2'>Verifying Pie Visual Functionality.TC_Pie_120:Edit series - Verify edit series icon</td>
										<td><span class='test-status fail'>fail</span></td>
									</tr>
									<tr>
										<td>May 18, 2022 05:23:39 PM</td>
										<td class='linked' test-id='7'>Verifying Pie Visual Functionality.TC_Pie_121:Edit series - Verify Rename option under edit series</td>
										<td><span class='test-status fail'>fail</span></td>
									</tr>
									<tr>
										<td>May 18, 2022 05:25:25 PM</td>
										<td class='linked' test-id='13'>Verifying Pie Visual Functionality.TC_Pie_122:Edit series - Verify Color option under edit series</td>
										<td><span class='test-status fail'>fail</span></td>
									</tr>
									<tr>
										<td>May 18, 2022 05:27:12 PM</td>
										<td class='linked' test-id='19'>Verifying Pie Visual Functionality.TC_Pie_123:Edit Histogram - Edit series - Verify Currency option under edit series</td>
										<td><span class='test-status fail'>fail</span></td>
									</tr>
									<tr>
										<td>May 18, 2022 05:28:58 PM</td>
										<td class='linked' test-id='25'>Verifying Pie Visual Functionality.TC_Pie_124:Edit series - Verify Change option under edit series</td>
										<td><span class='test-status fail'>fail</span></td>
									</tr>
									<tr>
										<td>May 18, 2022 05:30:44 PM</td>
										<td class='linked' test-id='31'>Verifying Pie Visual Functionality.TC_Pie_126:Edit series - Verify applying frequency in series level</td>
										<td><span class='test-status pass'>pass</span></td>
									</tr>
									<tr>
										<td>May 18, 2022 05:32:23 PM</td>
										<td class='linked' test-id='37'>Verifying Pie Visual Functionality.TC_Pie_127:Edit series - Verify applying currency in series level</td>
										<td><span class='test-status fail'>fail</span></td>
									</tr>
									<tr>
										<td>May 18, 2022 05:33:59 PM</td>
										<td class='linked' test-id='43'>Verifying Pie Visual Functionality.TC_Pie_128:Edit series - Verify applying function in series level</td>
										<td><span class='test-status pass'>pass</span></td>
									</tr>
									<tr>
										<td>May 18, 2022 05:35:42 PM</td>
										<td class='linked' test-id='50'>Verifying Pie Visual Functionality.TC_Pie_129:Edit series - Verify multiple functions apply</td>
										<td><span class='test-status pass'>pass</span></td>
									</tr>
									<tr>
										<td>May 18, 2022 05:37:27 PM</td>
										<td class='linked' test-id='57'>Verifying Pie Visual Functionality.TC_Pie_136:Edit series - Verify Region, Unit and Series ID fields</td>
										<td><span class='test-status pass'>pass</span></td>
									</tr>
									<tr>
										<td>May 18, 2022 05:39:15 PM</td>
										<td class='linked' test-id='61'>Verifying Pie Visual Functionality.TC_Pie_147:Edit Pie - Border - Verify Pie color</td>
										<td><span class='test-status pass'>pass</span></td>
									</tr>
									<tr>
										<td>May 18, 2022 05:40:50 PM</td>
										<td class='linked' test-id='68'>Verifying Pie Visual Functionality.TC_Pie_150:Edit Pie - Border - Verify visual color</td>
										<td><span class='test-status pass'>pass</span></td>
									</tr>
									<tr>
										<td>May 18, 2022 05:42:26 PM</td>
										<td class='linked' test-id='75'>Verifying Pie Visual Functionality.TC_Pie_152:Verify max series for Pie visual</td>
										<td><span class='test-status fail'>fail</span></td>
									</tr>
									<tr>
										<td>May 18, 2022 05:43:58 PM</td>
										<td class='linked' test-id='78'>Verifying Pie Visual Functionality.TC_Pie_172:Edit Pie - Title - Verify color for visual title</td>
										<td><span class='test-status pass'>pass</span></td>
									</tr>
									<tr>
										<td>May 18, 2022 05:45:30 PM</td>
										<td class='linked' test-id='86'>Verifying Pie Visual Functionality.TC_Pie_173:Edit Pie - Title - Verify color for visual title background</td>
										<td><span class='test-status pass'>pass</span></td>
									</tr>
									<tr>
										<td>May 18, 2022 05:47:05 PM</td>
										<td class='linked' test-id='94'>Verifying Pie Visual Functionality.TC_Pie_182:Edit Pie - Title - Verify font size for visual sub title</td>
										<td><span class='test-status pass'>pass</span></td>
									</tr>
									<tr>
										<td>May 18, 2022 05:48:56 PM</td>
										<td class='linked' test-id='101'>Verifying Pie Visual Functionality.TC_Pie_193:Edit pie - Copyright - Verify 'Horizontal align'</td>
										<td><span class='test-status fail'>fail</span></td>
									</tr>
									<tr>
										<td>May 18, 2022 05:50:34 PM</td>
										<td class='linked' test-id='112'>Verifying Pie Visual Functionality.TC_Pie_197:Edit pie - Copyright - Verify link for copyright</td>
										<td><span class='test-status fail'>fail</span></td>
									</tr>
									<tr>
										<td>May 18, 2022 05:52:05 PM</td>
										<td class='linked' test-id='120'>Verifying Pie Visual Functionality.TC_Pie_198:Edit pie - Copyright -Verify copyright color</td>
										<td><span class='test-status pass'>pass</span></td>
									</tr>
									<tr>
										<td>May 18, 2022 05:53:44 PM</td>
										<td class='linked' test-id='129'>Verifying Pie Visual Functionality.TC_Pie_203:Edit pie - Copyright - Verify horizontal alignment (left, right, center)</td>
										<td><span class='test-status fail'>fail</span></td>
									</tr>
									<tr>
										<td>May 18, 2022 05:55:22 PM</td>
										<td class='linked' test-id='141'>Verifying Pie Visual Functionality.TC_Pie_212:Edit pie - percentage tooltip for pie visual</td>
										<td><span class='test-status pass'>pass</span></td>
									</tr>
									<tr>
										<td>May 18, 2022 05:56:51 PM</td>
										<td class='linked' test-id='148'>Verifying Pie Visual Functionality.TC_Pie_221:Edit pie > tooltip dropdown > advanced settings > items > Function description</td>
										<td><span class='test-status pass'>pass</span></td>
									</tr>
									<tr>
										<td>May 18, 2022 05:58:40 PM</td>
										<td class='linked' test-id='161'>Verifying Pie Visual Functionality.TC_Pie_222:Edit pie > tooltip dropdown > advanced settings > items > Verify text color in tooltip</td>
										<td><span class='test-status fail'>fail</span></td>
									</tr>
									<tr>
										<td>May 18, 2022 06:00:19 PM</td>
										<td class='linked' test-id='171'>Verifying Pie Visual Functionality.TC_Pie_240:Edit pie > legend > advanced settings under dropdown > items color</td>
										<td><span class='test-status fail'>fail</span></td>
									</tr>
									<tr>
										<td>May 18, 2022 06:02:04 PM</td>
										<td class='linked' test-id='181'>Verifying Pie Visual Functionality.TC_Pie_244:Edit pie > legend > advanced settings under dropdown > Title</td>
										<td><span class='test-status pass'>pass</span></td>
									</tr>
									<tr>
										<td>May 18, 2022 06:03:22 PM</td>
										<td class='linked' test-id='190'>Verifying Pie Visual Functionality.TC_Pie_245:Edit pie > legend > advanced settings under dropdown > Title color</td>
										<td><span class='test-status fail'>fail</span></td>
									</tr>
									<tr>
										<td>May 18, 2022 06:04:52 PM</td>
										<td class='linked' test-id='201'>Verifying Pie Visual Functionality.TC_Pie_248:Edit pie > legend > advanced settings under dropdown > Background color</td>
										<td><span class='test-status fail'>fail</span></td>
									</tr>
									<tr>
										<td>May 18, 2022 06:06:38 PM</td>
										<td class='linked' test-id='211'>Verifying Pie Visual Functionality.TC_Pie_249:Edit pie > legend > advanced settings under dropdown > Border color</td>
										<td><span class='test-status fail'>fail</span></td>
									</tr>
									<tr>
										<td>May 18, 2022 06:08:08 PM</td>
										<td class='linked' test-id='221'>Verifying Pie Visual Functionality.TC_Pie_256:Edit pie > Data labels > advanced settings > labels > color</td>
										<td><span class='test-status fail'>fail</span></td>
									</tr>
									<tr>
										<td>May 18, 2022 06:09:52 PM</td>
										<td class='linked' test-id='230'>Verifying Pie Visual Functionality.TC_Pie_257:Edit pie > Data labels > advanced settings > labels > highlight</td>
										<td><span class='test-status fail'>fail</span></td>
									</tr>
									<tr>
										<td>May 18, 2022 06:11:46 PM</td>
										<td class='linked' test-id='240'>Verifying Pie Visual Functionality.TC_Pie_265:Edit Pie - Verify title icon on visual</td>
										<td><span class='test-status fail'>fail</span></td>
									</tr>
									<tr>
										<td>May 18, 2022 06:13:20 PM</td>
										<td class='linked' test-id='245'>Verifying Pie Visual Functionality.TC_Pie_268: Edit Pie - Verify double clicking on timepoints</td>
										<td><span class='test-status pass'>pass</span></td>
									</tr>
									<tr>
										<td>May 18, 2022 06:16:54 PM</td>
										<td class='linked' test-id='252'>Verifying Pie Visual Functionality.TC_Pie_277:Edit pie - Edit series - Verify delete series icon</td>
										<td><span class='test-status pass'>pass</span></td>
									</tr>
									<tr>
										<td>May 18, 2022 06:18:42 PM</td>
										<td class='linked' test-id='257'>Verifying Pie Visual Functionality.TC_Pie_280:Edit pie - Edit series - Verify Rename option under settings icon.</td>
										<td><span class='test-status pass'>pass</span></td>
									</tr>
									<tr>
										<td>May 18, 2022 06:20:09 PM</td>
										<td class='linked' test-id='263'>Verifying Pie Visual Functionality.TC_Pie_282:Edit pie - Edit series - Verify Color option under edit series</td>
										<td><span class='test-status fail'>fail</span></td>
									</tr>
									<tr>
										<td>May 18, 2022 06:21:36 PM</td>
										<td class='linked' test-id='269'>Verifying Pie Visual Functionality.TC_Pie_286:Edit pie - Edit series - Series data conversion - Verify applying frequency</td>
										<td><span class='test-status pass'>pass</span></td>
									</tr>
									<tr>
										<td>May 18, 2022 06:23:17 PM</td>
										<td class='linked' test-id='276'>Verifying Pie Visual Functionality.TC_Pie_287:Edit pie - Edit series - Series data conversion - Verify applying Missing values method</td>
										<td><span class='test-status pass'>pass</span></td>
									</tr>
									<tr>
										<td>May 18, 2022 06:24:26 PM</td>
										<td class='linked' test-id='283'>Verifying Pie Visual Functionality.TC_Pie_295:Edit pie - Edit series - Verify applying currency in series level</td>
										<td><span class='test-status fail'>fail</span></td>
									</tr>
									<tr>
										<td>May 18, 2022 06:25:50 PM</td>
										<td class='linked' test-id='289'>Verifying Pie Visual Functionality.TC_Pie_299:Edit Pie - Edit series - Verify multiple functions apply</td>
										<td><span class='test-status fail'>fail</span></td>
									</tr>
									<tr>
										<td>May 18, 2022 06:27:32 PM</td>
										<td class='linked' test-id='296'>Verifying Pie Visual Functionality.TC_Pie_304:Edit Pie - Edit series - Verify Region, Unit and Series ID fields</td>
										<td><span class='test-status pass'>pass</span></td>
									</tr>
									<tr>
										<td>May 18, 2022 06:29:06 PM</td>
										<td class='linked' test-id='300'>Verifying Pie Visual Functionality.TC_Pie_319:Copy - Verify the confrimation message for pasting visual in insight</td>
										<td><span class='test-status pass'>pass</span></td>
									</tr>
									<tr>
										<td>May 18, 2022 06:30:50 PM</td>
										<td class='linked' test-id='305'>Verifying Pie Visual Functionality.TC_Pie_325:Download - Verify size for JPG/PNG download</td>
										<td><span class='test-status pass'>pass</span></td>
									</tr>
									<tr>
										<td>May 18, 2022 06:32:53 PM</td>
										<td class='linked' test-id='312'>Verifying Pie Visual Functionality.TC_Pie_339:Right click - Verify commentary under insert visual</td>
										<td><span class='test-status pass'>pass</span></td>
									</tr>
									<tr>
										<td>May 18, 2022 06:34:26 PM</td>
										<td class='linked' test-id='317'>Verifying Pie Visual Functionality.TC_Pie_363:Verify adding series from 'Series suggestion manager' popup</td>
										<td><span class='test-status fail'>fail</span></td>
									</tr>
									<tr>
										<td>May 18, 2022 06:35:55 PM</td>
										<td class='linked' test-id='322'>Verifying Pie Visual Functionality.TC_Pie_364:Verify applying function under download window for series of pie</td>
										<td><span class='test-status pass'>pass</span></td>
									</tr>
								</tbody>
							</table>
						</div>
					</div>
				</li>

			</ul>
		</div>
	</div>

	<div class='subview-right left'>
		<div class='view-summary'>
			<h5 class='category-name'></h5>
		</div>
	</div>
</div>
<!-- category view -->
<div id='exception-view' class='view hide'>

    <section id='controls'>
        <div class='controls grey lighten-4'>
            <!-- search -->
            <div class='chip transparent' alt='Search Tests' title='Search Tests'>
                <a href="#" class='search-div'>
                    <i class='material-icons'>search</i> Search
                </a>

                <div class='input-field left hide'>
                    <input id='search-tests' type='text' class='validate browser-default' placeholder='Search Tests...'>
                </div>

            </div>
            <!-- search -->
        </div>
    </section>

    <div class='subview-left left'>

        <div class='view-summary'>
            <h5>Exceptions</h3>
                <ul id='exception-collection' class='exception-collection'>

                        <li class='exception displayed active'>
                            <div class='exception-heading'>
                                <span class='exception-name'>org.openqa.selenium.NoSuchElementException</span>
                                <span class='exception-count right'><span class='label red lighten-1 white-text'>13</span></span>
                            </div>
                            <div class='exception-content hide'>
                                <div class='exception-tests'>
                                    <table class='bordered table-results'>
                                        <thead>
                                        <tr>
                                            <th>Timestamp</th>
                                            <th>TestName</th>
                                            <th>Status</th>
                                        </tr>
                                        </thead>
                                        <tbody>
                                                    <tr>
                                                        <td>May 18, 2022 05:23:17 PM</td>
                                                        <td class='linked' test-id='5'>Verifying Pie Visual Functionality.TC_Pie_120:Edit series - Verify edit series icon.And Click on edit series icon</td>
                                                        <td><pre><pre>org.openqa.selenium.NoSuchElementException: no such element: Unable to locate element: {"method":"xpath","selector":"//*[@class='table']/*[1]/*[2]/*[3]/*/*/*//*[@title='Edit series']"}
  (Session info: chrome=101.0.4951.67)
For documentation on this error, please visit: http://seleniumhq.org/exceptions/no_such_element.html
Build info: version: '3.4.0', revision: 'unknown', time: 'unknown'
System info: host: 'IN-BLR-L008', ip: '192.168.56.1', os.name: 'Windows 10', os.arch: 'amd64', os.version: '10.0', java.version: '1.8.0_202'
Driver info: org.openqa.selenium.chrome.ChromeDriver
Capabilities [{networkConnectionEnabled=false, chrome={chromedriverVersion=100.0.4896.20 (f9d71f93d32a6487809d6f35a9670c879fe97dfe-refs/branch-heads/4896@{#203}), userDataDir=C:\Users\nmaduru\AppData\Local\Temp\scoped_dir2968_872913359}, timeouts={implicit=0.0, pageLoad=300000.0, script=30000.0}, pageLoadStrategy=normal, unhandledPromptBehavior=dismiss and notify, strictFileInteractability=false, platform=ANY, proxy=Proxy(), goog:chromeOptions={debuggerAddress=localhost:59249}, webauthn:extension:credBlob=true, acceptInsecureCerts=true, browserVersion=101.0.4951.67, browserName=chrome, javascriptEnabled=true, platformName=windows, setWindowRect=true, webauthn:extension:largeBlob=true, webauthn:virtualAuthenticators=true}]
Session ID: 800e249356369312680db7c98ee01135
*** Element info: {Using=xpath, value=//*[@class='table']/*[1]/*[2]/*[3]/*/*/*//*[@title='Edit series']}
	at sun.reflect.NativeConstructorAccessorImpl.newInstance0(Native Method)
	at sun.reflect.NativeConstructorAccessorImpl.newInstance(NativeConstructorAccessorImpl.java:62)
	at sun.reflect.DelegatingConstructorAccessorImpl.newInstance(DelegatingConstructorAccessorImpl.java:45)
	at java.lang.reflect.Constructor.newInstance(Constructor.java:423)
	at org.openqa.selenium.remote.http.W3CHttpResponseCodec.createException(W3CHttpResponseCodec.java:150)
	at org.openqa.selenium.remote.http.W3CHttpResponseCodec.decode(W3CHttpResponseCodec.java:115)
	at org.openqa.selenium.remote.http.W3CHttpResponseCodec.decode(W3CHttpResponseCodec.java:45)
	at org.openqa.selenium.remote.HttpCommandExecutor.execute(HttpCommandExecutor.java:164)
	at org.openqa.selenium.remote.service.DriverCommandExecutor.execute(DriverCommandExecutor.java:82)
	at org.openqa.selenium.remote.RemoteWebDriver.execute(RemoteWebDriver.java:637)
	at org.openqa.selenium.remote.RemoteWebDriver.findElement(RemoteWebDriver.java:410)
	at org.openqa.selenium.remote.RemoteWebDriver.findElementByXPath(RemoteWebDriver.java:509)
	at org.openqa.selenium.By$ByXPath.findElement(By.java:361)
	at org.openqa.selenium.remote.RemoteWebDriver.findElement(RemoteWebDriver.java:402)
	at CDMNext.util.CommonFunctionality.getElementByXpath(CommonFunctionality.java:508)
	at CDMNext.StepDefinations.Histogram.click_on_edit_series_icon(Histogram.java:1063)
	at ✽.And Click on edit series icon(PieVisual.feature:871)
</pre></pre></td>
                                                    </tr>
                                                    <tr>
                                                        <td>May 18, 2022 05:25:03 PM</td>
                                                        <td class='linked' test-id='10'>Verifying Pie Visual Functionality.TC_Pie_121:Edit series - Verify Rename option under edit series.And Click on edit series icon</td>
                                                        <td><pre><pre>org.openqa.selenium.NoSuchElementException: no such element: Unable to locate element: {"method":"xpath","selector":"//*[@class='table']/*[1]/*[2]/*[3]/*/*/*//*[@title='Edit series']"}
  (Session info: chrome=101.0.4951.67)
For documentation on this error, please visit: http://seleniumhq.org/exceptions/no_such_element.html
Build info: version: '3.4.0', revision: 'unknown', time: 'unknown'
System info: host: 'IN-BLR-L008', ip: '192.168.56.1', os.name: 'Windows 10', os.arch: 'amd64', os.version: '10.0', java.version: '1.8.0_202'
Driver info: org.openqa.selenium.chrome.ChromeDriver
Capabilities [{networkConnectionEnabled=false, chrome={chromedriverVersion=100.0.4896.20 (f9d71f93d32a6487809d6f35a9670c879fe97dfe-refs/branch-heads/4896@{#203}), userDataDir=C:\Users\nmaduru\AppData\Local\Temp\scoped_dir2968_872913359}, timeouts={implicit=0.0, pageLoad=300000.0, script=30000.0}, pageLoadStrategy=normal, unhandledPromptBehavior=dismiss and notify, strictFileInteractability=false, platform=ANY, proxy=Proxy(), goog:chromeOptions={debuggerAddress=localhost:59249}, webauthn:extension:credBlob=true, acceptInsecureCerts=true, browserVersion=101.0.4951.67, browserName=chrome, javascriptEnabled=true, platformName=windows, setWindowRect=true, webauthn:extension:largeBlob=true, webauthn:virtualAuthenticators=true}]
Session ID: 800e249356369312680db7c98ee01135
*** Element info: {Using=xpath, value=//*[@class='table']/*[1]/*[2]/*[3]/*/*/*//*[@title='Edit series']}
	at sun.reflect.NativeConstructorAccessorImpl.newInstance0(Native Method)
	at sun.reflect.NativeConstructorAccessorImpl.newInstance(NativeConstructorAccessorImpl.java:62)
	at sun.reflect.DelegatingConstructorAccessorImpl.newInstance(DelegatingConstructorAccessorImpl.java:45)
	at java.lang.reflect.Constructor.newInstance(Constructor.java:423)
	at org.openqa.selenium.remote.http.W3CHttpResponseCodec.createException(W3CHttpResponseCodec.java:150)
	at org.openqa.selenium.remote.http.W3CHttpResponseCodec.decode(W3CHttpResponseCodec.java:115)
	at org.openqa.selenium.remote.http.W3CHttpResponseCodec.decode(W3CHttpResponseCodec.java:45)
	at org.openqa.selenium.remote.HttpCommandExecutor.execute(HttpCommandExecutor.java:164)
	at org.openqa.selenium.remote.service.DriverCommandExecutor.execute(DriverCommandExecutor.java:82)
	at org.openqa.selenium.remote.RemoteWebDriver.execute(RemoteWebDriver.java:637)
	at org.openqa.selenium.remote.RemoteWebDriver.findElement(RemoteWebDriver.java:410)
	at org.openqa.selenium.remote.RemoteWebDriver.findElementByXPath(RemoteWebDriver.java:509)
	at org.openqa.selenium.By$ByXPath.findElement(By.java:361)
	at org.openqa.selenium.remote.RemoteWebDriver.findElement(RemoteWebDriver.java:402)
	at CDMNext.util.CommonFunctionality.getElementByXpath(CommonFunctionality.java:508)
	at CDMNext.StepDefinations.Histogram.click_on_edit_series_icon(Histogram.java:1063)
	at ✽.And Click on edit series icon(PieVisual.feature:883)
</pre></pre></td>
                                                    </tr>
                                                    <tr>
                                                        <td>May 18, 2022 05:26:50 PM</td>
                                                        <td class='linked' test-id='16'>Verifying Pie Visual Functionality.TC_Pie_122:Edit series - Verify Color option under edit series.And Click on edit series icon</td>
                                                        <td><pre><pre>org.openqa.selenium.NoSuchElementException: no such element: Unable to locate element: {"method":"xpath","selector":"//*[@class='table']/*[1]/*[2]/*[3]/*/*/*//*[@title='Edit series']"}
  (Session info: chrome=101.0.4951.67)
For documentation on this error, please visit: http://seleniumhq.org/exceptions/no_such_element.html
Build info: version: '3.4.0', revision: 'unknown', time: 'unknown'
System info: host: 'IN-BLR-L008', ip: '192.168.56.1', os.name: 'Windows 10', os.arch: 'amd64', os.version: '10.0', java.version: '1.8.0_202'
Driver info: org.openqa.selenium.chrome.ChromeDriver
Capabilities [{networkConnectionEnabled=false, chrome={chromedriverVersion=100.0.4896.20 (f9d71f93d32a6487809d6f35a9670c879fe97dfe-refs/branch-heads/4896@{#203}), userDataDir=C:\Users\nmaduru\AppData\Local\Temp\scoped_dir2968_872913359}, timeouts={implicit=0.0, pageLoad=300000.0, script=30000.0}, pageLoadStrategy=normal, unhandledPromptBehavior=dismiss and notify, strictFileInteractability=false, platform=ANY, proxy=Proxy(), goog:chromeOptions={debuggerAddress=localhost:59249}, webauthn:extension:credBlob=true, acceptInsecureCerts=true, browserVersion=101.0.4951.67, browserName=chrome, javascriptEnabled=true, platformName=windows, setWindowRect=true, webauthn:extension:largeBlob=true, webauthn:virtualAuthenticators=true}]
Session ID: 800e249356369312680db7c98ee01135
*** Element info: {Using=xpath, value=//*[@class='table']/*[1]/*[2]/*[3]/*/*/*//*[@title='Edit series']}
	at sun.reflect.NativeConstructorAccessorImpl.newInstance0(Native Method)
	at sun.reflect.NativeConstructorAccessorImpl.newInstance(NativeConstructorAccessorImpl.java:62)
	at sun.reflect.DelegatingConstructorAccessorImpl.newInstance(DelegatingConstructorAccessorImpl.java:45)
	at java.lang.reflect.Constructor.newInstance(Constructor.java:423)
	at org.openqa.selenium.remote.http.W3CHttpResponseCodec.createException(W3CHttpResponseCodec.java:150)
	at org.openqa.selenium.remote.http.W3CHttpResponseCodec.decode(W3CHttpResponseCodec.java:115)
	at org.openqa.selenium.remote.http.W3CHttpResponseCodec.decode(W3CHttpResponseCodec.java:45)
	at org.openqa.selenium.remote.HttpCommandExecutor.execute(HttpCommandExecutor.java:164)
	at org.openqa.selenium.remote.service.DriverCommandExecutor.execute(DriverCommandExecutor.java:82)
	at org.openqa.selenium.remote.RemoteWebDriver.execute(RemoteWebDriver.java:637)
	at org.openqa.selenium.remote.RemoteWebDriver.findElement(RemoteWebDriver.java:410)
	at org.openqa.selenium.remote.RemoteWebDriver.findElementByXPath(RemoteWebDriver.java:509)
	at org.openqa.selenium.By$ByXPath.findElement(By.java:361)
	at org.openqa.selenium.remote.RemoteWebDriver.findElement(RemoteWebDriver.java:402)
	at CDMNext.util.CommonFunctionality.getElementByXpath(CommonFunctionality.java:508)
	at CDMNext.StepDefinations.Histogram.click_on_edit_series_icon(Histogram.java:1063)
	at ✽.And Click on edit series icon(PieVisual.feature:891)
</pre></pre></td>
                                                    </tr>
                                                    <tr>
                                                        <td>May 18, 2022 05:28:36 PM</td>
                                                        <td class='linked' test-id='22'>Verifying Pie Visual Functionality.TC_Pie_123:Edit Histogram - Edit series - Verify Currency option under edit series.And Click on edit series icon</td>
                                                        <td><pre><pre>org.openqa.selenium.NoSuchElementException: no such element: Unable to locate element: {"method":"xpath","selector":"//*[@class='table']/*[1]/*[2]/*[3]/*/*/*//*[@title='Edit series']"}
  (Session info: chrome=101.0.4951.67)
For documentation on this error, please visit: http://seleniumhq.org/exceptions/no_such_element.html
Build info: version: '3.4.0', revision: 'unknown', time: 'unknown'
System info: host: 'IN-BLR-L008', ip: '192.168.56.1', os.name: 'Windows 10', os.arch: 'amd64', os.version: '10.0', java.version: '1.8.0_202'
Driver info: org.openqa.selenium.chrome.ChromeDriver
Capabilities [{networkConnectionEnabled=false, chrome={chromedriverVersion=100.0.4896.20 (f9d71f93d32a6487809d6f35a9670c879fe97dfe-refs/branch-heads/4896@{#203}), userDataDir=C:\Users\nmaduru\AppData\Local\Temp\scoped_dir2968_872913359}, timeouts={implicit=0.0, pageLoad=300000.0, script=30000.0}, pageLoadStrategy=normal, unhandledPromptBehavior=dismiss and notify, strictFileInteractability=false, platform=ANY, proxy=Proxy(), goog:chromeOptions={debuggerAddress=localhost:59249}, webauthn:extension:credBlob=true, acceptInsecureCerts=true, browserVersion=101.0.4951.67, browserName=chrome, javascriptEnabled=true, platformName=windows, setWindowRect=true, webauthn:extension:largeBlob=true, webauthn:virtualAuthenticators=true}]
Session ID: 800e249356369312680db7c98ee01135
*** Element info: {Using=xpath, value=//*[@class='table']/*[1]/*[2]/*[3]/*/*/*//*[@title='Edit series']}
	at sun.reflect.NativeConstructorAccessorImpl.newInstance0(Native Method)
	at sun.reflect.NativeConstructorAccessorImpl.newInstance(NativeConstructorAccessorImpl.java:62)
	at sun.reflect.DelegatingConstructorAccessorImpl.newInstance(DelegatingConstructorAccessorImpl.java:45)
	at java.lang.reflect.Constructor.newInstance(Constructor.java:423)
	at org.openqa.selenium.remote.http.W3CHttpResponseCodec.createException(W3CHttpResponseCodec.java:150)
	at org.openqa.selenium.remote.http.W3CHttpResponseCodec.decode(W3CHttpResponseCodec.java:115)
	at org.openqa.selenium.remote.http.W3CHttpResponseCodec.decode(W3CHttpResponseCodec.java:45)
	at org.openqa.selenium.remote.HttpCommandExecutor.execute(HttpCommandExecutor.java:164)
	at org.openqa.selenium.remote.service.DriverCommandExecutor.execute(DriverCommandExecutor.java:82)
	at org.openqa.selenium.remote.RemoteWebDriver.execute(RemoteWebDriver.java:637)
	at org.openqa.selenium.remote.RemoteWebDriver.findElement(RemoteWebDriver.java:410)
	at org.openqa.selenium.remote.RemoteWebDriver.findElementByXPath(RemoteWebDriver.java:509)
	at org.openqa.selenium.By$ByXPath.findElement(By.java:361)
	at org.openqa.selenium.remote.RemoteWebDriver.findElement(RemoteWebDriver.java:402)
	at CDMNext.util.CommonFunctionality.getElementByXpath(CommonFunctionality.java:508)
	at CDMNext.StepDefinations.Histogram.click_on_edit_series_icon(Histogram.java:1063)
	at ✽.And Click on edit series icon(PieVisual.feature:899)
</pre></pre></td>
                                                    </tr>
                                                    <tr>
                                                        <td>May 18, 2022 05:30:23 PM</td>
                                                        <td class='linked' test-id='28'>Verifying Pie Visual Functionality.TC_Pie_124:Edit series - Verify Change option under edit series.And Click on edit series icon</td>
                                                        <td><pre><pre>org.openqa.selenium.NoSuchElementException: no such element: Unable to locate element: {"method":"xpath","selector":"//*[@class='table']/*[1]/*[2]/*[3]/*/*/*//*[@title='Edit series']"}
  (Session info: chrome=101.0.4951.67)
For documentation on this error, please visit: http://seleniumhq.org/exceptions/no_such_element.html
Build info: version: '3.4.0', revision: 'unknown', time: 'unknown'
System info: host: 'IN-BLR-L008', ip: '192.168.56.1', os.name: 'Windows 10', os.arch: 'amd64', os.version: '10.0', java.version: '1.8.0_202'
Driver info: org.openqa.selenium.chrome.ChromeDriver
Capabilities [{networkConnectionEnabled=false, chrome={chromedriverVersion=100.0.4896.20 (f9d71f93d32a6487809d6f35a9670c879fe97dfe-refs/branch-heads/4896@{#203}), userDataDir=C:\Users\nmaduru\AppData\Local\Temp\scoped_dir2968_872913359}, timeouts={implicit=0.0, pageLoad=300000.0, script=30000.0}, pageLoadStrategy=normal, unhandledPromptBehavior=dismiss and notify, strictFileInteractability=false, platform=ANY, proxy=Proxy(), goog:chromeOptions={debuggerAddress=localhost:59249}, webauthn:extension:credBlob=true, acceptInsecureCerts=true, browserVersion=101.0.4951.67, browserName=chrome, javascriptEnabled=true, platformName=windows, setWindowRect=true, webauthn:extension:largeBlob=true, webauthn:virtualAuthenticators=true}]
Session ID: 800e249356369312680db7c98ee01135
*** Element info: {Using=xpath, value=//*[@class='table']/*[1]/*[2]/*[3]/*/*/*//*[@title='Edit series']}
	at sun.reflect.GeneratedConstructorAccessor17.newInstance(Unknown Source)
	at sun.reflect.DelegatingConstructorAccessorImpl.newInstance(DelegatingConstructorAccessorImpl.java:45)
	at java.lang.reflect.Constructor.newInstance(Constructor.java:423)
	at org.openqa.selenium.remote.http.W3CHttpResponseCodec.createException(W3CHttpResponseCodec.java:150)
	at org.openqa.selenium.remote.http.W3CHttpResponseCodec.decode(W3CHttpResponseCodec.java:115)
	at org.openqa.selenium.remote.http.W3CHttpResponseCodec.decode(W3CHttpResponseCodec.java:45)
	at org.openqa.selenium.remote.HttpCommandExecutor.execute(HttpCommandExecutor.java:164)
	at org.openqa.selenium.remote.service.DriverCommandExecutor.execute(DriverCommandExecutor.java:82)
	at org.openqa.selenium.remote.RemoteWebDriver.execute(RemoteWebDriver.java:637)
	at org.openqa.selenium.remote.RemoteWebDriver.findElement(RemoteWebDriver.java:410)
	at org.openqa.selenium.remote.RemoteWebDriver.findElementByXPath(RemoteWebDriver.java:509)
	at org.openqa.selenium.By$ByXPath.findElement(By.java:361)
	at org.openqa.selenium.remote.RemoteWebDriver.findElement(RemoteWebDriver.java:402)
	at CDMNext.util.CommonFunctionality.getElementByXpath(CommonFunctionality.java:508)
	at CDMNext.StepDefinations.Histogram.click_on_edit_series_icon(Histogram.java:1063)
	at ✽.And Click on edit series icon(PieVisual.feature:907)
</pre></pre></td>
                                                    </tr>
                                                    <tr>
                                                        <td>May 18, 2022 05:43:38 PM</td>
                                                        <td class='linked' test-id='77'>Verifying Pie Visual Functionality.TC_Pie_152:Verify max series for Pie visual.Then Pie should allow max 20 series</td>
                                                        <td><pre><pre>org.openqa.selenium.NoSuchElementException: no such element: Unable to locate element: {"method":"xpath","selector":"//*[text()='Confirmation']"}
  (Session info: chrome=101.0.4951.67)
For documentation on this error, please visit: http://seleniumhq.org/exceptions/no_such_element.html
Build info: version: '3.4.0', revision: 'unknown', time: 'unknown'
System info: host: 'IN-BLR-L008', ip: '192.168.56.1', os.name: 'Windows 10', os.arch: 'amd64', os.version: '10.0', java.version: '1.8.0_202'
Driver info: org.openqa.selenium.chrome.ChromeDriver
Capabilities [{networkConnectionEnabled=false, chrome={chromedriverVersion=100.0.4896.20 (f9d71f93d32a6487809d6f35a9670c879fe97dfe-refs/branch-heads/4896@{#203}), userDataDir=C:\Users\nmaduru\AppData\Local\Temp\scoped_dir2968_872913359}, timeouts={implicit=0.0, pageLoad=300000.0, script=30000.0}, pageLoadStrategy=normal, unhandledPromptBehavior=dismiss and notify, strictFileInteractability=false, platform=ANY, proxy=Proxy(), goog:chromeOptions={debuggerAddress=localhost:59249}, webauthn:extension:credBlob=true, acceptInsecureCerts=true, browserVersion=101.0.4951.67, browserName=chrome, javascriptEnabled=true, platformName=windows, setWindowRect=true, webauthn:extension:largeBlob=true, webauthn:virtualAuthenticators=true}]
Session ID: 800e249356369312680db7c98ee01135
*** Element info: {Using=xpath, value=//*[text()='Confirmation']}
	at sun.reflect.GeneratedConstructorAccessor17.newInstance(Unknown Source)
	at sun.reflect.DelegatingConstructorAccessorImpl.newInstance(DelegatingConstructorAccessorImpl.java:45)
	at java.lang.reflect.Constructor.newInstance(Constructor.java:423)
	at org.openqa.selenium.remote.http.W3CHttpResponseCodec.createException(W3CHttpResponseCodec.java:150)
	at org.openqa.selenium.remote.http.W3CHttpResponseCodec.decode(W3CHttpResponseCodec.java:115)
	at org.openqa.selenium.remote.http.W3CHttpResponseCodec.decode(W3CHttpResponseCodec.java:45)
	at org.openqa.selenium.remote.HttpCommandExecutor.execute(HttpCommandExecutor.java:164)
	at org.openqa.selenium.remote.service.DriverCommandExecutor.execute(DriverCommandExecutor.java:82)
	at org.openqa.selenium.remote.RemoteWebDriver.execute(RemoteWebDriver.java:637)
	at org.openqa.selenium.remote.RemoteWebDriver.findElement(RemoteWebDriver.java:410)
	at org.openqa.selenium.remote.RemoteWebDriver.findElementByXPath(RemoteWebDriver.java:509)
	at org.openqa.selenium.By$ByXPath.findElement(By.java:361)
	at org.openqa.selenium.remote.RemoteWebDriver.findElement(RemoteWebDriver.java:402)
	at CDMNext.StepDefinations.PieVisual.pie_should_allow_max_series(PieVisual.java:1293)
	at ✽.Then Pie should allow max 20 series(PieVisual.feature:1153)
</pre></pre></td>
                                                    </tr>
                                                    <tr>
                                                        <td>May 18, 2022 05:50:12 PM</td>
                                                        <td class='linked' test-id='107'>Verifying Pie Visual Functionality.TC_Pie_193:Edit pie - Copyright - Verify 'Horizontal align'.Then The copyright image should align to "Left"</td>
                                                        <td><pre><pre>org.openqa.selenium.NoSuchElementException: no such element: Unable to locate element: {"method":"xpath","selector":"//*[@class='movable-modal--window ui-draggable']//*[@class='visual-item-wrapper--credits-container']"}
  (Session info: chrome=101.0.4951.67)
For documentation on this error, please visit: http://seleniumhq.org/exceptions/no_such_element.html
Build info: version: '3.4.0', revision: 'unknown', time: 'unknown'
System info: host: 'IN-BLR-L008', ip: '192.168.56.1', os.name: 'Windows 10', os.arch: 'amd64', os.version: '10.0', java.version: '1.8.0_202'
Driver info: org.openqa.selenium.chrome.ChromeDriver
Capabilities [{networkConnectionEnabled=false, chrome={chromedriverVersion=100.0.4896.20 (f9d71f93d32a6487809d6f35a9670c879fe97dfe-refs/branch-heads/4896@{#203}), userDataDir=C:\Users\nmaduru\AppData\Local\Temp\scoped_dir2968_872913359}, timeouts={implicit=0.0, pageLoad=300000.0, script=30000.0}, pageLoadStrategy=normal, unhandledPromptBehavior=dismiss and notify, strictFileInteractability=false, platform=ANY, proxy=Proxy(), goog:chromeOptions={debuggerAddress=localhost:59249}, webauthn:extension:credBlob=true, acceptInsecureCerts=true, browserVersion=101.0.4951.67, browserName=chrome, javascriptEnabled=true, platformName=windows, setWindowRect=true, webauthn:extension:largeBlob=true, webauthn:virtualAuthenticators=true}]
Session ID: 800e249356369312680db7c98ee01135
*** Element info: {Using=xpath, value=//*[@class='movable-modal--window ui-draggable']//*[@class='visual-item-wrapper--credits-container']}
	at sun.reflect.GeneratedConstructorAccessor17.newInstance(Unknown Source)
	at sun.reflect.DelegatingConstructorAccessorImpl.newInstance(DelegatingConstructorAccessorImpl.java:45)
	at java.lang.reflect.Constructor.newInstance(Constructor.java:423)
	at org.openqa.selenium.remote.http.W3CHttpResponseCodec.createException(W3CHttpResponseCodec.java:150)
	at org.openqa.selenium.remote.http.W3CHttpResponseCodec.decode(W3CHttpResponseCodec.java:115)
	at org.openqa.selenium.remote.http.W3CHttpResponseCodec.decode(W3CHttpResponseCodec.java:45)
	at org.openqa.selenium.remote.HttpCommandExecutor.execute(HttpCommandExecutor.java:164)
	at org.openqa.selenium.remote.service.DriverCommandExecutor.execute(DriverCommandExecutor.java:82)
	at org.openqa.selenium.remote.RemoteWebDriver.execute(RemoteWebDriver.java:637)
	at org.openqa.selenium.remote.RemoteWebDriver.findElement(RemoteWebDriver.java:410)
	at org.openqa.selenium.remote.RemoteWebDriver.findElementByXPath(RemoteWebDriver.java:509)
	at org.openqa.selenium.By$ByXPath.findElement(By.java:361)
	at org.openqa.selenium.remote.RemoteWebDriver.findElement(RemoteWebDriver.java:402)
	at CDMNext.StepDefinations.Histogram.the_copyright_image_should_align_to(Histogram.java:3131)
	at ✽.Then The copyright image should align to "Left"(PieVisual.feature:1527)
</pre></pre></td>
                                                    </tr>
                                                    <tr>
                                                        <td>May 18, 2022 05:55:00 PM</td>
                                                        <td class='linked' test-id='136'>Verifying Pie Visual Functionality.TC_Pie_203:Edit pie - Copyright - Verify horizontal alignment (left, right, center).Then The copyright image should align to "Left"</td>
                                                        <td><pre><pre>org.openqa.selenium.NoSuchElementException: no such element: Unable to locate element: {"method":"xpath","selector":"//*[@class='movable-modal--window ui-draggable']//*[@class='visual-item-wrapper--credits-container']"}
  (Session info: chrome=101.0.4951.67)
For documentation on this error, please visit: http://seleniumhq.org/exceptions/no_such_element.html
Build info: version: '3.4.0', revision: 'unknown', time: 'unknown'
System info: host: 'IN-BLR-L008', ip: '192.168.56.1', os.name: 'Windows 10', os.arch: 'amd64', os.version: '10.0', java.version: '1.8.0_202'
Driver info: org.openqa.selenium.chrome.ChromeDriver
Capabilities [{networkConnectionEnabled=false, chrome={chromedriverVersion=100.0.4896.20 (f9d71f93d32a6487809d6f35a9670c879fe97dfe-refs/branch-heads/4896@{#203}), userDataDir=C:\Users\nmaduru\AppData\Local\Temp\scoped_dir2968_872913359}, timeouts={implicit=0.0, pageLoad=300000.0, script=30000.0}, pageLoadStrategy=normal, unhandledPromptBehavior=dismiss and notify, strictFileInteractability=false, platform=ANY, proxy=Proxy(), goog:chromeOptions={debuggerAddress=localhost:59249}, webauthn:extension:credBlob=true, acceptInsecureCerts=true, browserVersion=101.0.4951.67, browserName=chrome, javascriptEnabled=true, platformName=windows, setWindowRect=true, webauthn:extension:largeBlob=true, webauthn:virtualAuthenticators=true}]
Session ID: 800e249356369312680db7c98ee01135
*** Element info: {Using=xpath, value=//*[@class='movable-modal--window ui-draggable']//*[@class='visual-item-wrapper--credits-container']}
	at sun.reflect.GeneratedConstructorAccessor17.newInstance(Unknown Source)
	at sun.reflect.DelegatingConstructorAccessorImpl.newInstance(DelegatingConstructorAccessorImpl.java:45)
	at java.lang.reflect.Constructor.newInstance(Constructor.java:423)
	at org.openqa.selenium.remote.http.W3CHttpResponseCodec.createException(W3CHttpResponseCodec.java:150)
	at org.openqa.selenium.remote.http.W3CHttpResponseCodec.decode(W3CHttpResponseCodec.java:115)
	at org.openqa.selenium.remote.http.W3CHttpResponseCodec.decode(W3CHttpResponseCodec.java:45)
	at org.openqa.selenium.remote.HttpCommandExecutor.execute(HttpCommandExecutor.java:164)
	at org.openqa.selenium.remote.service.DriverCommandExecutor.execute(DriverCommandExecutor.java:82)
	at org.openqa.selenium.remote.RemoteWebDriver.execute(RemoteWebDriver.java:637)
	at org.openqa.selenium.remote.RemoteWebDriver.findElement(RemoteWebDriver.java:410)
	at org.openqa.selenium.remote.RemoteWebDriver.findElementByXPath(RemoteWebDriver.java:509)
	at org.openqa.selenium.By$ByXPath.findElement(By.java:361)
	at org.openqa.selenium.remote.RemoteWebDriver.findElement(RemoteWebDriver.java:402)
	at CDMNext.StepDefinations.Histogram.the_copyright_image_should_align_to(Histogram.java:3131)
	at ✽.Then The copyright image should align to "Left"(PieVisual.feature:1632)
</pre></pre></td>
                                                    </tr>
                                                    <tr>
                                                        <td>May 18, 2022 06:04:39 PM</td>
                                                        <td class='linked' test-id='198'>Verifying Pie Visual Functionality.TC_Pie_245:Edit pie > legend > advanced settings under dropdown > Title color.And Select color for "Legend"</td>
                                                        <td><pre><pre>org.openqa.selenium.NoSuchElementException: no such element: Unable to locate element: {"method":"xpath","selector":"//*[@class='popover-block-content legend-config']/*[2]//*[@class='sp-preview-inner']"}
  (Session info: chrome=101.0.4951.67)
For documentation on this error, please visit: http://seleniumhq.org/exceptions/no_such_element.html
Build info: version: '3.4.0', revision: 'unknown', time: 'unknown'
System info: host: 'IN-BLR-L008', ip: '192.168.56.1', os.name: 'Windows 10', os.arch: 'amd64', os.version: '10.0', java.version: '1.8.0_202'
Driver info: org.openqa.selenium.chrome.ChromeDriver
Capabilities [{networkConnectionEnabled=false, chrome={chromedriverVersion=100.0.4896.20 (f9d71f93d32a6487809d6f35a9670c879fe97dfe-refs/branch-heads/4896@{#203}), userDataDir=C:\Users\nmaduru\AppData\Local\Temp\scoped_dir2968_872913359}, timeouts={implicit=0.0, pageLoad=300000.0, script=30000.0}, pageLoadStrategy=normal, unhandledPromptBehavior=dismiss and notify, strictFileInteractability=false, platform=ANY, proxy=Proxy(), goog:chromeOptions={debuggerAddress=localhost:59249}, webauthn:extension:credBlob=true, acceptInsecureCerts=true, browserVersion=101.0.4951.67, browserName=chrome, javascriptEnabled=true, platformName=windows, setWindowRect=true, webauthn:extension:largeBlob=true, webauthn:virtualAuthenticators=true}]
Session ID: 800e249356369312680db7c98ee01135
*** Element info: {Using=xpath, value=//*[@class='popover-block-content legend-config']/*[2]//*[@class='sp-preview-inner']}
	at sun.reflect.GeneratedConstructorAccessor17.newInstance(Unknown Source)
	at sun.reflect.DelegatingConstructorAccessorImpl.newInstance(DelegatingConstructorAccessorImpl.java:45)
	at java.lang.reflect.Constructor.newInstance(Constructor.java:423)
	at org.openqa.selenium.remote.http.W3CHttpResponseCodec.createException(W3CHttpResponseCodec.java:150)
	at org.openqa.selenium.remote.http.W3CHttpResponseCodec.decode(W3CHttpResponseCodec.java:115)
	at org.openqa.selenium.remote.http.W3CHttpResponseCodec.decode(W3CHttpResponseCodec.java:45)
	at org.openqa.selenium.remote.HttpCommandExecutor.execute(HttpCommandExecutor.java:164)
	at org.openqa.selenium.remote.service.DriverCommandExecutor.execute(DriverCommandExecutor.java:82)
	at org.openqa.selenium.remote.RemoteWebDriver.execute(RemoteWebDriver.java:637)
	at org.openqa.selenium.remote.RemoteWebDriver.findElement(RemoteWebDriver.java:410)
	at org.openqa.selenium.remote.RemoteWebDriver.findElementByXPath(RemoteWebDriver.java:509)
	at org.openqa.selenium.By$ByXPath.findElement(By.java:361)
	at org.openqa.selenium.remote.RemoteWebDriver.findElement(RemoteWebDriver.java:402)
	at CDMNext.util.CommonFunctionality.getElementByXpath(CommonFunctionality.java:508)
	at CDMNext.StepDefinations.Histogram.select_color_for(Histogram.java:2636)
	at ✽.And Select color for "Legend"(PieVisual.feature:2087)
</pre></pre></td>
                                                    </tr>
                                                    <tr>
                                                        <td>May 18, 2022 06:07:55 PM</td>
                                                        <td class='linked' test-id='218'>Verifying Pie Visual Functionality.TC_Pie_249:Edit pie > legend > advanced settings under dropdown > Border color.And Select any "legend_border_color" for chart visual</td>
                                                        <td><pre><pre>org.openqa.selenium.NoSuchElementException: no such element: Unable to locate element: {"method":"css selector","selector":"*[name='legend_border_color'] + div"}
  (Session info: chrome=101.0.4951.67)
For documentation on this error, please visit: http://seleniumhq.org/exceptions/no_such_element.html
Build info: version: '3.4.0', revision: 'unknown', time: 'unknown'
System info: host: 'IN-BLR-L008', ip: '192.168.56.1', os.name: 'Windows 10', os.arch: 'amd64', os.version: '10.0', java.version: '1.8.0_202'
Driver info: org.openqa.selenium.chrome.ChromeDriver
Capabilities [{networkConnectionEnabled=false, chrome={chromedriverVersion=100.0.4896.20 (f9d71f93d32a6487809d6f35a9670c879fe97dfe-refs/branch-heads/4896@{#203}), userDataDir=C:\Users\nmaduru\AppData\Local\Temp\scoped_dir2968_872913359}, timeouts={implicit=0.0, pageLoad=300000.0, script=30000.0}, pageLoadStrategy=normal, unhandledPromptBehavior=dismiss and notify, strictFileInteractability=false, platform=ANY, proxy=Proxy(), goog:chromeOptions={debuggerAddress=localhost:59249}, webauthn:extension:credBlob=true, acceptInsecureCerts=true, browserVersion=101.0.4951.67, browserName=chrome, javascriptEnabled=true, platformName=windows, setWindowRect=true, webauthn:extension:largeBlob=true, webauthn:virtualAuthenticators=true}]
Session ID: 800e249356369312680db7c98ee01135
*** Element info: {Using=css selector, value=*[name='legend_border_color'] + div}
	at sun.reflect.GeneratedConstructorAccessor17.newInstance(Unknown Source)
	at sun.reflect.DelegatingConstructorAccessorImpl.newInstance(DelegatingConstructorAccessorImpl.java:45)
	at java.lang.reflect.Constructor.newInstance(Constructor.java:423)
	at org.openqa.selenium.remote.http.W3CHttpResponseCodec.createException(W3CHttpResponseCodec.java:150)
	at org.openqa.selenium.remote.http.W3CHttpResponseCodec.decode(W3CHttpResponseCodec.java:115)
	at org.openqa.selenium.remote.http.W3CHttpResponseCodec.decode(W3CHttpResponseCodec.java:45)
	at org.openqa.selenium.remote.HttpCommandExecutor.execute(HttpCommandExecutor.java:164)
	at org.openqa.selenium.remote.service.DriverCommandExecutor.execute(DriverCommandExecutor.java:82)
	at org.openqa.selenium.remote.RemoteWebDriver.execute(RemoteWebDriver.java:637)
	at org.openqa.selenium.remote.RemoteWebDriver.findElement(RemoteWebDriver.java:410)
	at org.openqa.selenium.remote.RemoteWebDriver.findElementByCssSelector(RemoteWebDriver.java:501)
	at org.openqa.selenium.By$ByCssSelector.findElement(By.java:430)
	at org.openqa.selenium.remote.RemoteWebDriver.findElement(RemoteWebDriver.java:402)
	at CDMNext.util.CommonFunctionality.getElementBycssSelector(CommonFunctionality.java:524)
	at CDMNext.StepDefinations.ChartVisual.select_any_for_chart_visual(ChartVisual.java:1591)
	at ✽.And Select any "legend_border_color" for chart visual(PieVisual.feature:2135)
</pre></pre></td>
                                                    </tr>
                                                    <tr>
                                                        <td>May 18, 2022 06:12:57 PM</td>
                                                        <td class='linked' test-id='242'>Verifying Pie Visual Functionality.TC_Pie_265:Edit Pie - Verify title icon on visual.And Mouse hover on visual title for Edit visual popup</td>
                                                        <td><pre><pre>org.openqa.selenium.NoSuchElementException: no such element: Unable to locate element: {"method":"xpath","selector":"//*[@class='movable-modal--window ui-draggable']//*[@data-name='title']"}
  (Session info: chrome=101.0.4951.67)
For documentation on this error, please visit: http://seleniumhq.org/exceptions/no_such_element.html
Build info: version: '3.4.0', revision: 'unknown', time: 'unknown'
System info: host: 'IN-BLR-L008', ip: '192.168.56.1', os.name: 'Windows 10', os.arch: 'amd64', os.version: '10.0', java.version: '1.8.0_202'
Driver info: org.openqa.selenium.chrome.ChromeDriver
Capabilities [{networkConnectionEnabled=false, chrome={chromedriverVersion=100.0.4896.20 (f9d71f93d32a6487809d6f35a9670c879fe97dfe-refs/branch-heads/4896@{#203}), userDataDir=C:\Users\nmaduru\AppData\Local\Temp\scoped_dir2968_872913359}, timeouts={implicit=0.0, pageLoad=300000.0, script=30000.0}, pageLoadStrategy=normal, unhandledPromptBehavior=dismiss and notify, strictFileInteractability=false, platform=ANY, proxy=Proxy(), goog:chromeOptions={debuggerAddress=localhost:59249}, webauthn:extension:credBlob=true, acceptInsecureCerts=true, browserVersion=101.0.4951.67, browserName=chrome, javascriptEnabled=true, platformName=windows, setWindowRect=true, webauthn:extension:largeBlob=true, webauthn:virtualAuthenticators=true}]
Session ID: 800e249356369312680db7c98ee01135
*** Element info: {Using=xpath, value=//*[@class='movable-modal--window ui-draggable']//*[@data-name='title']}
	at sun.reflect.GeneratedConstructorAccessor17.newInstance(Unknown Source)
	at sun.reflect.DelegatingConstructorAccessorImpl.newInstance(DelegatingConstructorAccessorImpl.java:45)
	at java.lang.reflect.Constructor.newInstance(Constructor.java:423)
	at org.openqa.selenium.remote.http.W3CHttpResponseCodec.createException(W3CHttpResponseCodec.java:150)
	at org.openqa.selenium.remote.http.W3CHttpResponseCodec.decode(W3CHttpResponseCodec.java:115)
	at org.openqa.selenium.remote.http.W3CHttpResponseCodec.decode(W3CHttpResponseCodec.java:45)
	at org.openqa.selenium.remote.HttpCommandExecutor.execute(HttpCommandExecutor.java:164)
	at org.openqa.selenium.remote.service.DriverCommandExecutor.execute(DriverCommandExecutor.java:82)
	at org.openqa.selenium.remote.RemoteWebDriver.execute(RemoteWebDriver.java:637)
	at org.openqa.selenium.remote.RemoteWebDriver.findElement(RemoteWebDriver.java:410)
	at org.openqa.selenium.remote.RemoteWebDriver.findElementByXPath(RemoteWebDriver.java:509)
	at org.openqa.selenium.By$ByXPath.findElement(By.java:361)
	at org.openqa.selenium.remote.RemoteWebDriver.findElement(RemoteWebDriver.java:402)
	at CDMNext.StepDefinations.Histogram.mouse_hover_on_visual_title_for_Edit_visual_popup(Histogram.java:1405)
	at ✽.And Mouse hover on visual title for Edit visual popup(PieVisual.feature:2301)
</pre></pre></td>
                                                    </tr>
                                                    <tr>
                                                        <td>May 18, 2022 06:25:27 PM</td>
                                                        <td class='linked' test-id='286'>Verifying Pie Visual Functionality.TC_Pie_295:Edit pie - Edit series - Verify applying currency in series level.And Click on currency dropdown</td>
                                                        <td><pre><pre>org.openqa.selenium.NoSuchElementException: no such element: Unable to locate element: {"method":"xpath","selector":"//*[@class='visual-series-list']/*/*[4]/*[2]//*[contains(@class,'icon--context-menu-arrow')]"}
  (Session info: chrome=101.0.4951.67)
For documentation on this error, please visit: http://seleniumhq.org/exceptions/no_such_element.html
Build info: version: '3.4.0', revision: 'unknown', time: 'unknown'
System info: host: 'IN-BLR-L008', ip: '192.168.56.1', os.name: 'Windows 10', os.arch: 'amd64', os.version: '10.0', java.version: '1.8.0_202'
Driver info: org.openqa.selenium.chrome.ChromeDriver
Capabilities [{networkConnectionEnabled=false, chrome={chromedriverVersion=100.0.4896.20 (f9d71f93d32a6487809d6f35a9670c879fe97dfe-refs/branch-heads/4896@{#203}), userDataDir=C:\Users\nmaduru\AppData\Local\Temp\scoped_dir2968_872913359}, timeouts={implicit=0.0, pageLoad=300000.0, script=30000.0}, pageLoadStrategy=normal, unhandledPromptBehavior=dismiss and notify, strictFileInteractability=false, platform=ANY, proxy=Proxy(), goog:chromeOptions={debuggerAddress=localhost:59249}, webauthn:extension:credBlob=true, acceptInsecureCerts=true, browserVersion=101.0.4951.67, browserName=chrome, javascriptEnabled=true, platformName=windows, setWindowRect=true, webauthn:extension:largeBlob=true, webauthn:virtualAuthenticators=true}]
Session ID: 800e249356369312680db7c98ee01135
*** Element info: {Using=xpath, value=//*[@class='visual-series-list']/*/*[4]/*[2]//*[contains(@class,'icon--context-menu-arrow')]}
	at sun.reflect.GeneratedConstructorAccessor17.newInstance(Unknown Source)
	at sun.reflect.DelegatingConstructorAccessorImpl.newInstance(DelegatingConstructorAccessorImpl.java:45)
	at java.lang.reflect.Constructor.newInstance(Constructor.java:423)
	at org.openqa.selenium.remote.http.W3CHttpResponseCodec.createException(W3CHttpResponseCodec.java:150)
	at org.openqa.selenium.remote.http.W3CHttpResponseCodec.decode(W3CHttpResponseCodec.java:115)
	at org.openqa.selenium.remote.http.W3CHttpResponseCodec.decode(W3CHttpResponseCodec.java:45)
	at org.openqa.selenium.remote.HttpCommandExecutor.execute(HttpCommandExecutor.java:164)
	at org.openqa.selenium.remote.service.DriverCommandExecutor.execute(DriverCommandExecutor.java:82)
	at org.openqa.selenium.remote.RemoteWebDriver.execute(RemoteWebDriver.java:637)
	at org.openqa.selenium.remote.RemoteWebDriver.findElement(RemoteWebDriver.java:410)
	at org.openqa.selenium.remote.RemoteWebDriver.findElementByXPath(RemoteWebDriver.java:509)
	at org.openqa.selenium.By$ByXPath.findElement(By.java:361)
	at org.openqa.selenium.remote.RemoteWebDriver.findElement(RemoteWebDriver.java:402)
	at CDMNext.util.CommonFunctionality.getElementByXpath(CommonFunctionality.java:508)
	at CDMNext.StepDefinations.Histogram.click_on_currency_dropdown(Histogram.java:4025)
	at ✽.And Click on currency dropdown(PieVisual.feature:2540)
</pre></pre></td>
                                                    </tr>
                                                    <tr>
                                                        <td>May 18, 2022 06:27:03 PM</td>
                                                        <td class='linked' test-id='293'>Verifying Pie Visual Functionality.TC_Pie_299:Edit Pie - Edit series - Verify multiple functions apply.And Select multiple functions</td>
                                                        <td><pre><pre>org.openqa.selenium.NoSuchElementException: no such element: Unable to locate element: {"method":"xpath","selector":"//*[@class='visual-series-list']/*/*[6]/*[2]//*[@class='functions-input-container']/*[2]/*[1]"}
  (Session info: chrome=101.0.4951.67)
For documentation on this error, please visit: http://seleniumhq.org/exceptions/no_such_element.html
Build info: version: '3.4.0', revision: 'unknown', time: 'unknown'
System info: host: 'IN-BLR-L008', ip: '192.168.56.1', os.name: 'Windows 10', os.arch: 'amd64', os.version: '10.0', java.version: '1.8.0_202'
Driver info: org.openqa.selenium.chrome.ChromeDriver
Capabilities [{networkConnectionEnabled=false, chrome={chromedriverVersion=100.0.4896.20 (f9d71f93d32a6487809d6f35a9670c879fe97dfe-refs/branch-heads/4896@{#203}), userDataDir=C:\Users\nmaduru\AppData\Local\Temp\scoped_dir2968_872913359}, timeouts={implicit=0.0, pageLoad=300000.0, script=30000.0}, pageLoadStrategy=normal, unhandledPromptBehavior=dismiss and notify, strictFileInteractability=false, platform=ANY, proxy=Proxy(), goog:chromeOptions={debuggerAddress=localhost:59249}, webauthn:extension:credBlob=true, acceptInsecureCerts=true, browserVersion=101.0.4951.67, browserName=chrome, javascriptEnabled=true, platformName=windows, setWindowRect=true, webauthn:extension:largeBlob=true, webauthn:virtualAuthenticators=true}]
Session ID: 800e249356369312680db7c98ee01135
*** Element info: {Using=xpath, value=//*[@class='visual-series-list']/*/*[6]/*[2]//*[@class='functions-input-container']/*[2]/*[1]}
	at sun.reflect.GeneratedConstructorAccessor17.newInstance(Unknown Source)
	at sun.reflect.DelegatingConstructorAccessorImpl.newInstance(DelegatingConstructorAccessorImpl.java:45)
	at java.lang.reflect.Constructor.newInstance(Constructor.java:423)
	at org.openqa.selenium.remote.http.W3CHttpResponseCodec.createException(W3CHttpResponseCodec.java:150)
	at org.openqa.selenium.remote.http.W3CHttpResponseCodec.decode(W3CHttpResponseCodec.java:115)
	at org.openqa.selenium.remote.http.W3CHttpResponseCodec.decode(W3CHttpResponseCodec.java:45)
	at org.openqa.selenium.remote.HttpCommandExecutor.execute(HttpCommandExecutor.java:164)
	at org.openqa.selenium.remote.service.DriverCommandExecutor.execute(DriverCommandExecutor.java:82)
	at org.openqa.selenium.remote.RemoteWebDriver.execute(RemoteWebDriver.java:637)
	at org.openqa.selenium.remote.RemoteWebDriver.findElement(RemoteWebDriver.java:410)
	at org.openqa.selenium.remote.RemoteWebDriver.findElementByXPath(RemoteWebDriver.java:509)
	at org.openqa.selenium.By$ByXPath.findElement(By.java:361)
	at org.openqa.selenium.remote.RemoteWebDriver.findElement(RemoteWebDriver.java:402)
	at CDMNext.util.CommonFunctionality.getElementByXpath(CommonFunctionality.java:508)
	at CDMNext.StepDefinations.Histogram.select_multiple_functions(Histogram.java:4166)
	at ✽.And Select multiple functions(PieVisual.feature:2574)
</pre></pre></td>
                                                    </tr>
                                        </tbody>
                                    </table>
                                </div>
                            </div>
                        </li>
                        <li class='exception displayed active'>
                            <div class='exception-heading'>
                                <span class='exception-name'>org.openqa.selenium.JavascriptException</span>
                                <span class='exception-count right'><span class='label red lighten-1 white-text'>1</span></span>
                            </div>
                            <div class='exception-content hide'>
                                <div class='exception-tests'>
                                    <table class='bordered table-results'>
                                        <thead>
                                        <tr>
                                            <th>Timestamp</th>
                                            <th>TestName</th>
                                            <th>Status</th>
                                        </tr>
                                        </thead>
                                        <tbody>
                                                    <tr>
                                                        <td>May 18, 2022 05:33:49 PM</td>
                                                        <td class='linked' test-id='40'>Verifying Pie Visual Functionality.TC_Pie_127:Edit series - Verify applying currency in series level.And Click on currency dropdown in series level</td>
                                                        <td><pre><pre>org.openqa.selenium.JavascriptException: javascript error: Cannot read properties of null (reading 'scrollIntoView')
  (Session info: chrome=101.0.4951.67)
Build info: version: '3.4.0', revision: 'unknown', time: 'unknown'
System info: host: 'IN-BLR-L008', ip: '192.168.56.1', os.name: 'Windows 10', os.arch: 'amd64', os.version: '10.0', java.version: '1.8.0_202'
Driver info: org.openqa.selenium.chrome.ChromeDriver
Capabilities [{networkConnectionEnabled=false, chrome={chromedriverVersion=100.0.4896.20 (f9d71f93d32a6487809d6f35a9670c879fe97dfe-refs/branch-heads/4896@{#203}), userDataDir=C:\Users\nmaduru\AppData\Local\Temp\scoped_dir2968_872913359}, timeouts={implicit=0.0, pageLoad=300000.0, script=30000.0}, pageLoadStrategy=normal, unhandledPromptBehavior=dismiss and notify, strictFileInteractability=false, platform=ANY, proxy=Proxy(), goog:chromeOptions={debuggerAddress=localhost:59249}, webauthn:extension:credBlob=true, acceptInsecureCerts=true, browserVersion=101.0.4951.67, browserName=chrome, javascriptEnabled=true, platformName=windows, setWindowRect=true, webauthn:extension:largeBlob=true, webauthn:virtualAuthenticators=true}]
Session ID: 800e249356369312680db7c98ee01135
	at sun.reflect.NativeConstructorAccessorImpl.newInstance0(Native Method)
	at sun.reflect.NativeConstructorAccessorImpl.newInstance(NativeConstructorAccessorImpl.java:62)
	at sun.reflect.DelegatingConstructorAccessorImpl.newInstance(DelegatingConstructorAccessorImpl.java:45)
	at java.lang.reflect.Constructor.newInstance(Constructor.java:423)
	at org.openqa.selenium.remote.http.W3CHttpResponseCodec.createException(W3CHttpResponseCodec.java:150)
	at org.openqa.selenium.remote.http.W3CHttpResponseCodec.decode(W3CHttpResponseCodec.java:115)
	at org.openqa.selenium.remote.http.W3CHttpResponseCodec.decode(W3CHttpResponseCodec.java:45)
	at org.openqa.selenium.remote.HttpCommandExecutor.execute(HttpCommandExecutor.java:164)
	at org.openqa.selenium.remote.service.DriverCommandExecutor.execute(DriverCommandExecutor.java:82)
	at org.openqa.selenium.remote.RemoteWebDriver.execute(RemoteWebDriver.java:637)
	at org.openqa.selenium.remote.RemoteWebDriver.executeScript(RemoteWebDriver.java:573)
	at CDMNext.StepDefinations.Histogram.click_on_currency_dropdown_in_series_level(Histogram.java:1189)
	at ✽.And Click on currency dropdown in series level(PieVisual.feature:930)
</pre></pre></td>
                                                    </tr>
                                        </tbody>
                                    </table>
                                </div>
                            </div>
                        </li>
                        <li class='exception displayed active'>
                            <div class='exception-heading'>
                                <span class='exception-name'>java.lang.IndexOutOfBoundsException</span>
                                <span class='exception-count right'><span class='label red lighten-1 white-text'>1</span></span>
                            </div>
                            <div class='exception-content hide'>
                                <div class='exception-tests'>
                                    <table class='bordered table-results'>
                                        <thead>
                                        <tr>
                                            <th>Timestamp</th>
                                            <th>TestName</th>
                                            <th>Status</th>
                                        </tr>
                                        </thead>
                                        <tbody>
                                                    <tr>
                                                        <td>May 18, 2022 05:51:52 PM</td>
                                                        <td class='linked' test-id='119'>Verifying Pie Visual Functionality.TC_Pie_197:Edit pie - Copyright - Verify link for copyright.Then The user should redirect to "https://www.ceicdata.com/en" link</td>
                                                        <td><pre><pre>java.lang.IndexOutOfBoundsException: Index: 1, Size: 1
	at java.util.ArrayList.rangeCheck(ArrayList.java:657)
	at java.util.ArrayList.get(ArrayList.java:433)
	at CDMNext.StepDefinations.Histogram.the_user_should_redirect_to_link(Histogram.java:3322)
	at ✽.Then The user should redirect to "https://www.ceicdata.com/en" link(PieVisual.feature:1567)
</pre></pre></td>
                                                    </tr>
                                        </tbody>
                                    </table>
                                </div>
                            </div>
                        </li>
                        <li class='exception displayed active'>
                            <div class='exception-heading'>
                                <span class='exception-name'>java.lang.NullPointerException</span>
                                <span class='exception-count right'><span class='label red lighten-1 white-text'>1</span></span>
                            </div>
                            <div class='exception-content hide'>
                                <div class='exception-tests'>
                                    <table class='bordered table-results'>
                                        <thead>
                                        <tr>
                                            <th>Timestamp</th>
                                            <th>TestName</th>
                                            <th>Status</th>
                                        </tr>
                                        </thead>
                                        <tbody>
                                                    <tr>
                                                        <td>May 18, 2022 06:00:07 PM</td>
                                                        <td class='linked' test-id='170'>Verifying Pie Visual Functionality.TC_Pie_222:Edit pie > tooltip dropdown > advanced settings > items > Verify text color in tooltip.Then "tooltip text" should be displayed in selected color</td>
                                                        <td><pre><textarea>java.lang.NullPointerException
	at java.util.regex.Matcher.getTextLength(Matcher.java:1283)
	at java.util.regex.Matcher.reset(Matcher.java:309)
	at java.util.regex.Matcher.<init>(Matcher.java:229)
	at java.util.regex.Pattern.matcher(Pattern.java:1093)
	at org.openqa.selenium.support.Color$Converter.getColor(Color.java:127)
	at org.openqa.selenium.support.Color.fromString(Color.java:47)
	at CDMNext.StepDefinations.Commentary.ColorValidation(Commentary.java:2184)
	at CDMNext.StepDefinations.PieVisual.should_be_displayed_in_selected_color(PieVisual.java:1757)
	at ✽.Then "tooltip text" should be displayed in selected color(PieVisual.feature:1827)
</textarea></pre></td>
                                                    </tr>
                                        </tbody>
                                    </table>
                                </div>
                            </div>
                        </li>
                        <li class='exception displayed active'>
                            <div class='exception-heading'>
                                <span class='exception-name'>java.lang.AssertionError</span>
                                <span class='exception-count right'><span class='label red lighten-1 white-text'>6</span></span>
                            </div>
                            <div class='exception-content hide'>
                                <div class='exception-tests'>
                                    <table class='bordered table-results'>
                                        <thead>
                                        <tr>
                                            <th>Timestamp</th>
                                            <th>TestName</th>
                                            <th>Status</th>
                                        </tr>
                                        </thead>
                                        <tbody>
                                                    <tr>
                                                        <td>May 18, 2022 06:01:53 PM</td>
                                                        <td class='linked' test-id='180'>Verifying Pie Visual Functionality.TC_Pie_240:Edit pie > legend > advanced settings under dropdown > items color.Then The Selected "Color" should reflect in the pie visual legand</td>
                                                        <td><pre><pre>java.lang.AssertionError: expected [#2b60d0] but found [#000000]
	at org.testng.Assert.fail(Assert.java:94)
	at org.testng.Assert.failNotEquals(Assert.java:496)
	at org.testng.Assert.assertEquals(Assert.java:125)
	at org.testng.Assert.assertEquals(Assert.java:178)
	at org.testng.Assert.assertEquals(Assert.java:188)
	at CDMNext.StepDefinations.PieVisual.the_Selected_should_reflect_in_the_pie_visual_legand(PieVisual.java:2041)
	at ✽.Then The Selected "Color" should reflect in the pie visual legand(PieVisual.feature:2021)
</pre></pre></td>
                                                    </tr>
                                                    <tr>
                                                        <td>May 18, 2022 06:06:20 PM</td>
                                                        <td class='linked' test-id='210'>Verifying Pie Visual Functionality.TC_Pie_248:Edit pie > legend > advanced settings under dropdown > Background color.Then The Selected "Background color" should reflect in the chart visual legand</td>
                                                        <td><pre><pre>java.lang.AssertionError: expected [#2b60d0] but found [#ffffff]
	at org.testng.Assert.fail(Assert.java:94)
	at org.testng.Assert.failNotEquals(Assert.java:496)
	at org.testng.Assert.assertEquals(Assert.java:125)
	at org.testng.Assert.assertEquals(Assert.java:178)
	at org.testng.Assert.assertEquals(Assert.java:188)
	at CDMNext.StepDefinations.ChartVisual.the_Selected_should_reflect_in_the_chart_visual_legand(ChartVisual.java:5464)
	at ✽.Then The Selected "Background color" should reflect in the chart visual legand(PieVisual.feature:2125)
</pre></pre></td>
                                                    </tr>
                                                    <tr>
                                                        <td>May 18, 2022 06:09:41 PM</td>
                                                        <td class='linked' test-id='229'>Verifying Pie Visual Functionality.TC_Pie_256:Edit pie > Data labels > advanced settings > labels > color.Then Selected color should be applied for visuals</td>
                                                        <td><pre><pre>java.lang.AssertionError: expected [#ffffff] but found [#2b60d0]
	at org.testng.Assert.fail(Assert.java:94)
	at org.testng.Assert.failNotEquals(Assert.java:496)
	at org.testng.Assert.assertEquals(Assert.java:125)
	at org.testng.Assert.assertEquals(Assert.java:178)
	at org.testng.Assert.assertEquals(Assert.java:188)
	at CDMNext.StepDefinations.PieVisual.selected_color_should_be_applied_for_visuals(PieVisual.java:2150)
	at ✽.Then Selected color should be applied for visuals(PieVisual.feature:2206)
</pre></pre></td>
                                                    </tr>
                                                    <tr>
                                                        <td>May 18, 2022 06:11:36 PM</td>
                                                        <td class='linked' test-id='239'>Verifying Pie Visual Functionality.TC_Pie_257:Edit pie > Data labels > advanced settings > labels > highlight.Then Selected highlight color for labels should be shown</td>
                                                        <td><pre><pre>java.lang.AssertionError: expected [#141414] but found [#fda546]
	at org.testng.Assert.fail(Assert.java:94)
	at org.testng.Assert.failNotEquals(Assert.java:496)
	at org.testng.Assert.assertEquals(Assert.java:125)
	at org.testng.Assert.assertEquals(Assert.java:178)
	at org.testng.Assert.assertEquals(Assert.java:188)
	at CDMNext.StepDefinations.PieVisual.selected_highlight_color_for_labels_should_be_shown(PieVisual.java:2161)
	at ✽.Then Selected highlight color for labels should be shown(PieVisual.feature:2218)
</pre></pre></td>
                                                    </tr>
                                                    <tr>
                                                        <td>May 18, 2022 06:21:32 PM</td>
                                                        <td class='linked' test-id='268'>Verifying Pie Visual Functionality.TC_Pie_282:Edit pie - Edit series - Verify Color option under edit series.Then Selected color should be applied to the series</td>
                                                        <td><pre><pre>java.lang.AssertionError: expected [#000000] but found [#fda546]
	at org.testng.Assert.fail(Assert.java:94)
	at org.testng.Assert.failNotEquals(Assert.java:496)
	at org.testng.Assert.assertEquals(Assert.java:125)
	at org.testng.Assert.assertEquals(Assert.java:178)
	at org.testng.Assert.assertEquals(Assert.java:188)
	at CDMNext.StepDefinations.Commentary.ColorValidation(Commentary.java:2186)
	at CDMNext.StepDefinations.PieVisual.selected_color_should_be_applied_to_the_series(PieVisual.java:1061)
	at ✽.Then Selected color should be applied to the series(PieVisual.feature:2436)
</pre></pre></td>
                                                    </tr>
                                                    <tr>
                                                        <td>May 18, 2022 06:35:39 PM</td>
                                                        <td class='linked' test-id='321'>Verifying Pie Visual Functionality.TC_Pie_363:Verify adding series from 'Series suggestion manager' popup.Then The related series should be added to the visual</td>
                                                        <td><pre><pre>java.lang.AssertionError: The relatedd series not displayed in the visual
	at org.testng.Assert.fail(Assert.java:94)
	at CDMNext.StepDefinations.PieVisual.the_related_series_should_be_added_to_the_visual(PieVisual.java:1847)
	at ✽.Then The related series should be added to the visual(PieVisual.feature:3057)
</pre></pre></td>
                                                    </tr>
                                        </tbody>
                                    </table>
                                </div>
                            </div>
                        </li>
                </ul>
        </div>
    </div>

    <div class='subview-right left'>
        <div class='view-summary'>
            <h5 class='exception-name'></h5>
        </div>
    </div>
</div>
<!-- exception view -->
<div id='dashboard-view' class='view hide'>
	<div class='card-panel transparent np-v'>
		<h5>Dashboard</h5>

		<div class='row'>
			<div class='col s2'>
				<div class='card-panel r'>
					Features
					<div class='panel-lead'>1</div>
				</div>
			</div>
			<div class='col s2'>
				<div class='card-panel r'>
					Scenarios
					<div class='panel-lead'>45</div>
				</div>
			</div>
			<div class='col s2'>
				<div class='card-panel r'>
					Steps
					<div class='panel-lead'>282</div>
				</div>
			</div>
			<div class='col s2'>
				<div class='card-panel r'>
					Start
					<div class='panel-lead'>May 18, 2022 05:21:29 PM</div>
				</div>
			</div>
			<div class='col s2'>
				<div class='card-panel r'>
			 		End
			 		<div class='panel-lead'>May 18, 2022 06:38:22 PM</div>
				</div>
			</div>
			<div class='col s2'>
				<div class='card-panel r'>
					Time Taken
					<div class='panel-lead'>1h 16m 52s+918ms</div>
				</div>
			</div>
			<div class='col s6'>
				<div class='card-panel dashboard-categories'>
					<span class='right label cyan white-text'>Categories</span><p>&nbsp;</p>
					
					<table>
						<tr>
							<th>Name</th>
							<th>Passed</th>
							<th>Failed</th>
							<th>Others</th>
							<th>Passed %</th>
						</tr>
						<tr>
							<td>@PieVisual1</td>
							<td>23</td>
							<td>22</td>
							<td>0</td>
							<td>
									51.111%
							</td>
						</tr>
					</table>
				</div>
			</div>
		</div>
	</div>
</div>
<!-- dashboard view -->
<!-- testrunner-logs view -->
		</div>
		<!-- container -->

		<script>
			var statusGroup = {
				passParent: 0,
				failParent: 1,
				fatalParent: 0,
				errorParent: 0,
				warningParent: 0,
				skipParent: 0,
				exceptionsParent: 1,
				
				passChild: 23,
				failChild: 22,
				fatalChild: 0,
				errorChild: 0,
				warningChild: 0,
				skipChild: 0,
				infoChild: 0,
				exceptionsChild: 22,
				
				passGrandChild: 231,
				failGrandChild: 22,
				fatalGrandChild: 0,
				errorGrandChild: 0,
				warningGrandChild: 0,
				skipGrandChild: 29,
				infoGrandChild: 0,
				exceptionsGrandChild: 51,
			};
		</script>
		
			<script src='https://cdn.rawgit.com/anshooarora/extentreports-java/fca20fb7653aade98810546ab96a2a4360e3e712/dist/js/extent.js' type='text/javascript'></script>
		
		
 		<script type='text/javascript'>
 		</script>
	</body>
	
</html>
