
<!DOCTYPE html>
<html>


<head>
	<meta charset='utf-8' /> 
	<meta name='description' content='' />
	<meta name='robots' content='noodp, noydir' />
	<meta name='viewport' content='width=device-width, initial-scale=1' />
	<meta id="timeStampFormat" name="timeStampFormat" content='MMM d, yyyy hh:mm:ss a'/>
	
	<link href='https://fonts.googleapis.com/css?family=Source+Sans+Pro:400,600' rel='stylesheet' type='text/css' />
	<link href="https://fonts.googleapis.com/icon?family=Material+Icons" rel="stylesheet" />

		<link href='https://cdn.rawgit.com/anshooarora/extentreports-java/b4a58fcfd1e137bd9287244035a7c80d3d73b3af/dist/css/extent.css' type='text/css' rel='stylesheet' />
	
	<title>ExtentReports</title>

	<style type='text/css'>
	</style>
</head>

	<body class='extent standard default hide-overflow bdd-report'>
		<div id='theme-selector' alt='Click to toggle theme. To enable by default, use theme configuration.' title='Click to toggle theme. To enable by default, use theme configuration.'>
			<span><i class='material-icons'>desktop_windows</i></span>
		</div>

<nav>
	<div class="nav-wrapper">
		<a href="#!" class="brand-logo blue darken-3">Extent</a>

		<!-- slideout menu -->
		<ul id='slide-out' class='side-nav fixed hide-on-med-and-down'>
			<li class='waves-effect active'><a href='#!' view='test-view' onclick="configureView(0);chartsView('test');"><i class='material-icons'>dashboard</i></a></li>
						<li class='waves-effect'><a href='#!' view='category-view' onclick="configureView(1)"><i class='material-icons'>label_outline</i></a></li>
			<li class='waves-effect'><a href='#!' view='exception-view' onclick="configureView(2)"><i class='material-icons'>bug_report</i></a></li>
			<li class='waves-effect'><a href='#!' onclick="configureView(-1);chartsView('dashboard');" view='dashboard-view'><i class='material-icons'>track_changes</i></i></a></li>
		</ul>

		<!-- report name -->
		<span class='report-name'>ExtentReports</span>
		
		<!-- report headline -->
		<span class='report-headline'></span>

		<!-- nav-right -->
		<ul id='nav-mobile' class='right hide-on-med-and-down nav-right'>
			<li>
                <a href='#!'>
                    <span class='label suite-start-time blue darken-3'>May 31, 2022 05:49:44 PM</span>
				</a>
			</li>
			<li>
                <a href='#!'>
                    <span class='label blue darken-3'>3.1.5</span>
				</a>
			</li>
		</ul>
	</div>
</nav>

		<!-- container -->
		<div class='container'>

<div id='test-view' class='view'>
				
	<section id='controls'>
		<div class='controls grey lighten-4'>
			<!-- test toggle -->
			<div class='chip transparent'>
				<a class='dropdown-button tests-toggle' data-activates='tests-toggle' data-constrainwidth='true' data-beloworigin='true' data-hover='true' href='#'>
					<i class='material-icons'>warning</i> Status
				</a>
				<ul id='tests-toggle' class='dropdown-content'>
											<li status='pass'><a href='#!'>Pass <i class='material-icons green-text'>check_circle</i></a></li>
						<li status='fail'><a href='#!'>Fail <i class='material-icons red-text'>cancel</i></a></li>
						<li status='skip'><a href='#!'>Skip <i class='material-icons cyan-text'>redo</i></a></li>
					<li class='divider'></li>
					<li status='clear' clear='true'><a href='#!'>Clear Filters <i class='material-icons'>clear</i></a></li>
				</ul>
			</div>
			<!-- test toggle -->

			<!-- category toggle -->
			<div class='chip transparent'>
				<a class='dropdown-button category-toggle' data-activates='category-toggle' data-constrainwidth='false' data-beloworigin='true' data-hover='true' href='#'>
					<i class='material-icons'>local_offer</i> Category
				</a>
				<ul id='category-toggle' class='dropdown-content'>
					<li><a href='#'>@Map1</a></li>
					<li class='divider'></li>
					<li class='clear'><a href='#!' clear='true'>Clear Filters</a></li>
				</ul>
			</div>
			<!-- category toggle -->

			<!-- clear filters -->
			<div class='chip transparent hide'>
				<a class='' id='clear-filters' alt='Clear Filters' title='Clear Filters'>
					<i class='material-icons'>close</i> Clear
				</a>
			</div>
			<!-- clear filters -->

			<!-- enable dashboard -->
			<div id='toggle-test-view-charts' class='chip transparent'>
				<a class='pink-text' id='enable-dashboard' alt='Enable Dashboard' title='Enable Dashboard'>
					<i class='material-icons'>track_changes</i> Dashboard
				</a>
			</div>
			<!-- enable dashboard -->

			<!-- search -->
			<div class='chip transparent' alt='Search Tests' title='Search Tests'>
				<a href="#" class='search-div'>
					<i class='material-icons'>search</i> Search
				</a>

				<div class='input-field left hide'>
					<input id='search-tests' type='text' class='validate browser-default' placeholder='Search Tests...'>
				</div>
				
			</div>
			<!-- search -->
		</div>
	</section>


<div id='test-view-charts' class='subview-full'>
	<div id='charts-row' class='row nm-v nm-h'>
		<div class='col s12 m4 l4 np-h'>
			<div class='card-panel nm-v'>
				<div class='left panel-name'>Features</div>
				<div class='chart-box'>
					<canvas id='parent-analysis' width='100' height='80'></canvas>
				</div>
				<div class='block text-small'>
					<span class='tooltipped' data-position='top' data-tooltip='0%'><span class='strong'>0</span> feature(s) passed</span>
				</div>
				<div class='block text-small'>
					<span class='strong tooltipped' data-position='top' data-tooltip='100%'>1</span> feature(s) failed, <span class='strong tooltipped' data-position='top' data-tooltip='0%'>0</span> others
				</div>
			</div>
		</div>
		
		<div class='col s12 m4 l4 np-h'>
			<div class='card-panel nm-v'>
				<div class='left panel-name'>Scenarios</div>
				<div class='chart-box'>
					<canvas id='child-analysis' width='100' height='80'></canvas>
				</div>
				<div class='block text-small'>
					<span class='tooltipped' data-position='top' data-tooltip='64.286%'><span class='strong'>27</span> scenario(s) passed</span>
				</div>
				<div class='block text-small'>
					<span class='strong tooltipped' data-position='top' data-tooltip='35.714%'>15</span> scenario(s) failed, <span class='strong tooltipped' data-position='top' data-tooltip='0%'>0</span> others
				</div>
			</div>
		</div>
		
		<div class='col s12 m4 l4 np-h'>
			<div class='card-panel nm-v'>
				<div class='left panel-name'>Steps</div>
				<div class='chart-box'>
					<canvas id='grandchild-analysis' width='100' height='80'></canvas>
				</div>
				<div class='block text-small'>
					<span class='tooltipped' data-position='top' data-tooltip='84.348%'><span class='strong'>194</span> step(s) passed</span>
				</div>
				<div class='block text-small'>
					<span class='strong tooltipped' data-position='top' data-tooltip='6.522%'>15</span> step(s) failed, <span class='strong tooltipped' data-position='top' data-tooltip='9.13%'>21</span> others
				</div>
			</div>
		</div>
	</div>
</div>

	<div class='subview-left left'>
		
		<div class='view-summary'>
			<h5>Features</h5>
			<ul id='test-collection' class='test-collection'>
				
				
				<li class='test displayed active has-leaf fail' status='fail' bdd='true' test-id='1'>
					<div class='test-heading'>
						<span class='test-name'>Verifying map visual functionality</span>
						<span class='test-time'>May 31, 2022 05:49:44 PM</span>
						<span class='test-status right fail'>fail</span>
					</div>
					<div class='test-content hide'>
<div class='scenario node' test-id='2' status='pass'>
	<div class='category-list'>
		<span class='category label white-text'>@Map1</span>
	</div>
	<span class='duration right label'>0h 1m 39s+115ms</span>
	<div class='desc'>
		<b>Scenario</b>
		<span class="desc-text">TC_Map_08:Verify Series harmonization when visual is created with different frequencies</span>
	</div>
	<ul class='steps'>
		<li test-id='3' class='node and pass' status='pass'>
			
			<b>And</b>
			
			<span class="bdd-step-name">And Select different frequency series "3671601;403770597" and click on "Map" icon</span>
				<div class='pre'>passed</div>
			
		</li>
		<li test-id='4' class='node then pass' status='pass'>
			
			<b>Then</b>
			
			<span class="bdd-step-name">Then "Series Harmonization" popup should be opened</span>
				<div class='pre'>passed</div>
			
		</li>
	</ul>
</div>
<div class='scenario node' test-id='5' status='pass'>
	<div class='category-list'>
		<span class='category label white-text'>@Map1</span>
	</div>
	<span class='duration right label'>0h 1m 25s+676ms</span>
	<div class='desc'>
		<b>Scenario</b>
		<span class="desc-text">TC_Map_13: Series harmonization - Verify Missing value method Dropdown = Specific value</span>
	</div>
	<ul class='steps'>
		<li test-id='6' class='node and pass' status='pass'>
			
			<b>And</b>
			
			<span class="bdd-step-name">And Select different frequency series "226311002;16190501" and click on "Map" icon</span>
				<div class='pre'>passed</div>
			
		</li>
		<li test-id='7' class='node and pass' status='pass'>
			
			<b>And</b>
			
			<span class="bdd-step-name">And Select "Specific value" from Missing value method dropdown</span>
				<div class='pre'>passed</div>
			
		</li>
		<li test-id='8' class='node then pass' status='pass'>
			
			<b>Then</b>
			
			<span class="bdd-step-name">Then By default 1 value will be seen</span>
				<div class='pre'>passed</div>
			
		</li>
	</ul>
</div>
<div class='scenario node' test-id='9' status='pass'>
	<div class='category-list'>
		<span class='category label white-text'>@Map1</span>
	</div>
	<span class='duration right label'>0h 1m 46s+172ms</span>
	<div class='desc'>
		<b>Scenario</b>
		<span class="desc-text">TC_Map_14: Series harmonization - Verify "keep different Frequencies"</span>
	</div>
	<ul class='steps'>
		<li test-id='10' class='node and pass' status='pass'>
			
			<b>And</b>
			
			<span class="bdd-step-name">And Select different frequency series "226311002;16190501" and click on "Map" icon</span>
				<div class='pre'>passed</div>
			
		</li>
		<li test-id='11' class='node and pass' status='pass'>
			
			<b>And</b>
			
			<span class="bdd-step-name">And Select "Keep different frequencies"</span>
				<div class='pre'>passed</div>
			
		</li>
		<li test-id='12' class='node then pass' status='pass'>
			
			<b>Then</b>
			
			<span class="bdd-step-name">Then Visual should be created with "Edit Map"</span>
				<div class='pre'>passed</div>
			
		</li>
	</ul>
</div>
<div class='scenario node' test-id='13' status='pass'>
	<div class='category-list'>
		<span class='category label white-text'>@Map1</span>
	</div>
	<span class='duration right label'>0h 1m 27s+932ms</span>
	<div class='desc'>
		<b>Scenario</b>
		<span class="desc-text">TC_Map_15: Series harmonization - Verify Apply button</span>
	</div>
	<ul class='steps'>
		<li test-id='14' class='node and pass' status='pass'>
			
			<b>And</b>
			
			<span class="bdd-step-name">And Select different frequency series "226311002;16190501" and click on "Map" icon</span>
				<div class='pre'>passed</div>
			
		</li>
		<li test-id='15' class='node and pass' status='pass'>
			
			<b>And</b>
			
			<span class="bdd-step-name">And Select frequency as "Daily"</span>
				<div class='pre'>passed</div>
			
		</li>
		<li test-id='16' class='node then pass' status='pass'>
			
			<b>Then</b>
			
			<span class="bdd-step-name">Then Map visual should be created with "Daily" frequencies</span>
				<div class='pre'>passed</div>
			
		</li>
	</ul>
</div>
<div class='scenario node' test-id='17' status='pass'>
	<div class='category-list'>
		<span class='category label white-text'>@Map1</span>
	</div>
	<span class='duration right label'>0h 1m 28s+958ms</span>
	<div class='desc'>
		<b>Scenario</b>
		<span class="desc-text">TC_Map_16: Series harmonization - Verify Minimize button</span>
	</div>
	<ul class='steps'>
		<li test-id='18' class='node and pass' status='pass'>
			
			<b>And</b>
			
			<span class="bdd-step-name">And Select different frequency series "226311002;16190501" and click on "Map" icon</span>
				<div class='pre'>passed</div>
			
		</li>
		<li test-id='19' class='node and pass' status='pass'>
			
			<b>And</b>
			
			<span class="bdd-step-name">And Click on minus icon</span>
				<div class='pre'>passed</div>
			
		</li>
		<li test-id='20' class='node then pass' status='pass'>
			
			<b>Then</b>
			
			<span class="bdd-step-name">Then The Window should be minimized</span>
				<div class='pre'>passed</div>
			
		</li>
	</ul>
</div>
<div class='scenario node' test-id='21' status='pass'>
	<div class='category-list'>
		<span class='category label white-text'>@Map1</span>
	</div>
	<span class='duration right label'>0h 1m 32s+803ms</span>
	<div class='desc'>
		<b>Scenario</b>
		<span class="desc-text">TC_Map_17: Series harmonization - Verify Full -screen button</span>
	</div>
	<ul class='steps'>
		<li test-id='22' class='node and pass' status='pass'>
			
			<b>And</b>
			
			<span class="bdd-step-name">And Select different frequency series "226311002;16190501" and click on "Map" icon</span>
				<div class='pre'>passed</div>
			
		</li>
		<li test-id='23' class='node then pass' status='pass'>
			
			<b>Then</b>
			
			<span class="bdd-step-name">Then Verify viewing "Full-screen" of frequency conversion popup</span>
				<div class='pre'>passed</div>
			
		</li>
	</ul>
</div>
<div class='scenario node' test-id='24' status='pass'>
	<div class='category-list'>
		<span class='category label white-text'>@Map1</span>
	</div>
	<span class='duration right label'>0h 1m 42s+83ms</span>
	<div class='desc'>
		<b>Scenario</b>
		<span class="desc-text">TC_Map_18: Series harmonization - Verify Close button</span>
	</div>
	<ul class='steps'>
		<li test-id='25' class='node and pass' status='pass'>
			
			<b>And</b>
			
			<span class="bdd-step-name">And Select different frequency series "226311002;16190501" and click on "Map" icon</span>
				<div class='pre'>passed</div>
			
		</li>
		<li test-id='26' class='node then pass' status='pass'>
			
			<b>Then</b>
			
			<span class="bdd-step-name">Then Verify viewing "Closing" of frequency conversion popup</span>
				<div class='pre'>passed</div>
			
		</li>
	</ul>
</div>
<div class='scenario node' test-id='27' status='pass'>
	<div class='category-list'>
		<span class='category label white-text'>@Map1</span>
	</div>
	<span class='duration right label'>0h 1m 13s+319ms</span>
	<div class='desc'>
		<b>Scenario</b>
		<span class="desc-text">TC_Map_19: Empty visual - Verify 'Edit Map' button</span>
	</div>
	<ul class='steps'>
		<li test-id='28' class='node and pass' status='pass'>
			
			<b>And</b>
			
			<span class="bdd-step-name">And Create a Map visual without selecting series</span>
				<div class='pre'>passed</div>
			
		</li>
		<li test-id='29' class='node then pass' status='pass'>
			
			<b>Then</b>
			
			<span class="bdd-step-name">Then The "Edit Map" button should be disabled</span>
				<div class='pre'>passed</div>
			
		</li>
	</ul>
</div>
<div class='scenario node' test-id='30' status='pass'>
	<div class='category-list'>
		<span class='category label white-text'>@Map1</span>
	</div>
	<span class='duration right label'>0h 1m 47s+288ms</span>
	<div class='desc'>
		<b>Scenario</b>
		<span class="desc-text">TC_Map_41: Rename - Verify 'Replace All' button</span>
	</div>
	<ul class='steps'>
		<li test-id='31' class='node and pass' status='pass'>
			
			<b>And</b>
			
			<span class="bdd-step-name">And Create a map visual with series id's "408940397;408929327"</span>
				<div class='pre'>passed</div>
			
		</li>
		<li test-id='32' class='node and pass' status='pass'>
			
			<b>And</b>
			
			<span class="bdd-step-name">And Click on Edit series option</span>
				<div class='pre'>passed</div>
			
		</li>
		<li test-id='33' class='node and pass' status='pass'>
			
			<b>And</b>
			
			<span class="bdd-step-name">And Click on "Rename" option</span>
				<div class='pre'>passed</div>
			
		</li>
		<li test-id='34' class='node and pass' status='pass'>
			
			<b>And</b>
			
			<span class="bdd-step-name">And Enter the keyword you want to rename</span>
				<div class='pre'>passed</div>
			
		</li>
		<li test-id='35' class='node and pass' status='pass'>
			
			<b>And</b>
			
			<span class="bdd-step-name">And Enter the keyword you want to replace with</span>
				<div class='pre'>passed</div>
			
		</li>
		<li test-id='36' class='node and pass' status='pass'>
			
			<b>And</b>
			
			<span class="bdd-step-name">And Click on "Replace All"</span>
				<div class='pre'>passed</div>
			
		</li>
		<li test-id='37' class='node then pass' status='pass'>
			
			<b>Then</b>
			
			<span class="bdd-step-name">Then All the available series should be replaced with the keyword</span>
				<div class='pre'>passed</div>
			
		</li>
	</ul>
</div>
<div class='scenario node' test-id='38' status='pass'>
	<div class='category-list'>
		<span class='category label white-text'>@Map1</span>
	</div>
	<span class='duration right label'>0h 1m 58s+483ms</span>
	<div class='desc'>
		<b>Scenario</b>
		<span class="desc-text">TC_Map_46: Rename - Verify 'Function description' selection</span>
	</div>
	<ul class='steps'>
		<li test-id='39' class='node and pass' status='pass'>
			
			<b>And</b>
			
			<span class="bdd-step-name">And Add series to the my series tab</span>
				<div class='pre'>passed</div>
			
		</li>
		<li test-id='40' class='node and pass' status='pass'>
			
			<b>And</b>
			
			<span class="bdd-step-name">And Apply function for a series</span>
				<div class='pre'>passed</div>
			
		</li>
		<li test-id='41' class='node and pass' status='pass'>
			
			<b>And</b>
			
			<span class="bdd-step-name">And Right click on series</span>
				<div class='pre'>passed</div>
			
		</li>
		<li test-id='42' class='node and pass' status='pass'>
			
			<b>And</b>
			
			<span class="bdd-step-name">And Select "View as Map" visual</span>
				<div class='pre'>passed</div>
			
		</li>
		<li test-id='43' class='node and pass' status='pass'>
			
			<b>And</b>
			
			<span class="bdd-step-name">And Click on Edit series option</span>
				<div class='pre'>passed</div>
			
		</li>
		<li test-id='44' class='node and pass' status='pass'>
			
			<b>And</b>
			
			<span class="bdd-step-name">And Click on "Rename" option</span>
				<div class='pre'>passed</div>
			
		</li>
		<li test-id='45' class='node and pass' status='pass'>
			
			<b>And</b>
			
			<span class="bdd-step-name">And Click on Edit series info dropdown</span>
				<div class='pre'>passed</div>
			
		</li>
		<li test-id='46' class='node and pass' status='pass'>
			
			<b>And</b>
			
			<span class="bdd-step-name">And Select "Function description"</span>
				<div class='pre'>passed</div>
			
		</li>
		<li test-id='47' class='node then pass' status='pass'>
			
			<b>Then</b>
			
			<span class="bdd-step-name">Then The series should be displayed by function description</span>
				<div class='pre'>passed</div>
			
		</li>
	</ul>
</div>
<div class='scenario node' test-id='48' status='pass'>
	<div class='category-list'>
		<span class='category label white-text'>@Map1</span>
	</div>
	<span class='duration right label'>0h 2m 12s+901ms</span>
	<div class='desc'>
		<b>Scenario</b>
		<span class="desc-text">TC_Map_48:Rename - Verify editing function description</span>
	</div>
	<ul class='steps'>
		<li test-id='49' class='node and pass' status='pass'>
			
			<b>And</b>
			
			<span class="bdd-step-name">And Add series to the my series tab</span>
				<div class='pre'>passed</div>
			
		</li>
		<li test-id='50' class='node and pass' status='pass'>
			
			<b>And</b>
			
			<span class="bdd-step-name">And Apply function for a series</span>
				<div class='pre'>passed</div>
			
		</li>
		<li test-id='51' class='node and pass' status='pass'>
			
			<b>And</b>
			
			<span class="bdd-step-name">And Right click on series</span>
				<div class='pre'>passed</div>
			
		</li>
		<li test-id='52' class='node and pass' status='pass'>
			
			<b>And</b>
			
			<span class="bdd-step-name">And Select "View as Map" visual</span>
				<div class='pre'>passed</div>
			
		</li>
		<li test-id='53' class='node and pass' status='pass'>
			
			<b>And</b>
			
			<span class="bdd-step-name">And Click on Edit series option</span>
				<div class='pre'>passed</div>
			
		</li>
		<li test-id='54' class='node and pass' status='pass'>
			
			<b>And</b>
			
			<span class="bdd-step-name">And Click on "Rename" option</span>
				<div class='pre'>passed</div>
			
		</li>
		<li test-id='55' class='node and pass' status='pass'>
			
			<b>And</b>
			
			<span class="bdd-step-name">And Click on Edit series info dropdown</span>
				<div class='pre'>passed</div>
			
		</li>
		<li test-id='56' class='node and pass' status='pass'>
			
			<b>And</b>
			
			<span class="bdd-step-name">And Select "Function description"</span>
				<div class='pre'>passed</div>
			
		</li>
		<li test-id='57' class='node and pass' status='pass'>
			
			<b>And</b>
			
			<span class="bdd-step-name">And Edit function description</span>
				<div class='pre'>passed</div>
			
		</li>
		<li test-id='58' class='node and pass' status='pass'>
			
			<b>And</b>
			
			<span class="bdd-step-name">And Click on "Apply"</span>
				<div class='pre'>passed</div>
			
		</li>
		<li test-id='59' class='node then pass' status='pass'>
			
			<b>Then</b>
			
			<span class="bdd-step-name">Then Should allowed to edit function discription and should be updated in edit series panel</span>
				<div class='pre'>passed</div>
			
		</li>
	</ul>
</div>
<div class='scenario node' test-id='60' status='pass'>
	<div class='category-list'>
		<span class='category label white-text'>@Map1</span>
	</div>
	<span class='duration right label'>0h 2m 12s+391ms</span>
	<div class='desc'>
		<b>Scenario</b>
		<span class="desc-text">TC_Map_49:Rename - Verify adding function description</span>
	</div>
	<ul class='steps'>
		<li test-id='61' class='node and pass' status='pass'>
			
			<b>And</b>
			
			<span class="bdd-step-name">And Add series to the my series tab</span>
				<div class='pre'>passed</div>
			
		</li>
		<li test-id='62' class='node and pass' status='pass'>
			
			<b>And</b>
			
			<span class="bdd-step-name">And Apply function for a series</span>
				<div class='pre'>passed</div>
			
		</li>
		<li test-id='63' class='node and pass' status='pass'>
			
			<b>And</b>
			
			<span class="bdd-step-name">And Right click on series</span>
				<div class='pre'>passed</div>
			
		</li>
		<li test-id='64' class='node and pass' status='pass'>
			
			<b>And</b>
			
			<span class="bdd-step-name">And Select "View as Map" visual</span>
				<div class='pre'>passed</div>
			
		</li>
		<li test-id='65' class='node and pass' status='pass'>
			
			<b>And</b>
			
			<span class="bdd-step-name">And Click on Edit series option</span>
				<div class='pre'>passed</div>
			
		</li>
		<li test-id='66' class='node and pass' status='pass'>
			
			<b>And</b>
			
			<span class="bdd-step-name">And Click on "Rename" option</span>
				<div class='pre'>passed</div>
			
		</li>
		<li test-id='67' class='node and pass' status='pass'>
			
			<b>And</b>
			
			<span class="bdd-step-name">And Click on Edit series info dropdown</span>
				<div class='pre'>passed</div>
			
		</li>
		<li test-id='68' class='node and pass' status='pass'>
			
			<b>And</b>
			
			<span class="bdd-step-name">And Select "Function description"</span>
				<div class='pre'>passed</div>
			
		</li>
		<li test-id='69' class='node and pass' status='pass'>
			
			<b>And</b>
			
			<span class="bdd-step-name">And Add function description</span>
				<div class='pre'>passed</div>
			
		</li>
		<li test-id='70' class='node and pass' status='pass'>
			
			<b>And</b>
			
			<span class="bdd-step-name">And Click on "Apply"</span>
				<div class='pre'>passed</div>
			
		</li>
		<li test-id='71' class='node then pass' status='pass'>
			
			<b>Then</b>
			
			<span class="bdd-step-name">Then Should allowed to add function discription and should be updated in edit series panel</span>
				<div class='pre'>passed</div>
			
		</li>
	</ul>
</div>
<div class='scenario node' test-id='72' status='pass'>
	<div class='category-list'>
		<span class='category label white-text'>@Map1</span>
	</div>
	<span class='duration right label'>0h 2m 9s+406ms</span>
	<div class='desc'>
		<b>Scenario</b>
		<span class="desc-text">TC_Map_50:Rename - Function discription -Verify Apply original title icon behavior</span>
	</div>
	<ul class='steps'>
		<li test-id='73' class='node and pass' status='pass'>
			
			<b>And</b>
			
			<span class="bdd-step-name">And Add series to the my series tab</span>
				<div class='pre'>passed</div>
			
		</li>
		<li test-id='74' class='node and pass' status='pass'>
			
			<b>And</b>
			
			<span class="bdd-step-name">And Apply function for a series</span>
				<div class='pre'>passed</div>
			
		</li>
		<li test-id='75' class='node and pass' status='pass'>
			
			<b>And</b>
			
			<span class="bdd-step-name">And Right click on series</span>
				<div class='pre'>passed</div>
			
		</li>
		<li test-id='76' class='node and pass' status='pass'>
			
			<b>And</b>
			
			<span class="bdd-step-name">And Select "View as Map" visual</span>
				<div class='pre'>passed</div>
			
		</li>
		<li test-id='77' class='node and pass' status='pass'>
			
			<b>And</b>
			
			<span class="bdd-step-name">And Click on Edit series option</span>
				<div class='pre'>passed</div>
			
		</li>
		<li test-id='78' class='node and pass' status='pass'>
			
			<b>And</b>
			
			<span class="bdd-step-name">And Click on "Rename" option</span>
				<div class='pre'>passed</div>
			
		</li>
		<li test-id='79' class='node and pass' status='pass'>
			
			<b>And</b>
			
			<span class="bdd-step-name">And Click on Edit series info dropdown</span>
				<div class='pre'>passed</div>
			
		</li>
		<li test-id='80' class='node and pass' status='pass'>
			
			<b>And</b>
			
			<span class="bdd-step-name">And Select "Function description"</span>
				<div class='pre'>passed</div>
			
		</li>
		<li test-id='81' class='node and pass' status='pass'>
			
			<b>And</b>
			
			<span class="bdd-step-name">And Add function description</span>
				<div class='pre'>passed</div>
			
		</li>
		<li test-id='82' class='node and pass' status='pass'>
			
			<b>And</b>
			
			<span class="bdd-step-name">And Click on '>' icon</span>
				<div class='pre'>passed</div>
			
		</li>
		<li test-id='83' class='node then pass' status='pass'>
			
			<b>Then</b>
			
			<span class="bdd-step-name">Then The changes should be revert to original series "function"</span>
				<div class='pre'>passed</div>
			
		</li>
	</ul>
</div>
<div class='scenario node' test-id='84' status='pass'>
	<div class='category-list'>
		<span class='category label white-text'>@Map1</span>
	</div>
	<span class='duration right label'>0h 1m 53s+690ms</span>
	<div class='desc'>
		<b>Scenario</b>
		<span class="desc-text">TC_Map_51:Rename - Function discription - Verify'Apply original title for all series' icon</span>
	</div>
	<ul class='steps'>
		<li test-id='85' class='node and pass' status='pass'>
			
			<b>And</b>
			
			<span class="bdd-step-name">And Add series to the my series tab and Apply function</span>
				<div class='pre'>passed</div>
			
		</li>
		<li test-id='86' class='node and pass' status='pass'>
			
			<b>And</b>
			
			<span class="bdd-step-name">And Right click on series</span>
				<div class='pre'>passed</div>
			
		</li>
		<li test-id='87' class='node and pass' status='pass'>
			
			<b>And</b>
			
			<span class="bdd-step-name">And Select "View as Map" visual</span>
				<div class='pre'>passed</div>
			
		</li>
		<li test-id='88' class='node and pass' status='pass'>
			
			<b>And</b>
			
			<span class="bdd-step-name">And Click on Edit series option</span>
				<div class='pre'>passed</div>
			
		</li>
		<li test-id='89' class='node and pass' status='pass'>
			
			<b>And</b>
			
			<span class="bdd-step-name">And Click on "Rename" option</span>
				<div class='pre'>passed</div>
			
		</li>
		<li test-id='90' class='node and pass' status='pass'>
			
			<b>And</b>
			
			<span class="bdd-step-name">And Click on Edit series info dropdown</span>
				<div class='pre'>passed</div>
			
		</li>
		<li test-id='91' class='node and pass' status='pass'>
			
			<b>And</b>
			
			<span class="bdd-step-name">And Select "Function description"</span>
				<div class='pre'>passed</div>
			
		</li>
		<li test-id='92' class='node and pass' status='pass'>
			
			<b>And</b>
			
			<span class="bdd-step-name">And Add function description</span>
				<div class='pre'>passed</div>
			
		</li>
		<li test-id='93' class='node and pass' status='pass'>
			
			<b>And</b>
			
			<span class="bdd-step-name">And Click on '>' icon for original titles to all series</span>
				<div class='pre'>passed</div>
			
		</li>
		<li test-id='94' class='node then pass' status='pass'>
			
			<b>Then</b>
			
			<span class="bdd-step-name">Then All the changes should be revert back with original "function"</span>
				<div class='pre'>passed</div>
			
		</li>
	</ul>
</div>
<div class='scenario node' test-id='95' status='pass'>
	<div class='category-list'>
		<span class='category label white-text'>@Map1</span>
	</div>
	<span class='duration right label'>0h 2m 2s+144ms</span>
	<div class='desc'>
		<b>Scenario</b>
		<span class="desc-text">TC_Map_52:Rename - Function discription - Verify clicking on series name</span>
	</div>
	<ul class='steps'>
		<li test-id='96' class='node and pass' status='pass'>
			
			<b>And</b>
			
			<span class="bdd-step-name">And Add series to the my series tab</span>
				<div class='pre'>passed</div>
			
		</li>
		<li test-id='97' class='node and pass' status='pass'>
			
			<b>And</b>
			
			<span class="bdd-step-name">And Apply function for a series</span>
				<div class='pre'>passed</div>
			
		</li>
		<li test-id='98' class='node and pass' status='pass'>
			
			<b>And</b>
			
			<span class="bdd-step-name">And Right click on series</span>
				<div class='pre'>passed</div>
			
		</li>
		<li test-id='99' class='node and pass' status='pass'>
			
			<b>And</b>
			
			<span class="bdd-step-name">And Select "View as Map" visual</span>
				<div class='pre'>passed</div>
			
		</li>
		<li test-id='100' class='node and pass' status='pass'>
			
			<b>And</b>
			
			<span class="bdd-step-name">And Click on Edit series option</span>
				<div class='pre'>passed</div>
			
		</li>
		<li test-id='101' class='node and pass' status='pass'>
			
			<b>And</b>
			
			<span class="bdd-step-name">And Click on "Rename" option</span>
				<div class='pre'>passed</div>
			
		</li>
		<li test-id='102' class='node and pass' status='pass'>
			
			<b>And</b>
			
			<span class="bdd-step-name">And Click on Edit series info dropdown</span>
				<div class='pre'>passed</div>
			
		</li>
		<li test-id='103' class='node and pass' status='pass'>
			
			<b>And</b>
			
			<span class="bdd-step-name">And Select "Function description"</span>
				<div class='pre'>passed</div>
			
		</li>
		<li test-id='104' class='node and pass' status='pass'>
			
			<b>And</b>
			
			<span class="bdd-step-name">And Click on series name</span>
				<div class='pre'>passed</div>
			
		</li>
		<li test-id='105' class='node then pass' status='pass'>
			
			<b>Then</b>
			
			<span class="bdd-step-name">Then The SSP window should be displayed</span>
				<div class='pre'>passed</div>
			
		</li>
	</ul>
</div>
<div class='scenario node' test-id='106' status='fail'>
	<div class='category-list'>
		<span class='category label white-text'>@Map1</span>
	</div>
	<span class='duration right label'>0h 2m 12s+908ms</span>
	<div class='desc'>
		<b>Scenario</b>
		<span class="desc-text">TC_Map_68:Rename - verify selecting multiple attributes for series name</span>
	</div>
	<ul class='steps'>
		<li test-id='107' class='node and pass' status='pass'>
			
			<b>And</b>
			
			<span class="bdd-step-name">And Create a map visual with series id's "408940397"</span>
				<div class='pre'>passed</div>
			
		</li>
		<li test-id='108' class='node and pass' status='pass'>
			
			<b>And</b>
			
			<span class="bdd-step-name">And Click on Edit series option</span>
				<div class='pre'>passed</div>
			
		</li>
		<li test-id='109' class='node and pass' status='pass'>
			
			<b>And</b>
			
			<span class="bdd-step-name">And Click on "Rename" option</span>
				<div class='pre'>passed</div>
			
		</li>
		<li test-id='110' class='node and pass' status='pass'>
			
			<b>And</b>
			
			<span class="bdd-step-name">And Select multiple attributes</span>
				<div class='pre'>passed</div>
			
		</li>
		<li test-id='111' class='node and pass' status='pass'>
			
			<b>And</b>
			
			<span class="bdd-step-name">And Click on "Apply"</span>
				<div class='pre'>passed</div>
			
		</li>
		<li test-id='112' class='node then fail' status='fail'>
			
			<b>Then</b>
			
			<span class="bdd-step-name">Then Selected attributes should be displayed as series name</span>
				<div class='pre'><pre>java.lang.AssertionError: Verification is failed
	at org.testng.Assert.fail(Assert.java:94)
	at CDMNext.StepDefinations.Histogram.selected_attributes_should_be_displayed_as_series_name(Histogram.java:744)
	at ✽.Then Selected attributes should be displayed as series name(Map.feature:655)
</pre></div>
			
		</li>
	</ul>
</div>
<div class='scenario node' test-id='113' status='pass'>
	<div class='category-list'>
		<span class='category label white-text'>@Map1</span>
	</div>
	<span class='duration right label'>0h 1m 47s+630ms</span>
	<div class='desc'>
		<b>Scenario</b>
		<span class="desc-text">TC_Map_84:Edit series - Verify hiding function toolbar</span>
	</div>
	<ul class='steps'>
		<li test-id='114' class='node and pass' status='pass'>
			
			<b>And</b>
			
			<span class="bdd-step-name">And Create a map visual with series id's "408940397"</span>
				<div class='pre'>passed</div>
			
		</li>
		<li test-id='115' class='node and pass' status='pass'>
			
			<b>And</b>
			
			<span class="bdd-step-name">And Click on Edit series option</span>
				<div class='pre'>passed</div>
			
		</li>
		<li test-id='116' class='node and pass' status='pass'>
			
			<b>And</b>
			
			<span class="bdd-step-name">And Click on "Hide the function bar"</span>
				<div class='pre'>passed</div>
			
		</li>
		<li test-id='117' class='node then pass' status='pass'>
			
			<b>Then</b>
			
			<span class="bdd-step-name">Then The function toolbar should be hidden</span>
				<div class='pre'>passed</div>
			
		</li>
	</ul>
</div>
<div class='scenario node' test-id='118' status='pass'>
	<div class='category-list'>
		<span class='category label white-text'>@Map1</span>
	</div>
	<span class='duration right label'>0h 1m 47s+165ms</span>
	<div class='desc'>
		<b>Scenario</b>
		<span class="desc-text">TC_Map_85:Edit series - Verify showing the function toolbar</span>
	</div>
	<ul class='steps'>
		<li test-id='119' class='node and pass' status='pass'>
			
			<b>And</b>
			
			<span class="bdd-step-name">And Create a map visual with series id's "408940397"</span>
				<div class='pre'>passed</div>
			
		</li>
		<li test-id='120' class='node and pass' status='pass'>
			
			<b>And</b>
			
			<span class="bdd-step-name">And Click on Edit series option</span>
				<div class='pre'>passed</div>
			
		</li>
		<li test-id='121' class='node and pass' status='pass'>
			
			<b>And</b>
			
			<span class="bdd-step-name">And Click on "Hide the function bar"</span>
				<div class='pre'>passed</div>
			
		</li>
		<li test-id='122' class='node and pass' status='pass'>
			
			<b>And</b>
			
			<span class="bdd-step-name">And Click on "Show the function bar"</span>
				<div class='pre'>passed</div>
			
		</li>
		<li test-id='123' class='node then pass' status='pass'>
			
			<b>Then</b>
			
			<span class="bdd-step-name">Then The function toolbar should be shown</span>
				<div class='pre'>passed</div>
			
		</li>
	</ul>
</div>
<div class='scenario node' test-id='124' status='pass'>
	<div class='category-list'>
		<span class='category label white-text'>@Map1</span>
	</div>
	<span class='duration right label'>0h 2m 13s+91ms</span>
	<div class='desc'>
		<b>Scenario</b>
		<span class="desc-text">TC_Map_91:Edit series - Verify edit series icon</span>
	</div>
	<ul class='steps'>
		<li test-id='125' class='node and pass' status='pass'>
			
			<b>And</b>
			
			<span class="bdd-step-name">And Create a map visual with series id's "369703417"</span>
				<div class='pre'>passed</div>
			
		</li>
		<li test-id='126' class='node and pass' status='pass'>
			
			<b>And</b>
			
			<span class="bdd-step-name">And Click on Edit series option</span>
				<div class='pre'>passed</div>
			
		</li>
		<li test-id='127' class='node and pass' status='pass'>
			
			<b>And</b>
			
			<span class="bdd-step-name">And Click on edit series icon</span>
				<div class='pre'>passed</div>
			
		</li>
		<li test-id='128' class='node then pass' status='pass'>
			
			<b>Then</b>
			
			<span class="bdd-step-name">Then Below options should be available</span>
				<div class='pre'><table><tr><td>Rename</td></tr><tr><td>Frequency</td></tr><tr><td>Currency</td></tr><tr><td>Change</td></tr></table></div>
				<div class='pre'>passed</div>
			
		</li>
	</ul>
</div>
<div class='scenario node' test-id='129' status='pass'>
	<div class='category-list'>
		<span class='category label white-text'>@Map1</span>
	</div>
	<span class='duration right label'>0h 1m 52s+877ms</span>
	<div class='desc'>
		<b>Scenario</b>
		<span class="desc-text">TC_Map_92:Edit series - Verify Rename option under edit series</span>
	</div>
	<ul class='steps'>
		<li test-id='130' class='node and pass' status='pass'>
			
			<b>And</b>
			
			<span class="bdd-step-name">And Create a map visual with series id's "369703417"</span>
				<div class='pre'>passed</div>
			
		</li>
		<li test-id='131' class='node and pass' status='pass'>
			
			<b>And</b>
			
			<span class="bdd-step-name">And Click on Edit series option</span>
				<div class='pre'>passed</div>
			
		</li>
		<li test-id='132' class='node and pass' status='pass'>
			
			<b>And</b>
			
			<span class="bdd-step-name">And Click on edit series icon</span>
				<div class='pre'>passed</div>
			
		</li>
		<li test-id='133' class='node and pass' status='pass'>
			
			<b>And</b>
			
			<span class="bdd-step-name">And Select "Rename"</span>
				<div class='pre'>passed</div>
			
		</li>
		<li test-id='134' class='node then pass' status='pass'>
			
			<b>Then</b>
			
			<span class="bdd-step-name">Then Rename popup should be displayed for selected series</span>
				<div class='pre'>passed</div>
			
		</li>
	</ul>
</div>
<div class='scenario node' test-id='135' status='pass'>
	<div class='category-list'>
		<span class='category label white-text'>@Map1</span>
	</div>
	<span class='duration right label'>0h 1m 55s+674ms</span>
	<div class='desc'>
		<b>Scenario</b>
		<span class="desc-text">TC_Map_93:Edit Histogram - Edit series - Verify Currency option under edit series</span>
	</div>
	<ul class='steps'>
		<li test-id='136' class='node and pass' status='pass'>
			
			<b>And</b>
			
			<span class="bdd-step-name">And Create a map visual with series id's "369703417"</span>
				<div class='pre'>passed</div>
			
		</li>
		<li test-id='137' class='node and pass' status='pass'>
			
			<b>And</b>
			
			<span class="bdd-step-name">And Click on Edit series option</span>
				<div class='pre'>passed</div>
			
		</li>
		<li test-id='138' class='node and pass' status='pass'>
			
			<b>And</b>
			
			<span class="bdd-step-name">And Click on edit series icon</span>
				<div class='pre'>passed</div>
			
		</li>
		<li test-id='139' class='node and pass' status='pass'>
			
			<b>And</b>
			
			<span class="bdd-step-name">And Select "Currency"</span>
				<div class='pre'>passed</div>
			
		</li>
		<li test-id='140' class='node then pass' status='pass'>
			
			<b>Then</b>
			
			<span class="bdd-step-name">Then Selected currency function should be applied to the series</span>
				<div class='pre'>passed</div>
			
		</li>
	</ul>
</div>
<div class='scenario node' test-id='141' status='pass'>
	<div class='category-list'>
		<span class='category label white-text'>@Map1</span>
	</div>
	<span class='duration right label'>0h 1m 54s+579ms</span>
	<div class='desc'>
		<b>Scenario</b>
		<span class="desc-text">TC_Map_94:Edit series - Verify Change option under edit series</span>
	</div>
	<ul class='steps'>
		<li test-id='142' class='node and pass' status='pass'>
			
			<b>And</b>
			
			<span class="bdd-step-name">And Create a map visual with series id's "369703417"</span>
				<div class='pre'>passed</div>
			
		</li>
		<li test-id='143' class='node and pass' status='pass'>
			
			<b>And</b>
			
			<span class="bdd-step-name">And Click on Edit series option</span>
				<div class='pre'>passed</div>
			
		</li>
		<li test-id='144' class='node and pass' status='pass'>
			
			<b>And</b>
			
			<span class="bdd-step-name">And Click on edit series icon</span>
				<div class='pre'>passed</div>
			
		</li>
		<li test-id='145' class='node and pass' status='pass'>
			
			<b>And</b>
			
			<span class="bdd-step-name">And Select "Change"</span>
				<div class='pre'>passed</div>
			
		</li>
		<li test-id='146' class='node then pass' status='pass'>
			
			<b>Then</b>
			
			<span class="bdd-step-name">Then Selected change function should be applied to the series</span>
				<div class='pre'>passed</div>
			
		</li>
	</ul>
</div>
<div class='scenario node' test-id='147' status='pass'>
	<div class='category-list'>
		<span class='category label white-text'>@Map1</span>
	</div>
	<span class='duration right label'>0h 1m 54s+710ms</span>
	<div class='desc'>
		<b>Scenario</b>
		<span class="desc-text">TC_Map_95:Edit series - Verify Frequency option under edit series.</span>
	</div>
	<ul class='steps'>
		<li test-id='148' class='node and pass' status='pass'>
			
			<b>And</b>
			
			<span class="bdd-step-name">And Create a map visual with series id's "369703417"</span>
				<div class='pre'>passed</div>
			
		</li>
		<li test-id='149' class='node and pass' status='pass'>
			
			<b>And</b>
			
			<span class="bdd-step-name">And Click on Edit series option</span>
				<div class='pre'>passed</div>
			
		</li>
		<li test-id='150' class='node and pass' status='pass'>
			
			<b>And</b>
			
			<span class="bdd-step-name">And Click on edit series icon</span>
				<div class='pre'>passed</div>
			
		</li>
		<li test-id='151' class='node and pass' status='pass'>
			
			<b>And</b>
			
			<span class="bdd-step-name">And Select "Frequency"</span>
				<div class='pre'>passed</div>
			
		</li>
		<li test-id='152' class='node then pass' status='pass'>
			
			<b>Then</b>
			
			<span class="bdd-step-name">Then Selected function should be applied to the series</span>
				<div class='pre'>passed</div>
			
		</li>
	</ul>
</div>
<div class='scenario node' test-id='153' status='fail'>
	<div class='category-list'>
		<span class='category label white-text'>@Map1</span>
	</div>
	<span class='duration right label'>0h 1m 36s+457ms</span>
	<div class='desc'>
		<b>Scenario</b>
		<span class="desc-text">TC_Map_102:Edit series - Verify applying currency in series level</span>
	</div>
	<ul class='steps'>
		<li test-id='154' class='node and pass' status='pass'>
			
			<b>And</b>
			
			<span class="bdd-step-name">And Create a map visual with series id's "226311002;405159937"</span>
				<div class='pre'>passed</div>
			
		</li>
		<li test-id='155' class='node and pass' status='pass'>
			
			<b>And</b>
			
			<span class="bdd-step-name">And Click on Edit series option</span>
				<div class='pre'>passed</div>
			
		</li>
		<li test-id='156' class='node and fail' status='fail'>
			
			<b>And</b>
			
			<span class="bdd-step-name">And Click on currency dropdown in series level</span>
				<div class='pre'><pre>org.openqa.selenium.JavascriptException: javascript error: Cannot read properties of null (reading 'scrollIntoView')
  (Session info: chrome=101.0.4951.67)
Build info: version: '3.4.0', revision: 'unknown', time: 'unknown'
System info: host: 'IN-BLR-L008', ip: '192.168.56.1', os.name: 'Windows 10', os.arch: 'amd64', os.version: '10.0', java.version: '1.8.0_202'
Driver info: org.openqa.selenium.chrome.ChromeDriver
Capabilities [{networkConnectionEnabled=false, chrome={chromedriverVersion=100.0.4896.20 (f9d71f93d32a6487809d6f35a9670c879fe97dfe-refs/branch-heads/4896@{#203}), userDataDir=C:\Users\nmaduru\AppData\Local\Temp\scoped_dir18740_439199595}, timeouts={implicit=0.0, pageLoad=300000.0, script=30000.0}, pageLoadStrategy=normal, unhandledPromptBehavior=dismiss and notify, strictFileInteractability=false, platform=ANY, proxy=Proxy(), goog:chromeOptions={debuggerAddress=localhost:64589}, webauthn:extension:credBlob=true, acceptInsecureCerts=true, browserVersion=101.0.4951.67, browserName=chrome, javascriptEnabled=true, platformName=windows, setWindowRect=true, webauthn:extension:largeBlob=true, webauthn:virtualAuthenticators=true}]
Session ID: 45e8d5f54ef9c6d0e7c1716e376b041b
	at sun.reflect.NativeConstructorAccessorImpl.newInstance0(Native Method)
	at sun.reflect.NativeConstructorAccessorImpl.newInstance(NativeConstructorAccessorImpl.java:62)
	at sun.reflect.DelegatingConstructorAccessorImpl.newInstance(DelegatingConstructorAccessorImpl.java:45)
	at java.lang.reflect.Constructor.newInstance(Constructor.java:423)
	at org.openqa.selenium.remote.http.W3CHttpResponseCodec.createException(W3CHttpResponseCodec.java:150)
	at org.openqa.selenium.remote.http.W3CHttpResponseCodec.decode(W3CHttpResponseCodec.java:115)
	at org.openqa.selenium.remote.http.W3CHttpResponseCodec.decode(W3CHttpResponseCodec.java:45)
	at org.openqa.selenium.remote.HttpCommandExecutor.execute(HttpCommandExecutor.java:164)
	at org.openqa.selenium.remote.service.DriverCommandExecutor.execute(DriverCommandExecutor.java:82)
	at org.openqa.selenium.remote.RemoteWebDriver.execute(RemoteWebDriver.java:637)
	at org.openqa.selenium.remote.RemoteWebDriver.executeScript(RemoteWebDriver.java:573)
	at CDMNext.StepDefinations.Histogram.click_on_currency_dropdown_in_series_level(Histogram.java:1191)
	at ✽.And Click on currency dropdown in series level(Map.feature:928)
</pre></div>
			
		</li>
		<li test-id='157' class='node and skip' status='skip'>
			
			<b>And</b>
			
			<span class="bdd-step-name">And Select "RMB" from currency dropdown</span>
				<div class='pre'>skipped</div>
			
		</li>
		<li test-id='158' class='node then skip' status='skip'>
			
			<b>Then</b>
			
			<span class="bdd-step-name">Then Selected currency should be applied to ONLY selected series</span>
				<div class='pre'>skipped</div>
			
		</li>
	</ul>
</div>
<div class='scenario node' test-id='159' status='fail'>
	<div class='category-list'>
		<span class='category label white-text'>@Map1</span>
	</div>
	<span class='duration right label'>0h 1m 57s+255ms</span>
	<div class='desc'>
		<b>Scenario</b>
		<span class="desc-text">TC_Map_103:Edit series - Verify applying function in series level</span>
	</div>
	<ul class='steps'>
		<li test-id='160' class='node and pass' status='pass'>
			
			<b>And</b>
			
			<span class="bdd-step-name">And Create a map visual with series id's "369703417"</span>
				<div class='pre'>passed</div>
			
		</li>
		<li test-id='161' class='node and pass' status='pass'>
			
			<b>And</b>
			
			<span class="bdd-step-name">And Click on Edit series option</span>
				<div class='pre'>passed</div>
			
		</li>
		<li test-id='162' class='node and fail' status='fail'>
			
			<b>And</b>
			
			<span class="bdd-step-name">And Click on "Type a function" field in series level</span>
				<div class='pre'><pre>org.openqa.selenium.NoSuchElementException: no such element: Unable to locate element: {"method":"xpath","selector":"//*[@class='table']/*[1]/*[2]/*[6]//input[@placeholder='Type a function']"}
  (Session info: chrome=101.0.4951.67)
For documentation on this error, please visit: http://seleniumhq.org/exceptions/no_such_element.html
Build info: version: '3.4.0', revision: 'unknown', time: 'unknown'
System info: host: 'IN-BLR-L008', ip: '192.168.56.1', os.name: 'Windows 10', os.arch: 'amd64', os.version: '10.0', java.version: '1.8.0_202'
Driver info: org.openqa.selenium.chrome.ChromeDriver
Capabilities [{networkConnectionEnabled=false, chrome={chromedriverVersion=100.0.4896.20 (f9d71f93d32a6487809d6f35a9670c879fe97dfe-refs/branch-heads/4896@{#203}), userDataDir=C:\Users\nmaduru\AppData\Local\Temp\scoped_dir18740_439199595}, timeouts={implicit=0.0, pageLoad=300000.0, script=30000.0}, pageLoadStrategy=normal, unhandledPromptBehavior=dismiss and notify, strictFileInteractability=false, platform=ANY, proxy=Proxy(), goog:chromeOptions={debuggerAddress=localhost:64589}, webauthn:extension:credBlob=true, acceptInsecureCerts=true, browserVersion=101.0.4951.67, browserName=chrome, javascriptEnabled=true, platformName=windows, setWindowRect=true, webauthn:extension:largeBlob=true, webauthn:virtualAuthenticators=true}]
Session ID: 45e8d5f54ef9c6d0e7c1716e376b041b
*** Element info: {Using=xpath, value=//*[@class='table']/*[1]/*[2]/*[6]//input[@placeholder='Type a function']}
	at sun.reflect.GeneratedConstructorAccessor17.newInstance(Unknown Source)
	at sun.reflect.DelegatingConstructorAccessorImpl.newInstance(DelegatingConstructorAccessorImpl.java:45)
	at java.lang.reflect.Constructor.newInstance(Constructor.java:423)
	at org.openqa.selenium.remote.http.W3CHttpResponseCodec.createException(W3CHttpResponseCodec.java:150)
	at org.openqa.selenium.remote.http.W3CHttpResponseCodec.decode(W3CHttpResponseCodec.java:115)
	at org.openqa.selenium.remote.http.W3CHttpResponseCodec.decode(W3CHttpResponseCodec.java:45)
	at org.openqa.selenium.remote.HttpCommandExecutor.execute(HttpCommandExecutor.java:164)
	at org.openqa.selenium.remote.service.DriverCommandExecutor.execute(DriverCommandExecutor.java:82)
	at org.openqa.selenium.remote.RemoteWebDriver.execute(RemoteWebDriver.java:637)
	at org.openqa.selenium.remote.RemoteWebDriver.findElement(RemoteWebDriver.java:410)
	at org.openqa.selenium.remote.RemoteWebDriver.findElementByXPath(RemoteWebDriver.java:509)
	at org.openqa.selenium.By$ByXPath.findElement(By.java:361)
	at org.openqa.selenium.remote.RemoteWebDriver.findElement(RemoteWebDriver.java:402)
	at CDMNext.util.CommonFunctionality.getElementByXpath(CommonFunctionality.java:513)
	at CDMNext.StepDefinations.Histogram.click_on_field_in_series_level(Histogram.java:1212)
	at ✽.And Click on "Type a function" field in series level(Map.feature:936)
</pre></div>
			
		</li>
		<li test-id='163' class='node and skip' status='skip'>
			
			<b>And</b>
			
			<span class="bdd-step-name">And Select "ACCUMULATE" function</span>
				<div class='pre'>skipped</div>
			
		</li>
		<li test-id='164' class='node and skip' status='skip'>
			
			<b>And</b>
			
			<span class="bdd-step-name">And Click on "Apply function"</span>
				<div class='pre'>skipped</div>
			
		</li>
		<li test-id='165' class='node then skip' status='skip'>
			
			<b>Then</b>
			
			<span class="bdd-step-name">Then Selected function should applied to the series</span>
				<div class='pre'>skipped</div>
			
		</li>
	</ul>
</div>
<div class='scenario node' test-id='166' status='fail'>
	<div class='category-list'>
		<span class='category label white-text'>@Map1</span>
	</div>
	<span class='duration right label'>0h 1m 57s+511ms</span>
	<div class='desc'>
		<b>Scenario</b>
		<span class="desc-text">TC_Map_104:Edit series - Verify multiple functions apply</span>
	</div>
	<ul class='steps'>
		<li test-id='167' class='node and pass' status='pass'>
			
			<b>And</b>
			
			<span class="bdd-step-name">And Create a map visual with series id's "369703417"</span>
				<div class='pre'>passed</div>
			
		</li>
		<li test-id='168' class='node and pass' status='pass'>
			
			<b>And</b>
			
			<span class="bdd-step-name">And Click on Edit series option</span>
				<div class='pre'>passed</div>
			
		</li>
		<li test-id='169' class='node and fail' status='fail'>
			
			<b>And</b>
			
			<span class="bdd-step-name">And Click on "Type a function" field in series level</span>
				<div class='pre'><pre>org.openqa.selenium.NoSuchElementException: no such element: Unable to locate element: {"method":"xpath","selector":"//*[@class='table']/*[1]/*[2]/*[6]//input[@placeholder='Type a function']"}
  (Session info: chrome=101.0.4951.67)
For documentation on this error, please visit: http://seleniumhq.org/exceptions/no_such_element.html
Build info: version: '3.4.0', revision: 'unknown', time: 'unknown'
System info: host: 'IN-BLR-L008', ip: '192.168.56.1', os.name: 'Windows 10', os.arch: 'amd64', os.version: '10.0', java.version: '1.8.0_202'
Driver info: org.openqa.selenium.chrome.ChromeDriver
Capabilities [{networkConnectionEnabled=false, chrome={chromedriverVersion=100.0.4896.20 (f9d71f93d32a6487809d6f35a9670c879fe97dfe-refs/branch-heads/4896@{#203}), userDataDir=C:\Users\nmaduru\AppData\Local\Temp\scoped_dir18740_439199595}, timeouts={implicit=0.0, pageLoad=300000.0, script=30000.0}, pageLoadStrategy=normal, unhandledPromptBehavior=dismiss and notify, strictFileInteractability=false, platform=ANY, proxy=Proxy(), goog:chromeOptions={debuggerAddress=localhost:64589}, webauthn:extension:credBlob=true, acceptInsecureCerts=true, browserVersion=101.0.4951.67, browserName=chrome, javascriptEnabled=true, platformName=windows, setWindowRect=true, webauthn:extension:largeBlob=true, webauthn:virtualAuthenticators=true}]
Session ID: 45e8d5f54ef9c6d0e7c1716e376b041b
*** Element info: {Using=xpath, value=//*[@class='table']/*[1]/*[2]/*[6]//input[@placeholder='Type a function']}
	at sun.reflect.GeneratedConstructorAccessor17.newInstance(Unknown Source)
	at sun.reflect.DelegatingConstructorAccessorImpl.newInstance(DelegatingConstructorAccessorImpl.java:45)
	at java.lang.reflect.Constructor.newInstance(Constructor.java:423)
	at org.openqa.selenium.remote.http.W3CHttpResponseCodec.createException(W3CHttpResponseCodec.java:150)
	at org.openqa.selenium.remote.http.W3CHttpResponseCodec.decode(W3CHttpResponseCodec.java:115)
	at org.openqa.selenium.remote.http.W3CHttpResponseCodec.decode(W3CHttpResponseCodec.java:45)
	at org.openqa.selenium.remote.HttpCommandExecutor.execute(HttpCommandExecutor.java:164)
	at org.openqa.selenium.remote.service.DriverCommandExecutor.execute(DriverCommandExecutor.java:82)
	at org.openqa.selenium.remote.RemoteWebDriver.execute(RemoteWebDriver.java:637)
	at org.openqa.selenium.remote.RemoteWebDriver.findElement(RemoteWebDriver.java:410)
	at org.openqa.selenium.remote.RemoteWebDriver.findElementByXPath(RemoteWebDriver.java:509)
	at org.openqa.selenium.By$ByXPath.findElement(By.java:361)
	at org.openqa.selenium.remote.RemoteWebDriver.findElement(RemoteWebDriver.java:402)
	at CDMNext.util.CommonFunctionality.getElementByXpath(CommonFunctionality.java:513)
	at CDMNext.StepDefinations.Histogram.click_on_field_in_series_level(Histogram.java:1212)
	at ✽.And Click on "Type a function" field in series level(Map.feature:945)
</pre></div>
			
		</li>
		<li test-id='170' class='node and skip' status='skip'>
			
			<b>And</b>
			
			<span class="bdd-step-name">And Select multiple functions "ACCUMULATE"  and "LOG"</span>
				<div class='pre'>skipped</div>
			
		</li>
		<li test-id='171' class='node and skip' status='skip'>
			
			<b>And</b>
			
			<span class="bdd-step-name">And Click on "Apply function"</span>
				<div class='pre'>skipped</div>
			
		</li>
		<li test-id='172' class='node then skip' status='skip'>
			
			<b>Then</b>
			
			<span class="bdd-step-name">Then The Selected functions should applied to the series</span>
				<div class='pre'>skipped</div>
			
		</li>
	</ul>
</div>
<div class='scenario node' test-id='173' status='fail'>
	<div class='category-list'>
		<span class='category label white-text'>@Map1</span>
	</div>
	<span class='duration right label'>0h 1m 57s+513ms</span>
	<div class='desc'>
		<b>Scenario</b>
		<span class="desc-text">TC_Map_107:Edit series - Verify removing applied functions</span>
	</div>
	<ul class='steps'>
		<li test-id='174' class='node and pass' status='pass'>
			
			<b>And</b>
			
			<span class="bdd-step-name">And Create a map visual with series id's "369703417"</span>
				<div class='pre'>passed</div>
			
		</li>
		<li test-id='175' class='node and pass' status='pass'>
			
			<b>And</b>
			
			<span class="bdd-step-name">And Click on Edit series option</span>
				<div class='pre'>passed</div>
			
		</li>
		<li test-id='176' class='node and fail' status='fail'>
			
			<b>And</b>
			
			<span class="bdd-step-name">And Click on "Type a function" field in series level</span>
				<div class='pre'><pre>org.openqa.selenium.NoSuchElementException: no such element: Unable to locate element: {"method":"xpath","selector":"//*[@class='table']/*[1]/*[2]/*[6]//input[@placeholder='Type a function']"}
  (Session info: chrome=101.0.4951.67)
For documentation on this error, please visit: http://seleniumhq.org/exceptions/no_such_element.html
Build info: version: '3.4.0', revision: 'unknown', time: 'unknown'
System info: host: 'IN-BLR-L008', ip: '192.168.56.1', os.name: 'Windows 10', os.arch: 'amd64', os.version: '10.0', java.version: '1.8.0_202'
Driver info: org.openqa.selenium.chrome.ChromeDriver
Capabilities [{networkConnectionEnabled=false, chrome={chromedriverVersion=100.0.4896.20 (f9d71f93d32a6487809d6f35a9670c879fe97dfe-refs/branch-heads/4896@{#203}), userDataDir=C:\Users\nmaduru\AppData\Local\Temp\scoped_dir18740_439199595}, timeouts={implicit=0.0, pageLoad=300000.0, script=30000.0}, pageLoadStrategy=normal, unhandledPromptBehavior=dismiss and notify, strictFileInteractability=false, platform=ANY, proxy=Proxy(), goog:chromeOptions={debuggerAddress=localhost:64589}, webauthn:extension:credBlob=true, acceptInsecureCerts=true, browserVersion=101.0.4951.67, browserName=chrome, javascriptEnabled=true, platformName=windows, setWindowRect=true, webauthn:extension:largeBlob=true, webauthn:virtualAuthenticators=true}]
Session ID: 45e8d5f54ef9c6d0e7c1716e376b041b
*** Element info: {Using=xpath, value=//*[@class='table']/*[1]/*[2]/*[6]//input[@placeholder='Type a function']}
	at sun.reflect.GeneratedConstructorAccessor17.newInstance(Unknown Source)
	at sun.reflect.DelegatingConstructorAccessorImpl.newInstance(DelegatingConstructorAccessorImpl.java:45)
	at java.lang.reflect.Constructor.newInstance(Constructor.java:423)
	at org.openqa.selenium.remote.http.W3CHttpResponseCodec.createException(W3CHttpResponseCodec.java:150)
	at org.openqa.selenium.remote.http.W3CHttpResponseCodec.decode(W3CHttpResponseCodec.java:115)
	at org.openqa.selenium.remote.http.W3CHttpResponseCodec.decode(W3CHttpResponseCodec.java:45)
	at org.openqa.selenium.remote.HttpCommandExecutor.execute(HttpCommandExecutor.java:164)
	at org.openqa.selenium.remote.service.DriverCommandExecutor.execute(DriverCommandExecutor.java:82)
	at org.openqa.selenium.remote.RemoteWebDriver.execute(RemoteWebDriver.java:637)
	at org.openqa.selenium.remote.RemoteWebDriver.findElement(RemoteWebDriver.java:410)
	at org.openqa.selenium.remote.RemoteWebDriver.findElementByXPath(RemoteWebDriver.java:509)
	at org.openqa.selenium.By$ByXPath.findElement(By.java:361)
	at org.openqa.selenium.remote.RemoteWebDriver.findElement(RemoteWebDriver.java:402)
	at CDMNext.util.CommonFunctionality.getElementByXpath(CommonFunctionality.java:513)
	at CDMNext.StepDefinations.Histogram.click_on_field_in_series_level(Histogram.java:1212)
	at ✽.And Click on "Type a function" field in series level(Map.feature:971)
</pre></div>
			
		</li>
		<li test-id='177' class='node and skip' status='skip'>
			
			<b>And</b>
			
			<span class="bdd-step-name">And Select "ACCUMULATE" function</span>
				<div class='pre'>skipped</div>
			
		</li>
		<li test-id='178' class='node and skip' status='skip'>
			
			<b>And</b>
			
			<span class="bdd-step-name">And Click on "Apply function"</span>
				<div class='pre'>skipped</div>
			
		</li>
		<li test-id='179' class='node and skip' status='skip'>
			
			<b>And</b>
			
			<span class="bdd-step-name">And Click on x icon to remove the function</span>
				<div class='pre'>skipped</div>
			
		</li>
		<li test-id='180' class='node then skip' status='skip'>
			
			<b>Then</b>
			
			<span class="bdd-step-name">Then The function should be removed from the series</span>
				<div class='pre'>skipped</div>
			
		</li>
	</ul>
</div>
<div class='scenario node' test-id='181' status='fail'>
	<div class='category-list'>
		<span class='category label white-text'>@Map1</span>
	</div>
	<span class='duration right label'>0h 1m 57s+522ms</span>
	<div class='desc'>
		<b>Scenario</b>
		<span class="desc-text">TC_Map_108:Edit series - Verify applied funtion in function toolbar</span>
	</div>
	<ul class='steps'>
		<li test-id='182' class='node and pass' status='pass'>
			
			<b>And</b>
			
			<span class="bdd-step-name">And Create a map visual with series id's "369703417"</span>
				<div class='pre'>passed</div>
			
		</li>
		<li test-id='183' class='node and pass' status='pass'>
			
			<b>And</b>
			
			<span class="bdd-step-name">And Click on Edit series option</span>
				<div class='pre'>passed</div>
			
		</li>
		<li test-id='184' class='node and fail' status='fail'>
			
			<b>And</b>
			
			<span class="bdd-step-name">And Click on "Type a function" field in series level</span>
				<div class='pre'><pre>org.openqa.selenium.NoSuchElementException: no such element: Unable to locate element: {"method":"xpath","selector":"//*[@class='table']/*[1]/*[2]/*[6]//input[@placeholder='Type a function']"}
  (Session info: chrome=101.0.4951.67)
For documentation on this error, please visit: http://seleniumhq.org/exceptions/no_such_element.html
Build info: version: '3.4.0', revision: 'unknown', time: 'unknown'
System info: host: 'IN-BLR-L008', ip: '192.168.56.1', os.name: 'Windows 10', os.arch: 'amd64', os.version: '10.0', java.version: '1.8.0_202'
Driver info: org.openqa.selenium.chrome.ChromeDriver
Capabilities [{networkConnectionEnabled=false, chrome={chromedriverVersion=100.0.4896.20 (f9d71f93d32a6487809d6f35a9670c879fe97dfe-refs/branch-heads/4896@{#203}), userDataDir=C:\Users\nmaduru\AppData\Local\Temp\scoped_dir18740_439199595}, timeouts={implicit=0.0, pageLoad=300000.0, script=30000.0}, pageLoadStrategy=normal, unhandledPromptBehavior=dismiss and notify, strictFileInteractability=false, platform=ANY, proxy=Proxy(), goog:chromeOptions={debuggerAddress=localhost:64589}, webauthn:extension:credBlob=true, acceptInsecureCerts=true, browserVersion=101.0.4951.67, browserName=chrome, javascriptEnabled=true, platformName=windows, setWindowRect=true, webauthn:extension:largeBlob=true, webauthn:virtualAuthenticators=true}]
Session ID: 45e8d5f54ef9c6d0e7c1716e376b041b
*** Element info: {Using=xpath, value=//*[@class='table']/*[1]/*[2]/*[6]//input[@placeholder='Type a function']}
	at sun.reflect.GeneratedConstructorAccessor17.newInstance(Unknown Source)
	at sun.reflect.DelegatingConstructorAccessorImpl.newInstance(DelegatingConstructorAccessorImpl.java:45)
	at java.lang.reflect.Constructor.newInstance(Constructor.java:423)
	at org.openqa.selenium.remote.http.W3CHttpResponseCodec.createException(W3CHttpResponseCodec.java:150)
	at org.openqa.selenium.remote.http.W3CHttpResponseCodec.decode(W3CHttpResponseCodec.java:115)
	at org.openqa.selenium.remote.http.W3CHttpResponseCodec.decode(W3CHttpResponseCodec.java:45)
	at org.openqa.selenium.remote.HttpCommandExecutor.execute(HttpCommandExecutor.java:164)
	at org.openqa.selenium.remote.service.DriverCommandExecutor.execute(DriverCommandExecutor.java:82)
	at org.openqa.selenium.remote.RemoteWebDriver.execute(RemoteWebDriver.java:637)
	at org.openqa.selenium.remote.RemoteWebDriver.findElement(RemoteWebDriver.java:410)
	at org.openqa.selenium.remote.RemoteWebDriver.findElementByXPath(RemoteWebDriver.java:509)
	at org.openqa.selenium.By$ByXPath.findElement(By.java:361)
	at org.openqa.selenium.remote.RemoteWebDriver.findElement(RemoteWebDriver.java:402)
	at CDMNext.util.CommonFunctionality.getElementByXpath(CommonFunctionality.java:513)
	at CDMNext.StepDefinations.Histogram.click_on_field_in_series_level(Histogram.java:1212)
	at ✽.And Click on "Type a function" field in series level(Map.feature:981)
</pre></div>
			
		</li>
		<li test-id='185' class='node and skip' status='skip'>
			
			<b>And</b>
			
			<span class="bdd-step-name">And Select "ACCUMULATE" function</span>
				<div class='pre'>skipped</div>
			
		</li>
		<li test-id='186' class='node and skip' status='skip'>
			
			<b>And</b>
			
			<span class="bdd-step-name">And Click on "Apply function"</span>
				<div class='pre'>skipped</div>
			
		</li>
		<li test-id='187' class='node then skip' status='skip'>
			
			<b>Then</b>
			
			<span class="bdd-step-name">Then The applied function should be displayed on the toolbar</span>
				<div class='pre'>skipped</div>
			
		</li>
	</ul>
</div>
<div class='scenario node' test-id='188' status='fail'>
	<div class='category-list'>
		<span class='category label white-text'>@Map1</span>
	</div>
	<span class='duration right label'>0h 1m 57s+647ms</span>
	<div class='desc'>
		<b>Scenario</b>
		<span class="desc-text">TC_Map_109:Edit series - Verify applying invalid function for series</span>
	</div>
	<ul class='steps'>
		<li test-id='189' class='node and pass' status='pass'>
			
			<b>And</b>
			
			<span class="bdd-step-name">And Create a map visual with series id's "369703417"</span>
				<div class='pre'>passed</div>
			
		</li>
		<li test-id='190' class='node and pass' status='pass'>
			
			<b>And</b>
			
			<span class="bdd-step-name">And Click on Edit series option</span>
				<div class='pre'>passed</div>
			
		</li>
		<li test-id='191' class='node and fail' status='fail'>
			
			<b>And</b>
			
			<span class="bdd-step-name">And Click on "Type a function" field in series level</span>
				<div class='pre'><pre>org.openqa.selenium.NoSuchElementException: no such element: Unable to locate element: {"method":"xpath","selector":"//*[@class='table']/*[1]/*[2]/*[6]//input[@placeholder='Type a function']"}
  (Session info: chrome=101.0.4951.67)
For documentation on this error, please visit: http://seleniumhq.org/exceptions/no_such_element.html
Build info: version: '3.4.0', revision: 'unknown', time: 'unknown'
System info: host: 'IN-BLR-L008', ip: '192.168.56.1', os.name: 'Windows 10', os.arch: 'amd64', os.version: '10.0', java.version: '1.8.0_202'
Driver info: org.openqa.selenium.chrome.ChromeDriver
Capabilities [{networkConnectionEnabled=false, chrome={chromedriverVersion=100.0.4896.20 (f9d71f93d32a6487809d6f35a9670c879fe97dfe-refs/branch-heads/4896@{#203}), userDataDir=C:\Users\nmaduru\AppData\Local\Temp\scoped_dir18740_439199595}, timeouts={implicit=0.0, pageLoad=300000.0, script=30000.0}, pageLoadStrategy=normal, unhandledPromptBehavior=dismiss and notify, strictFileInteractability=false, platform=ANY, proxy=Proxy(), goog:chromeOptions={debuggerAddress=localhost:64589}, webauthn:extension:credBlob=true, acceptInsecureCerts=true, browserVersion=101.0.4951.67, browserName=chrome, javascriptEnabled=true, platformName=windows, setWindowRect=true, webauthn:extension:largeBlob=true, webauthn:virtualAuthenticators=true}]
Session ID: 45e8d5f54ef9c6d0e7c1716e376b041b
*** Element info: {Using=xpath, value=//*[@class='table']/*[1]/*[2]/*[6]//input[@placeholder='Type a function']}
	at sun.reflect.GeneratedConstructorAccessor17.newInstance(Unknown Source)
	at sun.reflect.DelegatingConstructorAccessorImpl.newInstance(DelegatingConstructorAccessorImpl.java:45)
	at java.lang.reflect.Constructor.newInstance(Constructor.java:423)
	at org.openqa.selenium.remote.http.W3CHttpResponseCodec.createException(W3CHttpResponseCodec.java:150)
	at org.openqa.selenium.remote.http.W3CHttpResponseCodec.decode(W3CHttpResponseCodec.java:115)
	at org.openqa.selenium.remote.http.W3CHttpResponseCodec.decode(W3CHttpResponseCodec.java:45)
	at org.openqa.selenium.remote.HttpCommandExecutor.execute(HttpCommandExecutor.java:164)
	at org.openqa.selenium.remote.service.DriverCommandExecutor.execute(DriverCommandExecutor.java:82)
	at org.openqa.selenium.remote.RemoteWebDriver.execute(RemoteWebDriver.java:637)
	at org.openqa.selenium.remote.RemoteWebDriver.findElement(RemoteWebDriver.java:410)
	at org.openqa.selenium.remote.RemoteWebDriver.findElementByXPath(RemoteWebDriver.java:509)
	at org.openqa.selenium.By$ByXPath.findElement(By.java:361)
	at org.openqa.selenium.remote.RemoteWebDriver.findElement(RemoteWebDriver.java:402)
	at CDMNext.util.CommonFunctionality.getElementByXpath(CommonFunctionality.java:513)
	at CDMNext.StepDefinations.Histogram.click_on_field_in_series_level(Histogram.java:1212)
	at ✽.And Click on "Type a function" field in series level(Map.feature:990)
</pre></div>
			
		</li>
		<li test-id='192' class='node and skip' status='skip'>
			
			<b>And</b>
			
			<span class="bdd-step-name">And Select an invalid function for the series</span>
				<div class='pre'>skipped</div>
			
		</li>
		<li test-id='193' class='node then skip' status='skip'>
			
			<b>Then</b>
			
			<span class="bdd-step-name">Then "The function cannot be applied to selected series" popup should be displayed</span>
				<div class='pre'>skipped</div>
			
		</li>
	</ul>
</div>
<div class='scenario node' test-id='194' status='fail'>
	<div class='category-list'>
		<span class='category label white-text'>@Map1</span>
	</div>
	<span class='duration right label'>0h 1m 50s+577ms</span>
	<div class='desc'>
		<b>Scenario</b>
		<span class="desc-text">TC_Map_113:Edit series - Verify adding series from my series</span>
	</div>
	<ul class='steps'>
		<li test-id='195' class='node and pass' status='pass'>
			
			<b>And</b>
			
			<span class="bdd-step-name">And Add series to the my series tab</span>
				<div class='pre'>passed</div>
			
		</li>
		<li test-id='196' class='node and pass' status='pass'>
			
			<b>And</b>
			
			<span class="bdd-step-name">And Create a empty Map visual</span>
				<div class='pre'>passed</div>
			
		</li>
		<li test-id='197' class='node and pass' status='pass'>
			
			<b>And</b>
			
			<span class="bdd-step-name">And Click on Edit series option</span>
				<div class='pre'>passed</div>
			
		</li>
		<li test-id='198' class='node and pass' status='pass'>
			
			<b>And</b>
			
			<span class="bdd-step-name">And Redirect to MySeries tab > Select a series in edit series panel</span>
				<div class='pre'>passed</div>
			
		</li>
		<li test-id='199' class='node then fail' status='fail'>
			
			<b>Then</b>
			
			<span class="bdd-step-name">Then The selected series should be displayed in Map tab</span>
				<div class='pre'><pre>java.lang.IllegalArgumentException: Cannot find elements when the XPath expression is null.
	at org.openqa.selenium.By.xpath(By.java:113)
	at CDMNext.util.CommonFunctionality.getElementByProperty(CommonFunctionality.java:480)
	at CDMNext.StepDefinations.Map.the_selected_series_should_be_displayed_in_Map_tab(Map.java:418)
	at ✽.Then The selected series should be displayed in Map tab(Map.feature:1023)
</pre></div>
			
		</li>
	</ul>
</div>
<div class='scenario node' test-id='200' status='fail'>
	<div class='category-list'>
		<span class='category label white-text'>@Map1</span>
	</div>
	<span class='duration right label'>0h 1m 36s+662ms</span>
	<div class='desc'>
		<b>Scenario</b>
		<span class="desc-text">TC_Map_114:Edit series - Verify max series for Map visual</span>
	</div>
	<ul class='steps'>
		<li test-id='201' class='node and fail' status='fail'>
			
			<b>And</b>
			
			<span class="bdd-step-name">And Select more than 300 series and try to create Map visual</span>
				<div class='pre'><pre>org.openqa.selenium.NoSuchElementException: no such element: Unable to locate element: {"method":"xpath","selector":"(//*[@class='series-representation--list']//*[contains(@style,'position')]//*[@unselectable='on'])[20]//div[@class='series-list-item--checkbox-wrapper']"}
  (Session info: chrome=101.0.4951.67)
For documentation on this error, please visit: http://seleniumhq.org/exceptions/no_such_element.html
Build info: version: '3.4.0', revision: 'unknown', time: 'unknown'
System info: host: 'IN-BLR-L008', ip: '192.168.56.1', os.name: 'Windows 10', os.arch: 'amd64', os.version: '10.0', java.version: '1.8.0_202'
Driver info: org.openqa.selenium.chrome.ChromeDriver
Capabilities [{networkConnectionEnabled=false, chrome={chromedriverVersion=100.0.4896.20 (f9d71f93d32a6487809d6f35a9670c879fe97dfe-refs/branch-heads/4896@{#203}), userDataDir=C:\Users\nmaduru\AppData\Local\Temp\scoped_dir18740_439199595}, timeouts={implicit=0.0, pageLoad=300000.0, script=30000.0}, pageLoadStrategy=normal, unhandledPromptBehavior=dismiss and notify, strictFileInteractability=false, platform=ANY, proxy=Proxy(), goog:chromeOptions={debuggerAddress=localhost:64589}, webauthn:extension:credBlob=true, acceptInsecureCerts=true, browserVersion=101.0.4951.67, browserName=chrome, javascriptEnabled=true, platformName=windows, setWindowRect=true, webauthn:extension:largeBlob=true, webauthn:virtualAuthenticators=true}]
Session ID: 45e8d5f54ef9c6d0e7c1716e376b041b
*** Element info: {Using=xpath, value=(//*[@class='series-representation--list']//*[contains(@style,'position')]//*[@unselectable='on'])[20]//div[@class='series-list-item--checkbox-wrapper']}
	at sun.reflect.GeneratedConstructorAccessor17.newInstance(Unknown Source)
	at sun.reflect.DelegatingConstructorAccessorImpl.newInstance(DelegatingConstructorAccessorImpl.java:45)
	at java.lang.reflect.Constructor.newInstance(Constructor.java:423)
	at org.openqa.selenium.remote.http.W3CHttpResponseCodec.createException(W3CHttpResponseCodec.java:150)
	at org.openqa.selenium.remote.http.W3CHttpResponseCodec.decode(W3CHttpResponseCodec.java:115)
	at org.openqa.selenium.remote.http.W3CHttpResponseCodec.decode(W3CHttpResponseCodec.java:45)
	at org.openqa.selenium.remote.HttpCommandExecutor.execute(HttpCommandExecutor.java:164)
	at org.openqa.selenium.remote.service.DriverCommandExecutor.execute(DriverCommandExecutor.java:82)
	at org.openqa.selenium.remote.RemoteWebDriver.execute(RemoteWebDriver.java:637)
	at org.openqa.selenium.remote.RemoteWebDriver.findElement(RemoteWebDriver.java:410)
	at org.openqa.selenium.remote.RemoteWebDriver.findElementByXPath(RemoteWebDriver.java:509)
	at org.openqa.selenium.By$ByXPath.findElement(By.java:361)
	at org.openqa.selenium.remote.RemoteWebDriver.findElement(RemoteWebDriver.java:402)
	at CDMNext.util.CommonFunctionality.getElementByXpath(CommonFunctionality.java:513)
	at CDMNext.StepDefinations.Map.select_more_than_series_and_try_to_create_Map_visual(Map.java:438)
	at ✽.And Select more than 300 series and try to create Map visual(Map.feature:1027)
</pre></div>
			
		</li>
		<li test-id='202' class='node then skip' status='skip'>
			
			<b>Then</b>
			
			<span class="bdd-step-name">Then Map should allow max 300 series</span>
				<div class='pre'>skipped</div>
			
		</li>
	</ul>
</div>
<div class='scenario node' test-id='203' status='fail'>
	<div class='category-list'>
		<span class='category label white-text'>@Map1</span>
	</div>
	<span class='duration right label'>0h 1m 34s+364ms</span>
	<div class='desc'>
		<b>Scenario</b>
		<span class="desc-text">TC_Map_115:Edit series - Verify message for selecting more than 300 series</span>
	</div>
	<ul class='steps'>
		<li test-id='204' class='node and fail' status='fail'>
			
			<b>And</b>
			
			<span class="bdd-step-name">And Select more than 300 series and try to create Map visual</span>
				<div class='pre'><pre>org.openqa.selenium.NoSuchElementException: no such element: Unable to locate element: {"method":"xpath","selector":"(//*[@class='series-representation--list']//*[contains(@style,'position')]//*[@unselectable='on'])[20]//div[@class='series-list-item--checkbox-wrapper']"}
  (Session info: chrome=101.0.4951.67)
For documentation on this error, please visit: http://seleniumhq.org/exceptions/no_such_element.html
Build info: version: '3.4.0', revision: 'unknown', time: 'unknown'
System info: host: 'IN-BLR-L008', ip: '192.168.56.1', os.name: 'Windows 10', os.arch: 'amd64', os.version: '10.0', java.version: '1.8.0_202'
Driver info: org.openqa.selenium.chrome.ChromeDriver
Capabilities [{networkConnectionEnabled=false, chrome={chromedriverVersion=100.0.4896.20 (f9d71f93d32a6487809d6f35a9670c879fe97dfe-refs/branch-heads/4896@{#203}), userDataDir=C:\Users\nmaduru\AppData\Local\Temp\scoped_dir18740_439199595}, timeouts={implicit=0.0, pageLoad=300000.0, script=30000.0}, pageLoadStrategy=normal, unhandledPromptBehavior=dismiss and notify, strictFileInteractability=false, platform=ANY, proxy=Proxy(), goog:chromeOptions={debuggerAddress=localhost:64589}, webauthn:extension:credBlob=true, acceptInsecureCerts=true, browserVersion=101.0.4951.67, browserName=chrome, javascriptEnabled=true, platformName=windows, setWindowRect=true, webauthn:extension:largeBlob=true, webauthn:virtualAuthenticators=true}]
Session ID: 45e8d5f54ef9c6d0e7c1716e376b041b
*** Element info: {Using=xpath, value=(//*[@class='series-representation--list']//*[contains(@style,'position')]//*[@unselectable='on'])[20]//div[@class='series-list-item--checkbox-wrapper']}
	at sun.reflect.GeneratedConstructorAccessor17.newInstance(Unknown Source)
	at sun.reflect.DelegatingConstructorAccessorImpl.newInstance(DelegatingConstructorAccessorImpl.java:45)
	at java.lang.reflect.Constructor.newInstance(Constructor.java:423)
	at org.openqa.selenium.remote.http.W3CHttpResponseCodec.createException(W3CHttpResponseCodec.java:150)
	at org.openqa.selenium.remote.http.W3CHttpResponseCodec.decode(W3CHttpResponseCodec.java:115)
	at org.openqa.selenium.remote.http.W3CHttpResponseCodec.decode(W3CHttpResponseCodec.java:45)
	at org.openqa.selenium.remote.HttpCommandExecutor.execute(HttpCommandExecutor.java:164)
	at org.openqa.selenium.remote.service.DriverCommandExecutor.execute(DriverCommandExecutor.java:82)
	at org.openqa.selenium.remote.RemoteWebDriver.execute(RemoteWebDriver.java:637)
	at org.openqa.selenium.remote.RemoteWebDriver.findElement(RemoteWebDriver.java:410)
	at org.openqa.selenium.remote.RemoteWebDriver.findElementByXPath(RemoteWebDriver.java:509)
	at org.openqa.selenium.By$ByXPath.findElement(By.java:361)
	at org.openqa.selenium.remote.RemoteWebDriver.findElement(RemoteWebDriver.java:402)
	at CDMNext.util.CommonFunctionality.getElementByXpath(CommonFunctionality.java:513)
	at CDMNext.StepDefinations.Map.select_more_than_series_and_try_to_create_Map_visual(Map.java:438)
	at ✽.And Select more than 300 series and try to create Map visual(Map.feature:1032)
</pre></div>
			
		</li>
		<li test-id='205' class='node then skip' status='skip'>
			
			<b>Then</b>
			
			<span class="bdd-step-name">Then "You cannot create a map with more than 300 series. Proceed with 300 series?" growl message should be displayed</span>
				<div class='pre'>skipped</div>
			
		</li>
	</ul>
</div>
<div class='scenario node' test-id='206' status='fail'>
	<div class='category-list'>
		<span class='category label white-text'>@Map1</span>
	</div>
	<span class='duration right label'>0h 1m 51s+150ms</span>
	<div class='desc'>
		<b>Scenario</b>
		<span class="desc-text">TC_Map_121:Edit Map -  Verify auto naming for template.</span>
	</div>
	<ul class='steps'>
		<li test-id='207' class='node and pass' status='pass'>
			
			<b>And</b>
			
			<span class="bdd-step-name">And Create a map visual with series id's "16240301;16243001"</span>
				<div class='pre'>passed</div>
			
		</li>
		<li test-id='208' class='node and pass' status='pass'>
			
			<b>And</b>
			
			<span class="bdd-step-name">And Click on "Edit Map"</span>
				<div class='pre'>passed</div>
			
		</li>
		<li test-id='209' class='node and pass' status='pass'>
			
			<b>And</b>
			
			<span class="bdd-step-name">And Make any changes in edit visual</span>
				<div class='pre'>passed</div>
			
		</li>
		<li test-id='210' class='node and pass' status='pass'>
			
			<b>And</b>
			
			<span class="bdd-step-name">And Click on create template icon</span>
				<div class='pre'>passed</div>
			
		</li>
		<li test-id='211' class='node and pass' status='pass'>
			
			<b>And</b>
			
			<span class="bdd-step-name">And Click on green tick mark</span>
				<div class='pre'>passed</div>
			
		</li>
		<li test-id='212' class='node then fail' status='fail'>
			
			<b>Then</b>
			
			<span class="bdd-step-name">Then Auto name should be available as "My template 1"</span>
				<div class='pre'><pre>java.lang.AssertionError: expected [My template 1] but found [My template 4]
	at org.testng.Assert.fail(Assert.java:94)
	at org.testng.Assert.failNotEquals(Assert.java:496)
	at org.testng.Assert.assertEquals(Assert.java:125)
	at org.testng.Assert.assertEquals(Assert.java:178)
	at org.testng.Assert.assertEquals(Assert.java:188)
	at CDMNext.StepDefinations.Map.auto_name_should_be_available_as(Map.java:506)
	at ✽.Then Auto name should be available as "My template 1"(Map.feature:1078)
</pre></div>
			
		</li>
	</ul>
</div>
<div class='scenario node' test-id='213' status='pass'>
	<div class='category-list'>
		<span class='category label white-text'>@Map1</span>
	</div>
	<span class='duration right label'>0h 1m 45s+519ms</span>
	<div class='desc'>
		<b>Scenario</b>
		<span class="desc-text">TC_Map_158:Edit Map - Border - Verify Map color</span>
	</div>
	<ul class='steps'>
		<li test-id='214' class='node and pass' status='pass'>
			
			<b>And</b>
			
			<span class="bdd-step-name">And Create a map visual with series id's "16240301;16243001"</span>
				<div class='pre'>passed</div>
			
		</li>
		<li test-id='215' class='node and pass' status='pass'>
			
			<b>And</b>
			
			<span class="bdd-step-name">And Click on "Edit Map"</span>
				<div class='pre'>passed</div>
			
		</li>
		<li test-id='216' class='node and pass' status='pass'>
			
			<b>And</b>
			
			<span class="bdd-step-name">And Click on Border drop down</span>
				<div class='pre'>passed</div>
			
		</li>
		<li test-id='217' class='node and pass' status='pass'>
			
			<b>And</b>
			
			<span class="bdd-step-name">And Check Map for "Border"</span>
				<div class='pre'>passed</div>
			
		</li>
		<li test-id='218' class='node and pass' status='pass'>
			
			<b>And</b>
			
			<span class="bdd-step-name">And Select color</span>
				<div class='pre'>passed</div>
			
		</li>
		<li test-id='219' class='node then pass' status='pass'>
			
			<b>Then</b>
			
			<span class="bdd-step-name">Then Border should be displayed for "map visual" with selected color</span>
				<div class='pre'>passed</div>
			
		</li>
	</ul>
</div>
<div class='scenario node' test-id='220' status='fail'>
	<div class='category-list'>
		<span class='category label white-text'>@Map1</span>
	</div>
	<span class='duration right label'>0h 1m 51s+832ms</span>
	<div class='desc'>
		<b>Scenario</b>
		<span class="desc-text">TC_Map_159:Edit Map - Border - Verify map width</span>
	</div>
	<ul class='steps'>
		<li test-id='221' class='node and pass' status='pass'>
			
			<b>And</b>
			
			<span class="bdd-step-name">And Create a map visual with series id's "16240301;16243001"</span>
				<div class='pre'>passed</div>
			
		</li>
		<li test-id='222' class='node and pass' status='pass'>
			
			<b>And</b>
			
			<span class="bdd-step-name">And Click on "Edit Map"</span>
				<div class='pre'>passed</div>
			
		</li>
		<li test-id='223' class='node and pass' status='pass'>
			
			<b>And</b>
			
			<span class="bdd-step-name">And Click on Border drop down</span>
				<div class='pre'>passed</div>
			
		</li>
		<li test-id='224' class='node and pass' status='pass'>
			
			<b>And</b>
			
			<span class="bdd-step-name">And Check Map for "Border"</span>
				<div class='pre'>passed</div>
			
		</li>
		<li test-id='225' class='node and pass' status='pass'>
			
			<b>And</b>
			
			<span class="bdd-step-name">And Select Width to 5</span>
				<div class='pre'>passed</div>
			
		</li>
		<li test-id='226' class='node then fail' status='fail'>
			
			<b>Then</b>
			
			<span class="bdd-step-name">Then The map border "Width" should be updated to "5"</span>
				<div class='pre'><pre>org.openqa.selenium.NoSuchElementException: no such element: Unable to locate element: {"method":"xpath","selector":"//div[@class='button button__primary'][text()='Save']"}
  (Session info: chrome=101.0.4951.67)
For documentation on this error, please visit: http://seleniumhq.org/exceptions/no_such_element.html
Build info: version: '3.4.0', revision: 'unknown', time: 'unknown'
System info: host: 'IN-BLR-L008', ip: '192.168.56.1', os.name: 'Windows 10', os.arch: 'amd64', os.version: '10.0', java.version: '1.8.0_202'
Driver info: org.openqa.selenium.chrome.ChromeDriver
Capabilities [{networkConnectionEnabled=false, chrome={chromedriverVersion=100.0.4896.20 (f9d71f93d32a6487809d6f35a9670c879fe97dfe-refs/branch-heads/4896@{#203}), userDataDir=C:\Users\nmaduru\AppData\Local\Temp\scoped_dir18740_439199595}, timeouts={implicit=0.0, pageLoad=300000.0, script=30000.0}, pageLoadStrategy=normal, unhandledPromptBehavior=dismiss and notify, strictFileInteractability=false, platform=ANY, proxy=Proxy(), goog:chromeOptions={debuggerAddress=localhost:64589}, webauthn:extension:credBlob=true, acceptInsecureCerts=true, browserVersion=101.0.4951.67, browserName=chrome, javascriptEnabled=true, platformName=windows, setWindowRect=true, webauthn:extension:largeBlob=true, webauthn:virtualAuthenticators=true}]
Session ID: 45e8d5f54ef9c6d0e7c1716e376b041b
*** Element info: {Using=xpath, value=//div[@class='button button__primary'][text()='Save']}
	at sun.reflect.GeneratedConstructorAccessor17.newInstance(Unknown Source)
	at sun.reflect.DelegatingConstructorAccessorImpl.newInstance(DelegatingConstructorAccessorImpl.java:45)
	at java.lang.reflect.Constructor.newInstance(Constructor.java:423)
	at org.openqa.selenium.remote.http.W3CHttpResponseCodec.createException(W3CHttpResponseCodec.java:150)
	at org.openqa.selenium.remote.http.W3CHttpResponseCodec.decode(W3CHttpResponseCodec.java:115)
	at org.openqa.selenium.remote.http.W3CHttpResponseCodec.decode(W3CHttpResponseCodec.java:45)
	at org.openqa.selenium.remote.HttpCommandExecutor.execute(HttpCommandExecutor.java:164)
	at org.openqa.selenium.remote.service.DriverCommandExecutor.execute(DriverCommandExecutor.java:82)
	at org.openqa.selenium.remote.RemoteWebDriver.execute(RemoteWebDriver.java:637)
	at org.openqa.selenium.remote.RemoteWebDriver.findElement(RemoteWebDriver.java:410)
	at org.openqa.selenium.remote.RemoteWebDriver.findElementByXPath(RemoteWebDriver.java:509)
	at org.openqa.selenium.By$ByXPath.findElement(By.java:361)
	at org.openqa.selenium.remote.RemoteWebDriver.findElement(RemoteWebDriver.java:402)
	at CDMNext.util.CommonFunctionality.getElementByProperty(CommonFunctionality.java:480)
	at CDMNext.StepDefinations.Map.the_map_border_should_be_updated_to(Map.java:553)
	at ✽.Then The map border "Width" should be updated to "5"(Map.feature:1442)
</pre></div>
			
		</li>
	</ul>
</div>
<div class='scenario node' test-id='227' status='fail'>
	<div class='category-list'>
		<span class='category label white-text'>@Map1</span>
	</div>
	<span class='duration right label'>0h 1m 54s+118ms</span>
	<div class='desc'>
		<b>Scenario</b>
		<span class="desc-text">TC_Map_160:Edit Map - Border - Verify map Radius</span>
	</div>
	<ul class='steps'>
		<li test-id='228' class='node and pass' status='pass'>
			
			<b>And</b>
			
			<span class="bdd-step-name">And Create a map visual with series id's "16240301;16243001"</span>
				<div class='pre'>passed</div>
			
		</li>
		<li test-id='229' class='node and pass' status='pass'>
			
			<b>And</b>
			
			<span class="bdd-step-name">And Click on "Edit Map"</span>
				<div class='pre'>passed</div>
			
		</li>
		<li test-id='230' class='node and pass' status='pass'>
			
			<b>And</b>
			
			<span class="bdd-step-name">And Click on Border drop down</span>
				<div class='pre'>passed</div>
			
		</li>
		<li test-id='231' class='node and pass' status='pass'>
			
			<b>And</b>
			
			<span class="bdd-step-name">And Check Map for "Border"</span>
				<div class='pre'>passed</div>
			
		</li>
		<li test-id='232' class='node and pass' status='pass'>
			
			<b>And</b>
			
			<span class="bdd-step-name">And Select Radius as 10</span>
				<div class='pre'>passed</div>
			
		</li>
		<li test-id='233' class='node then fail' status='fail'>
			
			<b>Then</b>
			
			<span class="bdd-step-name">Then Radius should be updated to 10 on map</span>
				<div class='pre'><pre>org.openqa.selenium.NoSuchElementException: no such element: Unable to locate element: {"method":"xpath","selector":"//div[@class='button button__primary'][text()='Save']"}
  (Session info: chrome=101.0.4951.67)
For documentation on this error, please visit: http://seleniumhq.org/exceptions/no_such_element.html
Build info: version: '3.4.0', revision: 'unknown', time: 'unknown'
System info: host: 'IN-BLR-L008', ip: '192.168.56.1', os.name: 'Windows 10', os.arch: 'amd64', os.version: '10.0', java.version: '1.8.0_202'
Driver info: org.openqa.selenium.chrome.ChromeDriver
Capabilities [{networkConnectionEnabled=false, chrome={chromedriverVersion=100.0.4896.20 (f9d71f93d32a6487809d6f35a9670c879fe97dfe-refs/branch-heads/4896@{#203}), userDataDir=C:\Users\nmaduru\AppData\Local\Temp\scoped_dir18740_439199595}, timeouts={implicit=0.0, pageLoad=300000.0, script=30000.0}, pageLoadStrategy=normal, unhandledPromptBehavior=dismiss and notify, strictFileInteractability=false, platform=ANY, proxy=Proxy(), goog:chromeOptions={debuggerAddress=localhost:64589}, webauthn:extension:credBlob=true, acceptInsecureCerts=true, browserVersion=101.0.4951.67, browserName=chrome, javascriptEnabled=true, platformName=windows, setWindowRect=true, webauthn:extension:largeBlob=true, webauthn:virtualAuthenticators=true}]
Session ID: 45e8d5f54ef9c6d0e7c1716e376b041b
*** Element info: {Using=xpath, value=//div[@class='button button__primary'][text()='Save']}
	at sun.reflect.GeneratedConstructorAccessor17.newInstance(Unknown Source)
	at sun.reflect.DelegatingConstructorAccessorImpl.newInstance(DelegatingConstructorAccessorImpl.java:45)
	at java.lang.reflect.Constructor.newInstance(Constructor.java:423)
	at org.openqa.selenium.remote.http.W3CHttpResponseCodec.createException(W3CHttpResponseCodec.java:150)
	at org.openqa.selenium.remote.http.W3CHttpResponseCodec.decode(W3CHttpResponseCodec.java:115)
	at org.openqa.selenium.remote.http.W3CHttpResponseCodec.decode(W3CHttpResponseCodec.java:45)
	at org.openqa.selenium.remote.HttpCommandExecutor.execute(HttpCommandExecutor.java:164)
	at org.openqa.selenium.remote.service.DriverCommandExecutor.execute(DriverCommandExecutor.java:82)
	at org.openqa.selenium.remote.RemoteWebDriver.execute(RemoteWebDriver.java:637)
	at org.openqa.selenium.remote.RemoteWebDriver.findElement(RemoteWebDriver.java:410)
	at org.openqa.selenium.remote.RemoteWebDriver.findElementByXPath(RemoteWebDriver.java:509)
	at org.openqa.selenium.By$ByXPath.findElement(By.java:361)
	at org.openqa.selenium.remote.RemoteWebDriver.findElement(RemoteWebDriver.java:402)
	at CDMNext.util.CommonFunctionality.getElementByProperty(CommonFunctionality.java:480)
	at CDMNext.StepDefinations.Map.radius_should_be_updated_to_on_map(Map.java:566)
	at ✽.Then Radius should be updated to 10 on map(Map.feature:1451)
</pre></div>
			
		</li>
	</ul>
</div>
<div class='scenario node' test-id='234' status='pass'>
	<div class='category-list'>
		<span class='category label white-text'>@Map1</span>
	</div>
	<span class='duration right label'>0h 1m 49s+366ms</span>
	<div class='desc'>
		<b>Scenario</b>
		<span class="desc-text">TC_Map_169:Edit Map - Background - Verify map color</span>
	</div>
	<ul class='steps'>
		<li test-id='235' class='node and pass' status='pass'>
			
			<b>And</b>
			
			<span class="bdd-step-name">And Create a map visual with series id's "16240301;16243001"</span>
				<div class='pre'>passed</div>
			
		</li>
		<li test-id='236' class='node and pass' status='pass'>
			
			<b>And</b>
			
			<span class="bdd-step-name">And Click on "Edit Map"</span>
				<div class='pre'>passed</div>
			
		</li>
		<li test-id='237' class='node and pass' status='pass'>
			
			<b>And</b>
			
			<span class="bdd-step-name">And Click on Background drop down</span>
				<div class='pre'>passed</div>
			
		</li>
		<li test-id='238' class='node and pass' status='pass'>
			
			<b>And</b>
			
			<span class="bdd-step-name">And Check Map for "Background"</span>
				<div class='pre'>passed</div>
			
		</li>
		<li test-id='239' class='node and pass' status='pass'>
			
			<b>And</b>
			
			<span class="bdd-step-name">And Select background color</span>
				<div class='pre'>passed</div>
			
		</li>
		<li test-id='240' class='node then pass' status='pass'>
			
			<b>Then</b>
			
			<span class="bdd-step-name">Then Background should be displayed for "map" with selected color</span>
				<div class='pre'>passed</div>
			
		</li>
	</ul>
</div>
<div class='scenario node' test-id='241' status='pass'>
	<div class='category-list'>
		<span class='category label white-text'>@Map1</span>
	</div>
	<span class='duration right label'>0h 1m 46s+895ms</span>
	<div class='desc'>
		<b>Scenario</b>
		<span class="desc-text">TC_Map_172:Edit Map - Background - Verify visual color</span>
	</div>
	<ul class='steps'>
		<li test-id='242' class='node and pass' status='pass'>
			
			<b>And</b>
			
			<span class="bdd-step-name">And Create a map visual with series id's "16240301;16243001"</span>
				<div class='pre'>passed</div>
			
		</li>
		<li test-id='243' class='node and pass' status='pass'>
			
			<b>And</b>
			
			<span class="bdd-step-name">And Click on "Edit Map"</span>
				<div class='pre'>passed</div>
			
		</li>
		<li test-id='244' class='node and pass' status='pass'>
			
			<b>And</b>
			
			<span class="bdd-step-name">And Click on Background drop down</span>
				<div class='pre'>passed</div>
			
		</li>
		<li test-id='245' class='node and pass' status='pass'>
			
			<b>And</b>
			
			<span class="bdd-step-name">And Check Visual check box</span>
				<div class='pre'>passed</div>
			
		</li>
		<li test-id='246' class='node and pass' status='pass'>
			
			<b>And</b>
			
			<span class="bdd-step-name">And Select color for Visual</span>
				<div class='pre'>passed</div>
			
		</li>
		<li test-id='247' class='node then pass' status='pass'>
			
			<b>Then</b>
			
			<span class="bdd-step-name">Then Background should be displayed for visual with selected color</span>
				<div class='pre'>passed</div>
			
		</li>
	</ul>
</div>
<div class='scenario node' test-id='248' status='pass'>
	<div class='category-list'>
		<span class='category label white-text'>@Map1</span>
	</div>
	<span class='duration right label'>0h 1m 48s+131ms</span>
	<div class='desc'>
		<b>Scenario</b>
		<span class="desc-text">TC_Map_173:Edit Map - Background - Verify image upload for visual</span>
	</div>
	<ul class='steps'>
		<li test-id='249' class='node and pass' status='pass'>
			
			<b>And</b>
			
			<span class="bdd-step-name">And Create a map visual with series id's "16240301;16243001"</span>
				<div class='pre'>passed</div>
			
		</li>
		<li test-id='250' class='node and pass' status='pass'>
			
			<b>And</b>
			
			<span class="bdd-step-name">And Click on "Edit Map"</span>
				<div class='pre'>passed</div>
			
		</li>
		<li test-id='251' class='node and pass' status='pass'>
			
			<b>And</b>
			
			<span class="bdd-step-name">And Click on Background drop down</span>
				<div class='pre'>passed</div>
			
		</li>
		<li test-id='252' class='node and pass' status='pass'>
			
			<b>And</b>
			
			<span class="bdd-step-name">And Check Visual check box</span>
				<div class='pre'>passed</div>
			
		</li>
		<li test-id='253' class='node and pass' status='pass'>
			
			<b>And</b>
			
			<span class="bdd-step-name">And click on Browse > upload image</span>
				<div class='pre'>passed</div>
			
		</li>
		<li test-id='254' class='node then pass' status='pass'>
			
			<b>Then</b>
			
			<span class="bdd-step-name">Then Uploaded image should be displayed in visual background</span>
				<div class='pre'>passed</div>
			
		</li>
	</ul>
</div>
<div class='scenario node' test-id='255' status='pass'>
	<div class='category-list'>
		<span class='category label white-text'>@Map1</span>
	</div>
	<span class='duration right label'>0h 1m 59s+800ms</span>
	<div class='desc'>
		<b>Scenario</b>
		<span class="desc-text">TC_Map_184:Edit Map - Show- Verify Zoom control = uncheck</span>
	</div>
	<ul class='steps'>
		<li test-id='256' class='node and pass' status='pass'>
			
			<b>And</b>
			
			<span class="bdd-step-name">And Create a map visual with series id's "16240301;16243001"</span>
				<div class='pre'>passed</div>
			
		</li>
		<li test-id='257' class='node and pass' status='pass'>
			
			<b>And</b>
			
			<span class="bdd-step-name">And Click on "Edit Map"</span>
				<div class='pre'>passed</div>
			
		</li>
		<li test-id='258' class='node and pass' status='pass'>
			
			<b>And</b>
			
			<span class="bdd-step-name">And UnCheck zoom control checkbox</span>
				<div class='pre'>passed</div>
			
		</li>
		<li test-id='259' class='node then pass' status='pass'>
			
			<b>Then</b>
			
			<span class="bdd-step-name">Then Zooming options will not be displayed for the map visual</span>
				<div class='pre'>passed</div>
			
		</li>
	</ul>
</div>
<div class='scenario node' test-id='260' status='fail'>
	<div class='category-list'>
		<span class='category label white-text'>@Map1</span>
	</div>
	<span class='duration right label'>0h 3m 29s+647ms</span>
	<div class='desc'>
		<b>Scenario</b>
		<span class="desc-text">TC_Map_186:Edit Map - Show- Verify Date selection = uncheck</span>
	</div>
	<ul class='steps'>
		<li test-id='261' class='node and pass' status='pass'>
			
			<b>And</b>
			
			<span class="bdd-step-name">And Create a map visual with series id's "16240301;16243001"</span>
				<div class='pre'>passed</div>
			
		</li>
		<li test-id='262' class='node and pass' status='pass'>
			
			<b>And</b>
			
			<span class="bdd-step-name">And Click on "Edit Map"</span>
				<div class='pre'>passed</div>
			
		</li>
		<li test-id='263' class='node and pass' status='pass'>
			
			<b>And</b>
			
			<span class="bdd-step-name">And UnCheck play control checkbox</span>
				<div class='pre'>passed</div>
			
		</li>
		<li test-id='264' class='node then fail' status='fail'>
			
			<b>Then</b>
			
			<span class="bdd-step-name">Then Date selection checkbox will be not be visible below map visual</span>
				<div class='pre'><pre>org.openqa.selenium.TimeoutException: Expected condition failed: waiting for visibility of element located by By.xpath: date_selection (tried for 100 second(s) with 500 MILLISECONDS interval)
	at org.openqa.selenium.support.ui.WebDriverWait.timeoutException(WebDriverWait.java:80)
	at org.openqa.selenium.support.ui.FluentWait.until(FluentWait.java:232)
	at CDMNext.util.CommonFunctionality.getElementsByXpath(CommonFunctionality.java:518)
	at CDMNext.StepDefinations.Map.date_selection_checkbox_will_be_not_be_visible_below_map_visual(Map.java:746)
	at ✽.Then Date selection checkbox will be not be visible below map visual(Map.feature:1662)
Caused by: org.openqa.selenium.NoSuchElementException: Cannot locate an element using By.xpath: date_selection
For documentation on this error, please visit: http://seleniumhq.org/exceptions/no_such_element.html
Build info: version: '3.4.0', revision: 'unknown', time: 'unknown'
System info: host: 'IN-BLR-L008', ip: '192.168.56.1', os.name: 'Windows 10', os.arch: 'amd64', os.version: '10.0', java.version: '1.8.0_202'
Driver info: driver.version: unknown
	at org.openqa.selenium.support.ui.ExpectedConditions.lambda$findElement$0(ExpectedConditions.java:883)
	at java.util.Optional.orElseThrow(Optional.java:290)
	at org.openqa.selenium.support.ui.ExpectedConditions.findElement(ExpectedConditions.java:882)
	at org.openqa.selenium.support.ui.ExpectedConditions.access$000(ExpectedConditions.java:44)
	at org.openqa.selenium.support.ui.ExpectedConditions$7.apply(ExpectedConditions.java:206)
	at org.openqa.selenium.support.ui.ExpectedConditions$7.apply(ExpectedConditions.java:202)
	at org.openqa.selenium.support.ui.FluentWait.until(FluentWait.java:209)
	at CDMNext.util.CommonFunctionality.getElementsByXpath(CommonFunctionality.java:518)
	at CDMNext.StepDefinations.Map.date_selection_checkbox_will_be_not_be_visible_below_map_visual(Map.java:746)
	at sun.reflect.NativeMethodAccessorImpl.invoke0(Native Method)
	at sun.reflect.NativeMethodAccessorImpl.invoke(NativeMethodAccessorImpl.java:62)
	at sun.reflect.DelegatingMethodAccessorImpl.invoke(DelegatingMethodAccessorImpl.java:43)
	at java.lang.reflect.Method.invoke(Method.java:498)
	at cucumber.runtime.Utils$1.call(Utils.java:40)
	at cucumber.runtime.Timeout.timeout(Timeout.java:16)
	at cucumber.runtime.Utils.invoke(Utils.java:34)
	at cucumber.runtime.java.JavaStepDefinition.execute(JavaStepDefinition.java:38)
	at cucumber.runtime.StepDefinitionMatch.runStep(StepDefinitionMatch.java:37)
	at cucumber.runtime.Runtime.runStep(Runtime.java:300)
	at cucumber.runtime.model.StepContainer.runStep(StepContainer.java:44)
	at cucumber.runtime.model.StepContainer.runSteps(StepContainer.java:39)
	at cucumber.runtime.model.CucumberScenario.run(CucumberScenario.java:44)
	at cucumber.runtime.model.CucumberFeature.run(CucumberFeature.java:165)
	at cucumber.api.testng.TestNGCucumberRunner.runCucumber(TestNGCucumberRunner.java:63)
	at CDMNext.runner.TestRunner.feature(TestRunner.java:54)
	at sun.reflect.NativeMethodAccessorImpl.invoke0(Native Method)
	at sun.reflect.NativeMethodAccessorImpl.invoke(NativeMethodAccessorImpl.java:62)
	at sun.reflect.DelegatingMethodAccessorImpl.invoke(DelegatingMethodAccessorImpl.java:43)
	at java.lang.reflect.Method.invoke(Method.java:498)
	at org.testng.internal.MethodInvocationHelper.invokeMethod(MethodInvocationHelper.java:85)
	at org.testng.internal.Invoker.invokeMethod(Invoker.java:639)
	at org.testng.internal.Invoker.invokeTestMethod(Invoker.java:816)
	at org.testng.internal.Invoker.invokeTestMethods(Invoker.java:1124)
	at org.testng.internal.TestMethodWorker.invokeTestMethods(TestMethodWorker.java:125)
	at org.testng.internal.TestMethodWorker.run(TestMethodWorker.java:108)
	at org.testng.TestRunner.privateRun(TestRunner.java:774)
	at org.testng.TestRunner.run(TestRunner.java:624)
	at org.testng.SuiteRunner.runTest(SuiteRunner.java:359)
	at org.testng.SuiteRunner.runSequentially(SuiteRunner.java:354)
	at org.testng.SuiteRunner.privateRun(SuiteRunner.java:312)
	at org.testng.SuiteRunner.run(SuiteRunner.java:261)
	at org.testng.SuiteRunnerWorker.runSuite(SuiteRunnerWorker.java:52)
	at org.testng.SuiteRunnerWorker.run(SuiteRunnerWorker.java:86)
	at org.testng.TestNG.runSuitesSequentially(TestNG.java:1191)
	at org.testng.TestNG.runSuitesLocally(TestNG.java:1116)
	at org.testng.TestNG.run(TestNG.java:1024)
	at org.testng.remote.AbstractRemoteTestNG.run(AbstractRemoteTestNG.java:114)
	at org.testng.remote.RemoteTestNG.initAndRun(RemoteTestNG.java:251)
	at org.testng.remote.RemoteTestNG.main(RemoteTestNG.java:77)
</pre></div>
			
		</li>
	</ul>
</div>
<div class='scenario node' test-id='265' status='fail'>
	<div class='category-list'>
		<span class='category label white-text'>@Map1</span>
	</div>
	<span class='duration right label'>0h 1m 35s+913ms</span>
	<div class='desc'>
		<b>Scenario</b>
		<span class="desc-text">TC_Map_206:Edit Map - Copyright - Verify text=check.</span>
	</div>
	<ul class='steps'>
		<li test-id='266' class='node and pass' status='pass'>
			
			<b>And</b>
			
			<span class="bdd-step-name">And Create a map visual with series id's "16240301;16243001"</span>
				<div class='pre'>passed</div>
			
		</li>
		<li test-id='267' class='node and pass' status='pass'>
			
			<b>And</b>
			
			<span class="bdd-step-name">And Click on "Edit Map"</span>
				<div class='pre'>passed</div>
			
		</li>
		<li test-id='268' class='node and pass' status='pass'>
			
			<b>And</b>
			
			<span class="bdd-step-name">And Check "Copyright"</span>
				<div class='pre'>passed</div>
			
		</li>
		<li test-id='269' class='node and pass' status='pass'>
			
			<b>And</b>
			
			<span class="bdd-step-name">And Click on "Open advanced settings popup" icon</span>
				<div class='pre'>passed</div>
			
		</li>
		<li test-id='270' class='node and pass' status='pass'>
			
			<b>And</b>
			
			<span class="bdd-step-name">And Select Text radio button from copyright popup</span>
				<div class='pre'>passed</div>
			
		</li>
		<li test-id='271' class='node then fail' status='fail'>
			
			<b>Then</b>
			
			<span class="bdd-step-name">Then The default text should be "Source: CEIC Data"</span>
				<div class='pre'><pre>java.lang.AssertionError: Verification failed
	at org.testng.Assert.fail(Assert.java:94)
	at CDMNext.StepDefinations.Map.the_default_text_should_be(Map.java:839)
	at ✽.Then The default text should be "Source: CEIC Data"(Map.feature:1859)
</pre></div>
			
		</li>
		<li test-id='272' class='node when skip' status='skip'>
			
			<b>When</b>
			
			<span class="bdd-step-name">When Click on "Save"</span>
				<div class='pre'>skipped</div>
			
		</li>
		<li test-id='273' class='node then skip' status='skip'>
			
			<b>Then</b>
			
			<span class="bdd-step-name">Then Copyright text "Source: CEIC Data" should be displayed on visual</span>
				<div class='pre'>skipped</div>
			
		</li>
	</ul>
</div>
					</div>
				</li>
			</ul>
		</div>
	</div>
	<!-- subview left -->

	<div class='subview-right left'>
		<div class='view-summary'>
			<h5 class='test-name'></h5>

			<div id='step-filters' class="right">
				<span class="blue-text" status="info" alt="info" title="info"><i class="material-icons">info_outline</i></span>
				<span class="green-text" status="pass" alt="pass" title="pass"><i class="material-icons">check_circle</i></span>
				<span class="red-text" status="fail" alt="fail" title="fail"><i class="material-icons">cancel</i></span>
				<span class="red-text text-darken-4" status="fatal" alt="fatal" title="fatal"><i class="material-icons">cancel</i></span>
				<span class="pink-text text-lighten-1" status="error" alt="error" title="error"><i class="material-icons">error</i></span>
				<span class="orange-text" alt="warning" status="warning" title="warning"><i class="material-icons">warning</i></span>
				<span class="teal-text" status="skip" alt="skip" title="skip"><i class="material-icons">redo</i></span>
				<span status="clear" alt="Clear filters" title="Clear filters"><i class="material-icons">clear</i></span>
			</div>
		</div>
	</div>
	<!-- subview right -->

</div>
<!-- test view -->
<div id='category-view' class='view hide'>

	<section id='controls'>
		<div class='controls grey lighten-4'>
			<!-- search -->
			<div class='chip transparent' alt='Search Tests' title='Search Tests'>
				<a href="#" class='search-div'>
					<i class='material-icons'>search</i> Search
				</a>
				
				<div class='input-field left hide'>
					<input id='search-tests' type='text' class='validate browser-default' placeholder='Search Tests...'>
				</div>
				
			</div>
			<!-- search -->
		</div>
	</section>

	<div class='subview-left left'>
		
		<div class='view-summary'>
			<h5>Categories</h3>
			<ul id='category-collection' class='category-collection'>
				
				<li class='category displayed active'>
					<div class='category-heading'>
						<span class='category-name'>@Map1</span>
						<span class='category-status right'>
							<span class='label pass'>27</span>
							<span class='label fail'>15</span>
						</span>
					</div>
					<div class='category-content hide'>
						<div class='category-status-counts'>
							<span class='label green accent-4 white-text'>Passed: 27</span>
							<span class='label red lighten-1 white-text'>Failed: 15</span>
							
						</div>
					
						<div class='category-tests'>
							<table class='bordered table-results'>
								<thead>
									<tr>
										<th>Timestamp</th>
										<th>TestName</th>
										<th>Status</th>
									</tr>
								</thead>
								<tbody>
									<tr>
										<td>May 31, 2022 05:49:44 PM</td>
										<td class='linked' test-id='2'>Verifying map visual functionality.TC_Map_08:Verify Series harmonization when visual is created with different frequencies</td>
										<td><span class='test-status pass'>pass</span></td>
									</tr>
									<tr>
										<td>May 31, 2022 05:51:33 PM</td>
										<td class='linked' test-id='5'>Verifying map visual functionality.TC_Map_13: Series harmonization - Verify Missing value method Dropdown = Specific value</td>
										<td><span class='test-status pass'>pass</span></td>
									</tr>
									<tr>
										<td>May 31, 2022 05:53:09 PM</td>
										<td class='linked' test-id='9'>Verifying map visual functionality.TC_Map_14: Series harmonization - Verify "keep different Frequencies"</td>
										<td><span class='test-status pass'>pass</span></td>
									</tr>
									<tr>
										<td>May 31, 2022 05:55:05 PM</td>
										<td class='linked' test-id='13'>Verifying map visual functionality.TC_Map_15: Series harmonization - Verify Apply button</td>
										<td><span class='test-status pass'>pass</span></td>
									</tr>
									<tr>
										<td>May 31, 2022 05:56:43 PM</td>
										<td class='linked' test-id='17'>Verifying map visual functionality.TC_Map_16: Series harmonization - Verify Minimize button</td>
										<td><span class='test-status pass'>pass</span></td>
									</tr>
									<tr>
										<td>May 31, 2022 05:58:22 PM</td>
										<td class='linked' test-id='21'>Verifying map visual functionality.TC_Map_17: Series harmonization - Verify Full -screen button</td>
										<td><span class='test-status pass'>pass</span></td>
									</tr>
									<tr>
										<td>May 31, 2022 06:00:05 PM</td>
										<td class='linked' test-id='24'>Verifying map visual functionality.TC_Map_18: Series harmonization - Verify Close button</td>
										<td><span class='test-status pass'>pass</span></td>
									</tr>
									<tr>
										<td>May 31, 2022 06:01:57 PM</td>
										<td class='linked' test-id='27'>Verifying map visual functionality.TC_Map_19: Empty visual - Verify 'Edit Map' button</td>
										<td><span class='test-status pass'>pass</span></td>
									</tr>
									<tr>
										<td>May 31, 2022 06:03:21 PM</td>
										<td class='linked' test-id='30'>Verifying map visual functionality.TC_Map_41: Rename - Verify 'Replace All' button</td>
										<td><span class='test-status pass'>pass</span></td>
									</tr>
									<tr>
										<td>May 31, 2022 06:05:18 PM</td>
										<td class='linked' test-id='38'>Verifying map visual functionality.TC_Map_46: Rename - Verify 'Function description' selection</td>
										<td><span class='test-status pass'>pass</span></td>
									</tr>
									<tr>
										<td>May 31, 2022 06:07:27 PM</td>
										<td class='linked' test-id='48'>Verifying map visual functionality.TC_Map_48:Rename - Verify editing function description</td>
										<td><span class='test-status pass'>pass</span></td>
									</tr>
									<tr>
										<td>May 31, 2022 06:09:50 PM</td>
										<td class='linked' test-id='60'>Verifying map visual functionality.TC_Map_49:Rename - Verify adding function description</td>
										<td><span class='test-status pass'>pass</span></td>
									</tr>
									<tr>
										<td>May 31, 2022 06:12:12 PM</td>
										<td class='linked' test-id='72'>Verifying map visual functionality.TC_Map_50:Rename - Function discription -Verify Apply original title icon behavior</td>
										<td><span class='test-status pass'>pass</span></td>
									</tr>
									<tr>
										<td>May 31, 2022 06:14:32 PM</td>
										<td class='linked' test-id='84'>Verifying map visual functionality.TC_Map_51:Rename - Function discription - Verify'Apply original title for all series' icon</td>
										<td><span class='test-status pass'>pass</span></td>
									</tr>
									<tr>
										<td>May 31, 2022 06:16:35 PM</td>
										<td class='linked' test-id='95'>Verifying map visual functionality.TC_Map_52:Rename - Function discription - Verify clicking on series name</td>
										<td><span class='test-status pass'>pass</span></td>
									</tr>
									<tr>
										<td>May 31, 2022 06:18:48 PM</td>
										<td class='linked' test-id='106'>Verifying map visual functionality.TC_Map_68:Rename - verify selecting multiple attributes for series name</td>
										<td><span class='test-status fail'>fail</span></td>
									</tr>
									<tr>
										<td>May 31, 2022 06:21:11 PM</td>
										<td class='linked' test-id='113'>Verifying map visual functionality.TC_Map_84:Edit series - Verify hiding function toolbar</td>
										<td><span class='test-status pass'>pass</span></td>
									</tr>
									<tr>
										<td>May 31, 2022 06:23:09 PM</td>
										<td class='linked' test-id='118'>Verifying map visual functionality.TC_Map_85:Edit series - Verify showing the function toolbar</td>
										<td><span class='test-status pass'>pass</span></td>
									</tr>
									<tr>
										<td>May 31, 2022 06:25:06 PM</td>
										<td class='linked' test-id='124'>Verifying map visual functionality.TC_Map_91:Edit series - Verify edit series icon</td>
										<td><span class='test-status pass'>pass</span></td>
									</tr>
									<tr>
										<td>May 31, 2022 06:27:29 PM</td>
										<td class='linked' test-id='129'>Verifying map visual functionality.TC_Map_92:Edit series - Verify Rename option under edit series</td>
										<td><span class='test-status pass'>pass</span></td>
									</tr>
									<tr>
										<td>May 31, 2022 06:29:32 PM</td>
										<td class='linked' test-id='135'>Verifying map visual functionality.TC_Map_93:Edit Histogram - Edit series - Verify Currency option under edit series</td>
										<td><span class='test-status pass'>pass</span></td>
									</tr>
									<tr>
										<td>May 31, 2022 06:31:38 PM</td>
										<td class='linked' test-id='141'>Verifying map visual functionality.TC_Map_94:Edit series - Verify Change option under edit series</td>
										<td><span class='test-status pass'>pass</span></td>
									</tr>
									<tr>
										<td>May 31, 2022 06:33:42 PM</td>
										<td class='linked' test-id='147'>Verifying map visual functionality.TC_Map_95:Edit series - Verify Frequency option under edit series.</td>
										<td><span class='test-status pass'>pass</span></td>
									</tr>
									<tr>
										<td>May 31, 2022 06:35:47 PM</td>
										<td class='linked' test-id='153'>Verifying map visual functionality.TC_Map_102:Edit series - Verify applying currency in series level</td>
										<td><span class='test-status fail'>fail</span></td>
									</tr>
									<tr>
										<td>May 31, 2022 06:37:34 PM</td>
										<td class='linked' test-id='159'>Verifying map visual functionality.TC_Map_103:Edit series - Verify applying function in series level</td>
										<td><span class='test-status fail'>fail</span></td>
									</tr>
									<tr>
										<td>May 31, 2022 06:39:42 PM</td>
										<td class='linked' test-id='166'>Verifying map visual functionality.TC_Map_104:Edit series - Verify multiple functions apply</td>
										<td><span class='test-status fail'>fail</span></td>
									</tr>
									<tr>
										<td>May 31, 2022 06:41:49 PM</td>
										<td class='linked' test-id='173'>Verifying map visual functionality.TC_Map_107:Edit series - Verify removing applied functions</td>
										<td><span class='test-status fail'>fail</span></td>
									</tr>
									<tr>
										<td>May 31, 2022 06:43:57 PM</td>
										<td class='linked' test-id='181'>Verifying map visual functionality.TC_Map_108:Edit series - Verify applied funtion in function toolbar</td>
										<td><span class='test-status fail'>fail</span></td>
									</tr>
									<tr>
										<td>May 31, 2022 06:46:05 PM</td>
										<td class='linked' test-id='188'>Verifying map visual functionality.TC_Map_109:Edit series - Verify applying invalid function for series</td>
										<td><span class='test-status fail'>fail</span></td>
									</tr>
									<tr>
										<td>May 31, 2022 06:48:13 PM</td>
										<td class='linked' test-id='194'>Verifying map visual functionality.TC_Map_113:Edit series - Verify adding series from my series</td>
										<td><span class='test-status fail'>fail</span></td>
									</tr>
									<tr>
										<td>May 31, 2022 06:50:14 PM</td>
										<td class='linked' test-id='200'>Verifying map visual functionality.TC_Map_114:Edit series - Verify max series for Map visual</td>
										<td><span class='test-status fail'>fail</span></td>
									</tr>
									<tr>
										<td>May 31, 2022 06:52:00 PM</td>
										<td class='linked' test-id='203'>Verifying map visual functionality.TC_Map_115:Edit series - Verify message for selecting more than 300 series</td>
										<td><span class='test-status fail'>fail</span></td>
									</tr>
									<tr>
										<td>May 31, 2022 06:53:45 PM</td>
										<td class='linked' test-id='206'>Verifying map visual functionality.TC_Map_121:Edit Map -  Verify auto naming for template.</td>
										<td><span class='test-status fail'>fail</span></td>
									</tr>
									<tr>
										<td>May 31, 2022 06:55:38 PM</td>
										<td class='linked' test-id='213'>Verifying map visual functionality.TC_Map_158:Edit Map - Border - Verify Map color</td>
										<td><span class='test-status pass'>pass</span></td>
									</tr>
									<tr>
										<td>May 31, 2022 06:57:34 PM</td>
										<td class='linked' test-id='220'>Verifying map visual functionality.TC_Map_159:Edit Map - Border - Verify map width</td>
										<td><span class='test-status fail'>fail</span></td>
									</tr>
									<tr>
										<td>May 31, 2022 06:59:28 PM</td>
										<td class='linked' test-id='227'>Verifying map visual functionality.TC_Map_160:Edit Map - Border - Verify map Radius</td>
										<td><span class='test-status fail'>fail</span></td>
									</tr>
									<tr>
										<td>May 31, 2022 07:01:24 PM</td>
										<td class='linked' test-id='234'>Verifying map visual functionality.TC_Map_169:Edit Map - Background - Verify map color</td>
										<td><span class='test-status pass'>pass</span></td>
									</tr>
									<tr>
										<td>May 31, 2022 07:03:23 PM</td>
										<td class='linked' test-id='241'>Verifying map visual functionality.TC_Map_172:Edit Map - Background - Verify visual color</td>
										<td><span class='test-status pass'>pass</span></td>
									</tr>
									<tr>
										<td>May 31, 2022 07:05:20 PM</td>
										<td class='linked' test-id='248'>Verifying map visual functionality.TC_Map_173:Edit Map - Background - Verify image upload for visual</td>
										<td><span class='test-status pass'>pass</span></td>
									</tr>
									<tr>
										<td>May 31, 2022 07:07:19 PM</td>
										<td class='linked' test-id='255'>Verifying map visual functionality.TC_Map_184:Edit Map - Show- Verify Zoom control = uncheck</td>
										<td><span class='test-status pass'>pass</span></td>
									</tr>
									<tr>
										<td>May 31, 2022 07:09:20 PM</td>
										<td class='linked' test-id='260'>Verifying map visual functionality.TC_Map_186:Edit Map - Show- Verify Date selection = uncheck</td>
										<td><span class='test-status fail'>fail</span></td>
									</tr>
									<tr>
										<td>May 31, 2022 07:12:52 PM</td>
										<td class='linked' test-id='265'>Verifying map visual functionality.TC_Map_206:Edit Map - Copyright - Verify text=check.</td>
										<td><span class='test-status fail'>fail</span></td>
									</tr>
								</tbody>
							</table>
						</div>
					</div>
				</li>

			</ul>
		</div>
	</div>

	<div class='subview-right left'>
		<div class='view-summary'>
			<h5 class='category-name'></h5>
		</div>
	</div>
</div>
<!-- category view -->
<div id='exception-view' class='view hide'>

    <section id='controls'>
        <div class='controls grey lighten-4'>
            <!-- search -->
            <div class='chip transparent' alt='Search Tests' title='Search Tests'>
                <a href="#" class='search-div'>
                    <i class='material-icons'>search</i> Search
                </a>

                <div class='input-field left hide'>
                    <input id='search-tests' type='text' class='validate browser-default' placeholder='Search Tests...'>
                </div>

            </div>
            <!-- search -->
        </div>
    </section>

    <div class='subview-left left'>

        <div class='view-summary'>
            <h5>Exceptions</h3>
                <ul id='exception-collection' class='exception-collection'>

                        <li class='exception displayed active'>
                            <div class='exception-heading'>
                                <span class='exception-name'>java.lang.AssertionError</span>
                                <span class='exception-count right'><span class='label red lighten-1 white-text'>3</span></span>
                            </div>
                            <div class='exception-content hide'>
                                <div class='exception-tests'>
                                    <table class='bordered table-results'>
                                        <thead>
                                        <tr>
                                            <th>Timestamp</th>
                                            <th>TestName</th>
                                            <th>Status</th>
                                        </tr>
                                        </thead>
                                        <tbody>
                                                    <tr>
                                                        <td>May 31, 2022 06:20:59 PM</td>
                                                        <td class='linked' test-id='112'>Verifying map visual functionality.TC_Map_68:Rename - verify selecting multiple attributes for series name.Then Selected attributes should be displayed as series name</td>
                                                        <td><pre><pre>java.lang.AssertionError: Verification is failed
	at org.testng.Assert.fail(Assert.java:94)
	at CDMNext.StepDefinations.Histogram.selected_attributes_should_be_displayed_as_series_name(Histogram.java:744)
	at ✽.Then Selected attributes should be displayed as series name(Map.feature:655)
</pre></pre></td>
                                                    </tr>
                                                    <tr>
                                                        <td>May 31, 2022 06:55:33 PM</td>
                                                        <td class='linked' test-id='212'>Verifying map visual functionality.TC_Map_121:Edit Map -  Verify auto naming for template..Then Auto name should be available as "My template 1"</td>
                                                        <td><pre><pre>java.lang.AssertionError: expected [My template 1] but found [My template 4]
	at org.testng.Assert.fail(Assert.java:94)
	at org.testng.Assert.failNotEquals(Assert.java:496)
	at org.testng.Assert.assertEquals(Assert.java:125)
	at org.testng.Assert.assertEquals(Assert.java:178)
	at org.testng.Assert.assertEquals(Assert.java:188)
	at CDMNext.StepDefinations.Map.auto_name_should_be_available_as(Map.java:506)
	at ✽.Then Auto name should be available as "My template 1"(Map.feature:1078)
</pre></pre></td>
                                                    </tr>
                                                    <tr>
                                                        <td>May 31, 2022 07:14:27 PM</td>
                                                        <td class='linked' test-id='271'>Verifying map visual functionality.TC_Map_206:Edit Map - Copyright - Verify text=check..Then The default text should be "Source: CEIC Data"</td>
                                                        <td><pre><pre>java.lang.AssertionError: Verification failed
	at org.testng.Assert.fail(Assert.java:94)
	at CDMNext.StepDefinations.Map.the_default_text_should_be(Map.java:839)
	at ✽.Then The default text should be "Source: CEIC Data"(Map.feature:1859)
</pre></pre></td>
                                                    </tr>
                                        </tbody>
                                    </table>
                                </div>
                            </div>
                        </li>
                        <li class='exception displayed active'>
                            <div class='exception-heading'>
                                <span class='exception-name'>org.openqa.selenium.JavascriptException</span>
                                <span class='exception-count right'><span class='label red lighten-1 white-text'>1</span></span>
                            </div>
                            <div class='exception-content hide'>
                                <div class='exception-tests'>
                                    <table class='bordered table-results'>
                                        <thead>
                                        <tr>
                                            <th>Timestamp</th>
                                            <th>TestName</th>
                                            <th>Status</th>
                                        </tr>
                                        </thead>
                                        <tbody>
                                                    <tr>
                                                        <td>May 31, 2022 06:37:24 PM</td>
                                                        <td class='linked' test-id='156'>Verifying map visual functionality.TC_Map_102:Edit series - Verify applying currency in series level.And Click on currency dropdown in series level</td>
                                                        <td><pre><pre>org.openqa.selenium.JavascriptException: javascript error: Cannot read properties of null (reading 'scrollIntoView')
  (Session info: chrome=101.0.4951.67)
Build info: version: '3.4.0', revision: 'unknown', time: 'unknown'
System info: host: 'IN-BLR-L008', ip: '192.168.56.1', os.name: 'Windows 10', os.arch: 'amd64', os.version: '10.0', java.version: '1.8.0_202'
Driver info: org.openqa.selenium.chrome.ChromeDriver
Capabilities [{networkConnectionEnabled=false, chrome={chromedriverVersion=100.0.4896.20 (f9d71f93d32a6487809d6f35a9670c879fe97dfe-refs/branch-heads/4896@{#203}), userDataDir=C:\Users\nmaduru\AppData\Local\Temp\scoped_dir18740_439199595}, timeouts={implicit=0.0, pageLoad=300000.0, script=30000.0}, pageLoadStrategy=normal, unhandledPromptBehavior=dismiss and notify, strictFileInteractability=false, platform=ANY, proxy=Proxy(), goog:chromeOptions={debuggerAddress=localhost:64589}, webauthn:extension:credBlob=true, acceptInsecureCerts=true, browserVersion=101.0.4951.67, browserName=chrome, javascriptEnabled=true, platformName=windows, setWindowRect=true, webauthn:extension:largeBlob=true, webauthn:virtualAuthenticators=true}]
Session ID: 45e8d5f54ef9c6d0e7c1716e376b041b
	at sun.reflect.NativeConstructorAccessorImpl.newInstance0(Native Method)
	at sun.reflect.NativeConstructorAccessorImpl.newInstance(NativeConstructorAccessorImpl.java:62)
	at sun.reflect.DelegatingConstructorAccessorImpl.newInstance(DelegatingConstructorAccessorImpl.java:45)
	at java.lang.reflect.Constructor.newInstance(Constructor.java:423)
	at org.openqa.selenium.remote.http.W3CHttpResponseCodec.createException(W3CHttpResponseCodec.java:150)
	at org.openqa.selenium.remote.http.W3CHttpResponseCodec.decode(W3CHttpResponseCodec.java:115)
	at org.openqa.selenium.remote.http.W3CHttpResponseCodec.decode(W3CHttpResponseCodec.java:45)
	at org.openqa.selenium.remote.HttpCommandExecutor.execute(HttpCommandExecutor.java:164)
	at org.openqa.selenium.remote.service.DriverCommandExecutor.execute(DriverCommandExecutor.java:82)
	at org.openqa.selenium.remote.RemoteWebDriver.execute(RemoteWebDriver.java:637)
	at org.openqa.selenium.remote.RemoteWebDriver.executeScript(RemoteWebDriver.java:573)
	at CDMNext.StepDefinations.Histogram.click_on_currency_dropdown_in_series_level(Histogram.java:1191)
	at ✽.And Click on currency dropdown in series level(Map.feature:928)
</pre></pre></td>
                                                    </tr>
                                        </tbody>
                                    </table>
                                </div>
                            </div>
                        </li>
                        <li class='exception displayed active'>
                            <div class='exception-heading'>
                                <span class='exception-name'>org.openqa.selenium.NoSuchElementException</span>
                                <span class='exception-count right'><span class='label red lighten-1 white-text'>9</span></span>
                            </div>
                            <div class='exception-content hide'>
                                <div class='exception-tests'>
                                    <table class='bordered table-results'>
                                        <thead>
                                        <tr>
                                            <th>Timestamp</th>
                                            <th>TestName</th>
                                            <th>Status</th>
                                        </tr>
                                        </thead>
                                        <tbody>
                                                    <tr>
                                                        <td>May 31, 2022 06:39:19 PM</td>
                                                        <td class='linked' test-id='162'>Verifying map visual functionality.TC_Map_103:Edit series - Verify applying function in series level.And Click on "Type a function" field in series level</td>
                                                        <td><pre><pre>org.openqa.selenium.NoSuchElementException: no such element: Unable to locate element: {"method":"xpath","selector":"//*[@class='table']/*[1]/*[2]/*[6]//input[@placeholder='Type a function']"}
  (Session info: chrome=101.0.4951.67)
For documentation on this error, please visit: http://seleniumhq.org/exceptions/no_such_element.html
Build info: version: '3.4.0', revision: 'unknown', time: 'unknown'
System info: host: 'IN-BLR-L008', ip: '192.168.56.1', os.name: 'Windows 10', os.arch: 'amd64', os.version: '10.0', java.version: '1.8.0_202'
Driver info: org.openqa.selenium.chrome.ChromeDriver
Capabilities [{networkConnectionEnabled=false, chrome={chromedriverVersion=100.0.4896.20 (f9d71f93d32a6487809d6f35a9670c879fe97dfe-refs/branch-heads/4896@{#203}), userDataDir=C:\Users\nmaduru\AppData\Local\Temp\scoped_dir18740_439199595}, timeouts={implicit=0.0, pageLoad=300000.0, script=30000.0}, pageLoadStrategy=normal, unhandledPromptBehavior=dismiss and notify, strictFileInteractability=false, platform=ANY, proxy=Proxy(), goog:chromeOptions={debuggerAddress=localhost:64589}, webauthn:extension:credBlob=true, acceptInsecureCerts=true, browserVersion=101.0.4951.67, browserName=chrome, javascriptEnabled=true, platformName=windows, setWindowRect=true, webauthn:extension:largeBlob=true, webauthn:virtualAuthenticators=true}]
Session ID: 45e8d5f54ef9c6d0e7c1716e376b041b
*** Element info: {Using=xpath, value=//*[@class='table']/*[1]/*[2]/*[6]//input[@placeholder='Type a function']}
	at sun.reflect.GeneratedConstructorAccessor17.newInstance(Unknown Source)
	at sun.reflect.DelegatingConstructorAccessorImpl.newInstance(DelegatingConstructorAccessorImpl.java:45)
	at java.lang.reflect.Constructor.newInstance(Constructor.java:423)
	at org.openqa.selenium.remote.http.W3CHttpResponseCodec.createException(W3CHttpResponseCodec.java:150)
	at org.openqa.selenium.remote.http.W3CHttpResponseCodec.decode(W3CHttpResponseCodec.java:115)
	at org.openqa.selenium.remote.http.W3CHttpResponseCodec.decode(W3CHttpResponseCodec.java:45)
	at org.openqa.selenium.remote.HttpCommandExecutor.execute(HttpCommandExecutor.java:164)
	at org.openqa.selenium.remote.service.DriverCommandExecutor.execute(DriverCommandExecutor.java:82)
	at org.openqa.selenium.remote.RemoteWebDriver.execute(RemoteWebDriver.java:637)
	at org.openqa.selenium.remote.RemoteWebDriver.findElement(RemoteWebDriver.java:410)
	at org.openqa.selenium.remote.RemoteWebDriver.findElementByXPath(RemoteWebDriver.java:509)
	at org.openqa.selenium.By$ByXPath.findElement(By.java:361)
	at org.openqa.selenium.remote.RemoteWebDriver.findElement(RemoteWebDriver.java:402)
	at CDMNext.util.CommonFunctionality.getElementByXpath(CommonFunctionality.java:513)
	at CDMNext.StepDefinations.Histogram.click_on_field_in_series_level(Histogram.java:1212)
	at ✽.And Click on "Type a function" field in series level(Map.feature:936)
</pre></pre></td>
                                                    </tr>
                                                    <tr>
                                                        <td>May 31, 2022 06:41:27 PM</td>
                                                        <td class='linked' test-id='169'>Verifying map visual functionality.TC_Map_104:Edit series - Verify multiple functions apply.And Click on "Type a function" field in series level</td>
                                                        <td><pre><pre>org.openqa.selenium.NoSuchElementException: no such element: Unable to locate element: {"method":"xpath","selector":"//*[@class='table']/*[1]/*[2]/*[6]//input[@placeholder='Type a function']"}
  (Session info: chrome=101.0.4951.67)
For documentation on this error, please visit: http://seleniumhq.org/exceptions/no_such_element.html
Build info: version: '3.4.0', revision: 'unknown', time: 'unknown'
System info: host: 'IN-BLR-L008', ip: '192.168.56.1', os.name: 'Windows 10', os.arch: 'amd64', os.version: '10.0', java.version: '1.8.0_202'
Driver info: org.openqa.selenium.chrome.ChromeDriver
Capabilities [{networkConnectionEnabled=false, chrome={chromedriverVersion=100.0.4896.20 (f9d71f93d32a6487809d6f35a9670c879fe97dfe-refs/branch-heads/4896@{#203}), userDataDir=C:\Users\nmaduru\AppData\Local\Temp\scoped_dir18740_439199595}, timeouts={implicit=0.0, pageLoad=300000.0, script=30000.0}, pageLoadStrategy=normal, unhandledPromptBehavior=dismiss and notify, strictFileInteractability=false, platform=ANY, proxy=Proxy(), goog:chromeOptions={debuggerAddress=localhost:64589}, webauthn:extension:credBlob=true, acceptInsecureCerts=true, browserVersion=101.0.4951.67, browserName=chrome, javascriptEnabled=true, platformName=windows, setWindowRect=true, webauthn:extension:largeBlob=true, webauthn:virtualAuthenticators=true}]
Session ID: 45e8d5f54ef9c6d0e7c1716e376b041b
*** Element info: {Using=xpath, value=//*[@class='table']/*[1]/*[2]/*[6]//input[@placeholder='Type a function']}
	at sun.reflect.GeneratedConstructorAccessor17.newInstance(Unknown Source)
	at sun.reflect.DelegatingConstructorAccessorImpl.newInstance(DelegatingConstructorAccessorImpl.java:45)
	at java.lang.reflect.Constructor.newInstance(Constructor.java:423)
	at org.openqa.selenium.remote.http.W3CHttpResponseCodec.createException(W3CHttpResponseCodec.java:150)
	at org.openqa.selenium.remote.http.W3CHttpResponseCodec.decode(W3CHttpResponseCodec.java:115)
	at org.openqa.selenium.remote.http.W3CHttpResponseCodec.decode(W3CHttpResponseCodec.java:45)
	at org.openqa.selenium.remote.HttpCommandExecutor.execute(HttpCommandExecutor.java:164)
	at org.openqa.selenium.remote.service.DriverCommandExecutor.execute(DriverCommandExecutor.java:82)
	at org.openqa.selenium.remote.RemoteWebDriver.execute(RemoteWebDriver.java:637)
	at org.openqa.selenium.remote.RemoteWebDriver.findElement(RemoteWebDriver.java:410)
	at org.openqa.selenium.remote.RemoteWebDriver.findElementByXPath(RemoteWebDriver.java:509)
	at org.openqa.selenium.By$ByXPath.findElement(By.java:361)
	at org.openqa.selenium.remote.RemoteWebDriver.findElement(RemoteWebDriver.java:402)
	at CDMNext.util.CommonFunctionality.getElementByXpath(CommonFunctionality.java:513)
	at CDMNext.StepDefinations.Histogram.click_on_field_in_series_level(Histogram.java:1212)
	at ✽.And Click on "Type a function" field in series level(Map.feature:945)
</pre></pre></td>
                                                    </tr>
                                                    <tr>
                                                        <td>May 31, 2022 06:43:35 PM</td>
                                                        <td class='linked' test-id='176'>Verifying map visual functionality.TC_Map_107:Edit series - Verify removing applied functions.And Click on "Type a function" field in series level</td>
                                                        <td><pre><pre>org.openqa.selenium.NoSuchElementException: no such element: Unable to locate element: {"method":"xpath","selector":"//*[@class='table']/*[1]/*[2]/*[6]//input[@placeholder='Type a function']"}
  (Session info: chrome=101.0.4951.67)
For documentation on this error, please visit: http://seleniumhq.org/exceptions/no_such_element.html
Build info: version: '3.4.0', revision: 'unknown', time: 'unknown'
System info: host: 'IN-BLR-L008', ip: '192.168.56.1', os.name: 'Windows 10', os.arch: 'amd64', os.version: '10.0', java.version: '1.8.0_202'
Driver info: org.openqa.selenium.chrome.ChromeDriver
Capabilities [{networkConnectionEnabled=false, chrome={chromedriverVersion=100.0.4896.20 (f9d71f93d32a6487809d6f35a9670c879fe97dfe-refs/branch-heads/4896@{#203}), userDataDir=C:\Users\nmaduru\AppData\Local\Temp\scoped_dir18740_439199595}, timeouts={implicit=0.0, pageLoad=300000.0, script=30000.0}, pageLoadStrategy=normal, unhandledPromptBehavior=dismiss and notify, strictFileInteractability=false, platform=ANY, proxy=Proxy(), goog:chromeOptions={debuggerAddress=localhost:64589}, webauthn:extension:credBlob=true, acceptInsecureCerts=true, browserVersion=101.0.4951.67, browserName=chrome, javascriptEnabled=true, platformName=windows, setWindowRect=true, webauthn:extension:largeBlob=true, webauthn:virtualAuthenticators=true}]
Session ID: 45e8d5f54ef9c6d0e7c1716e376b041b
*** Element info: {Using=xpath, value=//*[@class='table']/*[1]/*[2]/*[6]//input[@placeholder='Type a function']}
	at sun.reflect.GeneratedConstructorAccessor17.newInstance(Unknown Source)
	at sun.reflect.DelegatingConstructorAccessorImpl.newInstance(DelegatingConstructorAccessorImpl.java:45)
	at java.lang.reflect.Constructor.newInstance(Constructor.java:423)
	at org.openqa.selenium.remote.http.W3CHttpResponseCodec.createException(W3CHttpResponseCodec.java:150)
	at org.openqa.selenium.remote.http.W3CHttpResponseCodec.decode(W3CHttpResponseCodec.java:115)
	at org.openqa.selenium.remote.http.W3CHttpResponseCodec.decode(W3CHttpResponseCodec.java:45)
	at org.openqa.selenium.remote.HttpCommandExecutor.execute(HttpCommandExecutor.java:164)
	at org.openqa.selenium.remote.service.DriverCommandExecutor.execute(DriverCommandExecutor.java:82)
	at org.openqa.selenium.remote.RemoteWebDriver.execute(RemoteWebDriver.java:637)
	at org.openqa.selenium.remote.RemoteWebDriver.findElement(RemoteWebDriver.java:410)
	at org.openqa.selenium.remote.RemoteWebDriver.findElementByXPath(RemoteWebDriver.java:509)
	at org.openqa.selenium.By$ByXPath.findElement(By.java:361)
	at org.openqa.selenium.remote.RemoteWebDriver.findElement(RemoteWebDriver.java:402)
	at CDMNext.util.CommonFunctionality.getElementByXpath(CommonFunctionality.java:513)
	at CDMNext.StepDefinations.Histogram.click_on_field_in_series_level(Histogram.java:1212)
	at ✽.And Click on "Type a function" field in series level(Map.feature:971)
</pre></pre></td>
                                                    </tr>
                                                    <tr>
                                                        <td>May 31, 2022 06:45:42 PM</td>
                                                        <td class='linked' test-id='184'>Verifying map visual functionality.TC_Map_108:Edit series - Verify applied funtion in function toolbar.And Click on "Type a function" field in series level</td>
                                                        <td><pre><pre>org.openqa.selenium.NoSuchElementException: no such element: Unable to locate element: {"method":"xpath","selector":"//*[@class='table']/*[1]/*[2]/*[6]//input[@placeholder='Type a function']"}
  (Session info: chrome=101.0.4951.67)
For documentation on this error, please visit: http://seleniumhq.org/exceptions/no_such_element.html
Build info: version: '3.4.0', revision: 'unknown', time: 'unknown'
System info: host: 'IN-BLR-L008', ip: '192.168.56.1', os.name: 'Windows 10', os.arch: 'amd64', os.version: '10.0', java.version: '1.8.0_202'
Driver info: org.openqa.selenium.chrome.ChromeDriver
Capabilities [{networkConnectionEnabled=false, chrome={chromedriverVersion=100.0.4896.20 (f9d71f93d32a6487809d6f35a9670c879fe97dfe-refs/branch-heads/4896@{#203}), userDataDir=C:\Users\nmaduru\AppData\Local\Temp\scoped_dir18740_439199595}, timeouts={implicit=0.0, pageLoad=300000.0, script=30000.0}, pageLoadStrategy=normal, unhandledPromptBehavior=dismiss and notify, strictFileInteractability=false, platform=ANY, proxy=Proxy(), goog:chromeOptions={debuggerAddress=localhost:64589}, webauthn:extension:credBlob=true, acceptInsecureCerts=true, browserVersion=101.0.4951.67, browserName=chrome, javascriptEnabled=true, platformName=windows, setWindowRect=true, webauthn:extension:largeBlob=true, webauthn:virtualAuthenticators=true}]
Session ID: 45e8d5f54ef9c6d0e7c1716e376b041b
*** Element info: {Using=xpath, value=//*[@class='table']/*[1]/*[2]/*[6]//input[@placeholder='Type a function']}
	at sun.reflect.GeneratedConstructorAccessor17.newInstance(Unknown Source)
	at sun.reflect.DelegatingConstructorAccessorImpl.newInstance(DelegatingConstructorAccessorImpl.java:45)
	at java.lang.reflect.Constructor.newInstance(Constructor.java:423)
	at org.openqa.selenium.remote.http.W3CHttpResponseCodec.createException(W3CHttpResponseCodec.java:150)
	at org.openqa.selenium.remote.http.W3CHttpResponseCodec.decode(W3CHttpResponseCodec.java:115)
	at org.openqa.selenium.remote.http.W3CHttpResponseCodec.decode(W3CHttpResponseCodec.java:45)
	at org.openqa.selenium.remote.HttpCommandExecutor.execute(HttpCommandExecutor.java:164)
	at org.openqa.selenium.remote.service.DriverCommandExecutor.execute(DriverCommandExecutor.java:82)
	at org.openqa.selenium.remote.RemoteWebDriver.execute(RemoteWebDriver.java:637)
	at org.openqa.selenium.remote.RemoteWebDriver.findElement(RemoteWebDriver.java:410)
	at org.openqa.selenium.remote.RemoteWebDriver.findElementByXPath(RemoteWebDriver.java:509)
	at org.openqa.selenium.By$ByXPath.findElement(By.java:361)
	at org.openqa.selenium.remote.RemoteWebDriver.findElement(RemoteWebDriver.java:402)
	at CDMNext.util.CommonFunctionality.getElementByXpath(CommonFunctionality.java:513)
	at CDMNext.StepDefinations.Histogram.click_on_field_in_series_level(Histogram.java:1212)
	at ✽.And Click on "Type a function" field in series level(Map.feature:981)
</pre></pre></td>
                                                    </tr>
                                                    <tr>
                                                        <td>May 31, 2022 06:47:50 PM</td>
                                                        <td class='linked' test-id='191'>Verifying map visual functionality.TC_Map_109:Edit series - Verify applying invalid function for series.And Click on "Type a function" field in series level</td>
                                                        <td><pre><pre>org.openqa.selenium.NoSuchElementException: no such element: Unable to locate element: {"method":"xpath","selector":"//*[@class='table']/*[1]/*[2]/*[6]//input[@placeholder='Type a function']"}
  (Session info: chrome=101.0.4951.67)
For documentation on this error, please visit: http://seleniumhq.org/exceptions/no_such_element.html
Build info: version: '3.4.0', revision: 'unknown', time: 'unknown'
System info: host: 'IN-BLR-L008', ip: '192.168.56.1', os.name: 'Windows 10', os.arch: 'amd64', os.version: '10.0', java.version: '1.8.0_202'
Driver info: org.openqa.selenium.chrome.ChromeDriver
Capabilities [{networkConnectionEnabled=false, chrome={chromedriverVersion=100.0.4896.20 (f9d71f93d32a6487809d6f35a9670c879fe97dfe-refs/branch-heads/4896@{#203}), userDataDir=C:\Users\nmaduru\AppData\Local\Temp\scoped_dir18740_439199595}, timeouts={implicit=0.0, pageLoad=300000.0, script=30000.0}, pageLoadStrategy=normal, unhandledPromptBehavior=dismiss and notify, strictFileInteractability=false, platform=ANY, proxy=Proxy(), goog:chromeOptions={debuggerAddress=localhost:64589}, webauthn:extension:credBlob=true, acceptInsecureCerts=true, browserVersion=101.0.4951.67, browserName=chrome, javascriptEnabled=true, platformName=windows, setWindowRect=true, webauthn:extension:largeBlob=true, webauthn:virtualAuthenticators=true}]
Session ID: 45e8d5f54ef9c6d0e7c1716e376b041b
*** Element info: {Using=xpath, value=//*[@class='table']/*[1]/*[2]/*[6]//input[@placeholder='Type a function']}
	at sun.reflect.GeneratedConstructorAccessor17.newInstance(Unknown Source)
	at sun.reflect.DelegatingConstructorAccessorImpl.newInstance(DelegatingConstructorAccessorImpl.java:45)
	at java.lang.reflect.Constructor.newInstance(Constructor.java:423)
	at org.openqa.selenium.remote.http.W3CHttpResponseCodec.createException(W3CHttpResponseCodec.java:150)
	at org.openqa.selenium.remote.http.W3CHttpResponseCodec.decode(W3CHttpResponseCodec.java:115)
	at org.openqa.selenium.remote.http.W3CHttpResponseCodec.decode(W3CHttpResponseCodec.java:45)
	at org.openqa.selenium.remote.HttpCommandExecutor.execute(HttpCommandExecutor.java:164)
	at org.openqa.selenium.remote.service.DriverCommandExecutor.execute(DriverCommandExecutor.java:82)
	at org.openqa.selenium.remote.RemoteWebDriver.execute(RemoteWebDriver.java:637)
	at org.openqa.selenium.remote.RemoteWebDriver.findElement(RemoteWebDriver.java:410)
	at org.openqa.selenium.remote.RemoteWebDriver.findElementByXPath(RemoteWebDriver.java:509)
	at org.openqa.selenium.By$ByXPath.findElement(By.java:361)
	at org.openqa.selenium.remote.RemoteWebDriver.findElement(RemoteWebDriver.java:402)
	at CDMNext.util.CommonFunctionality.getElementByXpath(CommonFunctionality.java:513)
	at CDMNext.StepDefinations.Histogram.click_on_field_in_series_level(Histogram.java:1212)
	at ✽.And Click on "Type a function" field in series level(Map.feature:990)
</pre></pre></td>
                                                    </tr>
                                                    <tr>
                                                        <td>May 31, 2022 06:51:13 PM</td>
                                                        <td class='linked' test-id='201'>Verifying map visual functionality.TC_Map_114:Edit series - Verify max series for Map visual.And Select more than 300 series and try to create Map visual</td>
                                                        <td><pre><pre>org.openqa.selenium.NoSuchElementException: no such element: Unable to locate element: {"method":"xpath","selector":"(//*[@class='series-representation--list']//*[contains(@style,'position')]//*[@unselectable='on'])[20]//div[@class='series-list-item--checkbox-wrapper']"}
  (Session info: chrome=101.0.4951.67)
For documentation on this error, please visit: http://seleniumhq.org/exceptions/no_such_element.html
Build info: version: '3.4.0', revision: 'unknown', time: 'unknown'
System info: host: 'IN-BLR-L008', ip: '192.168.56.1', os.name: 'Windows 10', os.arch: 'amd64', os.version: '10.0', java.version: '1.8.0_202'
Driver info: org.openqa.selenium.chrome.ChromeDriver
Capabilities [{networkConnectionEnabled=false, chrome={chromedriverVersion=100.0.4896.20 (f9d71f93d32a6487809d6f35a9670c879fe97dfe-refs/branch-heads/4896@{#203}), userDataDir=C:\Users\nmaduru\AppData\Local\Temp\scoped_dir18740_439199595}, timeouts={implicit=0.0, pageLoad=300000.0, script=30000.0}, pageLoadStrategy=normal, unhandledPromptBehavior=dismiss and notify, strictFileInteractability=false, platform=ANY, proxy=Proxy(), goog:chromeOptions={debuggerAddress=localhost:64589}, webauthn:extension:credBlob=true, acceptInsecureCerts=true, browserVersion=101.0.4951.67, browserName=chrome, javascriptEnabled=true, platformName=windows, setWindowRect=true, webauthn:extension:largeBlob=true, webauthn:virtualAuthenticators=true}]
Session ID: 45e8d5f54ef9c6d0e7c1716e376b041b
*** Element info: {Using=xpath, value=(//*[@class='series-representation--list']//*[contains(@style,'position')]//*[@unselectable='on'])[20]//div[@class='series-list-item--checkbox-wrapper']}
	at sun.reflect.GeneratedConstructorAccessor17.newInstance(Unknown Source)
	at sun.reflect.DelegatingConstructorAccessorImpl.newInstance(DelegatingConstructorAccessorImpl.java:45)
	at java.lang.reflect.Constructor.newInstance(Constructor.java:423)
	at org.openqa.selenium.remote.http.W3CHttpResponseCodec.createException(W3CHttpResponseCodec.java:150)
	at org.openqa.selenium.remote.http.W3CHttpResponseCodec.decode(W3CHttpResponseCodec.java:115)
	at org.openqa.selenium.remote.http.W3CHttpResponseCodec.decode(W3CHttpResponseCodec.java:45)
	at org.openqa.selenium.remote.HttpCommandExecutor.execute(HttpCommandExecutor.java:164)
	at org.openqa.selenium.remote.service.DriverCommandExecutor.execute(DriverCommandExecutor.java:82)
	at org.openqa.selenium.remote.RemoteWebDriver.execute(RemoteWebDriver.java:637)
	at org.openqa.selenium.remote.RemoteWebDriver.findElement(RemoteWebDriver.java:410)
	at org.openqa.selenium.remote.RemoteWebDriver.findElementByXPath(RemoteWebDriver.java:509)
	at org.openqa.selenium.By$ByXPath.findElement(By.java:361)
	at org.openqa.selenium.remote.RemoteWebDriver.findElement(RemoteWebDriver.java:402)
	at CDMNext.util.CommonFunctionality.getElementByXpath(CommonFunctionality.java:513)
	at CDMNext.StepDefinations.Map.select_more_than_series_and_try_to_create_Map_visual(Map.java:438)
	at ✽.And Select more than 300 series and try to create Map visual(Map.feature:1027)
</pre></pre></td>
                                                    </tr>
                                                    <tr>
                                                        <td>May 31, 2022 06:53:00 PM</td>
                                                        <td class='linked' test-id='204'>Verifying map visual functionality.TC_Map_115:Edit series - Verify message for selecting more than 300 series.And Select more than 300 series and try to create Map visual</td>
                                                        <td><pre><pre>org.openqa.selenium.NoSuchElementException: no such element: Unable to locate element: {"method":"xpath","selector":"(//*[@class='series-representation--list']//*[contains(@style,'position')]//*[@unselectable='on'])[20]//div[@class='series-list-item--checkbox-wrapper']"}
  (Session info: chrome=101.0.4951.67)
For documentation on this error, please visit: http://seleniumhq.org/exceptions/no_such_element.html
Build info: version: '3.4.0', revision: 'unknown', time: 'unknown'
System info: host: 'IN-BLR-L008', ip: '192.168.56.1', os.name: 'Windows 10', os.arch: 'amd64', os.version: '10.0', java.version: '1.8.0_202'
Driver info: org.openqa.selenium.chrome.ChromeDriver
Capabilities [{networkConnectionEnabled=false, chrome={chromedriverVersion=100.0.4896.20 (f9d71f93d32a6487809d6f35a9670c879fe97dfe-refs/branch-heads/4896@{#203}), userDataDir=C:\Users\nmaduru\AppData\Local\Temp\scoped_dir18740_439199595}, timeouts={implicit=0.0, pageLoad=300000.0, script=30000.0}, pageLoadStrategy=normal, unhandledPromptBehavior=dismiss and notify, strictFileInteractability=false, platform=ANY, proxy=Proxy(), goog:chromeOptions={debuggerAddress=localhost:64589}, webauthn:extension:credBlob=true, acceptInsecureCerts=true, browserVersion=101.0.4951.67, browserName=chrome, javascriptEnabled=true, platformName=windows, setWindowRect=true, webauthn:extension:largeBlob=true, webauthn:virtualAuthenticators=true}]
Session ID: 45e8d5f54ef9c6d0e7c1716e376b041b
*** Element info: {Using=xpath, value=(//*[@class='series-representation--list']//*[contains(@style,'position')]//*[@unselectable='on'])[20]//div[@class='series-list-item--checkbox-wrapper']}
	at sun.reflect.GeneratedConstructorAccessor17.newInstance(Unknown Source)
	at sun.reflect.DelegatingConstructorAccessorImpl.newInstance(DelegatingConstructorAccessorImpl.java:45)
	at java.lang.reflect.Constructor.newInstance(Constructor.java:423)
	at org.openqa.selenium.remote.http.W3CHttpResponseCodec.createException(W3CHttpResponseCodec.java:150)
	at org.openqa.selenium.remote.http.W3CHttpResponseCodec.decode(W3CHttpResponseCodec.java:115)
	at org.openqa.selenium.remote.http.W3CHttpResponseCodec.decode(W3CHttpResponseCodec.java:45)
	at org.openqa.selenium.remote.HttpCommandExecutor.execute(HttpCommandExecutor.java:164)
	at org.openqa.selenium.remote.service.DriverCommandExecutor.execute(DriverCommandExecutor.java:82)
	at org.openqa.selenium.remote.RemoteWebDriver.execute(RemoteWebDriver.java:637)
	at org.openqa.selenium.remote.RemoteWebDriver.findElement(RemoteWebDriver.java:410)
	at org.openqa.selenium.remote.RemoteWebDriver.findElementByXPath(RemoteWebDriver.java:509)
	at org.openqa.selenium.By$ByXPath.findElement(By.java:361)
	at org.openqa.selenium.remote.RemoteWebDriver.findElement(RemoteWebDriver.java:402)
	at CDMNext.util.CommonFunctionality.getElementByXpath(CommonFunctionality.java:513)
	at CDMNext.StepDefinations.Map.select_more_than_series_and_try_to_create_Map_visual(Map.java:438)
	at ✽.And Select more than 300 series and try to create Map visual(Map.feature:1032)
</pre></pre></td>
                                                    </tr>
                                                    <tr>
                                                        <td>May 31, 2022 06:59:13 PM</td>
                                                        <td class='linked' test-id='226'>Verifying map visual functionality.TC_Map_159:Edit Map - Border - Verify map width.Then The map border "Width" should be updated to "5"</td>
                                                        <td><pre><pre>org.openqa.selenium.NoSuchElementException: no such element: Unable to locate element: {"method":"xpath","selector":"//div[@class='button button__primary'][text()='Save']"}
  (Session info: chrome=101.0.4951.67)
For documentation on this error, please visit: http://seleniumhq.org/exceptions/no_such_element.html
Build info: version: '3.4.0', revision: 'unknown', time: 'unknown'
System info: host: 'IN-BLR-L008', ip: '192.168.56.1', os.name: 'Windows 10', os.arch: 'amd64', os.version: '10.0', java.version: '1.8.0_202'
Driver info: org.openqa.selenium.chrome.ChromeDriver
Capabilities [{networkConnectionEnabled=false, chrome={chromedriverVersion=100.0.4896.20 (f9d71f93d32a6487809d6f35a9670c879fe97dfe-refs/branch-heads/4896@{#203}), userDataDir=C:\Users\nmaduru\AppData\Local\Temp\scoped_dir18740_439199595}, timeouts={implicit=0.0, pageLoad=300000.0, script=30000.0}, pageLoadStrategy=normal, unhandledPromptBehavior=dismiss and notify, strictFileInteractability=false, platform=ANY, proxy=Proxy(), goog:chromeOptions={debuggerAddress=localhost:64589}, webauthn:extension:credBlob=true, acceptInsecureCerts=true, browserVersion=101.0.4951.67, browserName=chrome, javascriptEnabled=true, platformName=windows, setWindowRect=true, webauthn:extension:largeBlob=true, webauthn:virtualAuthenticators=true}]
Session ID: 45e8d5f54ef9c6d0e7c1716e376b041b
*** Element info: {Using=xpath, value=//div[@class='button button__primary'][text()='Save']}
	at sun.reflect.GeneratedConstructorAccessor17.newInstance(Unknown Source)
	at sun.reflect.DelegatingConstructorAccessorImpl.newInstance(DelegatingConstructorAccessorImpl.java:45)
	at java.lang.reflect.Constructor.newInstance(Constructor.java:423)
	at org.openqa.selenium.remote.http.W3CHttpResponseCodec.createException(W3CHttpResponseCodec.java:150)
	at org.openqa.selenium.remote.http.W3CHttpResponseCodec.decode(W3CHttpResponseCodec.java:115)
	at org.openqa.selenium.remote.http.W3CHttpResponseCodec.decode(W3CHttpResponseCodec.java:45)
	at org.openqa.selenium.remote.HttpCommandExecutor.execute(HttpCommandExecutor.java:164)
	at org.openqa.selenium.remote.service.DriverCommandExecutor.execute(DriverCommandExecutor.java:82)
	at org.openqa.selenium.remote.RemoteWebDriver.execute(RemoteWebDriver.java:637)
	at org.openqa.selenium.remote.RemoteWebDriver.findElement(RemoteWebDriver.java:410)
	at org.openqa.selenium.remote.RemoteWebDriver.findElementByXPath(RemoteWebDriver.java:509)
	at org.openqa.selenium.By$ByXPath.findElement(By.java:361)
	at org.openqa.selenium.remote.RemoteWebDriver.findElement(RemoteWebDriver.java:402)
	at CDMNext.util.CommonFunctionality.getElementByProperty(CommonFunctionality.java:480)
	at CDMNext.StepDefinations.Map.the_map_border_should_be_updated_to(Map.java:553)
	at ✽.Then The map border "Width" should be updated to "5"(Map.feature:1442)
</pre></pre></td>
                                                    </tr>
                                                    <tr>
                                                        <td>May 31, 2022 07:01:09 PM</td>
                                                        <td class='linked' test-id='233'>Verifying map visual functionality.TC_Map_160:Edit Map - Border - Verify map Radius.Then Radius should be updated to 10 on map</td>
                                                        <td><pre><pre>org.openqa.selenium.NoSuchElementException: no such element: Unable to locate element: {"method":"xpath","selector":"//div[@class='button button__primary'][text()='Save']"}
  (Session info: chrome=101.0.4951.67)
For documentation on this error, please visit: http://seleniumhq.org/exceptions/no_such_element.html
Build info: version: '3.4.0', revision: 'unknown', time: 'unknown'
System info: host: 'IN-BLR-L008', ip: '192.168.56.1', os.name: 'Windows 10', os.arch: 'amd64', os.version: '10.0', java.version: '1.8.0_202'
Driver info: org.openqa.selenium.chrome.ChromeDriver
Capabilities [{networkConnectionEnabled=false, chrome={chromedriverVersion=100.0.4896.20 (f9d71f93d32a6487809d6f35a9670c879fe97dfe-refs/branch-heads/4896@{#203}), userDataDir=C:\Users\nmaduru\AppData\Local\Temp\scoped_dir18740_439199595}, timeouts={implicit=0.0, pageLoad=300000.0, script=30000.0}, pageLoadStrategy=normal, unhandledPromptBehavior=dismiss and notify, strictFileInteractability=false, platform=ANY, proxy=Proxy(), goog:chromeOptions={debuggerAddress=localhost:64589}, webauthn:extension:credBlob=true, acceptInsecureCerts=true, browserVersion=101.0.4951.67, browserName=chrome, javascriptEnabled=true, platformName=windows, setWindowRect=true, webauthn:extension:largeBlob=true, webauthn:virtualAuthenticators=true}]
Session ID: 45e8d5f54ef9c6d0e7c1716e376b041b
*** Element info: {Using=xpath, value=//div[@class='button button__primary'][text()='Save']}
	at sun.reflect.GeneratedConstructorAccessor17.newInstance(Unknown Source)
	at sun.reflect.DelegatingConstructorAccessorImpl.newInstance(DelegatingConstructorAccessorImpl.java:45)
	at java.lang.reflect.Constructor.newInstance(Constructor.java:423)
	at org.openqa.selenium.remote.http.W3CHttpResponseCodec.createException(W3CHttpResponseCodec.java:150)
	at org.openqa.selenium.remote.http.W3CHttpResponseCodec.decode(W3CHttpResponseCodec.java:115)
	at org.openqa.selenium.remote.http.W3CHttpResponseCodec.decode(W3CHttpResponseCodec.java:45)
	at org.openqa.selenium.remote.HttpCommandExecutor.execute(HttpCommandExecutor.java:164)
	at org.openqa.selenium.remote.service.DriverCommandExecutor.execute(DriverCommandExecutor.java:82)
	at org.openqa.selenium.remote.RemoteWebDriver.execute(RemoteWebDriver.java:637)
	at org.openqa.selenium.remote.RemoteWebDriver.findElement(RemoteWebDriver.java:410)
	at org.openqa.selenium.remote.RemoteWebDriver.findElementByXPath(RemoteWebDriver.java:509)
	at org.openqa.selenium.By$ByXPath.findElement(By.java:361)
	at org.openqa.selenium.remote.RemoteWebDriver.findElement(RemoteWebDriver.java:402)
	at CDMNext.util.CommonFunctionality.getElementByProperty(CommonFunctionality.java:480)
	at CDMNext.StepDefinations.Map.radius_should_be_updated_to_on_map(Map.java:566)
	at ✽.Then Radius should be updated to 10 on map(Map.feature:1451)
</pre></pre></td>
                                                    </tr>
                                        </tbody>
                                    </table>
                                </div>
                            </div>
                        </li>
                        <li class='exception displayed active'>
                            <div class='exception-heading'>
                                <span class='exception-name'>java.lang.IllegalArgumentException</span>
                                <span class='exception-count right'><span class='label red lighten-1 white-text'>1</span></span>
                            </div>
                            <div class='exception-content hide'>
                                <div class='exception-tests'>
                                    <table class='bordered table-results'>
                                        <thead>
                                        <tr>
                                            <th>Timestamp</th>
                                            <th>TestName</th>
                                            <th>Status</th>
                                        </tr>
                                        </thead>
                                        <tbody>
                                                    <tr>
                                                        <td>May 31, 2022 06:50:02 PM</td>
                                                        <td class='linked' test-id='199'>Verifying map visual functionality.TC_Map_113:Edit series - Verify adding series from my series.Then The selected series should be displayed in Map tab</td>
                                                        <td><pre><pre>java.lang.IllegalArgumentException: Cannot find elements when the XPath expression is null.
	at org.openqa.selenium.By.xpath(By.java:113)
	at CDMNext.util.CommonFunctionality.getElementByProperty(CommonFunctionality.java:480)
	at CDMNext.StepDefinations.Map.the_selected_series_should_be_displayed_in_Map_tab(Map.java:418)
	at ✽.Then The selected series should be displayed in Map tab(Map.feature:1023)
</pre></pre></td>
                                                    </tr>
                                        </tbody>
                                    </table>
                                </div>
                            </div>
                        </li>
                        <li class='exception displayed active'>
                            <div class='exception-heading'>
                                <span class='exception-name'>org.openqa.selenium.TimeoutException</span>
                                <span class='exception-count right'><span class='label red lighten-1 white-text'>1</span></span>
                            </div>
                            <div class='exception-content hide'>
                                <div class='exception-tests'>
                                    <table class='bordered table-results'>
                                        <thead>
                                        <tr>
                                            <th>Timestamp</th>
                                            <th>TestName</th>
                                            <th>Status</th>
                                        </tr>
                                        </thead>
                                        <tbody>
                                                    <tr>
                                                        <td>May 31, 2022 07:11:03 PM</td>
                                                        <td class='linked' test-id='264'>Verifying map visual functionality.TC_Map_186:Edit Map - Show- Verify Date selection = uncheck.Then Date selection checkbox will be not be visible below map visual</td>
                                                        <td><pre><pre>org.openqa.selenium.TimeoutException: Expected condition failed: waiting for visibility of element located by By.xpath: date_selection (tried for 100 second(s) with 500 MILLISECONDS interval)
	at org.openqa.selenium.support.ui.WebDriverWait.timeoutException(WebDriverWait.java:80)
	at org.openqa.selenium.support.ui.FluentWait.until(FluentWait.java:232)
	at CDMNext.util.CommonFunctionality.getElementsByXpath(CommonFunctionality.java:518)
	at CDMNext.StepDefinations.Map.date_selection_checkbox_will_be_not_be_visible_below_map_visual(Map.java:746)
	at ✽.Then Date selection checkbox will be not be visible below map visual(Map.feature:1662)
Caused by: org.openqa.selenium.NoSuchElementException: Cannot locate an element using By.xpath: date_selection
For documentation on this error, please visit: http://seleniumhq.org/exceptions/no_such_element.html
Build info: version: '3.4.0', revision: 'unknown', time: 'unknown'
System info: host: 'IN-BLR-L008', ip: '192.168.56.1', os.name: 'Windows 10', os.arch: 'amd64', os.version: '10.0', java.version: '1.8.0_202'
Driver info: driver.version: unknown
	at org.openqa.selenium.support.ui.ExpectedConditions.lambda$findElement$0(ExpectedConditions.java:883)
	at java.util.Optional.orElseThrow(Optional.java:290)
	at org.openqa.selenium.support.ui.ExpectedConditions.findElement(ExpectedConditions.java:882)
	at org.openqa.selenium.support.ui.ExpectedConditions.access$000(ExpectedConditions.java:44)
	at org.openqa.selenium.support.ui.ExpectedConditions$7.apply(ExpectedConditions.java:206)
	at org.openqa.selenium.support.ui.ExpectedConditions$7.apply(ExpectedConditions.java:202)
	at org.openqa.selenium.support.ui.FluentWait.until(FluentWait.java:209)
	at CDMNext.util.CommonFunctionality.getElementsByXpath(CommonFunctionality.java:518)
	at CDMNext.StepDefinations.Map.date_selection_checkbox_will_be_not_be_visible_below_map_visual(Map.java:746)
	at sun.reflect.NativeMethodAccessorImpl.invoke0(Native Method)
	at sun.reflect.NativeMethodAccessorImpl.invoke(NativeMethodAccessorImpl.java:62)
	at sun.reflect.DelegatingMethodAccessorImpl.invoke(DelegatingMethodAccessorImpl.java:43)
	at java.lang.reflect.Method.invoke(Method.java:498)
	at cucumber.runtime.Utils$1.call(Utils.java:40)
	at cucumber.runtime.Timeout.timeout(Timeout.java:16)
	at cucumber.runtime.Utils.invoke(Utils.java:34)
	at cucumber.runtime.java.JavaStepDefinition.execute(JavaStepDefinition.java:38)
	at cucumber.runtime.StepDefinitionMatch.runStep(StepDefinitionMatch.java:37)
	at cucumber.runtime.Runtime.runStep(Runtime.java:300)
	at cucumber.runtime.model.StepContainer.runStep(StepContainer.java:44)
	at cucumber.runtime.model.StepContainer.runSteps(StepContainer.java:39)
	at cucumber.runtime.model.CucumberScenario.run(CucumberScenario.java:44)
	at cucumber.runtime.model.CucumberFeature.run(CucumberFeature.java:165)
	at cucumber.api.testng.TestNGCucumberRunner.runCucumber(TestNGCucumberRunner.java:63)
	at CDMNext.runner.TestRunner.feature(TestRunner.java:54)
	at sun.reflect.NativeMethodAccessorImpl.invoke0(Native Method)
	at sun.reflect.NativeMethodAccessorImpl.invoke(NativeMethodAccessorImpl.java:62)
	at sun.reflect.DelegatingMethodAccessorImpl.invoke(DelegatingMethodAccessorImpl.java:43)
	at java.lang.reflect.Method.invoke(Method.java:498)
	at org.testng.internal.MethodInvocationHelper.invokeMethod(MethodInvocationHelper.java:85)
	at org.testng.internal.Invoker.invokeMethod(Invoker.java:639)
	at org.testng.internal.Invoker.invokeTestMethod(Invoker.java:816)
	at org.testng.internal.Invoker.invokeTestMethods(Invoker.java:1124)
	at org.testng.internal.TestMethodWorker.invokeTestMethods(TestMethodWorker.java:125)
	at org.testng.internal.TestMethodWorker.run(TestMethodWorker.java:108)
	at org.testng.TestRunner.privateRun(TestRunner.java:774)
	at org.testng.TestRunner.run(TestRunner.java:624)
	at org.testng.SuiteRunner.runTest(SuiteRunner.java:359)
	at org.testng.SuiteRunner.runSequentially(SuiteRunner.java:354)
	at org.testng.SuiteRunner.privateRun(SuiteRunner.java:312)
	at org.testng.SuiteRunner.run(SuiteRunner.java:261)
	at org.testng.SuiteRunnerWorker.runSuite(SuiteRunnerWorker.java:52)
	at org.testng.SuiteRunnerWorker.run(SuiteRunnerWorker.java:86)
	at org.testng.TestNG.runSuitesSequentially(TestNG.java:1191)
	at org.testng.TestNG.runSuitesLocally(TestNG.java:1116)
	at org.testng.TestNG.run(TestNG.java:1024)
	at org.testng.remote.AbstractRemoteTestNG.run(AbstractRemoteTestNG.java:114)
	at org.testng.remote.RemoteTestNG.initAndRun(RemoteTestNG.java:251)
	at org.testng.remote.RemoteTestNG.main(RemoteTestNG.java:77)
</pre></pre></td>
                                                    </tr>
                                        </tbody>
                                    </table>
                                </div>
                            </div>
                        </li>
                </ul>
        </div>
    </div>

    <div class='subview-right left'>
        <div class='view-summary'>
            <h5 class='exception-name'></h5>
        </div>
    </div>
</div>
<!-- exception view -->
<div id='dashboard-view' class='view hide'>
	<div class='card-panel transparent np-v'>
		<h5>Dashboard</h5>

		<div class='row'>
			<div class='col s2'>
				<div class='card-panel r'>
					Features
					<div class='panel-lead'>1</div>
				</div>
			</div>
			<div class='col s2'>
				<div class='card-panel r'>
					Scenarios
					<div class='panel-lead'>42</div>
				</div>
			</div>
			<div class='col s2'>
				<div class='card-panel r'>
					Steps
					<div class='panel-lead'>230</div>
				</div>
			</div>
			<div class='col s2'>
				<div class='card-panel r'>
					Start
					<div class='panel-lead'>May 31, 2022 05:49:44 PM</div>
				</div>
			</div>
			<div class='col s2'>
				<div class='card-panel r'>
			 		End
			 		<div class='panel-lead'>May 31, 2022 07:14:30 PM</div>
				</div>
			</div>
			<div class='col s2'>
				<div class='card-panel r'>
					Time Taken
					<div class='panel-lead'>1h 24m 46s+149ms</div>
				</div>
			</div>
			<div class='col s6'>
				<div class='card-panel dashboard-categories'>
					<span class='right label cyan white-text'>Categories</span><p>&nbsp;</p>
					
					<table>
						<tr>
							<th>Name</th>
							<th>Passed</th>
							<th>Failed</th>
							<th>Others</th>
							<th>Passed %</th>
						</tr>
						<tr>
							<td>@Map1</td>
							<td>27</td>
							<td>15</td>
							<td>0</td>
							<td>
									64.286%
							</td>
						</tr>
					</table>
				</div>
			</div>
		</div>
	</div>
</div>
<!-- dashboard view -->
<!-- testrunner-logs view -->
		</div>
		<!-- container -->

		<script>
			var statusGroup = {
				passParent: 0,
				failParent: 1,
				fatalParent: 0,
				errorParent: 0,
				warningParent: 0,
				skipParent: 0,
				exceptionsParent: 1,
				
				passChild: 27,
				failChild: 15,
				fatalChild: 0,
				errorChild: 0,
				warningChild: 0,
				skipChild: 0,
				infoChild: 0,
				exceptionsChild: 15,
				
				passGrandChild: 194,
				failGrandChild: 15,
				fatalGrandChild: 0,
				errorGrandChild: 0,
				warningGrandChild: 0,
				skipGrandChild: 21,
				infoGrandChild: 0,
				exceptionsGrandChild: 36,
			};
		</script>
		
			<script src='https://cdn.rawgit.com/anshooarora/extentreports-java/fca20fb7653aade98810546ab96a2a4360e3e712/dist/js/extent.js' type='text/javascript'></script>
		
		
 		<script type='text/javascript'>
 		</script>
	</body>
	
</html>
