
<!DOCTYPE html>
<html>


<head>
	<meta charset='utf-8' /> 
	<meta name='description' content='' />
	<meta name='robots' content='noodp, noydir' />
	<meta name='viewport' content='width=device-width, initial-scale=1' />
	<meta id="timeStampFormat" name="timeStampFormat" content='MMM d, yyyy hh:mm:ss a'/>
	
	<link href='https://fonts.googleapis.com/css?family=Source+Sans+Pro:400,600' rel='stylesheet' type='text/css' />
	<link href="https://fonts.googleapis.com/icon?family=Material+Icons" rel="stylesheet" />

		<link href='https://cdn.rawgit.com/anshooarora/extentreports-java/b4a58fcfd1e137bd9287244035a7c80d3d73b3af/dist/css/extent.css' type='text/css' rel='stylesheet' />
	
	<title>ExtentReports</title>

	<style type='text/css'>
	</style>
</head>

	<body class='extent standard default hide-overflow bdd-report'>
		<div id='theme-selector' alt='Click to toggle theme. To enable by default, use theme configuration.' title='Click to toggle theme. To enable by default, use theme configuration.'>
			<span><i class='material-icons'>desktop_windows</i></span>
		</div>

<nav>
	<div class="nav-wrapper">
		<a href="#!" class="brand-logo blue darken-3">Extent</a>

		<!-- slideout menu -->
		<ul id='slide-out' class='side-nav fixed hide-on-med-and-down'>
			<li class='waves-effect active'><a href='#!' view='test-view' onclick="configureView(0);chartsView('test');"><i class='material-icons'>dashboard</i></a></li>
						<li class='waves-effect'><a href='#!' view='category-view' onclick="configureView(1)"><i class='material-icons'>label_outline</i></a></li>
			<li class='waves-effect'><a href='#!' view='exception-view' onclick="configureView(2)"><i class='material-icons'>bug_report</i></a></li>
			<li class='waves-effect'><a href='#!' onclick="configureView(-1);chartsView('dashboard');" view='dashboard-view'><i class='material-icons'>track_changes</i></i></a></li>
		</ul>

		<!-- report name -->
		<span class='report-name'>ExtentReports</span>
		
		<!-- report headline -->
		<span class='report-headline'></span>

		<!-- nav-right -->
		<ul id='nav-mobile' class='right hide-on-med-and-down nav-right'>
			<li>
                <a href='#!'>
                    <span class='label suite-start-time blue darken-3'>May 11, 2022 06:27:53 PM</span>
				</a>
			</li>
			<li>
                <a href='#!'>
                    <span class='label blue darken-3'>3.1.5</span>
				</a>
			</li>
		</ul>
	</div>
</nav>

		<!-- container -->
		<div class='container'>

<div id='test-view' class='view'>
				
	<section id='controls'>
		<div class='controls grey lighten-4'>
			<!-- test toggle -->
			<div class='chip transparent'>
				<a class='dropdown-button tests-toggle' data-activates='tests-toggle' data-constrainwidth='true' data-beloworigin='true' data-hover='true' href='#'>
					<i class='material-icons'>warning</i> Status
				</a>
				<ul id='tests-toggle' class='dropdown-content'>
											<li status='pass'><a href='#!'>Pass <i class='material-icons green-text'>check_circle</i></a></li>
						<li status='fail'><a href='#!'>Fail <i class='material-icons red-text'>cancel</i></a></li>
						<li status='skip'><a href='#!'>Skip <i class='material-icons cyan-text'>redo</i></a></li>
					<li class='divider'></li>
					<li status='clear' clear='true'><a href='#!'>Clear Filters <i class='material-icons'>clear</i></a></li>
				</ul>
			</div>
			<!-- test toggle -->

			<!-- category toggle -->
			<div class='chip transparent'>
				<a class='dropdown-button category-toggle' data-activates='category-toggle' data-constrainwidth='false' data-beloworigin='true' data-hover='true' href='#'>
					<i class='material-icons'>local_offer</i> Category
				</a>
				<ul id='category-toggle' class='dropdown-content'>
					<li><a href='#'>@Attachments</a></li>
					<li class='divider'></li>
					<li class='clear'><a href='#!' clear='true'>Clear Filters</a></li>
				</ul>
			</div>
			<!-- category toggle -->

			<!-- clear filters -->
			<div class='chip transparent hide'>
				<a class='' id='clear-filters' alt='Clear Filters' title='Clear Filters'>
					<i class='material-icons'>close</i> Clear
				</a>
			</div>
			<!-- clear filters -->

			<!-- enable dashboard -->
			<div id='toggle-test-view-charts' class='chip transparent'>
				<a class='pink-text' id='enable-dashboard' alt='Enable Dashboard' title='Enable Dashboard'>
					<i class='material-icons'>track_changes</i> Dashboard
				</a>
			</div>
			<!-- enable dashboard -->

			<!-- search -->
			<div class='chip transparent' alt='Search Tests' title='Search Tests'>
				<a href="#" class='search-div'>
					<i class='material-icons'>search</i> Search
				</a>

				<div class='input-field left hide'>
					<input id='search-tests' type='text' class='validate browser-default' placeholder='Search Tests...'>
				</div>
				
			</div>
			<!-- search -->
		</div>
	</section>


<div id='test-view-charts' class='subview-full'>
	<div id='charts-row' class='row nm-v nm-h'>
		<div class='col s12 m4 l4 np-h'>
			<div class='card-panel nm-v'>
				<div class='left panel-name'>Features</div>
				<div class='chart-box'>
					<canvas id='parent-analysis' width='100' height='80'></canvas>
				</div>
				<div class='block text-small'>
					<span class='tooltipped' data-position='top' data-tooltip='0%'><span class='strong'>0</span> feature(s) passed</span>
				</div>
				<div class='block text-small'>
					<span class='strong tooltipped' data-position='top' data-tooltip='100%'>1</span> feature(s) failed, <span class='strong tooltipped' data-position='top' data-tooltip='0%'>0</span> others
				</div>
			</div>
		</div>
		
		<div class='col s12 m4 l4 np-h'>
			<div class='card-panel nm-v'>
				<div class='left panel-name'>Scenarios</div>
				<div class='chart-box'>
					<canvas id='child-analysis' width='100' height='80'></canvas>
				</div>
				<div class='block text-small'>
					<span class='tooltipped' data-position='top' data-tooltip='78.161%'><span class='strong'>68</span> scenario(s) passed</span>
				</div>
				<div class='block text-small'>
					<span class='strong tooltipped' data-position='top' data-tooltip='21.839%'>19</span> scenario(s) failed, <span class='strong tooltipped' data-position='top' data-tooltip='0%'>0</span> others
				</div>
			</div>
		</div>
		
		<div class='col s12 m4 l4 np-h'>
			<div class='card-panel nm-v'>
				<div class='left panel-name'>Steps</div>
				<div class='chart-box'>
					<canvas id='grandchild-analysis' width='100' height='80'></canvas>
				</div>
				<div class='block text-small'>
					<span class='tooltipped' data-position='top' data-tooltip='90.704%'><span class='strong'>361</span> step(s) passed</span>
				</div>
				<div class='block text-small'>
					<span class='strong tooltipped' data-position='top' data-tooltip='4.774%'>19</span> step(s) failed, <span class='strong tooltipped' data-position='top' data-tooltip='4.523%'>18</span> others
				</div>
			</div>
		</div>
	</div>
</div>

	<div class='subview-left left'>
		
		<div class='view-summary'>
			<h5>Features</h5>
			<ul id='test-collection' class='test-collection'>
				
				
				<li class='test displayed active has-leaf fail' status='fail' bdd='true' test-id='1'>
					<div class='test-heading'>
						<span class='test-name'>Verifying Attachments Visual functionality</span>
						<span class='test-time'>May 11, 2022 06:27:53 PM</span>
						<span class='test-status right fail'>fail</span>
					</div>
					<div class='test-content hide'>
<div class='scenario node' test-id='2' status='pass'>
	<div class='category-list'>
		<span class='category label white-text'>@Attachments</span>
	</div>
	<span class='duration right label'>0h 1m 24s+484ms</span>
	<div class='desc'>
		<b>Scenario</b>
		<span class="desc-text">TC_Attachments_01:Verify 'Insert Attachments' under View tab</span>
	</div>
	<ul class='steps'>
		<li test-id='3' class='node and pass' status='pass'>
			
			<b>And</b>
			
			<span class="bdd-step-name">And Go to View tab</span>
				<div class='pre'>passed</div>
			
		</li>
		<li test-id='4' class='node and pass' status='pass'>
			
			<b>And</b>
			
			<span class="bdd-step-name">And Click on Insert Attachments</span>
				<div class='pre'>passed</div>
			
		</li>
		<li test-id='5' class='node then pass' status='pass'>
			
			<b>Then</b>
			
			<span class="bdd-step-name">Then Attachments should be inserted</span>
				<div class='pre'>passed</div>
			
		</li>
	</ul>
</div>
<div class='scenario node' test-id='6' status='pass'>
	<div class='category-list'>
		<span class='category label white-text'>@Attachments</span>
	</div>
	<span class='duration right label'>0h 1m 3s+385ms</span>
	<div class='desc'>
		<b>Scenario</b>
		<span class="desc-text">TC_Attachments_02:Verify 'Insert Attachments' creating by drag and drop</span>
	</div>
	<ul class='steps'>
		<li test-id='7' class='node and pass' status='pass'>
			
			<b>And</b>
			
			<span class="bdd-step-name">And Go to View tab</span>
				<div class='pre'>passed</div>
			
		</li>
		<li test-id='8' class='node and pass' status='pass'>
			
			<b>And</b>
			
			<span class="bdd-step-name">And Drag and drop Attachments visual to the page</span>
				<div class='pre'>passed</div>
			
		</li>
		<li test-id='9' class='node then pass' status='pass'>
			
			<b>Then</b>
			
			<span class="bdd-step-name">Then Attachments should be inserted</span>
				<div class='pre'>passed</div>
			
		</li>
	</ul>
</div>
<div class='scenario node' test-id='10' status='pass'>
	<div class='category-list'>
		<span class='category label white-text'>@Attachments</span>
	</div>
	<span class='duration right label'>0h 0m 56s+671ms</span>
	<div class='desc'>
		<b>Scenario</b>
		<span class="desc-text">TC_Attachments_03:Title - Verify Title for Attachments</span>
	</div>
	<ul class='steps'>
		<li test-id='11' class='node and pass' status='pass'>
			
			<b>And</b>
			
			<span class="bdd-step-name">And Create a Attachments visual</span>
				<div class='pre'>passed</div>
			
		</li>
		<li test-id='12' class='node and pass' status='pass'>
			
			<b>And</b>
			
			<span class="bdd-step-name">And Click on "Title" option on visual header</span>
				<div class='pre'>passed</div>
			
		</li>
		<li test-id='13' class='node then pass' status='pass'>
			
			<b>Then</b>
			
			<span class="bdd-step-name">Then The "Title" popup should be displayed</span>
				<div class='pre'>passed</div>
			
		</li>
	</ul>
</div>
<div class='scenario node' test-id='14' status='pass'>
	<div class='category-list'>
		<span class='category label white-text'>@Attachments</span>
	</div>
	<span class='duration right label'>0h 0m 58s+824ms</span>
	<div class='desc'>
		<b>Scenario</b>
		<span class="desc-text">TC_Attachments_04:Verify 'Title' display ON</span>
	</div>
	<ul class='steps'>
		<li test-id='15' class='node and pass' status='pass'>
			
			<b>And</b>
			
			<span class="bdd-step-name">And Create a Attachments visual</span>
				<div class='pre'>passed</div>
			
		</li>
		<li test-id='16' class='node and pass' status='pass'>
			
			<b>And</b>
			
			<span class="bdd-step-name">And Click on visual title</span>
				<div class='pre'>passed</div>
			
		</li>
		<li test-id='17' class='node and pass' status='pass'>
			
			<b>And</b>
			
			<span class="bdd-step-name">And Check the box for the title name</span>
				<div class='pre'>passed</div>
			
		</li>
		<li test-id='18' class='node then pass' status='pass'>
			
			<b>Then</b>
			
			<span class="bdd-step-name">Then The title name should reflect on the Attachments</span>
				<div class='pre'>passed</div>
			
		</li>
	</ul>
</div>
<div class='scenario node' test-id='19' status='pass'>
	<div class='category-list'>
		<span class='category label white-text'>@Attachments</span>
	</div>
	<span class='duration right label'>0h 1m 4s+134ms</span>
	<div class='desc'>
		<b>Scenario</b>
		<span class="desc-text">TC_Attachments_05:Verify 'Title' display OFF</span>
	</div>
	<ul class='steps'>
		<li test-id='20' class='node and pass' status='pass'>
			
			<b>And</b>
			
			<span class="bdd-step-name">And Create a Attachments visual</span>
				<div class='pre'>passed</div>
			
		</li>
		<li test-id='21' class='node and pass' status='pass'>
			
			<b>And</b>
			
			<span class="bdd-step-name">And Click on visual title</span>
				<div class='pre'>passed</div>
			
		</li>
		<li test-id='22' class='node and pass' status='pass'>
			
			<b>And</b>
			
			<span class="bdd-step-name">And Uncheck the box for the title name</span>
				<div class='pre'>passed</div>
			
		</li>
		<li test-id='23' class='node then pass' status='pass'>
			
			<b>Then</b>
			
			<span class="bdd-step-name">Then No title name should display for the Attachments</span>
				<div class='pre'>passed</div>
			
		</li>
	</ul>
</div>
<div class='scenario node' test-id='24' status='pass'>
	<div class='category-list'>
		<span class='category label white-text'>@Attachments</span>
	</div>
	<span class='duration right label'>0h 1m 2s+346ms</span>
	<div class='desc'>
		<b>Scenario</b>
		<span class="desc-text">TC_Attachments_06:Verify visual title field</span>
	</div>
	<ul class='steps'>
		<li test-id='25' class='node and pass' status='pass'>
			
			<b>And</b>
			
			<span class="bdd-step-name">And Create a Attachments visual</span>
				<div class='pre'>passed</div>
			
		</li>
		<li test-id='26' class='node and pass' status='pass'>
			
			<b>And</b>
			
			<span class="bdd-step-name">And Click on visual title</span>
				<div class='pre'>passed</div>
			
		</li>
		<li test-id='27' class='node and pass' status='pass'>
			
			<b>And</b>
			
			<span class="bdd-step-name">And Check the box and enter the title name as "New Attachments"</span>
				<div class='pre'>passed</div>
			
		</li>
		<li test-id='28' class='node then pass' status='pass'>
			
			<b>Then</b>
			
			<span class="bdd-step-name">Then The Attachments should update the "title" name to "New Attachments"</span>
				<div class='pre'>passed</div>
			
		</li>
	</ul>
</div>
<div class='scenario node' test-id='29' status='fail'>
	<div class='category-list'>
		<span class='category label white-text'>@Attachments</span>
	</div>
	<span class='duration right label'>0h 1m 1s+381ms</span>
	<div class='desc'>
		<b>Scenario</b>
		<span class="desc-text">TC_Attachments_07:Verify text color</span>
	</div>
	<ul class='steps'>
		<li test-id='30' class='node and pass' status='pass'>
			
			<b>And</b>
			
			<span class="bdd-step-name">And Create a Attachments visual</span>
				<div class='pre'>passed</div>
			
		</li>
		<li test-id='31' class='node and pass' status='pass'>
			
			<b>And</b>
			
			<span class="bdd-step-name">And Click on visual title</span>
				<div class='pre'>passed</div>
			
		</li>
		<li test-id='32' class='node and pass' status='pass'>
			
			<b>And</b>
			
			<span class="bdd-step-name">And Choose text color is blue</span>
				<div class='pre'>passed</div>
			
		</li>
		<li test-id='33' class='node then fail' status='fail'>
			
			<b>Then</b>
			
			<span class="bdd-step-name">Then The Attachments should update the "title" text color as blue</span>
				<div class='pre'><textarea>java.lang.NullPointerException
	at java.util.regex.Matcher.getTextLength(Matcher.java:1283)
	at java.util.regex.Matcher.reset(Matcher.java:309)
	at java.util.regex.Matcher.<init>(Matcher.java:229)
	at java.util.regex.Pattern.matcher(Pattern.java:1093)
	at org.openqa.selenium.support.Color$Converter.getColor(Color.java:127)
	at org.openqa.selenium.support.Color.fromString(Color.java:47)
	at CDMNext.StepDefinations.Commentary.ColorValidation(Commentary.java:2173)
	at CDMNext.StepDefinations.Attachments.the_Attachments_should_update_the_text_color_as_blue(Attachments.java:87)
	at ✽.Then The Attachments should update the "title" text color as blue(Attachments.feature:47)
</textarea></div>
			
		</li>
	</ul>
</div>
<div class='scenario node' test-id='34' status='fail'>
	<div class='category-list'>
		<span class='category label white-text'>@Attachments</span>
	</div>
	<span class='duration right label'>0h 1m 1s+339ms</span>
	<div class='desc'>
		<b>Scenario</b>
		<span class="desc-text">TC_Attachments_08:Verify highlight color</span>
	</div>
	<ul class='steps'>
		<li test-id='35' class='node and pass' status='pass'>
			
			<b>And</b>
			
			<span class="bdd-step-name">And Create a Attachments visual</span>
				<div class='pre'>passed</div>
			
		</li>
		<li test-id='36' class='node and pass' status='pass'>
			
			<b>And</b>
			
			<span class="bdd-step-name">And Click on visual title</span>
				<div class='pre'>passed</div>
			
		</li>
		<li test-id='37' class='node and pass' status='pass'>
			
			<b>And</b>
			
			<span class="bdd-step-name">And Choose highlight color is Orange</span>
				<div class='pre'>passed</div>
			
		</li>
		<li test-id='38' class='node then fail' status='fail'>
			
			<b>Then</b>
			
			<span class="bdd-step-name">Then The Attachments should update the "title" highlight color as Orange</span>
				<div class='pre'><textarea>java.lang.NullPointerException
	at java.util.regex.Matcher.getTextLength(Matcher.java:1283)
	at java.util.regex.Matcher.reset(Matcher.java:309)
	at java.util.regex.Matcher.<init>(Matcher.java:229)
	at java.util.regex.Pattern.matcher(Pattern.java:1093)
	at org.openqa.selenium.support.Color$Converter.getColor(Color.java:127)
	at org.openqa.selenium.support.Color.fromString(Color.java:47)
	at CDMNext.StepDefinations.Commentary.ColorValidation(Commentary.java:2173)
	at CDMNext.StepDefinations.Attachments.the_Attachments_should_update_the_highlight_color_as_Orange(Attachments.java:95)
	at ✽.Then The Attachments should update the "title" highlight color as Orange(Attachments.feature:54)
</textarea></div>
			
		</li>
	</ul>
</div>
<div class='scenario node' test-id='39' status='pass'>
	<div class='category-list'>
		<span class='category label white-text'>@Attachments</span>
	</div>
	<span class='duration right label'>0h 1m 9s+506ms</span>
	<div class='desc'>
		<b>Scenario</b>
		<span class="desc-text">TC_Attachments_09:Verify 'font size'</span>
	</div>
	<ul class='steps'>
		<li test-id='40' class='node and pass' status='pass'>
			
			<b>And</b>
			
			<span class="bdd-step-name">And Create a Attachments visual</span>
				<div class='pre'>passed</div>
			
		</li>
		<li test-id='41' class='node and pass' status='pass'>
			
			<b>And</b>
			
			<span class="bdd-step-name">And Click on visual title</span>
				<div class='pre'>passed</div>
			
		</li>
		<li test-id='42' class='node and pass' status='pass'>
			
			<b>And</b>
			
			<span class="bdd-step-name">And Choose "20" from the drop-down for the font size</span>
				<div class='pre'>passed</div>
			
		</li>
		<li test-id='43' class='node then pass' status='pass'>
			
			<b>Then</b>
			
			<span class="bdd-step-name">Then The Attachments should update the "title" font as "20"</span>
				<div class='pre'>passed</div>
			
		</li>
	</ul>
</div>
<div class='scenario node' test-id='44' status='pass'>
	<div class='category-list'>
		<span class='category label white-text'>@Attachments</span>
	</div>
	<span class='duration right label'>0h 0m 54s+900ms</span>
	<div class='desc'>
		<b>Scenario</b>
		<span class="desc-text">TC_Attachments_10:Verify title in bold style</span>
	</div>
	<ul class='steps'>
		<li test-id='45' class='node and pass' status='pass'>
			
			<b>And</b>
			
			<span class="bdd-step-name">And Create a Attachments visual</span>
				<div class='pre'>passed</div>
			
		</li>
		<li test-id='46' class='node and pass' status='pass'>
			
			<b>And</b>
			
			<span class="bdd-step-name">And Click on visual title</span>
				<div class='pre'>passed</div>
			
		</li>
		<li test-id='47' class='node and pass' status='pass'>
			
			<b>And</b>
			
			<span class="bdd-step-name">And Click on Bold icon for "title"</span>
				<div class='pre'>passed</div>
			
		</li>
		<li test-id='48' class='node then pass' status='pass'>
			
			<b>Then</b>
			
			<span class="bdd-step-name">Then The visual "title" should be in bold style</span>
				<div class='pre'>passed</div>
			
		</li>
	</ul>
</div>
<div class='scenario node' test-id='49' status='pass'>
	<div class='category-list'>
		<span class='category label white-text'>@Attachments</span>
	</div>
	<span class='duration right label'>0h 0m 57s+16ms</span>
	<div class='desc'>
		<b>Scenario</b>
		<span class="desc-text">TC_Attachments_11:Verify title in Italic style</span>
	</div>
	<ul class='steps'>
		<li test-id='50' class='node and pass' status='pass'>
			
			<b>And</b>
			
			<span class="bdd-step-name">And Create a Attachments visual</span>
				<div class='pre'>passed</div>
			
		</li>
		<li test-id='51' class='node and pass' status='pass'>
			
			<b>And</b>
			
			<span class="bdd-step-name">And Click on visual title</span>
				<div class='pre'>passed</div>
			
		</li>
		<li test-id='52' class='node and pass' status='pass'>
			
			<b>And</b>
			
			<span class="bdd-step-name">And Click on Italic under style</span>
				<div class='pre'>passed</div>
			
		</li>
		<li test-id='53' class='node then pass' status='pass'>
			
			<b>Then</b>
			
			<span class="bdd-step-name">Then The visual "title" should be "italic"</span>
				<div class='pre'>passed</div>
			
		</li>
	</ul>
</div>
<div class='scenario node' test-id='54' status='pass'>
	<div class='category-list'>
		<span class='category label white-text'>@Attachments</span>
	</div>
	<span class='duration right label'>0h 0m 56s+978ms</span>
	<div class='desc'>
		<b>Scenario</b>
		<span class="desc-text">TC_Attachments_12:Verify title as underlined</span>
	</div>
	<ul class='steps'>
		<li test-id='55' class='node and pass' status='pass'>
			
			<b>And</b>
			
			<span class="bdd-step-name">And Create a Attachments visual</span>
				<div class='pre'>passed</div>
			
		</li>
		<li test-id='56' class='node and pass' status='pass'>
			
			<b>And</b>
			
			<span class="bdd-step-name">And Click on visual title</span>
				<div class='pre'>passed</div>
			
		</li>
		<li test-id='57' class='node and pass' status='pass'>
			
			<b>And</b>
			
			<span class="bdd-step-name">And Click on Underline icon for "title"</span>
				<div class='pre'>passed</div>
			
		</li>
		<li test-id='58' class='node then pass' status='pass'>
			
			<b>Then</b>
			
			<span class="bdd-step-name">Then The visual "title" should be "underline"</span>
				<div class='pre'>passed</div>
			
		</li>
	</ul>
</div>
<div class='scenario node' test-id='59' status='pass'>
	<div class='category-list'>
		<span class='category label white-text'>@Attachments</span>
	</div>
	<span class='duration right label'>0h 1m 3s+762ms</span>
	<div class='desc'>
		<b>Scenario</b>
		<span class="desc-text">TC_Attachments_13:Verify horizontal alignment (left, right, center)</span>
	</div>
	<ul class='steps'>
		<li test-id='60' class='node and pass' status='pass'>
			
			<b>And</b>
			
			<span class="bdd-step-name">And Create a Attachments visual</span>
				<div class='pre'>passed</div>
			
		</li>
		<li test-id='61' class='node and pass' status='pass'>
			
			<b>And</b>
			
			<span class="bdd-step-name">And Click on visual title</span>
				<div class='pre'>passed</div>
			
		</li>
		<li test-id='62' class='node and pass' status='pass'>
			
			<b>And</b>
			
			<span class="bdd-step-name">And Click on left,center and right alignment for title</span>
				<div class='pre'>passed</div>
			
		</li>
		<li test-id='63' class='node then pass' status='pass'>
			
			<b>Then</b>
			
			<span class="bdd-step-name">Then The title should align to "left" , "center" and "right" as user set</span>
				<div class='pre'>passed</div>
			
		</li>
	</ul>
</div>
<div class='scenario node' test-id='64' status='pass'>
	<div class='category-list'>
		<span class='category label white-text'>@Attachments</span>
	</div>
	<span class='duration right label'>0h 0m 55s+724ms</span>
	<div class='desc'>
		<b>Scenario</b>
		<span class="desc-text">TC_Attachments_14:Subtitle - Verify subtitle by default</span>
	</div>
	<ul class='steps'>
		<li test-id='65' class='node and pass' status='pass'>
			
			<b>And</b>
			
			<span class="bdd-step-name">And Create a Attachments visual</span>
				<div class='pre'>passed</div>
			
		</li>
		<li test-id='66' class='node and pass' status='pass'>
			
			<b>And</b>
			
			<span class="bdd-step-name">And Click on visual title</span>
				<div class='pre'>passed</div>
			
		</li>
		<li test-id='67' class='node and pass' status='pass'>
			
			<b>And</b>
			
			<span class="bdd-step-name">And Expand subtitle</span>
				<div class='pre'>passed</div>
			
		</li>
		<li test-id='68' class='node then pass' status='pass'>
			
			<b>Then</b>
			
			<span class="bdd-step-name">Then The Subtitle should be disabled by default</span>
				<div class='pre'>passed</div>
			
		</li>
	</ul>
</div>
<div class='scenario node' test-id='69' status='pass'>
	<div class='category-list'>
		<span class='category label white-text'>@Attachments</span>
	</div>
	<span class='duration right label'>0h 1m 7s+209ms</span>
	<div class='desc'>
		<b>Scenario</b>
		<span class="desc-text">TC_Attachments_15:Attachments subtitle display=YES</span>
	</div>
	<ul class='steps'>
		<li test-id='70' class='node and pass' status='pass'>
			
			<b>And</b>
			
			<span class="bdd-step-name">And Create a Attachments visual</span>
				<div class='pre'>passed</div>
			
		</li>
		<li test-id='71' class='node and pass' status='pass'>
			
			<b>And</b>
			
			<span class="bdd-step-name">And Click on visual title</span>
				<div class='pre'>passed</div>
			
		</li>
		<li test-id='72' class='node and pass' status='pass'>
			
			<b>And</b>
			
			<span class="bdd-step-name">And Check the box for sub-title</span>
				<div class='pre'>passed</div>
			
		</li>
		<li test-id='73' class='node then pass' status='pass'>
			
			<b>Then</b>
			
			<span class="bdd-step-name">Then The "Sub title" should reflect on the Attachments</span>
				<div class='pre'>passed</div>
			
		</li>
	</ul>
</div>
<div class='scenario node' test-id='74' status='pass'>
	<div class='category-list'>
		<span class='category label white-text'>@Attachments</span>
	</div>
	<span class='duration right label'>0h 1m 0s+261ms</span>
	<div class='desc'>
		<b>Scenario</b>
		<span class="desc-text">TC_Attachments_16:Attachments subtitle display=NO</span>
	</div>
	<ul class='steps'>
		<li test-id='75' class='node and pass' status='pass'>
			
			<b>And</b>
			
			<span class="bdd-step-name">And Create a Attachments visual</span>
				<div class='pre'>passed</div>
			
		</li>
		<li test-id='76' class='node and pass' status='pass'>
			
			<b>And</b>
			
			<span class="bdd-step-name">And Click on visual title</span>
				<div class='pre'>passed</div>
			
		</li>
		<li test-id='77' class='node and pass' status='pass'>
			
			<b>And</b>
			
			<span class="bdd-step-name">And Uncheck the box for sub-title</span>
				<div class='pre'>passed</div>
			
		</li>
		<li test-id='78' class='node then pass' status='pass'>
			
			<b>Then</b>
			
			<span class="bdd-step-name">Then No sub-title name should be displayed</span>
				<div class='pre'>passed</div>
			
		</li>
	</ul>
</div>
<div class='scenario node' test-id='79' status='pass'>
	<div class='category-list'>
		<span class='category label white-text'>@Attachments</span>
	</div>
	<span class='duration right label'>0h 1m 11s+516ms</span>
	<div class='desc'>
		<b>Scenario</b>
		<span class="desc-text">TC_Attachments_17:Sub-title field</span>
	</div>
	<ul class='steps'>
		<li test-id='80' class='node and pass' status='pass'>
			
			<b>And</b>
			
			<span class="bdd-step-name">And Create a Attachments visual</span>
				<div class='pre'>passed</div>
			
		</li>
		<li test-id='81' class='node and pass' status='pass'>
			
			<b>And</b>
			
			<span class="bdd-step-name">And Click on visual title</span>
				<div class='pre'>passed</div>
			
		</li>
		<li test-id='82' class='node and pass' status='pass'>
			
			<b>And</b>
			
			<span class="bdd-step-name">And Check the box and enter the sub-title name as "New subtitle"</span>
				<div class='pre'>passed</div>
			
		</li>
		<li test-id='83' class='node then pass' status='pass'>
			
			<b>Then</b>
			
			<span class="bdd-step-name">Then The Attachments should update the "sub_title" name to "New subtitle"</span>
				<div class='pre'>passed</div>
			
		</li>
	</ul>
</div>
<div class='scenario node' test-id='84' status='fail'>
	<div class='category-list'>
		<span class='category label white-text'>@Attachments</span>
	</div>
	<span class='duration right label'>0h 1m 14s+83ms</span>
	<div class='desc'>
		<b>Scenario</b>
		<span class="desc-text">TC_Attachments_18:Verify Sub-title text color</span>
	</div>
	<ul class='steps'>
		<li test-id='85' class='node and pass' status='pass'>
			
			<b>And</b>
			
			<span class="bdd-step-name">And Create a Attachments visual</span>
				<div class='pre'>passed</div>
			
		</li>
		<li test-id='86' class='node and pass' status='pass'>
			
			<b>And</b>
			
			<span class="bdd-step-name">And Click on visual title</span>
				<div class='pre'>passed</div>
			
		</li>
		<li test-id='87' class='node and pass' status='pass'>
			
			<b>And</b>
			
			<span class="bdd-step-name">And Choose text color is blue for subtitle</span>
				<div class='pre'>passed</div>
			
		</li>
		<li test-id='88' class='node then fail' status='fail'>
			
			<b>Then</b>
			
			<span class="bdd-step-name">Then The Attachments should update the "sub_title" text color as blue</span>
				<div class='pre'><textarea>java.lang.NullPointerException
	at java.util.regex.Matcher.getTextLength(Matcher.java:1283)
	at java.util.regex.Matcher.reset(Matcher.java:309)
	at java.util.regex.Matcher.<init>(Matcher.java:229)
	at java.util.regex.Pattern.matcher(Pattern.java:1093)
	at org.openqa.selenium.support.Color$Converter.getColor(Color.java:127)
	at org.openqa.selenium.support.Color.fromString(Color.java:47)
	at CDMNext.StepDefinations.Commentary.ColorValidation(Commentary.java:2173)
	at CDMNext.StepDefinations.Attachments.the_Attachments_should_update_the_text_color_as_blue(Attachments.java:87)
	at ✽.Then The Attachments should update the "sub_title" text color as blue(Attachments.feature:124)
</textarea></div>
			
		</li>
	</ul>
</div>
<div class='scenario node' test-id='89' status='fail'>
	<div class='category-list'>
		<span class='category label white-text'>@Attachments</span>
	</div>
	<span class='duration right label'>0h 1m 7s+559ms</span>
	<div class='desc'>
		<b>Scenario</b>
		<span class="desc-text">TC_Attachments_19:Subtitle > Verify highlight color</span>
	</div>
	<ul class='steps'>
		<li test-id='90' class='node and pass' status='pass'>
			
			<b>And</b>
			
			<span class="bdd-step-name">And Create a Attachments visual</span>
				<div class='pre'>passed</div>
			
		</li>
		<li test-id='91' class='node and pass' status='pass'>
			
			<b>And</b>
			
			<span class="bdd-step-name">And Click on visual title</span>
				<div class='pre'>passed</div>
			
		</li>
		<li test-id='92' class='node and pass' status='pass'>
			
			<b>And</b>
			
			<span class="bdd-step-name">And Choose highlight color is Orange for subtitle</span>
				<div class='pre'>passed</div>
			
		</li>
		<li test-id='93' class='node then fail' status='fail'>
			
			<b>Then</b>
			
			<span class="bdd-step-name">Then The Attachments should update the "sub_title" highlight color as Orange</span>
				<div class='pre'><pre>java.lang.NullPointerException
</pre></div>
			
		</li>
	</ul>
</div>
<div class='scenario node' test-id='94' status='pass'>
	<div class='category-list'>
		<span class='category label white-text'>@Attachments</span>
	</div>
	<span class='duration right label'>0h 1m 24s+241ms</span>
	<div class='desc'>
		<b>Scenario</b>
		<span class="desc-text">TC_Attachments_20:Subtitle > Verify 'font size'</span>
	</div>
	<ul class='steps'>
		<li test-id='95' class='node and pass' status='pass'>
			
			<b>And</b>
			
			<span class="bdd-step-name">And Create a Attachments visual</span>
				<div class='pre'>passed</div>
			
		</li>
		<li test-id='96' class='node and pass' status='pass'>
			
			<b>And</b>
			
			<span class="bdd-step-name">And Click on visual title</span>
				<div class='pre'>passed</div>
			
		</li>
		<li test-id='97' class='node and pass' status='pass'>
			
			<b>And</b>
			
			<span class="bdd-step-name">And Choose "10" from the drop-down for the font size of subtitle</span>
				<div class='pre'>passed</div>
			
		</li>
		<li test-id='98' class='node then pass' status='pass'>
			
			<b>Then</b>
			
			<span class="bdd-step-name">Then The Attachments should update the "sub_title" font as "10"</span>
				<div class='pre'>passed</div>
			
		</li>
	</ul>
</div>
<div class='scenario node' test-id='99' status='pass'>
	<div class='category-list'>
		<span class='category label white-text'>@Attachments</span>
	</div>
	<span class='duration right label'>0h 1m 0s+440ms</span>
	<div class='desc'>
		<b>Scenario</b>
		<span class="desc-text">TC_Attachments_21:Verify Subtitle in bold style</span>
	</div>
	<ul class='steps'>
		<li test-id='100' class='node and pass' status='pass'>
			
			<b>And</b>
			
			<span class="bdd-step-name">And Create a Attachments visual</span>
				<div class='pre'>passed</div>
			
		</li>
		<li test-id='101' class='node and pass' status='pass'>
			
			<b>And</b>
			
			<span class="bdd-step-name">And Click on visual title</span>
				<div class='pre'>passed</div>
			
		</li>
		<li test-id='102' class='node and pass' status='pass'>
			
			<b>And</b>
			
			<span class="bdd-step-name">And Click on B under style for sub-title</span>
				<div class='pre'>passed</div>
			
		</li>
		<li test-id='103' class='node then pass' status='pass'>
			
			<b>Then</b>
			
			<span class="bdd-step-name">Then The visual "sub_title" should be in bold style</span>
				<div class='pre'>passed</div>
			
		</li>
	</ul>
</div>
<div class='scenario node' test-id='104' status='pass'>
	<div class='category-list'>
		<span class='category label white-text'>@Attachments</span>
	</div>
	<span class='duration right label'>0h 1m 2s+520ms</span>
	<div class='desc'>
		<b>Scenario</b>
		<span class="desc-text">TC_Attachments_22:Verify Subtitle in Italic style</span>
	</div>
	<ul class='steps'>
		<li test-id='105' class='node and pass' status='pass'>
			
			<b>And</b>
			
			<span class="bdd-step-name">And Create a Attachments visual</span>
				<div class='pre'>passed</div>
			
		</li>
		<li test-id='106' class='node and pass' status='pass'>
			
			<b>And</b>
			
			<span class="bdd-step-name">And Click on visual title</span>
				<div class='pre'>passed</div>
			
		</li>
		<li test-id='107' class='node and pass' status='pass'>
			
			<b>And</b>
			
			<span class="bdd-step-name">And Click on Italic under style for sub-title</span>
				<div class='pre'>passed</div>
			
		</li>
		<li test-id='108' class='node then pass' status='pass'>
			
			<b>Then</b>
			
			<span class="bdd-step-name">Then The visual "sub_title" should be "italic"</span>
				<div class='pre'>passed</div>
			
		</li>
	</ul>
</div>
<div class='scenario node' test-id='109' status='pass'>
	<div class='category-list'>
		<span class='category label white-text'>@Attachments</span>
	</div>
	<span class='duration right label'>0h 1m 2s+452ms</span>
	<div class='desc'>
		<b>Scenario</b>
		<span class="desc-text">TC_Attachments_23:Verify Subtitle as underlined</span>
	</div>
	<ul class='steps'>
		<li test-id='110' class='node and pass' status='pass'>
			
			<b>And</b>
			
			<span class="bdd-step-name">And Create a Attachments visual</span>
				<div class='pre'>passed</div>
			
		</li>
		<li test-id='111' class='node and pass' status='pass'>
			
			<b>And</b>
			
			<span class="bdd-step-name">And Click on visual title</span>
				<div class='pre'>passed</div>
			
		</li>
		<li test-id='112' class='node and pass' status='pass'>
			
			<b>And</b>
			
			<span class="bdd-step-name">And Click on Underline icon for sub-title</span>
				<div class='pre'>passed</div>
			
		</li>
		<li test-id='113' class='node then pass' status='pass'>
			
			<b>Then</b>
			
			<span class="bdd-step-name">Then The visual "sub_title" should be "underline"</span>
				<div class='pre'>passed</div>
			
		</li>
	</ul>
</div>
<div class='scenario node' test-id='114' status='pass'>
	<div class='category-list'>
		<span class='category label white-text'>@Attachments</span>
	</div>
	<span class='duration right label'>0h 1m 11s+43ms</span>
	<div class='desc'>
		<b>Scenario</b>
		<span class="desc-text">TC_Attachments_24:Verify horizontal alignment (left, right, center) of sub_title</span>
	</div>
	<ul class='steps'>
		<li test-id='115' class='node and pass' status='pass'>
			
			<b>And</b>
			
			<span class="bdd-step-name">And Create a Attachments visual</span>
				<div class='pre'>passed</div>
			
		</li>
		<li test-id='116' class='node and pass' status='pass'>
			
			<b>And</b>
			
			<span class="bdd-step-name">And Click on visual title</span>
				<div class='pre'>passed</div>
			
		</li>
		<li test-id='117' class='node and pass' status='pass'>
			
			<b>And</b>
			
			<span class="bdd-step-name">And Click on left,center and right alignment for sub_title</span>
				<div class='pre'>passed</div>
			
		</li>
		<li test-id='118' class='node then pass' status='pass'>
			
			<b>Then</b>
			
			<span class="bdd-step-name">Then The sub_title should align to "left" , "center" and "right" as user set</span>
				<div class='pre'>passed</div>
			
		</li>
	</ul>
</div>
<div class='scenario node' test-id='119' status='pass'>
	<div class='category-list'>
		<span class='category label white-text'>@Attachments</span>
	</div>
	<span class='duration right label'>0h 1m 2s+991ms</span>
	<div class='desc'>
		<b>Scenario</b>
		<span class="desc-text">TC_Attachments_25:Verify closing of titles popup</span>
	</div>
	<ul class='steps'>
		<li test-id='120' class='node and pass' status='pass'>
			
			<b>And</b>
			
			<span class="bdd-step-name">And Create a Attachments visual</span>
				<div class='pre'>passed</div>
			
		</li>
		<li test-id='121' class='node and pass' status='pass'>
			
			<b>And</b>
			
			<span class="bdd-step-name">And Click on visual title</span>
				<div class='pre'>passed</div>
			
		</li>
		<li test-id='122' class='node and pass' status='pass'>
			
			<b>And</b>
			
			<span class="bdd-step-name">And Click on X icon to close the popup</span>
				<div class='pre'>passed</div>
			
		</li>
		<li test-id='123' class='node then pass' status='pass'>
			
			<b>Then</b>
			
			<span class="bdd-step-name">Then The "Title" popup should be closed</span>
				<div class='pre'>passed</div>
			
		</li>
	</ul>
</div>
<div class='scenario node' test-id='124' status='pass'>
	<div class='category-list'>
		<span class='category label white-text'>@Attachments</span>
	</div>
	<span class='duration right label'>0h 0m 59s+848ms</span>
	<div class='desc'>
		<b>Scenario</b>
		<span class="desc-text">TC_Attachments_26:Verify opening title popup by double click</span>
	</div>
	<ul class='steps'>
		<li test-id='125' class='node and pass' status='pass'>
			
			<b>And</b>
			
			<span class="bdd-step-name">And Create a Attachments visual</span>
				<div class='pre'>passed</div>
			
		</li>
		<li test-id='126' class='node and pass' status='pass'>
			
			<b>And</b>
			
			<span class="bdd-step-name">And Double click on the visual title/subtitle</span>
				<div class='pre'>passed</div>
			
		</li>
		<li test-id='127' class='node then pass' status='pass'>
			
			<b>Then</b>
			
			<span class="bdd-step-name">Then The title popup should be appeared</span>
				<div class='pre'>passed</div>
			
		</li>
	</ul>
</div>
<div class='scenario node' test-id='128' status='pass'>
	<div class='category-list'>
		<span class='category label white-text'>@Attachments</span>
	</div>
	<span class='duration right label'>0h 1m 0s+626ms</span>
	<div class='desc'>
		<b>Scenario</b>
		<span class="desc-text">TC_Attachments_27:Verify edit commentary icon</span>
	</div>
	<ul class='steps'>
		<li test-id='129' class='node and pass' status='pass'>
			
			<b>And</b>
			
			<span class="bdd-step-name">And Create a Attachments visual</span>
				<div class='pre'>passed</div>
			
		</li>
		<li test-id='130' class='node and pass' status='pass'>
			
			<b>And</b>
			
			<span class="bdd-step-name">And Click on edit commentary icon</span>
				<div class='pre'>passed</div>
			
		</li>
		<li test-id='131' class='node then pass' status='pass'>
			
			<b>Then</b>
			
			<span class="bdd-step-name">Then The title popup should be appeared</span>
				<div class='pre'>passed</div>
			
		</li>
	</ul>
</div>
<div class='scenario node' test-id='132' status='pass'>
	<div class='category-list'>
		<span class='category label white-text'>@Attachments</span>
	</div>
	<span class='duration right label'>0h 0m 53s+621ms</span>
	<div class='desc'>
		<b>Scenario</b>
		<span class="desc-text">TC_Attachments_28:Verify Visual option</span>
	</div>
	<ul class='steps'>
		<li test-id='133' class='node and pass' status='pass'>
			
			<b>And</b>
			
			<span class="bdd-step-name">And Create a Attachments visual</span>
				<div class='pre'>passed</div>
			
		</li>
		<li test-id='134' class='node and pass' status='pass'>
			
			<b>And</b>
			
			<span class="bdd-step-name">And Click on "Visual" option on visual header</span>
				<div class='pre'>passed</div>
			
		</li>
		<li test-id='135' class='node then pass' status='pass'>
			
			<b>Then</b>
			
			<span class="bdd-step-name">Then The "Visual" popup should be displayed</span>
				<div class='pre'>passed</div>
			
		</li>
	</ul>
</div>
<div class='scenario node' test-id='136' status='pass'>
	<div class='category-list'>
		<span class='category label white-text'>@Attachments</span>
	</div>
	<span class='duration right label'>0h 6m 44s+121ms</span>
	<div class='desc'>
		<b>Scenario</b>
		<span class="desc-text">TC_Attachments_29:Verify alignment</span>
	</div>
	<ul class='steps'>
		<li test-id='137' class='node and pass' status='pass'>
			
			<b>And</b>
			
			<span class="bdd-step-name">And Create a Attachments visual</span>
				<div class='pre'>passed</div>
			
		</li>
		<li test-id='138' class='node and pass' status='pass'>
			
			<b>And</b>
			
			<span class="bdd-step-name">And Click on "Visual" option on visual header</span>
				<div class='pre'>passed</div>
			
		</li>
		<li test-id='139' class='node then pass' status='pass'>
			
			<b>Then</b>
			
			<span class="bdd-step-name">Then By default Horizontal align should be disabled</span>
				<div class='pre'>passed</div>
			
		</li>
		<li test-id='140' class='node and pass' status='pass'>
			
			<b>And</b>
			
			<span class="bdd-step-name">And Set "Proportion:" to 70 in visual header</span>
				<div class='pre'>passed</div>
			
		</li>
		<li test-id='141' class='node and pass' status='pass'>
			
			<b>And</b>
			
			<span class="bdd-step-name">And Choose Horizontal align of visual to "Left"</span>
				<div class='pre'>passed</div>
			
		</li>
		<li test-id='142' class='node then pass' status='pass'>
			
			<b>Then</b>
			
			<span class="bdd-step-name">Then The Visual area should be align to "Left"</span>
				<div class='pre'>passed</div>
			
		</li>
		<li test-id='143' class='node and pass' status='pass'>
			
			<b>And</b>
			
			<span class="bdd-step-name">And Choose Horizontal align of visual to "Center"</span>
				<div class='pre'>passed</div>
			
		</li>
		<li test-id='144' class='node then pass' status='pass'>
			
			<b>Then</b>
			
			<span class="bdd-step-name">Then The Visual area should be align to "Center"</span>
				<div class='pre'>passed</div>
			
		</li>
		<li test-id='145' class='node and pass' status='pass'>
			
			<b>And</b>
			
			<span class="bdd-step-name">And Choose Horizontal align of visual to "Right"</span>
				<div class='pre'>passed</div>
			
		</li>
		<li test-id='146' class='node then pass' status='pass'>
			
			<b>Then</b>
			
			<span class="bdd-step-name">Then The Visual area should be align to "Right"</span>
				<div class='pre'>passed</div>
			
		</li>
	</ul>
</div>
<div class='scenario node' test-id='147' status='pass'>
	<div class='category-list'>
		<span class='category label white-text'>@Attachments</span>
	</div>
	<span class='duration right label'>0h 1m 3s+581ms</span>
	<div class='desc'>
		<b>Scenario</b>
		<span class="desc-text">TC_Attachments_30:Verify proportion</span>
	</div>
	<ul class='steps'>
		<li test-id='148' class='node and pass' status='pass'>
			
			<b>And</b>
			
			<span class="bdd-step-name">And Create a Attachments visual</span>
				<div class='pre'>passed</div>
			
		</li>
		<li test-id='149' class='node and pass' status='pass'>
			
			<b>And</b>
			
			<span class="bdd-step-name">And Click on "Visual" option on visual header</span>
				<div class='pre'>passed</div>
			
		</li>
		<li test-id='150' class='node then pass' status='pass'>
			
			<b>Then</b>
			
			<span class="bdd-step-name">Then By default Proportion should be "100"</span>
				<div class='pre'>passed</div>
			
		</li>
	</ul>
</div>
<div class='scenario node' test-id='151' status='pass'>
	<div class='category-list'>
		<span class='category label white-text'>@Attachments</span>
	</div>
	<span class='duration right label'>0h 0m 56s+377ms</span>
	<div class='desc'>
		<b>Scenario</b>
		<span class="desc-text">TC_Attachments_31:Verify backgroud by default</span>
	</div>
	<ul class='steps'>
		<li test-id='152' class='node and pass' status='pass'>
			
			<b>And</b>
			
			<span class="bdd-step-name">And Create a Attachments visual</span>
				<div class='pre'>passed</div>
			
		</li>
		<li test-id='153' class='node and pass' status='pass'>
			
			<b>And</b>
			
			<span class="bdd-step-name">And Click on "Visual" option on visual header</span>
				<div class='pre'>passed</div>
			
		</li>
		<li test-id='154' class='node and pass' status='pass'>
			
			<b>And</b>
			
			<span class="bdd-step-name">And Check for Background</span>
				<div class='pre'>passed</div>
			
		</li>
		<li test-id='155' class='node then pass' status='pass'>
			
			<b>Then</b>
			
			<span class="bdd-step-name">Then By default "Background" should be disabled</span>
				<div class='pre'>passed</div>
			
		</li>
	</ul>
</div>
<div class='scenario node' test-id='156' status='fail'>
	<div class='category-list'>
		<span class='category label white-text'>@Attachments</span>
	</div>
	<span class='duration right label'>0h 3m 3s+71ms</span>
	<div class='desc'>
		<b>Scenario</b>
		<span class="desc-text">TC_Attachments_32:Visual - Verify backgroud color for visual</span>
	</div>
	<ul class='steps'>
		<li test-id='157' class='node and pass' status='pass'>
			
			<b>And</b>
			
			<span class="bdd-step-name">And Create a Attachments visual</span>
				<div class='pre'>passed</div>
			
		</li>
		<li test-id='158' class='node then pass' status='pass'>
			
			<b>Then</b>
			
			<span class="bdd-step-name">Then Enter "www.google.com" in the link field</span>
				<div class='pre'>passed</div>
			
		</li>
		<li test-id='159' class='node and pass' status='pass'>
			
			<b>And</b>
			
			<span class="bdd-step-name">And Click on Ok</span>
				<div class='pre'>passed</div>
			
		</li>
		<li test-id='160' class='node and pass' status='pass'>
			
			<b>And</b>
			
			<span class="bdd-step-name">And Click on "Visual" option on visual header</span>
				<div class='pre'>passed</div>
			
		</li>
		<li test-id='161' class='node and pass' status='pass'>
			
			<b>And</b>
			
			<span class="bdd-step-name">And Check for Background</span>
				<div class='pre'>passed</div>
			
		</li>
		<li test-id='162' class='node and pass' status='pass'>
			
			<b>And</b>
			
			<span class="bdd-step-name">And Select color for visual background</span>
				<div class='pre'>passed</div>
			
		</li>
		<li test-id='163' class='node then fail' status='fail'>
			
			<b>Then</b>
			
			<span class="bdd-step-name">Then Selected color should be applied to the attachment visual background</span>
				<div class='pre'><pre>org.openqa.selenium.TimeoutException: Expected condition failed: waiting for visibility of element located by By.xpath: //*[@class='visual-top-panel--content'] (tried for 100 second(s) with 500 MILLISECONDS interval)
Build info: version: '3.4.0', revision: 'unknown', time: 'unknown'
System info: host: 'IN-BLR-L008', ip: '192.168.56.1', os.name: 'Windows 10', os.arch: 'amd64', os.version: '10.0', java.version: '1.8.0_202'
Driver info: org.openqa.selenium.chrome.ChromeDriver
Capabilities [{networkConnectionEnabled=false, chrome={chromedriverVersion=100.0.4896.20 (f9d71f93d32a6487809d6f35a9670c879fe97dfe-refs/branch-heads/4896@{#203}), userDataDir=C:\Users\nmaduru\AppData\Local\Temp\scoped_dir27116_1016311222}, timeouts={implicit=0.0, pageLoad=300000.0, script=30000.0}, pageLoadStrategy=normal, unhandledPromptBehavior=dismiss and notify, strictFileInteractability=false, platform=ANY, proxy=Proxy(), goog:chromeOptions={debuggerAddress=localhost:56482}, webauthn:extension:credBlob=true, acceptInsecureCerts=true, browserVersion=101.0.4951.54, browserName=chrome, javascriptEnabled=true, platformName=windows, setWindowRect=true, webauthn:extension:largeBlob=true, webauthn:virtualAuthenticators=true}]
Session ID: c2e77754b14656feb1a9fe0c36528ca8
	at org.openqa.selenium.support.ui.WebDriverWait.timeoutException(WebDriverWait.java:80)
	at org.openqa.selenium.support.ui.FluentWait.until(FluentWait.java:232)
	at CDMNext.util.CommonFunctionality.getElementByProperty(CommonFunctionality.java:473)
	at CDMNext.StepDefinations.Commentary.UnselectVisual(Commentary.java:2318)
	at CDMNext.StepDefinations.Attachments.selected_color_should_be_applied_to_the_attachment_visual_background(Attachments.java:164)
	at ✽.Then Selected color should be applied to the attachment visual background(Attachments.feature:227)
</pre></div>
			
		</li>
	</ul>
</div>
<div class='scenario node' test-id='164' status='pass'>
	<div class='category-list'>
		<span class='category label white-text'>@Attachments</span>
	</div>
	<span class='duration right label'>0h 1m 32s+653ms</span>
	<div class='desc'>
		<b>Scenario</b>
		<span class="desc-text">TC_Attachments_33:Verify upload image for visual backgroud</span>
	</div>
	<ul class='steps'>
		<li test-id='165' class='node and pass' status='pass'>
			
			<b>And</b>
			
			<span class="bdd-step-name">And Create a Attachments visual</span>
				<div class='pre'>passed</div>
			
		</li>
		<li test-id='166' class='node then pass' status='pass'>
			
			<b>Then</b>
			
			<span class="bdd-step-name">Then Enter "www.google.com" in the link field</span>
				<div class='pre'>passed</div>
			
		</li>
		<li test-id='167' class='node and pass' status='pass'>
			
			<b>And</b>
			
			<span class="bdd-step-name">And Click on Ok</span>
				<div class='pre'>passed</div>
			
		</li>
		<li test-id='168' class='node and pass' status='pass'>
			
			<b>And</b>
			
			<span class="bdd-step-name">And Click on "Visual" option on visual header</span>
				<div class='pre'>passed</div>
			
		</li>
		<li test-id='169' class='node and pass' status='pass'>
			
			<b>And</b>
			
			<span class="bdd-step-name">And Check for Background</span>
				<div class='pre'>passed</div>
			
		</li>
		<li test-id='170' class='node and pass' status='pass'>
			
			<b>And</b>
			
			<span class="bdd-step-name">And Click on browse > Select image for visual background</span>
				<div class='pre'>passed</div>
			
		</li>
		<li test-id='171' class='node then pass' status='pass'>
			
			<b>Then</b>
			
			<span class="bdd-step-name">Then Selected image should be uploaded and applied to the attachment visual background</span>
				<div class='pre'>passed</div>
			
		</li>
	</ul>
</div>
<div class='scenario node' test-id='172' status='pass'>
	<div class='category-list'>
		<span class='category label white-text'>@Attachments</span>
	</div>
	<span class='duration right label'>0h 1m 29s+676ms</span>
	<div class='desc'>
		<b>Scenario</b>
		<span class="desc-text">TC_Attachments_34:Visual - Verify remove icon for uploaded image</span>
	</div>
	<ul class='steps'>
		<li test-id='173' class='node and pass' status='pass'>
			
			<b>And</b>
			
			<span class="bdd-step-name">And Create a Attachments visual</span>
				<div class='pre'>passed</div>
			
		</li>
		<li test-id='174' class='node then pass' status='pass'>
			
			<b>Then</b>
			
			<span class="bdd-step-name">Then Enter "www.google.com" in the link field</span>
				<div class='pre'>passed</div>
			
		</li>
		<li test-id='175' class='node and pass' status='pass'>
			
			<b>And</b>
			
			<span class="bdd-step-name">And Click on Ok</span>
				<div class='pre'>passed</div>
			
		</li>
		<li test-id='176' class='node and pass' status='pass'>
			
			<b>And</b>
			
			<span class="bdd-step-name">And Click on "Visual" option on visual header</span>
				<div class='pre'>passed</div>
			
		</li>
		<li test-id='177' class='node and pass' status='pass'>
			
			<b>And</b>
			
			<span class="bdd-step-name">And Check for Background</span>
				<div class='pre'>passed</div>
			
		</li>
		<li test-id='178' class='node and pass' status='pass'>
			
			<b>And</b>
			
			<span class="bdd-step-name">And Click on browse > Select image for visual background</span>
				<div class='pre'>passed</div>
			
		</li>
		<li test-id='179' class='node and pass' status='pass'>
			
			<b>And</b>
			
			<span class="bdd-step-name">And Click on remove icon for uploaded image</span>
				<div class='pre'>passed</div>
			
		</li>
		<li test-id='180' class='node then pass' status='pass'>
			
			<b>Then</b>
			
			<span class="bdd-step-name">Then Uploaded image should be removed</span>
				<div class='pre'>passed</div>
			
		</li>
	</ul>
</div>
<div class='scenario node' test-id='181' status='pass'>
	<div class='category-list'>
		<span class='category label white-text'>@Attachments</span>
	</div>
	<span class='duration right label'>0h 0m 56s+262ms</span>
	<div class='desc'>
		<b>Scenario</b>
		<span class="desc-text">TC_Attachments_35:Verify border by default</span>
	</div>
	<ul class='steps'>
		<li test-id='182' class='node and pass' status='pass'>
			
			<b>And</b>
			
			<span class="bdd-step-name">And Create a Attachments visual</span>
				<div class='pre'>passed</div>
			
		</li>
		<li test-id='183' class='node and pass' status='pass'>
			
			<b>And</b>
			
			<span class="bdd-step-name">And Click on "Visual" option on visual header</span>
				<div class='pre'>passed</div>
			
		</li>
		<li test-id='184' class='node and pass' status='pass'>
			
			<b>And</b>
			
			<span class="bdd-step-name">And Check for Border</span>
				<div class='pre'>passed</div>
			
		</li>
		<li test-id='185' class='node then pass' status='pass'>
			
			<b>Then</b>
			
			<span class="bdd-step-name">Then By default "Border" should be disabled</span>
				<div class='pre'>passed</div>
			
		</li>
	</ul>
</div>
<div class='scenario node' test-id='186' status='fail'>
	<div class='category-list'>
		<span class='category label white-text'>@Attachments</span>
	</div>
	<span class='duration right label'>0h 3m 3s+95ms</span>
	<div class='desc'>
		<b>Scenario</b>
		<span class="desc-text">TC_Attachments_36:Verify border color</span>
	</div>
	<ul class='steps'>
		<li test-id='187' class='node and pass' status='pass'>
			
			<b>And</b>
			
			<span class="bdd-step-name">And Create a Attachments visual</span>
				<div class='pre'>passed</div>
			
		</li>
		<li test-id='188' class='node then pass' status='pass'>
			
			<b>Then</b>
			
			<span class="bdd-step-name">Then Enter "www.google.com" in the link field</span>
				<div class='pre'>passed</div>
			
		</li>
		<li test-id='189' class='node and pass' status='pass'>
			
			<b>And</b>
			
			<span class="bdd-step-name">And Click on Ok</span>
				<div class='pre'>passed</div>
			
		</li>
		<li test-id='190' class='node and pass' status='pass'>
			
			<b>And</b>
			
			<span class="bdd-step-name">And Click on "Visual" option on visual header</span>
				<div class='pre'>passed</div>
			
		</li>
		<li test-id='191' class='node and pass' status='pass'>
			
			<b>And</b>
			
			<span class="bdd-step-name">And Check for Border</span>
				<div class='pre'>passed</div>
			
		</li>
		<li test-id='192' class='node and pass' status='pass'>
			
			<b>And</b>
			
			<span class="bdd-step-name">And Select color for visual border</span>
				<div class='pre'>passed</div>
			
		</li>
		<li test-id='193' class='node then fail' status='fail'>
			
			<b>Then</b>
			
			<span class="bdd-step-name">Then The attachment visual border should be changed as per the selection</span>
				<div class='pre'><pre>org.openqa.selenium.TimeoutException: Expected condition failed: waiting for visibility of element located by By.xpath: //*[@class='visual-top-panel--content'] (tried for 100 second(s) with 500 MILLISECONDS interval)
Build info: version: '3.4.0', revision: 'unknown', time: 'unknown'
System info: host: 'IN-BLR-L008', ip: '192.168.56.1', os.name: 'Windows 10', os.arch: 'amd64', os.version: '10.0', java.version: '1.8.0_202'
Driver info: org.openqa.selenium.chrome.ChromeDriver
Capabilities [{networkConnectionEnabled=false, chrome={chromedriverVersion=100.0.4896.20 (f9d71f93d32a6487809d6f35a9670c879fe97dfe-refs/branch-heads/4896@{#203}), userDataDir=C:\Users\nmaduru\AppData\Local\Temp\scoped_dir27116_1016311222}, timeouts={implicit=0.0, pageLoad=300000.0, script=30000.0}, pageLoadStrategy=normal, unhandledPromptBehavior=dismiss and notify, strictFileInteractability=false, platform=ANY, proxy=Proxy(), goog:chromeOptions={debuggerAddress=localhost:56482}, webauthn:extension:credBlob=true, acceptInsecureCerts=true, browserVersion=101.0.4951.54, browserName=chrome, javascriptEnabled=true, platformName=windows, setWindowRect=true, webauthn:extension:largeBlob=true, webauthn:virtualAuthenticators=true}]
Session ID: c2e77754b14656feb1a9fe0c36528ca8
	at org.openqa.selenium.support.ui.WebDriverWait.timeoutException(WebDriverWait.java:80)
	at org.openqa.selenium.support.ui.FluentWait.until(FluentWait.java:232)
	at CDMNext.util.CommonFunctionality.getElementByProperty(CommonFunctionality.java:473)
	at CDMNext.StepDefinations.Commentary.UnselectVisual(Commentary.java:2318)
	at CDMNext.StepDefinations.Attachments.the_attachment_visual_border_should_be_changed_as_per_the_selection(Attachments.java:184)
	at ✽.Then The attachment visual border should be changed as per the selection(Attachments.feature:265)
</pre></div>
			
		</li>
	</ul>
</div>
<div class='scenario node' test-id='194' status='pass'>
	<div class='category-list'>
		<span class='category label white-text'>@Attachments</span>
	</div>
	<span class='duration right label'>0h 3m 20s+864ms</span>
	<div class='desc'>
		<b>Scenario</b>
		<span class="desc-text">TC_Attachments_37:Verify border width</span>
	</div>
	<ul class='steps'>
		<li test-id='195' class='node and pass' status='pass'>
			
			<b>And</b>
			
			<span class="bdd-step-name">And Create a Attachments visual</span>
				<div class='pre'>passed</div>
			
		</li>
		<li test-id='196' class='node then pass' status='pass'>
			
			<b>Then</b>
			
			<span class="bdd-step-name">Then Enter "www.google.com" in the link field</span>
				<div class='pre'>passed</div>
			
		</li>
		<li test-id='197' class='node and pass' status='pass'>
			
			<b>And</b>
			
			<span class="bdd-step-name">And Click on Ok</span>
				<div class='pre'>passed</div>
			
		</li>
		<li test-id='198' class='node and pass' status='pass'>
			
			<b>And</b>
			
			<span class="bdd-step-name">And Click on "Visual" option on visual header</span>
				<div class='pre'>passed</div>
			
		</li>
		<li test-id='199' class='node and pass' status='pass'>
			
			<b>And</b>
			
			<span class="bdd-step-name">And Check for Border</span>
				<div class='pre'>passed</div>
			
		</li>
		<li test-id='200' class='node and pass' status='pass'>
			
			<b>And</b>
			
			<span class="bdd-step-name">And Select border width 5 for visual border</span>
				<div class='pre'>passed</div>
			
		</li>
		<li test-id='201' class='node then pass' status='pass'>
			
			<b>Then</b>
			
			<span class="bdd-step-name">Then "Width" should be updated to "5"</span>
				<div class='pre'>passed</div>
			
		</li>
	</ul>
</div>
<div class='scenario node' test-id='202' status='pass'>
	<div class='category-list'>
		<span class='category label white-text'>@Attachments</span>
	</div>
	<span class='duration right label'>0h 3m 12s+16ms</span>
	<div class='desc'>
		<b>Scenario</b>
		<span class="desc-text">TC_Attachments_38:Verify border radius</span>
	</div>
	<ul class='steps'>
		<li test-id='203' class='node and pass' status='pass'>
			
			<b>And</b>
			
			<span class="bdd-step-name">And Create a Attachments visual</span>
				<div class='pre'>passed</div>
			
		</li>
		<li test-id='204' class='node then pass' status='pass'>
			
			<b>Then</b>
			
			<span class="bdd-step-name">Then Enter "www.google.com" in the link field</span>
				<div class='pre'>passed</div>
			
		</li>
		<li test-id='205' class='node and pass' status='pass'>
			
			<b>And</b>
			
			<span class="bdd-step-name">And Click on Ok</span>
				<div class='pre'>passed</div>
			
		</li>
		<li test-id='206' class='node and pass' status='pass'>
			
			<b>And</b>
			
			<span class="bdd-step-name">And Click on "Visual" option on visual header</span>
				<div class='pre'>passed</div>
			
		</li>
		<li test-id='207' class='node and pass' status='pass'>
			
			<b>And</b>
			
			<span class="bdd-step-name">And Check for Border</span>
				<div class='pre'>passed</div>
			
		</li>
		<li test-id='208' class='node and pass' status='pass'>
			
			<b>And</b>
			
			<span class="bdd-step-name">And Tick checkbox for border and choose radius as 10</span>
				<div class='pre'>passed</div>
			
		</li>
		<li test-id='209' class='node then pass' status='pass'>
			
			<b>Then</b>
			
			<span class="bdd-step-name">Then "Radius" should be updated to "10"</span>
				<div class='pre'>passed</div>
			
		</li>
	</ul>
</div>
<div class='scenario node' test-id='210' status='pass'>
	<div class='category-list'>
		<span class='category label white-text'>@Attachments</span>
	</div>
	<span class='duration right label'>0h 3m 7s+996ms</span>
	<div class='desc'>
		<b>Scenario</b>
		<span class="desc-text">TC_Attachments_39:Verify visual border type</span>
	</div>
	<ul class='steps'>
		<li test-id='211' class='node and pass' status='pass'>
			
			<b>And</b>
			
			<span class="bdd-step-name">And Create a Attachments visual</span>
				<div class='pre'>passed</div>
			
		</li>
		<li test-id='212' class='node then pass' status='pass'>
			
			<b>Then</b>
			
			<span class="bdd-step-name">Then Enter "www.google.com" in the link field</span>
				<div class='pre'>passed</div>
			
		</li>
		<li test-id='213' class='node and pass' status='pass'>
			
			<b>And</b>
			
			<span class="bdd-step-name">And Click on Ok</span>
				<div class='pre'>passed</div>
			
		</li>
		<li test-id='214' class='node and pass' status='pass'>
			
			<b>And</b>
			
			<span class="bdd-step-name">And Click on "Visual" option on visual header</span>
				<div class='pre'>passed</div>
			
		</li>
		<li test-id='215' class='node and pass' status='pass'>
			
			<b>And</b>
			
			<span class="bdd-step-name">And Check for Border</span>
				<div class='pre'>passed</div>
			
		</li>
		<li test-id='216' class='node and pass' status='pass'>
			
			<b>And</b>
			
			<span class="bdd-step-name">And Tick checkbox for border and choose different border as "Dotted"</span>
				<div class='pre'>passed</div>
			
		</li>
		<li test-id='217' class='node then pass' status='pass'>
			
			<b>Then</b>
			
			<span class="bdd-step-name">Then The "dotted" border should be applied to the visual</span>
				<div class='pre'>passed</div>
			
		</li>
	</ul>
</div>
<div class='scenario node' test-id='218' status='pass'>
	<div class='category-list'>
		<span class='category label white-text'>@Attachments</span>
	</div>
	<span class='duration right label'>0h 0m 53s+145ms</span>
	<div class='desc'>
		<b>Scenario</b>
		<span class="desc-text">TC_Attachments_40:Verify closing of visual popup</span>
	</div>
	<ul class='steps'>
		<li test-id='219' class='node and pass' status='pass'>
			
			<b>And</b>
			
			<span class="bdd-step-name">And Create a Attachments visual</span>
				<div class='pre'>passed</div>
			
		</li>
		<li test-id='220' class='node and pass' status='pass'>
			
			<b>And</b>
			
			<span class="bdd-step-name">And Click on "Visual" option on visual header</span>
				<div class='pre'>passed</div>
			
		</li>
		<li test-id='221' class='node and pass' status='pass'>
			
			<b>And</b>
			
			<span class="bdd-step-name">And Click on X icon to close the popup</span>
				<div class='pre'>passed</div>
			
		</li>
		<li test-id='222' class='node then pass' status='pass'>
			
			<b>Then</b>
			
			<span class="bdd-step-name">Then The "Visual" popup should be closed</span>
				<div class='pre'>passed</div>
			
		</li>
	</ul>
</div>
<div class='scenario node' test-id='223' status='pass'>
	<div class='category-list'>
		<span class='category label white-text'>@Attachments</span>
	</div>
	<span class='duration right label'>0h 0m 51s+194ms</span>
	<div class='desc'>
		<b>Scenario</b>
		<span class="desc-text">TC_Attachments_41:Verify 'Add to insight' option</span>
	</div>
	<ul class='steps'>
		<li test-id='224' class='node and pass' status='pass'>
			
			<b>And</b>
			
			<span class="bdd-step-name">And Create a Attachments visual</span>
				<div class='pre'>passed</div>
			
		</li>
		<li test-id='225' class='node and pass' status='pass'>
			
			<b>And</b>
			
			<span class="bdd-step-name">And Click on "Add to insight" option</span>
				<div class='pre'>passed</div>
			
		</li>
		<li test-id='226' class='node then pass' status='pass'>
			
			<b>Then</b>
			
			<span class="bdd-step-name">Then Drop down should be opened with "Add to new tab" and "Add to new insight"</span>
				<div class='pre'>passed</div>
			
		</li>
	</ul>
</div>
<div class='scenario node' test-id='227' status='pass'>
	<div class='category-list'>
		<span class='category label white-text'>@Attachments</span>
	</div>
	<span class='duration right label'>0h 1m 7s+727ms</span>
	<div class='desc'>
		<b>Scenario</b>
		<span class="desc-text">TC_Attachments_42:Verify 'Add to new tab' option under Add to insight</span>
	</div>
	<ul class='steps'>
		<li test-id='228' class='node and pass' status='pass'>
			
			<b>And</b>
			
			<span class="bdd-step-name">And Create a Attachments visual</span>
				<div class='pre'>passed</div>
			
		</li>
		<li test-id='229' class='node then pass' status='pass'>
			
			<b>Then</b>
			
			<span class="bdd-step-name">Then Enter "www.google.com" in the link field</span>
				<div class='pre'>passed</div>
			
		</li>
		<li test-id='230' class='node and pass' status='pass'>
			
			<b>And</b>
			
			<span class="bdd-step-name">And Click on Ok</span>
				<div class='pre'>passed</div>
			
		</li>
		<li test-id='231' class='node and pass' status='pass'>
			
			<b>And</b>
			
			<span class="bdd-step-name">And Click on "Add to insight" option</span>
				<div class='pre'>passed</div>
			
		</li>
		<li test-id='232' class='node and pass' status='pass'>
			
			<b>And</b>
			
			<span class="bdd-step-name">And Click on "Add to new tab"</span>
				<div class='pre'>passed</div>
			
		</li>
		<li test-id='233' class='node then pass' status='pass'>
			
			<b>Then</b>
			
			<span class="bdd-step-name">Then The attachment visual should be created in new tab on current insight</span>
				<div class='pre'>passed</div>
			
		</li>
	</ul>
</div>
<div class='scenario node' test-id='234' status='pass'>
	<div class='category-list'>
		<span class='category label white-text'>@Attachments</span>
	</div>
	<span class='duration right label'>0h 0m 57s+330ms</span>
	<div class='desc'>
		<b>Scenario</b>
		<span class="desc-text">TC_Attachments_43:Verify confirmation message for adding visual to new insight</span>
	</div>
	<ul class='steps'>
		<li test-id='235' class='node and pass' status='pass'>
			
			<b>And</b>
			
			<span class="bdd-step-name">And Create a Attachments visual</span>
				<div class='pre'>passed</div>
			
		</li>
		<li test-id='236' class='node and pass' status='pass'>
			
			<b>And</b>
			
			<span class="bdd-step-name">And Click on "Add to insight" option</span>
				<div class='pre'>passed</div>
			
		</li>
		<li test-id='237' class='node and pass' status='pass'>
			
			<b>And</b>
			
			<span class="bdd-step-name">And Click on "Add to new insight"</span>
				<div class='pre'>passed</div>
			
		</li>
		<li test-id='238' class='node then pass' status='pass'>
			
			<b>Then</b>
			
			<span class="bdd-step-name">Then "New insight with the selected visual created" and "Go to new insight" confirmation message should be displayed</span>
				<div class='pre'>passed</div>
			
		</li>
	</ul>
</div>
<div class='scenario node' test-id='239' status='pass'>
	<div class='category-list'>
		<span class='category label white-text'>@Attachments</span>
	</div>
	<span class='duration right label'>0h 1m 16s+60ms</span>
	<div class='desc'>
		<b>Scenario</b>
		<span class="desc-text">TC_Attachments_44:Validate the added visual by opening new insight</span>
	</div>
	<ul class='steps'>
		<li test-id='240' class='node and pass' status='pass'>
			
			<b>And</b>
			
			<span class="bdd-step-name">And Create a Attachments visual</span>
				<div class='pre'>passed</div>
			
		</li>
		<li test-id='241' class='node then pass' status='pass'>
			
			<b>Then</b>
			
			<span class="bdd-step-name">Then Enter "www.google.com" in the link field</span>
				<div class='pre'>passed</div>
			
		</li>
		<li test-id='242' class='node and pass' status='pass'>
			
			<b>And</b>
			
			<span class="bdd-step-name">And Click on Ok</span>
				<div class='pre'>passed</div>
			
		</li>
		<li test-id='243' class='node and pass' status='pass'>
			
			<b>And</b>
			
			<span class="bdd-step-name">And Click on "Add to insight" option</span>
				<div class='pre'>passed</div>
			
		</li>
		<li test-id='244' class='node and pass' status='pass'>
			
			<b>And</b>
			
			<span class="bdd-step-name">And Click on "Add to new insight"</span>
				<div class='pre'>passed</div>
			
		</li>
		<li test-id='245' class='node and pass' status='pass'>
			
			<b>And</b>
			
			<span class="bdd-step-name">And Click on "Go to new insight"</span>
				<div class='pre'>passed</div>
			
		</li>
		<li test-id='246' class='node then pass' status='pass'>
			
			<b>Then</b>
			
			<span class="bdd-step-name">Then The insight should be opened and added attachment visual should be available in My visual</span>
				<div class='pre'>passed</div>
			
		</li>
	</ul>
</div>
<div class='scenario node' test-id='247' status='fail'>
	<div class='category-list'>
		<span class='category label white-text'>@Attachments</span>
	</div>
	<span class='duration right label'>0h 4m 16s+884ms</span>
	<div class='desc'>
		<b>Scenario</b>
		<span class="desc-text">TC_Attachments_45:Verify confirmation message for copy visual</span>
	</div>
	<ul class='steps'>
		<li test-id='248' class='node and pass' status='pass'>
			
			<b>And</b>
			
			<span class="bdd-step-name">And Create a Attachments visual</span>
				<div class='pre'>passed</div>
			
		</li>
		<li test-id='249' class='node and fail' status='fail'>
			
			<b>And</b>
			
			<span class="bdd-step-name">And Click on Copy icon</span>
				<div class='pre'><pre>org.openqa.selenium.TimeoutException: Expected condition failed: waiting for presence of element located by: By.xpath: //*[@class='vis-elem-menu vis-elem-menu__modal']//*[@title='Copy'] (tried for 100 second(s) with 500 MILLISECONDS interval)
	at org.openqa.selenium.support.ui.WebDriverWait.timeoutException(WebDriverWait.java:80)
	at org.openqa.selenium.support.ui.FluentWait.until(FluentWait.java:232)
	at CDMNext.util.CommonFunctionality.getElementByProperty(CommonFunctionality.java:472)
	at CDMNext.StepDefinations.Commentary.click_on_Copy_icon(Commentary.java:898)
	at ✽.And Click on Copy icon(Attachments.feature:339)
Caused by: org.openqa.selenium.NoSuchElementException: Cannot locate an element using By.xpath: //*[@class='vis-elem-menu vis-elem-menu__modal']//*[@title='Copy']
For documentation on this error, please visit: http://seleniumhq.org/exceptions/no_such_element.html
Build info: version: '3.4.0', revision: 'unknown', time: 'unknown'
System info: host: 'IN-BLR-L008', ip: '192.168.56.1', os.name: 'Windows 10', os.arch: 'amd64', os.version: '10.0', java.version: '1.8.0_202'
Driver info: driver.version: unknown
	at org.openqa.selenium.support.ui.ExpectedConditions.lambda$findElement$0(ExpectedConditions.java:883)
	at java.util.Optional.orElseThrow(Optional.java:290)
	at org.openqa.selenium.support.ui.ExpectedConditions.findElement(ExpectedConditions.java:882)
	at org.openqa.selenium.support.ui.ExpectedConditions.access$000(ExpectedConditions.java:44)
	at org.openqa.selenium.support.ui.ExpectedConditions$6.apply(ExpectedConditions.java:183)
	at org.openqa.selenium.support.ui.ExpectedConditions$6.apply(ExpectedConditions.java:180)
	at org.openqa.selenium.support.ui.FluentWait.until(FluentWait.java:209)
	at CDMNext.util.CommonFunctionality.getElementByProperty(CommonFunctionality.java:472)
	at CDMNext.StepDefinations.Commentary.click_on_Copy_icon(Commentary.java:898)
	at sun.reflect.NativeMethodAccessorImpl.invoke0(Native Method)
	at sun.reflect.NativeMethodAccessorImpl.invoke(NativeMethodAccessorImpl.java:62)
	at sun.reflect.DelegatingMethodAccessorImpl.invoke(DelegatingMethodAccessorImpl.java:43)
	at java.lang.reflect.Method.invoke(Method.java:498)
	at cucumber.runtime.Utils$1.call(Utils.java:40)
	at cucumber.runtime.Timeout.timeout(Timeout.java:16)
	at cucumber.runtime.Utils.invoke(Utils.java:34)
	at cucumber.runtime.java.JavaStepDefinition.execute(JavaStepDefinition.java:38)
	at cucumber.runtime.StepDefinitionMatch.runStep(StepDefinitionMatch.java:37)
	at cucumber.runtime.Runtime.runStep(Runtime.java:300)
	at cucumber.runtime.model.StepContainer.runStep(StepContainer.java:44)
	at cucumber.runtime.model.StepContainer.runSteps(StepContainer.java:39)
	at cucumber.runtime.model.CucumberScenario.run(CucumberScenario.java:44)
	at cucumber.runtime.model.CucumberFeature.run(CucumberFeature.java:165)
	at cucumber.api.testng.TestNGCucumberRunner.runCucumber(TestNGCucumberRunner.java:63)
	at CDMNext.runner.TestRunner.feature(TestRunner.java:53)
	at sun.reflect.NativeMethodAccessorImpl.invoke0(Native Method)
	at sun.reflect.NativeMethodAccessorImpl.invoke(NativeMethodAccessorImpl.java:62)
	at sun.reflect.DelegatingMethodAccessorImpl.invoke(DelegatingMethodAccessorImpl.java:43)
	at java.lang.reflect.Method.invoke(Method.java:498)
	at org.testng.internal.MethodInvocationHelper.invokeMethod(MethodInvocationHelper.java:85)
	at org.testng.internal.Invoker.invokeMethod(Invoker.java:639)
	at org.testng.internal.Invoker.invokeTestMethod(Invoker.java:816)
	at org.testng.internal.Invoker.invokeTestMethods(Invoker.java:1124)
	at org.testng.internal.TestMethodWorker.invokeTestMethods(TestMethodWorker.java:125)
	at org.testng.internal.TestMethodWorker.run(TestMethodWorker.java:108)
	at org.testng.TestRunner.privateRun(TestRunner.java:774)
	at org.testng.TestRunner.run(TestRunner.java:624)
	at org.testng.SuiteRunner.runTest(SuiteRunner.java:359)
	at org.testng.SuiteRunner.runSequentially(SuiteRunner.java:354)
	at org.testng.SuiteRunner.privateRun(SuiteRunner.java:312)
	at org.testng.SuiteRunner.run(SuiteRunner.java:261)
	at org.testng.SuiteRunnerWorker.runSuite(SuiteRunnerWorker.java:52)
	at org.testng.SuiteRunnerWorker.run(SuiteRunnerWorker.java:86)
	at org.testng.TestNG.runSuitesSequentially(TestNG.java:1191)
	at org.testng.TestNG.runSuitesLocally(TestNG.java:1116)
	at org.testng.TestNG.run(TestNG.java:1024)
	at org.testng.remote.AbstractRemoteTestNG.run(AbstractRemoteTestNG.java:114)
	at org.testng.remote.RemoteTestNG.initAndRun(RemoteTestNG.java:251)
	at org.testng.remote.RemoteTestNG.main(RemoteTestNG.java:77)
</pre></div>
			
		</li>
		<li test-id='250' class='node then skip' status='skip'>
			
			<b>Then</b>
			
			<span class="bdd-step-name">Then "Attachments copied." message should be displayed</span>
				<div class='pre'>skipped</div>
			
		</li>
	</ul>
</div>
<div class='scenario node' test-id='251' status='fail'>
	<div class='category-list'>
		<span class='category label white-text'>@Attachments</span>
	</div>
	<span class='duration right label'>0h 4m 32s+737ms</span>
	<div class='desc'>
		<b>Scenario</b>
		<span class="desc-text">TC_Attachments_46:Validate copied visual by pasting with in the insight</span>
	</div>
	<ul class='steps'>
		<li test-id='252' class='node and pass' status='pass'>
			
			<b>And</b>
			
			<span class="bdd-step-name">And Create a Attachments visual</span>
				<div class='pre'>passed</div>
			
		</li>
		<li test-id='253' class='node then pass' status='pass'>
			
			<b>Then</b>
			
			<span class="bdd-step-name">Then Enter "www.google.com" in the link field</span>
				<div class='pre'>passed</div>
			
		</li>
		<li test-id='254' class='node and pass' status='pass'>
			
			<b>And</b>
			
			<span class="bdd-step-name">And Click on Ok</span>
				<div class='pre'>passed</div>
			
		</li>
		<li test-id='255' class='node and fail' status='fail'>
			
			<b>And</b>
			
			<span class="bdd-step-name">And Click on Copy icon</span>
				<div class='pre'><pre>org.openqa.selenium.TimeoutException: Expected condition failed: waiting for presence of element located by: By.xpath: //*[@class='vis-elem-menu vis-elem-menu__modal']//*[@title='Copy'] (tried for 100 second(s) with 500 MILLISECONDS interval)
	at org.openqa.selenium.support.ui.WebDriverWait.timeoutException(WebDriverWait.java:80)
	at org.openqa.selenium.support.ui.FluentWait.until(FluentWait.java:232)
	at CDMNext.util.CommonFunctionality.getElementByProperty(CommonFunctionality.java:472)
	at CDMNext.StepDefinations.Commentary.click_on_Copy_icon(Commentary.java:898)
	at ✽.And Click on Copy icon(Attachments.feature:347)
Caused by: org.openqa.selenium.NoSuchElementException: Cannot locate an element using By.xpath: //*[@class='vis-elem-menu vis-elem-menu__modal']//*[@title='Copy']
For documentation on this error, please visit: http://seleniumhq.org/exceptions/no_such_element.html
Build info: version: '3.4.0', revision: 'unknown', time: 'unknown'
System info: host: 'IN-BLR-L008', ip: '192.168.56.1', os.name: 'Windows 10', os.arch: 'amd64', os.version: '10.0', java.version: '1.8.0_202'
Driver info: driver.version: unknown
	at org.openqa.selenium.support.ui.ExpectedConditions.lambda$findElement$0(ExpectedConditions.java:883)
	at java.util.Optional.orElseThrow(Optional.java:290)
	at org.openqa.selenium.support.ui.ExpectedConditions.findElement(ExpectedConditions.java:882)
	at org.openqa.selenium.support.ui.ExpectedConditions.access$000(ExpectedConditions.java:44)
	at org.openqa.selenium.support.ui.ExpectedConditions$6.apply(ExpectedConditions.java:183)
	at org.openqa.selenium.support.ui.ExpectedConditions$6.apply(ExpectedConditions.java:180)
	at org.openqa.selenium.support.ui.FluentWait.until(FluentWait.java:209)
	at CDMNext.util.CommonFunctionality.getElementByProperty(CommonFunctionality.java:472)
	at CDMNext.StepDefinations.Commentary.click_on_Copy_icon(Commentary.java:898)
	at sun.reflect.NativeMethodAccessorImpl.invoke0(Native Method)
	at sun.reflect.NativeMethodAccessorImpl.invoke(NativeMethodAccessorImpl.java:62)
	at sun.reflect.DelegatingMethodAccessorImpl.invoke(DelegatingMethodAccessorImpl.java:43)
	at java.lang.reflect.Method.invoke(Method.java:498)
	at cucumber.runtime.Utils$1.call(Utils.java:40)
	at cucumber.runtime.Timeout.timeout(Timeout.java:16)
	at cucumber.runtime.Utils.invoke(Utils.java:34)
	at cucumber.runtime.java.JavaStepDefinition.execute(JavaStepDefinition.java:38)
	at cucumber.runtime.StepDefinitionMatch.runStep(StepDefinitionMatch.java:37)
	at cucumber.runtime.Runtime.runStep(Runtime.java:300)
	at cucumber.runtime.model.StepContainer.runStep(StepContainer.java:44)
	at cucumber.runtime.model.StepContainer.runSteps(StepContainer.java:39)
	at cucumber.runtime.model.CucumberScenario.run(CucumberScenario.java:44)
	at cucumber.runtime.model.CucumberFeature.run(CucumberFeature.java:165)
	at cucumber.api.testng.TestNGCucumberRunner.runCucumber(TestNGCucumberRunner.java:63)
	at CDMNext.runner.TestRunner.feature(TestRunner.java:53)
	at sun.reflect.NativeMethodAccessorImpl.invoke0(Native Method)
	at sun.reflect.NativeMethodAccessorImpl.invoke(NativeMethodAccessorImpl.java:62)
	at sun.reflect.DelegatingMethodAccessorImpl.invoke(DelegatingMethodAccessorImpl.java:43)
	at java.lang.reflect.Method.invoke(Method.java:498)
	at org.testng.internal.MethodInvocationHelper.invokeMethod(MethodInvocationHelper.java:85)
	at org.testng.internal.Invoker.invokeMethod(Invoker.java:639)
	at org.testng.internal.Invoker.invokeTestMethod(Invoker.java:816)
	at org.testng.internal.Invoker.invokeTestMethods(Invoker.java:1124)
	at org.testng.internal.TestMethodWorker.invokeTestMethods(TestMethodWorker.java:125)
	at org.testng.internal.TestMethodWorker.run(TestMethodWorker.java:108)
	at org.testng.TestRunner.privateRun(TestRunner.java:774)
	at org.testng.TestRunner.run(TestRunner.java:624)
	at org.testng.SuiteRunner.runTest(SuiteRunner.java:359)
	at org.testng.SuiteRunner.runSequentially(SuiteRunner.java:354)
	at org.testng.SuiteRunner.privateRun(SuiteRunner.java:312)
	at org.testng.SuiteRunner.run(SuiteRunner.java:261)
	at org.testng.SuiteRunnerWorker.runSuite(SuiteRunnerWorker.java:52)
	at org.testng.SuiteRunnerWorker.run(SuiteRunnerWorker.java:86)
	at org.testng.TestNG.runSuitesSequentially(TestNG.java:1191)
	at org.testng.TestNG.runSuitesLocally(TestNG.java:1116)
	at org.testng.TestNG.run(TestNG.java:1024)
	at org.testng.remote.AbstractRemoteTestNG.run(AbstractRemoteTestNG.java:114)
	at org.testng.remote.RemoteTestNG.initAndRun(RemoteTestNG.java:251)
	at org.testng.remote.RemoteTestNG.main(RemoteTestNG.java:77)
</pre></div>
			
		</li>
		<li test-id='256' class='node and skip' status='skip'>
			
			<b>And</b>
			
			<span class="bdd-step-name">And Paste within the insight</span>
				<div class='pre'>skipped</div>
			
		</li>
		<li test-id='257' class='node then skip' status='skip'>
			
			<b>Then</b>
			
			<span class="bdd-step-name">Then The attachments visual should be pasted in the insight</span>
				<div class='pre'>skipped</div>
			
		</li>
	</ul>
</div>
<div class='scenario node' test-id='258' status='fail'>
	<div class='category-list'>
		<span class='category label white-text'>@Attachments</span>
	</div>
	<span class='duration right label'>0h 4m 34s+169ms</span>
	<div class='desc'>
		<b>Scenario</b>
		<span class="desc-text">TC_Attachments_47:Validate copied visual by pasting to new insight</span>
	</div>
	<ul class='steps'>
		<li test-id='259' class='node and pass' status='pass'>
			
			<b>And</b>
			
			<span class="bdd-step-name">And Create a Attachments visual</span>
				<div class='pre'>passed</div>
			
		</li>
		<li test-id='260' class='node then pass' status='pass'>
			
			<b>Then</b>
			
			<span class="bdd-step-name">Then Enter "www.google.com" in the link field</span>
				<div class='pre'>passed</div>
			
		</li>
		<li test-id='261' class='node and pass' status='pass'>
			
			<b>And</b>
			
			<span class="bdd-step-name">And Click on Ok</span>
				<div class='pre'>passed</div>
			
		</li>
		<li test-id='262' class='node and fail' status='fail'>
			
			<b>And</b>
			
			<span class="bdd-step-name">And Click on Copy icon</span>
				<div class='pre'><pre>org.openqa.selenium.TimeoutException: Expected condition failed: waiting for presence of element located by: By.xpath: //*[@class='vis-elem-menu vis-elem-menu__modal']//*[@title='Copy'] (tried for 100 second(s) with 500 MILLISECONDS interval)
	at org.openqa.selenium.support.ui.WebDriverWait.timeoutException(WebDriverWait.java:80)
	at org.openqa.selenium.support.ui.FluentWait.until(FluentWait.java:232)
	at CDMNext.util.CommonFunctionality.getElementByProperty(CommonFunctionality.java:472)
	at CDMNext.StepDefinations.Commentary.click_on_Copy_icon(Commentary.java:898)
	at ✽.And Click on Copy icon(Attachments.feature:356)
Caused by: org.openqa.selenium.NoSuchElementException: Cannot locate an element using By.xpath: //*[@class='vis-elem-menu vis-elem-menu__modal']//*[@title='Copy']
For documentation on this error, please visit: http://seleniumhq.org/exceptions/no_such_element.html
Build info: version: '3.4.0', revision: 'unknown', time: 'unknown'
System info: host: 'IN-BLR-L008', ip: '192.168.56.1', os.name: 'Windows 10', os.arch: 'amd64', os.version: '10.0', java.version: '1.8.0_202'
Driver info: driver.version: unknown
	at org.openqa.selenium.support.ui.ExpectedConditions.lambda$findElement$0(ExpectedConditions.java:883)
	at java.util.Optional.orElseThrow(Optional.java:290)
	at org.openqa.selenium.support.ui.ExpectedConditions.findElement(ExpectedConditions.java:882)
	at org.openqa.selenium.support.ui.ExpectedConditions.access$000(ExpectedConditions.java:44)
	at org.openqa.selenium.support.ui.ExpectedConditions$6.apply(ExpectedConditions.java:183)
	at org.openqa.selenium.support.ui.ExpectedConditions$6.apply(ExpectedConditions.java:180)
	at org.openqa.selenium.support.ui.FluentWait.until(FluentWait.java:209)
	at CDMNext.util.CommonFunctionality.getElementByProperty(CommonFunctionality.java:472)
	at CDMNext.StepDefinations.Commentary.click_on_Copy_icon(Commentary.java:898)
	at sun.reflect.NativeMethodAccessorImpl.invoke0(Native Method)
	at sun.reflect.NativeMethodAccessorImpl.invoke(NativeMethodAccessorImpl.java:62)
	at sun.reflect.DelegatingMethodAccessorImpl.invoke(DelegatingMethodAccessorImpl.java:43)
	at java.lang.reflect.Method.invoke(Method.java:498)
	at cucumber.runtime.Utils$1.call(Utils.java:40)
	at cucumber.runtime.Timeout.timeout(Timeout.java:16)
	at cucumber.runtime.Utils.invoke(Utils.java:34)
	at cucumber.runtime.java.JavaStepDefinition.execute(JavaStepDefinition.java:38)
	at cucumber.runtime.StepDefinitionMatch.runStep(StepDefinitionMatch.java:37)
	at cucumber.runtime.Runtime.runStep(Runtime.java:300)
	at cucumber.runtime.model.StepContainer.runStep(StepContainer.java:44)
	at cucumber.runtime.model.StepContainer.runSteps(StepContainer.java:39)
	at cucumber.runtime.model.CucumberScenario.run(CucumberScenario.java:44)
	at cucumber.runtime.model.CucumberFeature.run(CucumberFeature.java:165)
	at cucumber.api.testng.TestNGCucumberRunner.runCucumber(TestNGCucumberRunner.java:63)
	at CDMNext.runner.TestRunner.feature(TestRunner.java:53)
	at sun.reflect.NativeMethodAccessorImpl.invoke0(Native Method)
	at sun.reflect.NativeMethodAccessorImpl.invoke(NativeMethodAccessorImpl.java:62)
	at sun.reflect.DelegatingMethodAccessorImpl.invoke(DelegatingMethodAccessorImpl.java:43)
	at java.lang.reflect.Method.invoke(Method.java:498)
	at org.testng.internal.MethodInvocationHelper.invokeMethod(MethodInvocationHelper.java:85)
	at org.testng.internal.Invoker.invokeMethod(Invoker.java:639)
	at org.testng.internal.Invoker.invokeTestMethod(Invoker.java:816)
	at org.testng.internal.Invoker.invokeTestMethods(Invoker.java:1124)
	at org.testng.internal.TestMethodWorker.invokeTestMethods(TestMethodWorker.java:125)
	at org.testng.internal.TestMethodWorker.run(TestMethodWorker.java:108)
	at org.testng.TestRunner.privateRun(TestRunner.java:774)
	at org.testng.TestRunner.run(TestRunner.java:624)
	at org.testng.SuiteRunner.runTest(SuiteRunner.java:359)
	at org.testng.SuiteRunner.runSequentially(SuiteRunner.java:354)
	at org.testng.SuiteRunner.privateRun(SuiteRunner.java:312)
	at org.testng.SuiteRunner.run(SuiteRunner.java:261)
	at org.testng.SuiteRunnerWorker.runSuite(SuiteRunnerWorker.java:52)
	at org.testng.SuiteRunnerWorker.run(SuiteRunnerWorker.java:86)
	at org.testng.TestNG.runSuitesSequentially(TestNG.java:1191)
	at org.testng.TestNG.runSuitesLocally(TestNG.java:1116)
	at org.testng.TestNG.run(TestNG.java:1024)
	at org.testng.remote.AbstractRemoteTestNG.run(AbstractRemoteTestNG.java:114)
	at org.testng.remote.RemoteTestNG.initAndRun(RemoteTestNG.java:251)
	at org.testng.remote.RemoteTestNG.main(RemoteTestNG.java:77)
</pre></div>
			
		</li>
		<li test-id='263' class='node and skip' status='skip'>
			
			<b>And</b>
			
			<span class="bdd-step-name">And Paste to new insight</span>
				<div class='pre'>skipped</div>
			
		</li>
		<li test-id='264' class='node then skip' status='skip'>
			
			<b>Then</b>
			
			<span class="bdd-step-name">Then The attachments visual should be pasted to new insight</span>
				<div class='pre'>skipped</div>
			
		</li>
	</ul>
</div>
<div class='scenario node' test-id='265' status='fail'>
	<div class='category-list'>
		<span class='category label white-text'>@Attachments</span>
	</div>
	<span class='duration right label'>0h 4m 27s+600ms</span>
	<div class='desc'>
		<b>Scenario</b>
		<span class="desc-text">TC_Attachments_48:Verify the confrimation message for pasting visual in insight</span>
	</div>
	<ul class='steps'>
		<li test-id='266' class='node and pass' status='pass'>
			
			<b>And</b>
			
			<span class="bdd-step-name">And Create a Attachments visual</span>
				<div class='pre'>passed</div>
			
		</li>
		<li test-id='267' class='node then pass' status='pass'>
			
			<b>Then</b>
			
			<span class="bdd-step-name">Then Enter "www.google.com" in the link field</span>
				<div class='pre'>passed</div>
			
		</li>
		<li test-id='268' class='node and pass' status='pass'>
			
			<b>And</b>
			
			<span class="bdd-step-name">And Click on Ok</span>
				<div class='pre'>passed</div>
			
		</li>
		<li test-id='269' class='node and fail' status='fail'>
			
			<b>And</b>
			
			<span class="bdd-step-name">And Click on Copy icon</span>
				<div class='pre'><pre>org.openqa.selenium.TimeoutException: Expected condition failed: waiting for presence of element located by: By.xpath: //*[@class='vis-elem-menu vis-elem-menu__modal']//*[@title='Copy'] (tried for 100 second(s) with 500 MILLISECONDS interval)
	at org.openqa.selenium.support.ui.WebDriverWait.timeoutException(WebDriverWait.java:80)
	at org.openqa.selenium.support.ui.FluentWait.until(FluentWait.java:232)
	at CDMNext.util.CommonFunctionality.getElementByProperty(CommonFunctionality.java:472)
	at CDMNext.StepDefinations.Commentary.click_on_Copy_icon(Commentary.java:898)
	at ✽.And Click on Copy icon(Attachments.feature:365)
Caused by: org.openqa.selenium.NoSuchElementException: Cannot locate an element using By.xpath: //*[@class='vis-elem-menu vis-elem-menu__modal']//*[@title='Copy']
For documentation on this error, please visit: http://seleniumhq.org/exceptions/no_such_element.html
Build info: version: '3.4.0', revision: 'unknown', time: 'unknown'
System info: host: 'IN-BLR-L008', ip: '192.168.56.1', os.name: 'Windows 10', os.arch: 'amd64', os.version: '10.0', java.version: '1.8.0_202'
Driver info: driver.version: unknown
	at org.openqa.selenium.support.ui.ExpectedConditions.lambda$findElement$0(ExpectedConditions.java:883)
	at java.util.Optional.orElseThrow(Optional.java:290)
	at org.openqa.selenium.support.ui.ExpectedConditions.findElement(ExpectedConditions.java:882)
	at org.openqa.selenium.support.ui.ExpectedConditions.access$000(ExpectedConditions.java:44)
	at org.openqa.selenium.support.ui.ExpectedConditions$6.apply(ExpectedConditions.java:183)
	at org.openqa.selenium.support.ui.ExpectedConditions$6.apply(ExpectedConditions.java:180)
	at org.openqa.selenium.support.ui.FluentWait.until(FluentWait.java:209)
	at CDMNext.util.CommonFunctionality.getElementByProperty(CommonFunctionality.java:472)
	at CDMNext.StepDefinations.Commentary.click_on_Copy_icon(Commentary.java:898)
	at sun.reflect.NativeMethodAccessorImpl.invoke0(Native Method)
	at sun.reflect.NativeMethodAccessorImpl.invoke(NativeMethodAccessorImpl.java:62)
	at sun.reflect.DelegatingMethodAccessorImpl.invoke(DelegatingMethodAccessorImpl.java:43)
	at java.lang.reflect.Method.invoke(Method.java:498)
	at cucumber.runtime.Utils$1.call(Utils.java:40)
	at cucumber.runtime.Timeout.timeout(Timeout.java:16)
	at cucumber.runtime.Utils.invoke(Utils.java:34)
	at cucumber.runtime.java.JavaStepDefinition.execute(JavaStepDefinition.java:38)
	at cucumber.runtime.StepDefinitionMatch.runStep(StepDefinitionMatch.java:37)
	at cucumber.runtime.Runtime.runStep(Runtime.java:300)
	at cucumber.runtime.model.StepContainer.runStep(StepContainer.java:44)
	at cucumber.runtime.model.StepContainer.runSteps(StepContainer.java:39)
	at cucumber.runtime.model.CucumberScenario.run(CucumberScenario.java:44)
	at cucumber.runtime.model.CucumberFeature.run(CucumberFeature.java:165)
	at cucumber.api.testng.TestNGCucumberRunner.runCucumber(TestNGCucumberRunner.java:63)
	at CDMNext.runner.TestRunner.feature(TestRunner.java:53)
	at sun.reflect.NativeMethodAccessorImpl.invoke0(Native Method)
	at sun.reflect.NativeMethodAccessorImpl.invoke(NativeMethodAccessorImpl.java:62)
	at sun.reflect.DelegatingMethodAccessorImpl.invoke(DelegatingMethodAccessorImpl.java:43)
	at java.lang.reflect.Method.invoke(Method.java:498)
	at org.testng.internal.MethodInvocationHelper.invokeMethod(MethodInvocationHelper.java:85)
	at org.testng.internal.Invoker.invokeMethod(Invoker.java:639)
	at org.testng.internal.Invoker.invokeTestMethod(Invoker.java:816)
	at org.testng.internal.Invoker.invokeTestMethods(Invoker.java:1124)
	at org.testng.internal.TestMethodWorker.invokeTestMethods(TestMethodWorker.java:125)
	at org.testng.internal.TestMethodWorker.run(TestMethodWorker.java:108)
	at org.testng.TestRunner.privateRun(TestRunner.java:774)
	at org.testng.TestRunner.run(TestRunner.java:624)
	at org.testng.SuiteRunner.runTest(SuiteRunner.java:359)
	at org.testng.SuiteRunner.runSequentially(SuiteRunner.java:354)
	at org.testng.SuiteRunner.privateRun(SuiteRunner.java:312)
	at org.testng.SuiteRunner.run(SuiteRunner.java:261)
	at org.testng.SuiteRunnerWorker.runSuite(SuiteRunnerWorker.java:52)
	at org.testng.SuiteRunnerWorker.run(SuiteRunnerWorker.java:86)
	at org.testng.TestNG.runSuitesSequentially(TestNG.java:1191)
	at org.testng.TestNG.runSuitesLocally(TestNG.java:1116)
	at org.testng.TestNG.run(TestNG.java:1024)
	at org.testng.remote.AbstractRemoteTestNG.run(AbstractRemoteTestNG.java:114)
	at org.testng.remote.RemoteTestNG.initAndRun(RemoteTestNG.java:251)
	at org.testng.remote.RemoteTestNG.main(RemoteTestNG.java:77)
</pre></div>
			
		</li>
		<li test-id='270' class='node and skip' status='skip'>
			
			<b>And</b>
			
			<span class="bdd-step-name">And Paste within the insight</span>
				<div class='pre'>skipped</div>
			
		</li>
		<li test-id='271' class='node then skip' status='skip'>
			
			<b>Then</b>
			
			<span class="bdd-step-name">Then "Data pasted from clipboard" message should be displayed</span>
				<div class='pre'>skipped</div>
			
		</li>
	</ul>
</div>
<div class='scenario node' test-id='272' status='pass'>
	<div class='category-list'>
		<span class='category label white-text'>@Attachments</span>
	</div>
	<span class='duration right label'>0h 0m 56s+379ms</span>
	<div class='desc'>
		<b>Scenario</b>
		<span class="desc-text">TC_Attachments_49:Verify Open option</span>
	</div>
	<ul class='steps'>
		<li test-id='273' class='node and pass' status='pass'>
			
			<b>And</b>
			
			<span class="bdd-step-name">And Create a Attachments visual</span>
				<div class='pre'>passed</div>
			
		</li>
		<li test-id='274' class='node and pass' status='pass'>
			
			<b>And</b>
			
			<span class="bdd-step-name">And Click on Open icon</span>
				<div class='pre'>passed</div>
			
		</li>
		<li test-id='275' class='node then pass' status='pass'>
			
			<b>Then</b>
			
			<span class="bdd-step-name">Then The visual should be displayed in maximized window</span>
				<div class='pre'>passed</div>
			
		</li>
	</ul>
</div>
<div class='scenario node' test-id='276' status='pass'>
	<div class='category-list'>
		<span class='category label white-text'>@Attachments</span>
	</div>
	<span class='duration right label'>0h 1m 4s+941ms</span>
	<div class='desc'>
		<b>Scenario</b>
		<span class="desc-text">TC_Attachments_50:Verify closing of maximized window</span>
	</div>
	<ul class='steps'>
		<li test-id='277' class='node and pass' status='pass'>
			
			<b>And</b>
			
			<span class="bdd-step-name">And Create a Attachments visual</span>
				<div class='pre'>passed</div>
			
		</li>
		<li test-id='278' class='node and pass' status='pass'>
			
			<b>And</b>
			
			<span class="bdd-step-name">And Click on Open icon</span>
				<div class='pre'>passed</div>
			
		</li>
		<li test-id='279' class='node and pass' status='pass'>
			
			<b>And</b>
			
			<span class="bdd-step-name">And Click on x icon to close</span>
				<div class='pre'>passed</div>
			
		</li>
		<li test-id='280' class='node then pass' status='pass'>
			
			<b>Then</b>
			
			<span class="bdd-step-name">Then The modal window should be closed</span>
				<div class='pre'>passed</div>
			
		</li>
	</ul>
</div>
<div class='scenario node' test-id='281' status='fail'>
	<div class='category-list'>
		<span class='category label white-text'>@Attachments</span>
	</div>
	<span class='duration right label'>0h 2m 45s+185ms</span>
	<div class='desc'>
		<b>Scenario</b>
		<span class="desc-text">TC_Attachments_51:Verify Delete attachments</span>
	</div>
	<ul class='steps'>
		<li test-id='282' class='node and pass' status='pass'>
			
			<b>And</b>
			
			<span class="bdd-step-name">And Create a Attachments visual</span>
				<div class='pre'>passed</div>
			
		</li>
		<li test-id='283' class='node then pass' status='pass'>
			
			<b>Then</b>
			
			<span class="bdd-step-name">Then Enter "www.google.com" in the link field</span>
				<div class='pre'>passed</div>
			
		</li>
		<li test-id='284' class='node and pass' status='pass'>
			
			<b>And</b>
			
			<span class="bdd-step-name">And Click on Ok</span>
				<div class='pre'>passed</div>
			
		</li>
		<li test-id='285' class='node and pass' status='pass'>
			
			<b>And</b>
			
			<span class="bdd-step-name">And Click on "delete"</span>
				<div class='pre'>passed</div>
			
		</li>
		<li test-id='286' class='node then fail' status='fail'>
			
			<b>Then</b>
			
			<span class="bdd-step-name">Then "Confirmation" popup should be dispalyed</span>
				<div class='pre'><pre>org.openqa.selenium.TimeoutException: Expected condition failed: waiting for presence of element located by: By.xpath: //*[@class='sphere-modal-controls']//*[contains(text(),'Ok')]" (tried for 100 second(s) with 500 MILLISECONDS interval)
	at org.openqa.selenium.support.ui.WebDriverWait.timeoutException(WebDriverWait.java:80)
	at org.openqa.selenium.support.ui.FluentWait.until(FluentWait.java:232)
	at CDMNext.util.CommonFunctionality.getElementByProperty(CommonFunctionality.java:472)
	at CDMNext.StepDefinations.Commentary.popup_should_be_dispalyed(Commentary.java:1104)
	at ✽.Then "Confirmation" popup should be dispalyed(Attachments.feature:388)
Caused by: org.openqa.selenium.InvalidSelectorException: invalid selector: Unable to locate an element with the xpath expression //*[@class='sphere-modal-controls']//*[contains(text(),'Ok')]" because of the following error:
SyntaxError: Failed to execute 'evaluate' on 'Document': The string '//*[@class='sphere-modal-controls']//*[contains(text(),'Ok')]"' is not a valid XPath expression.
  (Session info: chrome=101.0.4951.54)
For documentation on this error, please visit: http://seleniumhq.org/exceptions/invalid_selector_exception.html
Build info: version: '3.4.0', revision: 'unknown', time: 'unknown'
System info: host: 'IN-BLR-L008', ip: '192.168.56.1', os.name: 'Windows 10', os.arch: 'amd64', os.version: '10.0', java.version: '1.8.0_202'
Driver info: org.openqa.selenium.chrome.ChromeDriver
Capabilities [{networkConnectionEnabled=false, chrome={chromedriverVersion=100.0.4896.20 (f9d71f93d32a6487809d6f35a9670c879fe97dfe-refs/branch-heads/4896@{#203}), userDataDir=C:\Users\nmaduru\AppData\Local\Temp\scoped_dir27116_1016311222}, timeouts={implicit=0.0, pageLoad=300000.0, script=30000.0}, pageLoadStrategy=normal, unhandledPromptBehavior=dismiss and notify, strictFileInteractability=false, platform=ANY, proxy=Proxy(), goog:chromeOptions={debuggerAddress=localhost:56482}, webauthn:extension:credBlob=true, acceptInsecureCerts=true, browserVersion=101.0.4951.54, browserName=chrome, javascriptEnabled=true, platformName=windows, setWindowRect=true, webauthn:extension:largeBlob=true, webauthn:virtualAuthenticators=true}]
Session ID: c2e77754b14656feb1a9fe0c36528ca8
*** Element info: {Using=xpath, value=//*[@class='sphere-modal-controls']//*[contains(text(),'Ok')]"}
	at sun.reflect.GeneratedConstructorAccessor26.newInstance(Unknown Source)
	at sun.reflect.DelegatingConstructorAccessorImpl.newInstance(DelegatingConstructorAccessorImpl.java:45)
	at java.lang.reflect.Constructor.newInstance(Constructor.java:423)
	at org.openqa.selenium.remote.http.W3CHttpResponseCodec.createException(W3CHttpResponseCodec.java:150)
	at org.openqa.selenium.remote.http.W3CHttpResponseCodec.decode(W3CHttpResponseCodec.java:115)
	at org.openqa.selenium.remote.http.W3CHttpResponseCodec.decode(W3CHttpResponseCodec.java:45)
	at org.openqa.selenium.remote.HttpCommandExecutor.execute(HttpCommandExecutor.java:164)
	at org.openqa.selenium.remote.service.DriverCommandExecutor.execute(DriverCommandExecutor.java:82)
	at org.openqa.selenium.remote.RemoteWebDriver.execute(RemoteWebDriver.java:637)
	at org.openqa.selenium.remote.RemoteWebDriver.findElements(RemoteWebDriver.java:437)
	at org.openqa.selenium.remote.RemoteWebDriver.findElementsByXPath(RemoteWebDriver.java:513)
	at org.openqa.selenium.By$ByXPath.findElements(By.java:356)
	at org.openqa.selenium.remote.RemoteWebDriver.findElements(RemoteWebDriver.java:398)
	at org.openqa.selenium.support.ui.ExpectedConditions.findElement(ExpectedConditions.java:882)
	at org.openqa.selenium.support.ui.ExpectedConditions.access$000(ExpectedConditions.java:44)
	at org.openqa.selenium.support.ui.ExpectedConditions$6.apply(ExpectedConditions.java:183)
	at org.openqa.selenium.support.ui.ExpectedConditions$6.apply(ExpectedConditions.java:180)
	at org.openqa.selenium.support.ui.FluentWait.until(FluentWait.java:209)
	at CDMNext.util.CommonFunctionality.getElementByProperty(CommonFunctionality.java:472)
	at CDMNext.StepDefinations.Commentary.popup_should_be_dispalyed(Commentary.java:1104)
	at sun.reflect.NativeMethodAccessorImpl.invoke0(Native Method)
	at sun.reflect.NativeMethodAccessorImpl.invoke(NativeMethodAccessorImpl.java:62)
	at sun.reflect.DelegatingMethodAccessorImpl.invoke(DelegatingMethodAccessorImpl.java:43)
	at java.lang.reflect.Method.invoke(Method.java:498)
	at cucumber.runtime.Utils$1.call(Utils.java:40)
	at cucumber.runtime.Timeout.timeout(Timeout.java:16)
	at cucumber.runtime.Utils.invoke(Utils.java:34)
	at cucumber.runtime.java.JavaStepDefinition.execute(JavaStepDefinition.java:38)
	at cucumber.runtime.StepDefinitionMatch.runStep(StepDefinitionMatch.java:37)
	at cucumber.runtime.Runtime.runStep(Runtime.java:300)
	at cucumber.runtime.model.StepContainer.runStep(StepContainer.java:44)
	at cucumber.runtime.model.StepContainer.runSteps(StepContainer.java:39)
	at cucumber.runtime.model.CucumberScenario.run(CucumberScenario.java:44)
	at cucumber.runtime.model.CucumberFeature.run(CucumberFeature.java:165)
	at cucumber.api.testng.TestNGCucumberRunner.runCucumber(TestNGCucumberRunner.java:63)
	at CDMNext.runner.TestRunner.feature(TestRunner.java:53)
	at sun.reflect.NativeMethodAccessorImpl.invoke0(Native Method)
	at sun.reflect.NativeMethodAccessorImpl.invoke(NativeMethodAccessorImpl.java:62)
	at sun.reflect.DelegatingMethodAccessorImpl.invoke(DelegatingMethodAccessorImpl.java:43)
	at java.lang.reflect.Method.invoke(Method.java:498)
	at org.testng.internal.MethodInvocationHelper.invokeMethod(MethodInvocationHelper.java:85)
	at org.testng.internal.Invoker.invokeMethod(Invoker.java:639)
	at org.testng.internal.Invoker.invokeTestMethod(Invoker.java:816)
	at org.testng.internal.Invoker.invokeTestMethods(Invoker.java:1124)
	at org.testng.internal.TestMethodWorker.invokeTestMethods(TestMethodWorker.java:125)
	at org.testng.internal.TestMethodWorker.run(TestMethodWorker.java:108)
	at org.testng.TestRunner.privateRun(TestRunner.java:774)
	at org.testng.TestRunner.run(TestRunner.java:624)
	at org.testng.SuiteRunner.runTest(SuiteRunner.java:359)
	at org.testng.SuiteRunner.runSequentially(SuiteRunner.java:354)
	at org.testng.SuiteRunner.privateRun(SuiteRunner.java:312)
	at org.testng.SuiteRunner.run(SuiteRunner.java:261)
	at org.testng.SuiteRunnerWorker.runSuite(SuiteRunnerWorker.java:52)
	at org.testng.SuiteRunnerWorker.run(SuiteRunnerWorker.java:86)
	at org.testng.TestNG.runSuitesSequentially(TestNG.java:1191)
	at org.testng.TestNG.runSuitesLocally(TestNG.java:1116)
	at org.testng.TestNG.run(TestNG.java:1024)
	at org.testng.remote.AbstractRemoteTestNG.run(AbstractRemoteTestNG.java:114)
	at org.testng.remote.RemoteTestNG.initAndRun(RemoteTestNG.java:251)
	at org.testng.remote.RemoteTestNG.main(RemoteTestNG.java:77)
</pre></div>
			
		</li>
	</ul>
</div>
<div class='scenario node' test-id='287' status='fail'>
	<div class='category-list'>
		<span class='category label white-text'>@Attachments</span>
	</div>
	<span class='duration right label'>0h 2m 45s+507ms</span>
	<div class='desc'>
		<b>Scenario</b>
		<span class="desc-text">TC_Attachments_52:Verify description for delete confirmation popup</span>
	</div>
	<ul class='steps'>
		<li test-id='288' class='node and pass' status='pass'>
			
			<b>And</b>
			
			<span class="bdd-step-name">And Create a Attachments visual</span>
				<div class='pre'>passed</div>
			
		</li>
		<li test-id='289' class='node then pass' status='pass'>
			
			<b>Then</b>
			
			<span class="bdd-step-name">Then Enter "www.google.com" in the link field</span>
				<div class='pre'>passed</div>
			
		</li>
		<li test-id='290' class='node and pass' status='pass'>
			
			<b>And</b>
			
			<span class="bdd-step-name">And Click on Ok</span>
				<div class='pre'>passed</div>
			
		</li>
		<li test-id='291' class='node and pass' status='pass'>
			
			<b>And</b>
			
			<span class="bdd-step-name">And Click on "delete"</span>
				<div class='pre'>passed</div>
			
		</li>
		<li test-id='292' class='node then fail' status='fail'>
			
			<b>Then</b>
			
			<span class="bdd-step-name">Then "Do you want to remove this visual?" popup should be dispalyed</span>
				<div class='pre'><pre>org.openqa.selenium.TimeoutException: Expected condition failed: waiting for presence of element located by: By.xpath: //*[@class='sphere-modal-controls']//*[contains(text(),'Ok')]" (tried for 100 second(s) with 500 MILLISECONDS interval)
	at org.openqa.selenium.support.ui.WebDriverWait.timeoutException(WebDriverWait.java:80)
	at org.openqa.selenium.support.ui.FluentWait.until(FluentWait.java:232)
	at CDMNext.util.CommonFunctionality.getElementByProperty(CommonFunctionality.java:472)
	at CDMNext.StepDefinations.Commentary.popup_should_be_dispalyed(Commentary.java:1114)
	at ✽.Then "Do you want to remove this visual?" popup should be dispalyed(Attachments.feature:396)
Caused by: org.openqa.selenium.InvalidSelectorException: invalid selector: Unable to locate an element with the xpath expression //*[@class='sphere-modal-controls']//*[contains(text(),'Ok')]" because of the following error:
SyntaxError: Failed to execute 'evaluate' on 'Document': The string '//*[@class='sphere-modal-controls']//*[contains(text(),'Ok')]"' is not a valid XPath expression.
  (Session info: chrome=101.0.4951.54)
For documentation on this error, please visit: http://seleniumhq.org/exceptions/invalid_selector_exception.html
Build info: version: '3.4.0', revision: 'unknown', time: 'unknown'
System info: host: 'IN-BLR-L008', ip: '192.168.56.1', os.name: 'Windows 10', os.arch: 'amd64', os.version: '10.0', java.version: '1.8.0_202'
Driver info: org.openqa.selenium.chrome.ChromeDriver
Capabilities [{networkConnectionEnabled=false, chrome={chromedriverVersion=100.0.4896.20 (f9d71f93d32a6487809d6f35a9670c879fe97dfe-refs/branch-heads/4896@{#203}), userDataDir=C:\Users\nmaduru\AppData\Local\Temp\scoped_dir27116_1016311222}, timeouts={implicit=0.0, pageLoad=300000.0, script=30000.0}, pageLoadStrategy=normal, unhandledPromptBehavior=dismiss and notify, strictFileInteractability=false, platform=ANY, proxy=Proxy(), goog:chromeOptions={debuggerAddress=localhost:56482}, webauthn:extension:credBlob=true, acceptInsecureCerts=true, browserVersion=101.0.4951.54, browserName=chrome, javascriptEnabled=true, platformName=windows, setWindowRect=true, webauthn:extension:largeBlob=true, webauthn:virtualAuthenticators=true}]
Session ID: c2e77754b14656feb1a9fe0c36528ca8
*** Element info: {Using=xpath, value=//*[@class='sphere-modal-controls']//*[contains(text(),'Ok')]"}
	at sun.reflect.GeneratedConstructorAccessor26.newInstance(Unknown Source)
	at sun.reflect.DelegatingConstructorAccessorImpl.newInstance(DelegatingConstructorAccessorImpl.java:45)
	at java.lang.reflect.Constructor.newInstance(Constructor.java:423)
	at org.openqa.selenium.remote.http.W3CHttpResponseCodec.createException(W3CHttpResponseCodec.java:150)
	at org.openqa.selenium.remote.http.W3CHttpResponseCodec.decode(W3CHttpResponseCodec.java:115)
	at org.openqa.selenium.remote.http.W3CHttpResponseCodec.decode(W3CHttpResponseCodec.java:45)
	at org.openqa.selenium.remote.HttpCommandExecutor.execute(HttpCommandExecutor.java:164)
	at org.openqa.selenium.remote.service.DriverCommandExecutor.execute(DriverCommandExecutor.java:82)
	at org.openqa.selenium.remote.RemoteWebDriver.execute(RemoteWebDriver.java:637)
	at org.openqa.selenium.remote.RemoteWebDriver.findElements(RemoteWebDriver.java:437)
	at org.openqa.selenium.remote.RemoteWebDriver.findElementsByXPath(RemoteWebDriver.java:513)
	at org.openqa.selenium.By$ByXPath.findElements(By.java:356)
	at org.openqa.selenium.remote.RemoteWebDriver.findElements(RemoteWebDriver.java:398)
	at org.openqa.selenium.support.ui.ExpectedConditions.findElement(ExpectedConditions.java:882)
	at org.openqa.selenium.support.ui.ExpectedConditions.access$000(ExpectedConditions.java:44)
	at org.openqa.selenium.support.ui.ExpectedConditions$6.apply(ExpectedConditions.java:183)
	at org.openqa.selenium.support.ui.ExpectedConditions$6.apply(ExpectedConditions.java:180)
	at org.openqa.selenium.support.ui.FluentWait.until(FluentWait.java:209)
	at CDMNext.util.CommonFunctionality.getElementByProperty(CommonFunctionality.java:472)
	at CDMNext.StepDefinations.Commentary.popup_should_be_dispalyed(Commentary.java:1114)
	at sun.reflect.NativeMethodAccessorImpl.invoke0(Native Method)
	at sun.reflect.NativeMethodAccessorImpl.invoke(NativeMethodAccessorImpl.java:62)
	at sun.reflect.DelegatingMethodAccessorImpl.invoke(DelegatingMethodAccessorImpl.java:43)
	at java.lang.reflect.Method.invoke(Method.java:498)
	at cucumber.runtime.Utils$1.call(Utils.java:40)
	at cucumber.runtime.Timeout.timeout(Timeout.java:16)
	at cucumber.runtime.Utils.invoke(Utils.java:34)
	at cucumber.runtime.java.JavaStepDefinition.execute(JavaStepDefinition.java:38)
	at cucumber.runtime.StepDefinitionMatch.runStep(StepDefinitionMatch.java:37)
	at cucumber.runtime.Runtime.runStep(Runtime.java:300)
	at cucumber.runtime.model.StepContainer.runStep(StepContainer.java:44)
	at cucumber.runtime.model.StepContainer.runSteps(StepContainer.java:39)
	at cucumber.runtime.model.CucumberScenario.run(CucumberScenario.java:44)
	at cucumber.runtime.model.CucumberFeature.run(CucumberFeature.java:165)
	at cucumber.api.testng.TestNGCucumberRunner.runCucumber(TestNGCucumberRunner.java:63)
	at CDMNext.runner.TestRunner.feature(TestRunner.java:53)
	at sun.reflect.NativeMethodAccessorImpl.invoke0(Native Method)
	at sun.reflect.NativeMethodAccessorImpl.invoke(NativeMethodAccessorImpl.java:62)
	at sun.reflect.DelegatingMethodAccessorImpl.invoke(DelegatingMethodAccessorImpl.java:43)
	at java.lang.reflect.Method.invoke(Method.java:498)
	at org.testng.internal.MethodInvocationHelper.invokeMethod(MethodInvocationHelper.java:85)
	at org.testng.internal.Invoker.invokeMethod(Invoker.java:639)
	at org.testng.internal.Invoker.invokeTestMethod(Invoker.java:816)
	at org.testng.internal.Invoker.invokeTestMethods(Invoker.java:1124)
	at org.testng.internal.TestMethodWorker.invokeTestMethods(TestMethodWorker.java:125)
	at org.testng.internal.TestMethodWorker.run(TestMethodWorker.java:108)
	at org.testng.TestRunner.privateRun(TestRunner.java:774)
	at org.testng.TestRunner.run(TestRunner.java:624)
	at org.testng.SuiteRunner.runTest(SuiteRunner.java:359)
	at org.testng.SuiteRunner.runSequentially(SuiteRunner.java:354)
	at org.testng.SuiteRunner.privateRun(SuiteRunner.java:312)
	at org.testng.SuiteRunner.run(SuiteRunner.java:261)
	at org.testng.SuiteRunnerWorker.runSuite(SuiteRunnerWorker.java:52)
	at org.testng.SuiteRunnerWorker.run(SuiteRunnerWorker.java:86)
	at org.testng.TestNG.runSuitesSequentially(TestNG.java:1191)
	at org.testng.TestNG.runSuitesLocally(TestNG.java:1116)
	at org.testng.TestNG.run(TestNG.java:1024)
	at org.testng.remote.AbstractRemoteTestNG.run(AbstractRemoteTestNG.java:114)
	at org.testng.remote.RemoteTestNG.initAndRun(RemoteTestNG.java:251)
	at org.testng.remote.RemoteTestNG.main(RemoteTestNG.java:77)
</pre></div>
			
		</li>
	</ul>
</div>
<div class='scenario node' test-id='293' status='pass'>
	<div class='category-list'>
		<span class='category label white-text'>@Attachments</span>
	</div>
	<span class='duration right label'>0h 1m 13s+441ms</span>
	<div class='desc'>
		<b>Scenario</b>
		<span class="desc-text">TC_Attachments_53:Verify OK button in delete confirmation popup</span>
	</div>
	<ul class='steps'>
		<li test-id='294' class='node and pass' status='pass'>
			
			<b>And</b>
			
			<span class="bdd-step-name">And Create a Attachments visual</span>
				<div class='pre'>passed</div>
			
		</li>
		<li test-id='295' class='node then pass' status='pass'>
			
			<b>Then</b>
			
			<span class="bdd-step-name">Then Enter "www.google.com" in the link field</span>
				<div class='pre'>passed</div>
			
		</li>
		<li test-id='296' class='node and pass' status='pass'>
			
			<b>And</b>
			
			<span class="bdd-step-name">And Click on Ok</span>
				<div class='pre'>passed</div>
			
		</li>
		<li test-id='297' class='node and pass' status='pass'>
			
			<b>And</b>
			
			<span class="bdd-step-name">And Click on "delete"</span>
				<div class='pre'>passed</div>
			
		</li>
		<li test-id='298' class='node and pass' status='pass'>
			
			<b>And</b>
			
			<span class="bdd-step-name">And Click on "Ok"</span>
				<div class='pre'>passed</div>
			
		</li>
		<li test-id='299' class='node then pass' status='pass'>
			
			<b>Then</b>
			
			<span class="bdd-step-name">Then The Attachments visual should be deleted</span>
				<div class='pre'>passed</div>
			
		</li>
	</ul>
</div>
<div class='scenario node' test-id='300' status='pass'>
	<div class='category-list'>
		<span class='category label white-text'>@Attachments</span>
	</div>
	<span class='duration right label'>0h 1m 16s+344ms</span>
	<div class='desc'>
		<b>Scenario</b>
		<span class="desc-text">TC_Attachments_54:Verify Cancel/x icon in delete confirmation popup</span>
	</div>
	<ul class='steps'>
		<li test-id='301' class='node and pass' status='pass'>
			
			<b>And</b>
			
			<span class="bdd-step-name">And Create a Attachments visual</span>
				<div class='pre'>passed</div>
			
		</li>
		<li test-id='302' class='node then pass' status='pass'>
			
			<b>Then</b>
			
			<span class="bdd-step-name">Then Enter "www.google.com" in the link field</span>
				<div class='pre'>passed</div>
			
		</li>
		<li test-id='303' class='node and pass' status='pass'>
			
			<b>And</b>
			
			<span class="bdd-step-name">And Click on Ok</span>
				<div class='pre'>passed</div>
			
		</li>
		<li test-id='304' class='node and pass' status='pass'>
			
			<b>And</b>
			
			<span class="bdd-step-name">And Click on "delete"</span>
				<div class='pre'>passed</div>
			
		</li>
		<li test-id='305' class='node and pass' status='pass'>
			
			<b>And</b>
			
			<span class="bdd-step-name">And Click on "Cancel"</span>
				<div class='pre'>passed</div>
			
		</li>
		<li test-id='306' class='node then pass' status='pass'>
			
			<b>Then</b>
			
			<span class="bdd-step-name">Then The popup should be closed and delete attachments visual process should be declined</span>
				<div class='pre'>passed</div>
			
		</li>
	</ul>
</div>
<div class='scenario node' test-id='307' status='pass'>
	<div class='category-list'>
		<span class='category label white-text'>@Attachments</span>
	</div>
	<span class='duration right label'>0h 0m 51s+970ms</span>
	<div class='desc'>
		<b>Scenario</b>
		<span class="desc-text">TC_Attachments_55:Links - Verify 'Links' tab</span>
	</div>
	<ul class='steps'>
		<li test-id='308' class='node and pass' status='pass'>
			
			<b>And</b>
			
			<span class="bdd-step-name">And Create a Attachments visual</span>
				<div class='pre'>passed</div>
			
		</li>
		<li test-id='309' class='node and pass' status='pass'>
			
			<b>And</b>
			
			<span class="bdd-step-name">And Click on "Links" tab</span>
				<div class='pre'>passed</div>
			
		</li>
		<li test-id='310' class='node then pass' status='pass'>
			
			<b>Then</b>
			
			<span class="bdd-step-name">Then The tab should contain "Link" and "Title" fields</span>
				<div class='pre'>passed</div>
			
		</li>
	</ul>
</div>
<div class='scenario node' test-id='311' status='pass'>
	<div class='category-list'>
		<span class='category label white-text'>@Attachments</span>
	</div>
	<span class='duration right label'>0h 1m 2s+909ms</span>
	<div class='desc'>
		<b>Scenario</b>
		<span class="desc-text">TC_Attachments_56:Links - Validate the link</span>
	</div>
	<ul class='steps'>
		<li test-id='312' class='node and pass' status='pass'>
			
			<b>And</b>
			
			<span class="bdd-step-name">And Create a Attachments visual</span>
				<div class='pre'>passed</div>
			
		</li>
		<li test-id='313' class='node then pass' status='pass'>
			
			<b>Then</b>
			
			<span class="bdd-step-name">Then Enter "www.google.com" in the link field</span>
				<div class='pre'>passed</div>
			
		</li>
		<li test-id='314' class='node and pass' status='pass'>
			
			<b>And</b>
			
			<span class="bdd-step-name">And Click on Ok</span>
				<div class='pre'>passed</div>
			
		</li>
		<li test-id='315' class='node then pass' status='pass'>
			
			<b>Then</b>
			
			<span class="bdd-step-name">Then The link should be created above</span>
				<div class='pre'>passed</div>
			
		</li>
	</ul>
</div>
<div class='scenario node' test-id='316' status='pass'>
	<div class='category-list'>
		<span class='category label white-text'>@Attachments</span>
	</div>
	<span class='duration right label'>0h 0m 56s+287ms</span>
	<div class='desc'>
		<b>Scenario</b>
		<span class="desc-text">TC_Attachments_57:Links - Verify title field without link</span>
	</div>
	<ul class='steps'>
		<li test-id='317' class='node and pass' status='pass'>
			
			<b>And</b>
			
			<span class="bdd-step-name">And Create a Attachments visual</span>
				<div class='pre'>passed</div>
			
		</li>
		<li test-id='318' class='node and pass' status='pass'>
			
			<b>And</b>
			
			<span class="bdd-step-name">And Type any name in the title field</span>
				<div class='pre'>passed</div>
			
		</li>
		<li test-id='319' class='node then pass' status='pass'>
			
			<b>Then</b>
			
			<span class="bdd-step-name">Then The OK button should be disabled until enter links for the tilte</span>
				<div class='pre'>passed</div>
			
		</li>
	</ul>
</div>
<div class='scenario node' test-id='320' status='pass'>
	<div class='category-list'>
		<span class='category label white-text'>@Attachments</span>
	</div>
	<span class='duration right label'>0h 0m 52s+781ms</span>
	<div class='desc'>
		<b>Scenario</b>
		<span class="desc-text">TC_Attachments_58:Links -  Verify OK and Cancel buttons by default</span>
	</div>
	<ul class='steps'>
		<li test-id='321' class='node and pass' status='pass'>
			
			<b>And</b>
			
			<span class="bdd-step-name">And Create a Attachments visual</span>
				<div class='pre'>passed</div>
			
		</li>
		<li test-id='322' class='node then pass' status='pass'>
			
			<b>Then</b>
			
			<span class="bdd-step-name">Then The OK and cancel buttons should be disabled</span>
				<div class='pre'>passed</div>
			
		</li>
	</ul>
</div>
<div class='scenario node' test-id='323' status='pass'>
	<div class='category-list'>
		<span class='category label white-text'>@Attachments</span>
	</div>
	<span class='duration right label'>0h 1m 11s+358ms</span>
	<div class='desc'>
		<b>Scenario</b>
		<span class="desc-text">TC_Attachments_59:Links - Verify Edit link</span>
	</div>
	<ul class='steps'>
		<li test-id='324' class='node and pass' status='pass'>
			
			<b>And</b>
			
			<span class="bdd-step-name">And Create a Attachments visual</span>
				<div class='pre'>passed</div>
			
		</li>
		<li test-id='325' class='node then pass' status='pass'>
			
			<b>Then</b>
			
			<span class="bdd-step-name">Then Enter "www.google.com" in the link field</span>
				<div class='pre'>passed</div>
			
		</li>
		<li test-id='326' class='node and pass' status='pass'>
			
			<b>And</b>
			
			<span class="bdd-step-name">And Type any name in the title field</span>
				<div class='pre'>passed</div>
			
		</li>
		<li test-id='327' class='node and pass' status='pass'>
			
			<b>And</b>
			
			<span class="bdd-step-name">And Click on Ok</span>
				<div class='pre'>passed</div>
			
		</li>
		<li test-id='328' class='node and pass' status='pass'>
			
			<b>And</b>
			
			<span class="bdd-step-name">And Click on edit icon for the link</span>
				<div class='pre'>passed</div>
			
		</li>
		<li test-id='329' class='node then pass' status='pass'>
			
			<b>Then</b>
			
			<span class="bdd-step-name">Then The link and title should be restored to respective fields to edit</span>
				<div class='pre'>passed</div>
			
		</li>
	</ul>
</div>
<div class='scenario node' test-id='330' status='pass'>
	<div class='category-list'>
		<span class='category label white-text'>@Attachments</span>
	</div>
	<span class='duration right label'>0h 1m 14s+530ms</span>
	<div class='desc'>
		<b>Scenario</b>
		<span class="desc-text">TC_Attachments_60:Links - Verify delete link</span>
	</div>
	<ul class='steps'>
		<li test-id='331' class='node and pass' status='pass'>
			
			<b>And</b>
			
			<span class="bdd-step-name">And Create a Attachments visual</span>
				<div class='pre'>passed</div>
			
		</li>
		<li test-id='332' class='node then pass' status='pass'>
			
			<b>Then</b>
			
			<span class="bdd-step-name">Then Enter "www.google.com" in the link field</span>
				<div class='pre'>passed</div>
			
		</li>
		<li test-id='333' class='node and pass' status='pass'>
			
			<b>And</b>
			
			<span class="bdd-step-name">And Click on Ok</span>
				<div class='pre'>passed</div>
			
		</li>
		<li test-id='334' class='node and pass' status='pass'>
			
			<b>And</b>
			
			<span class="bdd-step-name">And Click on delete icon for the link</span>
				<div class='pre'>passed</div>
			
		</li>
		<li test-id='335' class='node then pass' status='pass'>
			
			<b>Then</b>
			
			<span class="bdd-step-name">Then The link should be deleted</span>
				<div class='pre'>passed</div>
			
		</li>
	</ul>
</div>
<div class='scenario node' test-id='336' status='pass'>
	<div class='category-list'>
		<span class='category label white-text'>@Attachments</span>
	</div>
	<span class='duration right label'>0h 1m 8s+247ms</span>
	<div class='desc'>
		<b>Scenario</b>
		<span class="desc-text">TC_Attachments_61:Links -  Verify clicking on link</span>
	</div>
	<ul class='steps'>
		<li test-id='337' class='node and pass' status='pass'>
			
			<b>And</b>
			
			<span class="bdd-step-name">And Create a Attachments visual</span>
				<div class='pre'>passed</div>
			
		</li>
		<li test-id='338' class='node then pass' status='pass'>
			
			<b>Then</b>
			
			<span class="bdd-step-name">Then Enter "www.google.com" in the link field</span>
				<div class='pre'>passed</div>
			
		</li>
		<li test-id='339' class='node and pass' status='pass'>
			
			<b>And</b>
			
			<span class="bdd-step-name">And Click on Ok</span>
				<div class='pre'>passed</div>
			
		</li>
		<li test-id='340' class='node and pass' status='pass'>
			
			<b>And</b>
			
			<span class="bdd-step-name">And Click on the link</span>
				<div class='pre'>passed</div>
			
		</li>
		<li test-id='341' class='node then pass' status='pass'>
			
			<b>Then</b>
			
			<span class="bdd-step-name">Then User should be redirected to the link in new browser tab</span>
				<div class='pre'>passed</div>
			
		</li>
	</ul>
</div>
<div class='scenario node' test-id='342' status='pass'>
	<div class='category-list'>
		<span class='category label white-text'>@Attachments</span>
	</div>
	<span class='duration right label'>0h 1m 7s+389ms</span>
	<div class='desc'>
		<b>Scenario</b>
		<span class="desc-text">TC_Attachments_62:Links - Verify OK button</span>
	</div>
	<ul class='steps'>
		<li test-id='343' class='node and pass' status='pass'>
			
			<b>And</b>
			
			<span class="bdd-step-name">And Create a Attachments visual</span>
				<div class='pre'>passed</div>
			
		</li>
		<li test-id='344' class='node then pass' status='pass'>
			
			<b>Then</b>
			
			<span class="bdd-step-name">Then Enter "www.google.com" in the link field</span>
				<div class='pre'>passed</div>
			
		</li>
		<li test-id='345' class='node and pass' status='pass'>
			
			<b>And</b>
			
			<span class="bdd-step-name">And Type any name in the title field</span>
				<div class='pre'>passed</div>
			
		</li>
		<li test-id='346' class='node and pass' status='pass'>
			
			<b>And</b>
			
			<span class="bdd-step-name">And Click on Ok</span>
				<div class='pre'>passed</div>
			
		</li>
		<li test-id='347' class='node then pass' status='pass'>
			
			<b>Then</b>
			
			<span class="bdd-step-name">Then The Link should be saved</span>
				<div class='pre'>passed</div>
			
		</li>
	</ul>
</div>
<div class='scenario node' test-id='348' status='pass'>
	<div class='category-list'>
		<span class='category label white-text'>@Attachments</span>
	</div>
	<span class='duration right label'>0h 1m 8s+132ms</span>
	<div class='desc'>
		<b>Scenario</b>
		<span class="desc-text">TC_Attachments_63:Links - Verify Cancel button</span>
	</div>
	<ul class='steps'>
		<li test-id='349' class='node and pass' status='pass'>
			
			<b>And</b>
			
			<span class="bdd-step-name">And Create a Attachments visual</span>
				<div class='pre'>passed</div>
			
		</li>
		<li test-id='350' class='node then pass' status='pass'>
			
			<b>Then</b>
			
			<span class="bdd-step-name">Then Enter "www.google.com" in the link field</span>
				<div class='pre'>passed</div>
			
		</li>
		<li test-id='351' class='node and pass' status='pass'>
			
			<b>And</b>
			
			<span class="bdd-step-name">And Type any name in the title field</span>
				<div class='pre'>passed</div>
			
		</li>
		<li test-id='352' class='node and pass' status='pass'>
			
			<b>And</b>
			
			<span class="bdd-step-name">And Click on Cancel</span>
				<div class='pre'>passed</div>
			
		</li>
		<li test-id='353' class='node then pass' status='pass'>
			
			<b>Then</b>
			
			<span class="bdd-step-name">Then Entered link and title should be removed from the respective fields</span>
				<div class='pre'>passed</div>
			
		</li>
	</ul>
</div>
<div class='scenario node' test-id='354' status='pass'>
	<div class='category-list'>
		<span class='category label white-text'>@Attachments</span>
	</div>
	<span class='duration right label'>0h 1m 6s+895ms</span>
	<div class='desc'>
		<b>Scenario</b>
		<span class="desc-text">TC_Attachments_64:Uploads - Verify 'Uploads' tab</span>
	</div>
	<ul class='steps'>
		<li test-id='355' class='node and pass' status='pass'>
			
			<b>And</b>
			
			<span class="bdd-step-name">And Create a Attachments visual</span>
				<div class='pre'>passed</div>
			
		</li>
		<li test-id='356' class='node and pass' status='pass'>
			
			<b>And</b>
			
			<span class="bdd-step-name">And Click on Uploads tab</span>
				<div class='pre'>passed</div>
			
		</li>
		<li test-id='357' class='node and pass' status='pass'>
			
			<b>And</b>
			
			<span class="bdd-step-name">And Choose file from system and upload</span>
				<div class='pre'>passed</div>
			
		</li>
		<li test-id='358' class='node then pass' status='pass'>
			
			<b>Then</b>
			
			<span class="bdd-step-name">Then The file should be uploaded</span>
				<div class='pre'>passed</div>
			
		</li>
	</ul>
</div>
<div class='scenario node' test-id='359' status='pass'>
	<div class='category-list'>
		<span class='category label white-text'>@Attachments</span>
	</div>
	<span class='duration right label'>0h 1m 18s+559ms</span>
	<div class='desc'>
		<b>Scenario</b>
		<span class="desc-text">TC_Attachments_65:Uploads - Verify 'Remove' file</span>
	</div>
	<ul class='steps'>
		<li test-id='360' class='node and pass' status='pass'>
			
			<b>And</b>
			
			<span class="bdd-step-name">And Create a Attachments visual</span>
				<div class='pre'>passed</div>
			
		</li>
		<li test-id='361' class='node and pass' status='pass'>
			
			<b>And</b>
			
			<span class="bdd-step-name">And Click on Uploads tab</span>
				<div class='pre'>passed</div>
			
		</li>
		<li test-id='362' class='node and pass' status='pass'>
			
			<b>And</b>
			
			<span class="bdd-step-name">And Choose file from system and upload</span>
				<div class='pre'>passed</div>
			
		</li>
		<li test-id='363' class='node and pass' status='pass'>
			
			<b>And</b>
			
			<span class="bdd-step-name">And Click on Remove file</span>
				<div class='pre'>passed</div>
			
		</li>
		<li test-id='364' class='node then pass' status='pass'>
			
			<b>Then</b>
			
			<span class="bdd-step-name">Then The file should be removed</span>
				<div class='pre'>passed</div>
			
		</li>
	</ul>
</div>
<div class='scenario node' test-id='365' status='pass'>
	<div class='category-list'>
		<span class='category label white-text'>@Attachments</span>
	</div>
	<span class='duration right label'>0h 1m 28s+433ms</span>
	<div class='desc'>
		<b>Scenario</b>
		<span class="desc-text">TC_Attachments_66:Uploads - Verify clicking on file name</span>
	</div>
	<ul class='steps'>
		<li test-id='366' class='node and pass' status='pass'>
			
			<b>And</b>
			
			<span class="bdd-step-name">And Create a Attachments visual</span>
				<div class='pre'>passed</div>
			
		</li>
		<li test-id='367' class='node and pass' status='pass'>
			
			<b>And</b>
			
			<span class="bdd-step-name">And Click on Uploads tab</span>
				<div class='pre'>passed</div>
			
		</li>
		<li test-id='368' class='node and pass' status='pass'>
			
			<b>And</b>
			
			<span class="bdd-step-name">And Choose file from system and upload</span>
				<div class='pre'>passed</div>
			
		</li>
		<li test-id='369' class='node and pass' status='pass'>
			
			<b>And</b>
			
			<span class="bdd-step-name">And Click on the file</span>
				<div class='pre'>passed</div>
			
		</li>
		<li test-id='370' class='node then pass' status='pass'>
			
			<b>Then</b>
			
			<span class="bdd-step-name">Then The file should be downloaded</span>
				<div class='pre'>passed</div>
			
		</li>
	</ul>
</div>
<div class='scenario node' test-id='371' status='pass'>
	<div class='category-list'>
		<span class='category label white-text'>@Attachments</span>
	</div>
	<span class='duration right label'>0h 1m 18s+714ms</span>
	<div class='desc'>
		<b>Scenario</b>
		<span class="desc-text">TC_Attachments_67:Uploads - Verify multiple files upload</span>
	</div>
	<ul class='steps'>
		<li test-id='372' class='node and pass' status='pass'>
			
			<b>And</b>
			
			<span class="bdd-step-name">And Create a Attachments visual</span>
				<div class='pre'>passed</div>
			
		</li>
		<li test-id='373' class='node and pass' status='pass'>
			
			<b>And</b>
			
			<span class="bdd-step-name">And Try to upload multiple files in the same visual</span>
				<div class='pre'>passed</div>
			
		</li>
		<li test-id='374' class='node then pass' status='pass'>
			
			<b>Then</b>
			
			<span class="bdd-step-name">Then Should allow to upload multiple files to the visual</span>
				<div class='pre'>passed</div>
			
		</li>
	</ul>
</div>
<div class='scenario node' test-id='375' status='pass'>
	<div class='category-list'>
		<span class='category label white-text'>@Attachments</span>
	</div>
	<span class='duration right label'>0h 0m 53s+532ms</span>
	<div class='desc'>
		<b>Scenario</b>
		<span class="desc-text">TC_Attachments_68:Uploads - Verify default tab for attachments visual</span>
	</div>
	<ul class='steps'>
		<li test-id='376' class='node and pass' status='pass'>
			
			<b>And</b>
			
			<span class="bdd-step-name">And Create a Attachments visual</span>
				<div class='pre'>passed</div>
			
		</li>
		<li test-id='377' class='node then pass' status='pass'>
			
			<b>Then</b>
			
			<span class="bdd-step-name">Then The default tab for attachement is "Uploads"</span>
				<div class='pre'>passed</div>
			
		</li>
	</ul>
</div>
<div class='scenario node' test-id='378' status='fail'>
	<div class='category-list'>
		<span class='category label white-text'>@Attachments</span>
	</div>
	<span class='duration right label'>0h 1m 12s+755ms</span>
	<div class='desc'>
		<b>Scenario</b>
		<span class="desc-text">TC_Attachments_69:Right click - Verify Copy Attachments</span>
	</div>
	<ul class='steps'>
		<li test-id='379' class='node and pass' status='pass'>
			
			<b>And</b>
			
			<span class="bdd-step-name">And Create a Attachments visual</span>
				<div class='pre'>passed</div>
			
		</li>
		<li test-id='380' class='node then pass' status='pass'>
			
			<b>Then</b>
			
			<span class="bdd-step-name">Then Enter "www.google.com" in the link field</span>
				<div class='pre'>passed</div>
			
		</li>
		<li test-id='381' class='node and pass' status='pass'>
			
			<b>And</b>
			
			<span class="bdd-step-name">And Click on Ok</span>
				<div class='pre'>passed</div>
			
		</li>
		<li test-id='382' class='node and pass' status='pass'>
			
			<b>And</b>
			
			<span class="bdd-step-name">And Right click on visual header</span>
				<div class='pre'>passed</div>
			
		</li>
		<li test-id='383' class='node and fail' status='fail'>
			
			<b>And</b>
			
			<span class="bdd-step-name">And Choose "Copy attachments"</span>
				<div class='pre'><pre>java.lang.AssertionError: Copy attachments option is disabled
	at org.testng.Assert.fail(Assert.java:94)
	at CDMNext.StepDefinations.Commentary.choose(Commentary.java:1803)
	at ✽.And Choose "Copy attachments"(Attachments.feature:524)
</pre></div>
			
		</li>
		<li test-id='384' class='node then skip' status='skip'>
			
			<b>Then</b>
			
			<span class="bdd-step-name">Then Attachments should be copied to clipboard</span>
				<div class='pre'>skipped</div>
			
		</li>
	</ul>
</div>
<div class='scenario node' test-id='385' status='fail'>
	<div class='category-list'>
		<span class='category label white-text'>@Attachments</span>
	</div>
	<span class='duration right label'>0h 1m 20s+84ms</span>
	<div class='desc'>
		<b>Scenario</b>
		<span class="desc-text">TC_Attachments_70:Right click - Validate copied Attachments</span>
	</div>
	<ul class='steps'>
		<li test-id='386' class='node and pass' status='pass'>
			
			<b>And</b>
			
			<span class="bdd-step-name">And Create a Attachments visual</span>
				<div class='pre'>passed</div>
			
		</li>
		<li test-id='387' class='node then pass' status='pass'>
			
			<b>Then</b>
			
			<span class="bdd-step-name">Then Enter "www.google.com" in the link field</span>
				<div class='pre'>passed</div>
			
		</li>
		<li test-id='388' class='node and pass' status='pass'>
			
			<b>And</b>
			
			<span class="bdd-step-name">And Click on Ok</span>
				<div class='pre'>passed</div>
			
		</li>
		<li test-id='389' class='node and pass' status='pass'>
			
			<b>And</b>
			
			<span class="bdd-step-name">And Right click on visual header</span>
				<div class='pre'>passed</div>
			
		</li>
		<li test-id='390' class='node and fail' status='fail'>
			
			<b>And</b>
			
			<span class="bdd-step-name">And Choose "Copy attachments"</span>
				<div class='pre'><pre>java.lang.AssertionError: Copy attachments option is disabled
	at org.testng.Assert.fail(Assert.java:94)
	at CDMNext.StepDefinations.Commentary.choose(Commentary.java:1803)
	at ✽.And Choose "Copy attachments"(Attachments.feature:533)
</pre></div>
			
		</li>
		<li test-id='391' class='node and skip' status='skip'>
			
			<b>And</b>
			
			<span class="bdd-step-name">And Paste in insight</span>
				<div class='pre'>skipped</div>
			
		</li>
		<li test-id='392' class='node then skip' status='skip'>
			
			<b>Then</b>
			
			<span class="bdd-step-name">Then Attachments visual should be pasted</span>
				<div class='pre'>skipped</div>
			
		</li>
	</ul>
</div>
<div class='scenario node' test-id='393' status='fail'>
	<div class='category-list'>
		<span class='category label white-text'>@Attachments</span>
	</div>
	<span class='duration right label'>0h 1m 9s+656ms</span>
	<div class='desc'>
		<b>Scenario</b>
		<span class="desc-text">TC_Attachments_71:Right click - Verify Cut Attachments</span>
	</div>
	<ul class='steps'>
		<li test-id='394' class='node and pass' status='pass'>
			
			<b>And</b>
			
			<span class="bdd-step-name">And Create a Attachments visual</span>
				<div class='pre'>passed</div>
			
		</li>
		<li test-id='395' class='node and pass' status='pass'>
			
			<b>And</b>
			
			<span class="bdd-step-name">And Right click on visual header</span>
				<div class='pre'>passed</div>
			
		</li>
		<li test-id='396' class='node and fail' status='fail'>
			
			<b>And</b>
			
			<span class="bdd-step-name">And Choose "Cut attachments"</span>
				<div class='pre'><pre>java.lang.AssertionError: Cut attachments option is disabled
	at org.testng.Assert.fail(Assert.java:94)
	at CDMNext.StepDefinations.Commentary.choose(Commentary.java:1803)
	at ✽.And Choose "Cut attachments"(Attachments.feature:541)
</pre></div>
			
		</li>
		<li test-id='397' class='node then skip' status='skip'>
			
			<b>Then</b>
			
			<span class="bdd-step-name">Then Attachments should be cut</span>
				<div class='pre'>skipped</div>
			
		</li>
	</ul>
</div>
<div class='scenario node' test-id='398' status='fail'>
	<div class='category-list'>
		<span class='category label white-text'>@Attachments</span>
	</div>
	<span class='duration right label'>0h 1m 19s+967ms</span>
	<div class='desc'>
		<b>Scenario</b>
		<span class="desc-text">TC_Attachments_72:Right click - Validate Cut Attachments</span>
	</div>
	<ul class='steps'>
		<li test-id='399' class='node and pass' status='pass'>
			
			<b>And</b>
			
			<span class="bdd-step-name">And Create a Attachments visual</span>
				<div class='pre'>passed</div>
			
		</li>
		<li test-id='400' class='node then pass' status='pass'>
			
			<b>Then</b>
			
			<span class="bdd-step-name">Then Enter "www.google.com" in the link field</span>
				<div class='pre'>passed</div>
			
		</li>
		<li test-id='401' class='node and pass' status='pass'>
			
			<b>And</b>
			
			<span class="bdd-step-name">And Click on Ok</span>
				<div class='pre'>passed</div>
			
		</li>
		<li test-id='402' class='node and pass' status='pass'>
			
			<b>And</b>
			
			<span class="bdd-step-name">And Right click on visual header</span>
				<div class='pre'>passed</div>
			
		</li>
		<li test-id='403' class='node and fail' status='fail'>
			
			<b>And</b>
			
			<span class="bdd-step-name">And Choose "Cut attachments"</span>
				<div class='pre'><pre>java.lang.AssertionError: Cut attachments option is disabled
	at org.testng.Assert.fail(Assert.java:94)
	at CDMNext.StepDefinations.Commentary.choose(Commentary.java:1803)
	at ✽.And Choose "Cut attachments"(Attachments.feature:550)
</pre></div>
			
		</li>
		<li test-id='404' class='node and skip' status='skip'>
			
			<b>And</b>
			
			<span class="bdd-step-name">And Paste in insight</span>
				<div class='pre'>skipped</div>
			
		</li>
		<li test-id='405' class='node then skip' status='skip'>
			
			<b>Then</b>
			
			<span class="bdd-step-name">Then Attachments visual should be pasted</span>
				<div class='pre'>skipped</div>
			
		</li>
	</ul>
</div>
<div class='scenario node' test-id='406' status='pass'>
	<div class='category-list'>
		<span class='category label white-text'>@Attachments</span>
	</div>
	<span class='duration right label'>0h 1m 13s+436ms</span>
	<div class='desc'>
		<b>Scenario</b>
		<span class="desc-text">TC_Attachments_73:Right click - Verify Delete Attachments</span>
	</div>
	<ul class='steps'>
		<li test-id='407' class='node and pass' status='pass'>
			
			<b>And</b>
			
			<span class="bdd-step-name">And Create a Attachments visual</span>
				<div class='pre'>passed</div>
			
		</li>
		<li test-id='408' class='node and pass' status='pass'>
			
			<b>And</b>
			
			<span class="bdd-step-name">And Right click on visual header</span>
				<div class='pre'>passed</div>
			
		</li>
		<li test-id='409' class='node and pass' status='pass'>
			
			<b>And</b>
			
			<span class="bdd-step-name">And Choose "Delete attachments"</span>
				<div class='pre'>passed</div>
			
		</li>
		<li test-id='410' class='node then pass' status='pass'>
			
			<b>Then</b>
			
			<span class="bdd-step-name">Then Attachments should be deleted</span>
				<div class='pre'>passed</div>
			
		</li>
	</ul>
</div>
<div class='scenario node' test-id='411' status='pass'>
	<div class='category-list'>
		<span class='category label white-text'>@Attachments</span>
	</div>
	<span class='duration right label'>0h 1m 12s+764ms</span>
	<div class='desc'>
		<b>Scenario</b>
		<span class="desc-text">TC_Attachments_74:Right click - Verify chart under insert visual</span>
	</div>
	<ul class='steps'>
		<li test-id='412' class='node and pass' status='pass'>
			
			<b>And</b>
			
			<span class="bdd-step-name">And Create a Attachments visual</span>
				<div class='pre'>passed</div>
			
		</li>
		<li test-id='413' class='node and pass' status='pass'>
			
			<b>And</b>
			
			<span class="bdd-step-name">And Right click on visual header</span>
				<div class='pre'>passed</div>
			
		</li>
		<li test-id='414' class='node and pass' status='pass'>
			
			<b>And</b>
			
			<span class="bdd-step-name">And Choose Insert visual as "Chart"</span>
				<div class='pre'>passed</div>
			
		</li>
		<li test-id='415' class='node then pass' status='pass'>
			
			<b>Then</b>
			
			<span class="bdd-step-name">Then "Chart" visual should be created in the same view tab</span>
				<div class='pre'>passed</div>
			
		</li>
	</ul>
</div>
<div class='scenario node' test-id='416' status='pass'>
	<div class='category-list'>
		<span class='category label white-text'>@Attachments</span>
	</div>
	<span class='duration right label'>0h 1m 3s+566ms</span>
	<div class='desc'>
		<b>Scenario</b>
		<span class="desc-text">TC_Attachments_75:Right click - Verify Map under insert visual</span>
	</div>
	<ul class='steps'>
		<li test-id='417' class='node and pass' status='pass'>
			
			<b>And</b>
			
			<span class="bdd-step-name">And Create a Attachments visual</span>
				<div class='pre'>passed</div>
			
		</li>
		<li test-id='418' class='node and pass' status='pass'>
			
			<b>And</b>
			
			<span class="bdd-step-name">And Right click on visual header</span>
				<div class='pre'>passed</div>
			
		</li>
		<li test-id='419' class='node and pass' status='pass'>
			
			<b>And</b>
			
			<span class="bdd-step-name">And Choose Insert visual as "Map"</span>
				<div class='pre'>passed</div>
			
		</li>
		<li test-id='420' class='node then pass' status='pass'>
			
			<b>Then</b>
			
			<span class="bdd-step-name">Then "Map" visual should be created in the same view tab</span>
				<div class='pre'>passed</div>
			
		</li>
	</ul>
</div>
<div class='scenario node' test-id='421' status='pass'>
	<div class='category-list'>
		<span class='category label white-text'>@Attachments</span>
	</div>
	<span class='duration right label'>0h 1m 3s+511ms</span>
	<div class='desc'>
		<b>Scenario</b>
		<span class="desc-text">TC_Attachments_76:Right click - Verify Table under insert visual</span>
	</div>
	<ul class='steps'>
		<li test-id='422' class='node and pass' status='pass'>
			
			<b>And</b>
			
			<span class="bdd-step-name">And Create a Attachments visual</span>
				<div class='pre'>passed</div>
			
		</li>
		<li test-id='423' class='node and pass' status='pass'>
			
			<b>And</b>
			
			<span class="bdd-step-name">And Right click on visual header</span>
				<div class='pre'>passed</div>
			
		</li>
		<li test-id='424' class='node and pass' status='pass'>
			
			<b>And</b>
			
			<span class="bdd-step-name">And Choose Insert visual as "Table"</span>
				<div class='pre'>passed</div>
			
		</li>
		<li test-id='425' class='node then pass' status='pass'>
			
			<b>Then</b>
			
			<span class="bdd-step-name">Then "Table" visual should be created in the same view tab</span>
				<div class='pre'>passed</div>
			
		</li>
	</ul>
</div>
<div class='scenario node' test-id='426' status='pass'>
	<div class='category-list'>
		<span class='category label white-text'>@Attachments</span>
	</div>
	<span class='duration right label'>0h 1m 3s+474ms</span>
	<div class='desc'>
		<b>Scenario</b>
		<span class="desc-text">TC_Attachments_77:Right click - Verify Heat map under insert visual</span>
	</div>
	<ul class='steps'>
		<li test-id='427' class='node and pass' status='pass'>
			
			<b>And</b>
			
			<span class="bdd-step-name">And Create a Attachments visual</span>
				<div class='pre'>passed</div>
			
		</li>
		<li test-id='428' class='node and pass' status='pass'>
			
			<b>And</b>
			
			<span class="bdd-step-name">And Right click on visual header</span>
				<div class='pre'>passed</div>
			
		</li>
		<li test-id='429' class='node and pass' status='pass'>
			
			<b>And</b>
			
			<span class="bdd-step-name">And Choose Insert visual as "Heat map"</span>
				<div class='pre'>passed</div>
			
		</li>
		<li test-id='430' class='node then pass' status='pass'>
			
			<b>Then</b>
			
			<span class="bdd-step-name">Then "Heat map" visual should be created in the same view tab</span>
				<div class='pre'>passed</div>
			
		</li>
	</ul>
</div>
<div class='scenario node' test-id='431' status='pass'>
	<div class='category-list'>
		<span class='category label white-text'>@Attachments</span>
	</div>
	<span class='duration right label'>0h 1m 3s+571ms</span>
	<div class='desc'>
		<b>Scenario</b>
		<span class="desc-text">TC_Attachments_78:Right click - Verify Histogram under insert visual</span>
	</div>
	<ul class='steps'>
		<li test-id='432' class='node and pass' status='pass'>
			
			<b>And</b>
			
			<span class="bdd-step-name">And Create a Attachments visual</span>
				<div class='pre'>passed</div>
			
		</li>
		<li test-id='433' class='node and pass' status='pass'>
			
			<b>And</b>
			
			<span class="bdd-step-name">And Right click on visual header</span>
				<div class='pre'>passed</div>
			
		</li>
		<li test-id='434' class='node and pass' status='pass'>
			
			<b>And</b>
			
			<span class="bdd-step-name">And Choose Insert visual as "Histogram"</span>
				<div class='pre'>passed</div>
			
		</li>
		<li test-id='435' class='node then pass' status='pass'>
			
			<b>Then</b>
			
			<span class="bdd-step-name">Then "Histogram" visual should be created in the same view tab</span>
				<div class='pre'>passed</div>
			
		</li>
	</ul>
</div>
<div class='scenario node' test-id='436' status='pass'>
	<div class='category-list'>
		<span class='category label white-text'>@Attachments</span>
	</div>
	<span class='duration right label'>0h 1m 3s+325ms</span>
	<div class='desc'>
		<b>Scenario</b>
		<span class="desc-text">TC_Attachments_79:Right click - Verify Pie under insert visual</span>
	</div>
	<ul class='steps'>
		<li test-id='437' class='node and pass' status='pass'>
			
			<b>And</b>
			
			<span class="bdd-step-name">And Create a Attachments visual</span>
				<div class='pre'>passed</div>
			
		</li>
		<li test-id='438' class='node and pass' status='pass'>
			
			<b>And</b>
			
			<span class="bdd-step-name">And Right click on visual header</span>
				<div class='pre'>passed</div>
			
		</li>
		<li test-id='439' class='node and pass' status='pass'>
			
			<b>And</b>
			
			<span class="bdd-step-name">And Choose Insert visual as "Pie"</span>
				<div class='pre'>passed</div>
			
		</li>
		<li test-id='440' class='node then pass' status='pass'>
			
			<b>Then</b>
			
			<span class="bdd-step-name">Then "Pie" visual should be created in the same view tab</span>
				<div class='pre'>passed</div>
			
		</li>
	</ul>
</div>
<div class='scenario node' test-id='441' status='fail'>
	<div class='category-list'>
		<span class='category label white-text'>@Attachments</span>
	</div>
	<span class='duration right label'>0h 1m 3s+593ms</span>
	<div class='desc'>
		<b>Scenario</b>
		<span class="desc-text">TC_Attachments_80:Right click - Verify commentary under insert visual</span>
	</div>
	<ul class='steps'>
		<li test-id='442' class='node and pass' status='pass'>
			
			<b>And</b>
			
			<span class="bdd-step-name">And Create a Attachments visual</span>
				<div class='pre'>passed</div>
			
		</li>
		<li test-id='443' class='node and pass' status='pass'>
			
			<b>And</b>
			
			<span class="bdd-step-name">And Right click on visual header</span>
				<div class='pre'>passed</div>
			
		</li>
		<li test-id='444' class='node and pass' status='pass'>
			
			<b>And</b>
			
			<span class="bdd-step-name">And Choose Insert visual as "Commentary"</span>
				<div class='pre'>passed</div>
			
		</li>
		<li test-id='445' class='node then fail' status='fail'>
			
			<b>Then</b>
			
			<span class="bdd-step-name">Then "Commentary" visual should be created in the same view tab</span>
				<div class='pre'><pre>java.lang.AssertionError: Commentary visual is not created
	at org.testng.Assert.fail(Assert.java:94)
	at CDMNext.StepDefinations.Commentary.visual_should_be_created_in_the_same_view_tab(Commentary.java:1892)
	at ✽.Then "Commentary" visual should be created in the same view tab(Attachments.feature:608)
</pre></div>
			
		</li>
	</ul>
</div>
<div class='scenario node' test-id='446' status='pass'>
	<div class='category-list'>
		<span class='category label white-text'>@Attachments</span>
	</div>
	<span class='duration right label'>0h 1m 1s+656ms</span>
	<div class='desc'>
		<b>Scenario</b>
		<span class="desc-text">TC_Attachments_81:Right click - Verify attachments under insert visual</span>
	</div>
	<ul class='steps'>
		<li test-id='447' class='node and pass' status='pass'>
			
			<b>And</b>
			
			<span class="bdd-step-name">And Create a Attachments visual</span>
				<div class='pre'>passed</div>
			
		</li>
		<li test-id='448' class='node and pass' status='pass'>
			
			<b>And</b>
			
			<span class="bdd-step-name">And Right click on visual header</span>
				<div class='pre'>passed</div>
			
		</li>
		<li test-id='449' class='node and pass' status='pass'>
			
			<b>And</b>
			
			<span class="bdd-step-name">And Choose Insert visual as "Attachments"</span>
				<div class='pre'>passed</div>
			
		</li>
		<li test-id='450' class='node then pass' status='pass'>
			
			<b>Then</b>
			
			<span class="bdd-step-name">Then Attachments visual should be created in the same view tab</span>
				<div class='pre'>passed</div>
			
		</li>
	</ul>
</div>
<div class='scenario node' test-id='451' status='pass'>
	<div class='category-list'>
		<span class='category label white-text'>@Attachments</span>
	</div>
	<span class='duration right label'>0h 1m 3s+394ms</span>
	<div class='desc'>
		<b>Scenario</b>
		<span class="desc-text">TC_Attachments_82:Right click - Verify image under insert visual</span>
	</div>
	<ul class='steps'>
		<li test-id='452' class='node and pass' status='pass'>
			
			<b>And</b>
			
			<span class="bdd-step-name">And Create a Attachments visual</span>
				<div class='pre'>passed</div>
			
		</li>
		<li test-id='453' class='node and pass' status='pass'>
			
			<b>And</b>
			
			<span class="bdd-step-name">And Right click on visual header</span>
				<div class='pre'>passed</div>
			
		</li>
		<li test-id='454' class='node and pass' status='pass'>
			
			<b>And</b>
			
			<span class="bdd-step-name">And Choose Insert visual as "Image"</span>
				<div class='pre'>passed</div>
			
		</li>
		<li test-id='455' class='node then pass' status='pass'>
			
			<b>Then</b>
			
			<span class="bdd-step-name">Then "Image" visual should be created in the same view tab</span>
				<div class='pre'>passed</div>
			
		</li>
	</ul>
</div>
<div class='scenario node' test-id='456' status='pass'>
	<div class='category-list'>
		<span class='category label white-text'>@Attachments</span>
	</div>
	<span class='duration right label'>0h 1m 3s+663ms</span>
	<div class='desc'>
		<b>Scenario</b>
		<span class="desc-text">TC_Attachments_83:Right click - Verify Filter under insert visual</span>
	</div>
	<ul class='steps'>
		<li test-id='457' class='node and pass' status='pass'>
			
			<b>And</b>
			
			<span class="bdd-step-name">And Create a Attachments visual</span>
				<div class='pre'>passed</div>
			
		</li>
		<li test-id='458' class='node and pass' status='pass'>
			
			<b>And</b>
			
			<span class="bdd-step-name">And Right click on visual header</span>
				<div class='pre'>passed</div>
			
		</li>
		<li test-id='459' class='node and pass' status='pass'>
			
			<b>And</b>
			
			<span class="bdd-step-name">And Choose Insert visual as "Filter"</span>
				<div class='pre'>passed</div>
			
		</li>
		<li test-id='460' class='node then pass' status='pass'>
			
			<b>Then</b>
			
			<span class="bdd-step-name">Then "Filter" visual should be created in the same view tab</span>
				<div class='pre'>passed</div>
			
		</li>
	</ul>
</div>
<div class='scenario node' test-id='461' status='fail'>
	<div class='category-list'>
		<span class='category label white-text'>@Attachments</span>
	</div>
	<span class='duration right label'>0h 1m 2s+520ms</span>
	<div class='desc'>
		<b>Scenario</b>
		<span class="desc-text">TC_Attachments_84:Right click - Verify Paste visual</span>
	</div>
	<ul class='steps'>
		<li test-id='462' class='node and pass' status='pass'>
			
			<b>And</b>
			
			<span class="bdd-step-name">And Create a Attachments visual</span>
				<div class='pre'>passed</div>
			
		</li>
		<li test-id='463' class='node and pass' status='pass'>
			
			<b>And</b>
			
			<span class="bdd-step-name">And Right click on visual header</span>
				<div class='pre'>passed</div>
			
		</li>
		<li test-id='464' class='node and fail' status='fail'>
			
			<b>And</b>
			
			<span class="bdd-step-name">And Choose "Copy attachments"</span>
				<div class='pre'><pre>java.lang.AssertionError: Copy attachments option is disabled
	at org.testng.Assert.fail(Assert.java:94)
	at CDMNext.StepDefinations.Commentary.choose(Commentary.java:1803)
	at ✽.And Choose "Copy attachments"(Attachments.feature:635)
</pre></div>
			
		</li>
		<li test-id='465' class='node and skip' status='skip'>
			
			<b>And</b>
			
			<span class="bdd-step-name">And Again Right click on visual header</span>
				<div class='pre'>skipped</div>
			
		</li>
		<li test-id='466' class='node and skip' status='skip'>
			
			<b>And</b>
			
			<span class="bdd-step-name">And Choose "Paste visual"</span>
				<div class='pre'>skipped</div>
			
		</li>
		<li test-id='467' class='node then skip' status='skip'>
			
			<b>Then</b>
			
			<span class="bdd-step-name">Then Copied attachments visual should be pasted</span>
				<div class='pre'>skipped</div>
			
		</li>
	</ul>
</div>
<div class='scenario node' test-id='468' status='pass'>
	<div class='category-list'>
		<span class='category label white-text'>@Attachments</span>
	</div>
	<span class='duration right label'>0h 1m 25s+917ms</span>
	<div class='desc'>
		<b>Scenario</b>
		<span class="desc-text">TC_Attachments_85:Right click - Verify 'Clear contents'</span>
	</div>
	<ul class='steps'>
		<li test-id='469' class='node and pass' status='pass'>
			
			<b>And</b>
			
			<span class="bdd-step-name">And Create a Attachments visual</span>
				<div class='pre'>passed</div>
			
		</li>
		<li test-id='470' class='node then pass' status='pass'>
			
			<b>Then</b>
			
			<span class="bdd-step-name">Then Enter "www.google.com" in the link field</span>
				<div class='pre'>passed</div>
			
		</li>
		<li test-id='471' class='node and pass' status='pass'>
			
			<b>And</b>
			
			<span class="bdd-step-name">And Click on Ok</span>
				<div class='pre'>passed</div>
			
		</li>
		<li test-id='472' class='node and pass' status='pass'>
			
			<b>And</b>
			
			<span class="bdd-step-name">And Right click on visual header</span>
				<div class='pre'>passed</div>
			
		</li>
		<li test-id='473' class='node and pass' status='pass'>
			
			<b>And</b>
			
			<span class="bdd-step-name">And Choose "Clear contents"</span>
				<div class='pre'>passed</div>
			
		</li>
		<li test-id='474' class='node then pass' status='pass'>
			
			<b>Then</b>
			
			<span class="bdd-step-name">Then All the contents should be removed from the attachments visual</span>
				<div class='pre'>passed</div>
			
		</li>
	</ul>
</div>
<div class='scenario node' test-id='475' status='pass'>
	<div class='category-list'>
		<span class='category label white-text'>@Attachments</span>
	</div>
	<span class='duration right label'>0h 0m 57s+164ms</span>
	<div class='desc'>
		<b>Scenario</b>
		<span class="desc-text">TC_Attachments_86:Right click - Verify Download subdropdown</span>
	</div>
	<ul class='steps'>
		<li test-id='476' class='node and pass' status='pass'>
			
			<b>And</b>
			
			<span class="bdd-step-name">And Create a Attachments visual</span>
				<div class='pre'>passed</div>
			
		</li>
		<li test-id='477' class='node and pass' status='pass'>
			
			<b>And</b>
			
			<span class="bdd-step-name">And Right click on visual header</span>
				<div class='pre'>passed</div>
			
		</li>
		<li test-id='478' class='node and pass' status='pass'>
			
			<b>And</b>
			
			<span class="bdd-step-name">And Choose "Download"</span>
				<div class='pre'>passed</div>
			
		</li>
		<li test-id='479' class='node then pass' status='pass'>
			
			<b>Then</b>
			
			<span class="bdd-step-name">Then "Attachments , View" options should be displayed</span>
				<div class='pre'>passed</div>
			
		</li>
	</ul>
</div>
<div class='scenario node' test-id='480' status='fail'>
	<div class='category-list'>
		<span class='category label white-text'>@Attachments</span>
	</div>
	<span class='duration right label'>0h 2m 56s+633ms</span>
	<div class='desc'>
		<b>Scenario</b>
		<span class="desc-text">TC_Attachments_87:Right click - Download - Verify Attachments</span>
	</div>
	<ul class='steps'>
		<li test-id='481' class='node and pass' status='pass'>
			
			<b>And</b>
			
			<span class="bdd-step-name">And Add some text in the description field</span>
				<div class='pre'>passed</div>
			
		</li>
		<li test-id='482' class='node and pass' status='pass'>
			
			<b>And</b>
			
			<span class="bdd-step-name">And Get the text from the description field</span>
				<div class='pre'>passed</div>
			
		</li>
		<li test-id='483' class='node and pass' status='pass'>
			
			<b>And</b>
			
			<span class="bdd-step-name">And Create attachments visual</span>
				<div class='pre'>passed</div>
			
		</li>
		<li test-id='484' class='node and fail' status='fail'>
			
			<b>And</b>
			
			<span class="bdd-step-name">And Right click on visual header</span>
				<div class='pre'><pre>org.openqa.selenium.TimeoutException: Expected condition failed: waiting for visibility of element located by By.xpath: //*[@data-name='title'] (tried for 100 second(s) with 500 MILLISECONDS interval)
Build info: version: '3.4.0', revision: 'unknown', time: 'unknown'
System info: host: 'IN-BLR-L008', ip: '192.168.56.1', os.name: 'Windows 10', os.arch: 'amd64', os.version: '10.0', java.version: '1.8.0_202'
Driver info: org.openqa.selenium.chrome.ChromeDriver
Capabilities [{networkConnectionEnabled=false, chrome={chromedriverVersion=100.0.4896.20 (f9d71f93d32a6487809d6f35a9670c879fe97dfe-refs/branch-heads/4896@{#203}), userDataDir=C:\Users\nmaduru\AppData\Local\Temp\scoped_dir27116_1016311222}, timeouts={implicit=0.0, pageLoad=300000.0, script=30000.0}, pageLoadStrategy=normal, unhandledPromptBehavior=dismiss and notify, strictFileInteractability=false, platform=ANY, proxy=Proxy(), goog:chromeOptions={debuggerAddress=localhost:56482}, webauthn:extension:credBlob=true, acceptInsecureCerts=true, browserVersion=101.0.4951.54, browserName=chrome, javascriptEnabled=true, platformName=windows, setWindowRect=true, webauthn:extension:largeBlob=true, webauthn:virtualAuthenticators=true}]
Session ID: c2e77754b14656feb1a9fe0c36528ca8
	at org.openqa.selenium.support.ui.WebDriverWait.timeoutException(WebDriverWait.java:80)
	at org.openqa.selenium.support.ui.FluentWait.until(FluentWait.java:232)
	at CDMNext.util.CommonFunctionality.getElementByProperty(CommonFunctionality.java:473)
	at CDMNext.StepDefinations.Commentary.right_click_on_visual_header(Commentary.java:1792)
	at ✽.And Right click on visual header(Attachments.feature:661)
</pre></div>
			
		</li>
		<li test-id='485' class='node and skip' status='skip'>
			
			<b>And</b>
			
			<span class="bdd-step-name">And Choose Download as "View"</span>
				<div class='pre'>skipped</div>
			
		</li>
		<li test-id='486' class='node then skip' status='skip'>
			
			<b>Then</b>
			
			<span class="bdd-step-name">Then Download popup should be appeared with "Views" tab selection</span>
				<div class='pre'>skipped</div>
			
		</li>
	</ul>
</div>
					</div>
				</li>
			</ul>
		</div>
	</div>
	<!-- subview left -->

	<div class='subview-right left'>
		<div class='view-summary'>
			<h5 class='test-name'></h5>

			<div id='step-filters' class="right">
				<span class="blue-text" status="info" alt="info" title="info"><i class="material-icons">info_outline</i></span>
				<span class="green-text" status="pass" alt="pass" title="pass"><i class="material-icons">check_circle</i></span>
				<span class="red-text" status="fail" alt="fail" title="fail"><i class="material-icons">cancel</i></span>
				<span class="red-text text-darken-4" status="fatal" alt="fatal" title="fatal"><i class="material-icons">cancel</i></span>
				<span class="pink-text text-lighten-1" status="error" alt="error" title="error"><i class="material-icons">error</i></span>
				<span class="orange-text" alt="warning" status="warning" title="warning"><i class="material-icons">warning</i></span>
				<span class="teal-text" status="skip" alt="skip" title="skip"><i class="material-icons">redo</i></span>
				<span status="clear" alt="Clear filters" title="Clear filters"><i class="material-icons">clear</i></span>
			</div>
		</div>
	</div>
	<!-- subview right -->

</div>
<!-- test view -->
<div id='category-view' class='view hide'>

	<section id='controls'>
		<div class='controls grey lighten-4'>
			<!-- search -->
			<div class='chip transparent' alt='Search Tests' title='Search Tests'>
				<a href="#" class='search-div'>
					<i class='material-icons'>search</i> Search
				</a>
				
				<div class='input-field left hide'>
					<input id='search-tests' type='text' class='validate browser-default' placeholder='Search Tests...'>
				</div>
				
			</div>
			<!-- search -->
		</div>
	</section>

	<div class='subview-left left'>
		
		<div class='view-summary'>
			<h5>Categories</h3>
			<ul id='category-collection' class='category-collection'>
				
				<li class='category displayed active'>
					<div class='category-heading'>
						<span class='category-name'>@Attachments</span>
						<span class='category-status right'>
							<span class='label pass'>68</span>
							<span class='label fail'>19</span>
						</span>
					</div>
					<div class='category-content hide'>
						<div class='category-status-counts'>
							<span class='label green accent-4 white-text'>Passed: 68</span>
							<span class='label red lighten-1 white-text'>Failed: 19</span>
							
						</div>
					
						<div class='category-tests'>
							<table class='bordered table-results'>
								<thead>
									<tr>
										<th>Timestamp</th>
										<th>TestName</th>
										<th>Status</th>
									</tr>
								</thead>
								<tbody>
									<tr>
										<td>May 11, 2022 06:27:53 PM</td>
										<td class='linked' test-id='2'>Verifying Attachments Visual functionality.TC_Attachments_01:Verify 'Insert Attachments' under View tab</td>
										<td><span class='test-status pass'>pass</span></td>
									</tr>
									<tr>
										<td>May 11, 2022 06:29:28 PM</td>
										<td class='linked' test-id='6'>Verifying Attachments Visual functionality.TC_Attachments_02:Verify 'Insert Attachments' creating by drag and drop</td>
										<td><span class='test-status pass'>pass</span></td>
									</tr>
									<tr>
										<td>May 11, 2022 06:30:42 PM</td>
										<td class='linked' test-id='10'>Verifying Attachments Visual functionality.TC_Attachments_03:Title - Verify Title for Attachments</td>
										<td><span class='test-status pass'>pass</span></td>
									</tr>
									<tr>
										<td>May 11, 2022 06:31:48 PM</td>
										<td class='linked' test-id='14'>Verifying Attachments Visual functionality.TC_Attachments_04:Verify 'Title' display ON</td>
										<td><span class='test-status pass'>pass</span></td>
									</tr>
									<tr>
										<td>May 11, 2022 06:32:57 PM</td>
										<td class='linked' test-id='19'>Verifying Attachments Visual functionality.TC_Attachments_05:Verify 'Title' display OFF</td>
										<td><span class='test-status pass'>pass</span></td>
									</tr>
									<tr>
										<td>May 11, 2022 06:34:11 PM</td>
										<td class='linked' test-id='24'>Verifying Attachments Visual functionality.TC_Attachments_06:Verify visual title field</td>
										<td><span class='test-status pass'>pass</span></td>
									</tr>
									<tr>
										<td>May 11, 2022 06:35:24 PM</td>
										<td class='linked' test-id='29'>Verifying Attachments Visual functionality.TC_Attachments_07:Verify text color</td>
										<td><span class='test-status fail'>fail</span></td>
									</tr>
									<tr>
										<td>May 11, 2022 06:36:35 PM</td>
										<td class='linked' test-id='34'>Verifying Attachments Visual functionality.TC_Attachments_08:Verify highlight color</td>
										<td><span class='test-status fail'>fail</span></td>
									</tr>
									<tr>
										<td>May 11, 2022 06:37:47 PM</td>
										<td class='linked' test-id='39'>Verifying Attachments Visual functionality.TC_Attachments_09:Verify 'font size'</td>
										<td><span class='test-status pass'>pass</span></td>
									</tr>
									<tr>
										<td>May 11, 2022 06:39:07 PM</td>
										<td class='linked' test-id='44'>Verifying Attachments Visual functionality.TC_Attachments_10:Verify title in bold style</td>
										<td><span class='test-status pass'>pass</span></td>
									</tr>
									<tr>
										<td>May 11, 2022 06:40:12 PM</td>
										<td class='linked' test-id='49'>Verifying Attachments Visual functionality.TC_Attachments_11:Verify title in Italic style</td>
										<td><span class='test-status pass'>pass</span></td>
									</tr>
									<tr>
										<td>May 11, 2022 06:41:19 PM</td>
										<td class='linked' test-id='54'>Verifying Attachments Visual functionality.TC_Attachments_12:Verify title as underlined</td>
										<td><span class='test-status pass'>pass</span></td>
									</tr>
									<tr>
										<td>May 11, 2022 06:42:26 PM</td>
										<td class='linked' test-id='59'>Verifying Attachments Visual functionality.TC_Attachments_13:Verify horizontal alignment (left, right, center)</td>
										<td><span class='test-status pass'>pass</span></td>
									</tr>
									<tr>
										<td>May 11, 2022 06:43:40 PM</td>
										<td class='linked' test-id='64'>Verifying Attachments Visual functionality.TC_Attachments_14:Subtitle - Verify subtitle by default</td>
										<td><span class='test-status pass'>pass</span></td>
									</tr>
									<tr>
										<td>May 11, 2022 06:44:45 PM</td>
										<td class='linked' test-id='69'>Verifying Attachments Visual functionality.TC_Attachments_15:Attachments subtitle display=YES</td>
										<td><span class='test-status pass'>pass</span></td>
									</tr>
									<tr>
										<td>May 11, 2022 06:46:03 PM</td>
										<td class='linked' test-id='74'>Verifying Attachments Visual functionality.TC_Attachments_16:Attachments subtitle display=NO</td>
										<td><span class='test-status pass'>pass</span></td>
									</tr>
									<tr>
										<td>May 11, 2022 06:47:13 PM</td>
										<td class='linked' test-id='79'>Verifying Attachments Visual functionality.TC_Attachments_17:Sub-title field</td>
										<td><span class='test-status pass'>pass</span></td>
									</tr>
									<tr>
										<td>May 11, 2022 06:48:35 PM</td>
										<td class='linked' test-id='84'>Verifying Attachments Visual functionality.TC_Attachments_18:Verify Sub-title text color</td>
										<td><span class='test-status fail'>fail</span></td>
									</tr>
									<tr>
										<td>May 11, 2022 06:49:59 PM</td>
										<td class='linked' test-id='89'>Verifying Attachments Visual functionality.TC_Attachments_19:Subtitle > Verify highlight color</td>
										<td><span class='test-status fail'>fail</span></td>
									</tr>
									<tr>
										<td>May 11, 2022 06:51:17 PM</td>
										<td class='linked' test-id='94'>Verifying Attachments Visual functionality.TC_Attachments_20:Subtitle > Verify 'font size'</td>
										<td><span class='test-status pass'>pass</span></td>
									</tr>
									<tr>
										<td>May 11, 2022 06:52:51 PM</td>
										<td class='linked' test-id='99'>Verifying Attachments Visual functionality.TC_Attachments_21:Verify Subtitle in bold style</td>
										<td><span class='test-status pass'>pass</span></td>
									</tr>
									<tr>
										<td>May 11, 2022 06:54:02 PM</td>
										<td class='linked' test-id='104'>Verifying Attachments Visual functionality.TC_Attachments_22:Verify Subtitle in Italic style</td>
										<td><span class='test-status pass'>pass</span></td>
									</tr>
									<tr>
										<td>May 11, 2022 06:55:14 PM</td>
										<td class='linked' test-id='109'>Verifying Attachments Visual functionality.TC_Attachments_23:Verify Subtitle as underlined</td>
										<td><span class='test-status pass'>pass</span></td>
									</tr>
									<tr>
										<td>May 11, 2022 06:56:27 PM</td>
										<td class='linked' test-id='114'>Verifying Attachments Visual functionality.TC_Attachments_24:Verify horizontal alignment (left, right, center) of sub_title</td>
										<td><span class='test-status pass'>pass</span></td>
									</tr>
									<tr>
										<td>May 11, 2022 06:57:48 PM</td>
										<td class='linked' test-id='119'>Verifying Attachments Visual functionality.TC_Attachments_25:Verify closing of titles popup</td>
										<td><span class='test-status pass'>pass</span></td>
									</tr>
									<tr>
										<td>May 11, 2022 06:59:01 PM</td>
										<td class='linked' test-id='124'>Verifying Attachments Visual functionality.TC_Attachments_26:Verify opening title popup by double click</td>
										<td><span class='test-status pass'>pass</span></td>
									</tr>
									<tr>
										<td>May 11, 2022 07:00:11 PM</td>
										<td class='linked' test-id='128'>Verifying Attachments Visual functionality.TC_Attachments_27:Verify edit commentary icon</td>
										<td><span class='test-status pass'>pass</span></td>
									</tr>
									<tr>
										<td>May 11, 2022 07:01:22 PM</td>
										<td class='linked' test-id='132'>Verifying Attachments Visual functionality.TC_Attachments_28:Verify Visual option</td>
										<td><span class='test-status pass'>pass</span></td>
									</tr>
									<tr>
										<td>May 11, 2022 07:02:25 PM</td>
										<td class='linked' test-id='136'>Verifying Attachments Visual functionality.TC_Attachments_29:Verify alignment</td>
										<td><span class='test-status pass'>pass</span></td>
									</tr>
									<tr>
										<td>May 11, 2022 07:09:20 PM</td>
										<td class='linked' test-id='147'>Verifying Attachments Visual functionality.TC_Attachments_30:Verify proportion</td>
										<td><span class='test-status pass'>pass</span></td>
									</tr>
									<tr>
										<td>May 11, 2022 07:10:34 PM</td>
										<td class='linked' test-id='151'>Verifying Attachments Visual functionality.TC_Attachments_31:Verify backgroud by default</td>
										<td><span class='test-status pass'>pass</span></td>
									</tr>
									<tr>
										<td>May 11, 2022 07:11:40 PM</td>
										<td class='linked' test-id='156'>Verifying Attachments Visual functionality.TC_Attachments_32:Visual - Verify backgroud color for visual</td>
										<td><span class='test-status fail'>fail</span></td>
									</tr>
									<tr>
										<td>May 11, 2022 07:14:53 PM</td>
										<td class='linked' test-id='164'>Verifying Attachments Visual functionality.TC_Attachments_33:Verify upload image for visual backgroud</td>
										<td><span class='test-status pass'>pass</span></td>
									</tr>
									<tr>
										<td>May 11, 2022 07:16:36 PM</td>
										<td class='linked' test-id='172'>Verifying Attachments Visual functionality.TC_Attachments_34:Visual - Verify remove icon for uploaded image</td>
										<td><span class='test-status pass'>pass</span></td>
									</tr>
									<tr>
										<td>May 11, 2022 07:18:16 PM</td>
										<td class='linked' test-id='181'>Verifying Attachments Visual functionality.TC_Attachments_35:Verify border by default</td>
										<td><span class='test-status pass'>pass</span></td>
									</tr>
									<tr>
										<td>May 11, 2022 07:19:22 PM</td>
										<td class='linked' test-id='186'>Verifying Attachments Visual functionality.TC_Attachments_36:Verify border color</td>
										<td><span class='test-status fail'>fail</span></td>
									</tr>
									<tr>
										<td>May 11, 2022 07:22:35 PM</td>
										<td class='linked' test-id='194'>Verifying Attachments Visual functionality.TC_Attachments_37:Verify border width</td>
										<td><span class='test-status pass'>pass</span></td>
									</tr>
									<tr>
										<td>May 11, 2022 07:26:06 PM</td>
										<td class='linked' test-id='202'>Verifying Attachments Visual functionality.TC_Attachments_38:Verify border radius</td>
										<td><span class='test-status pass'>pass</span></td>
									</tr>
									<tr>
										<td>May 11, 2022 07:29:28 PM</td>
										<td class='linked' test-id='210'>Verifying Attachments Visual functionality.TC_Attachments_39:Verify visual border type</td>
										<td><span class='test-status pass'>pass</span></td>
									</tr>
									<tr>
										<td>May 11, 2022 07:32:47 PM</td>
										<td class='linked' test-id='218'>Verifying Attachments Visual functionality.TC_Attachments_40:Verify closing of visual popup</td>
										<td><span class='test-status pass'>pass</span></td>
									</tr>
									<tr>
										<td>May 11, 2022 07:33:50 PM</td>
										<td class='linked' test-id='223'>Verifying Attachments Visual functionality.TC_Attachments_41:Verify 'Add to insight' option</td>
										<td><span class='test-status pass'>pass</span></td>
									</tr>
									<tr>
										<td>May 11, 2022 07:34:51 PM</td>
										<td class='linked' test-id='227'>Verifying Attachments Visual functionality.TC_Attachments_42:Verify 'Add to new tab' option under Add to insight</td>
										<td><span class='test-status pass'>pass</span></td>
									</tr>
									<tr>
										<td>May 11, 2022 07:36:09 PM</td>
										<td class='linked' test-id='234'>Verifying Attachments Visual functionality.TC_Attachments_43:Verify confirmation message for adding visual to new insight</td>
										<td><span class='test-status pass'>pass</span></td>
									</tr>
									<tr>
										<td>May 11, 2022 07:37:16 PM</td>
										<td class='linked' test-id='239'>Verifying Attachments Visual functionality.TC_Attachments_44:Validate the added visual by opening new insight</td>
										<td><span class='test-status pass'>pass</span></td>
									</tr>
									<tr>
										<td>May 11, 2022 07:38:42 PM</td>
										<td class='linked' test-id='247'>Verifying Attachments Visual functionality.TC_Attachments_45:Verify confirmation message for copy visual</td>
										<td><span class='test-status fail'>fail</span></td>
									</tr>
									<tr>
										<td>May 11, 2022 07:43:10 PM</td>
										<td class='linked' test-id='251'>Verifying Attachments Visual functionality.TC_Attachments_46:Validate copied visual by pasting with in the insight</td>
										<td><span class='test-status fail'>fail</span></td>
									</tr>
									<tr>
										<td>May 11, 2022 07:47:52 PM</td>
										<td class='linked' test-id='258'>Verifying Attachments Visual functionality.TC_Attachments_47:Validate copied visual by pasting to new insight</td>
										<td><span class='test-status fail'>fail</span></td>
									</tr>
									<tr>
										<td>May 11, 2022 07:52:37 PM</td>
										<td class='linked' test-id='265'>Verifying Attachments Visual functionality.TC_Attachments_48:Verify the confrimation message for pasting visual in insight</td>
										<td><span class='test-status fail'>fail</span></td>
									</tr>
									<tr>
										<td>May 11, 2022 07:57:15 PM</td>
										<td class='linked' test-id='272'>Verifying Attachments Visual functionality.TC_Attachments_49:Verify Open option</td>
										<td><span class='test-status pass'>pass</span></td>
									</tr>
									<tr>
										<td>May 11, 2022 07:58:21 PM</td>
										<td class='linked' test-id='276'>Verifying Attachments Visual functionality.TC_Attachments_50:Verify closing of maximized window</td>
										<td><span class='test-status pass'>pass</span></td>
									</tr>
									<tr>
										<td>May 11, 2022 07:59:36 PM</td>
										<td class='linked' test-id='281'>Verifying Attachments Visual functionality.TC_Attachments_51:Verify Delete attachments</td>
										<td><span class='test-status fail'>fail</span></td>
									</tr>
									<tr>
										<td>May 11, 2022 08:02:32 PM</td>
										<td class='linked' test-id='287'>Verifying Attachments Visual functionality.TC_Attachments_52:Verify description for delete confirmation popup</td>
										<td><span class='test-status fail'>fail</span></td>
									</tr>
									<tr>
										<td>May 11, 2022 08:05:27 PM</td>
										<td class='linked' test-id='293'>Verifying Attachments Visual functionality.TC_Attachments_53:Verify OK button in delete confirmation popup</td>
										<td><span class='test-status pass'>pass</span></td>
									</tr>
									<tr>
										<td>May 11, 2022 08:06:51 PM</td>
										<td class='linked' test-id='300'>Verifying Attachments Visual functionality.TC_Attachments_54:Verify Cancel/x icon in delete confirmation popup</td>
										<td><span class='test-status pass'>pass</span></td>
									</tr>
									<tr>
										<td>May 11, 2022 08:08:18 PM</td>
										<td class='linked' test-id='307'>Verifying Attachments Visual functionality.TC_Attachments_55:Links - Verify 'Links' tab</td>
										<td><span class='test-status pass'>pass</span></td>
									</tr>
									<tr>
										<td>May 11, 2022 08:09:20 PM</td>
										<td class='linked' test-id='311'>Verifying Attachments Visual functionality.TC_Attachments_56:Links - Validate the link</td>
										<td><span class='test-status pass'>pass</span></td>
									</tr>
									<tr>
										<td>May 11, 2022 08:10:33 PM</td>
										<td class='linked' test-id='316'>Verifying Attachments Visual functionality.TC_Attachments_57:Links - Verify title field without link</td>
										<td><span class='test-status pass'>pass</span></td>
									</tr>
									<tr>
										<td>May 11, 2022 08:11:39 PM</td>
										<td class='linked' test-id='320'>Verifying Attachments Visual functionality.TC_Attachments_58:Links -  Verify OK and Cancel buttons by default</td>
										<td><span class='test-status pass'>pass</span></td>
									</tr>
									<tr>
										<td>May 11, 2022 08:12:42 PM</td>
										<td class='linked' test-id='323'>Verifying Attachments Visual functionality.TC_Attachments_59:Links - Verify Edit link</td>
										<td><span class='test-status pass'>pass</span></td>
									</tr>
									<tr>
										<td>May 11, 2022 08:14:03 PM</td>
										<td class='linked' test-id='330'>Verifying Attachments Visual functionality.TC_Attachments_60:Links - Verify delete link</td>
										<td><span class='test-status pass'>pass</span></td>
									</tr>
									<tr>
										<td>May 11, 2022 08:15:28 PM</td>
										<td class='linked' test-id='336'>Verifying Attachments Visual functionality.TC_Attachments_61:Links -  Verify clicking on link</td>
										<td><span class='test-status pass'>pass</span></td>
									</tr>
									<tr>
										<td>May 11, 2022 08:16:46 PM</td>
										<td class='linked' test-id='342'>Verifying Attachments Visual functionality.TC_Attachments_62:Links - Verify OK button</td>
										<td><span class='test-status pass'>pass</span></td>
									</tr>
									<tr>
										<td>May 11, 2022 08:18:04 PM</td>
										<td class='linked' test-id='348'>Verifying Attachments Visual functionality.TC_Attachments_63:Links - Verify Cancel button</td>
										<td><span class='test-status pass'>pass</span></td>
									</tr>
									<tr>
										<td>May 11, 2022 08:19:22 PM</td>
										<td class='linked' test-id='354'>Verifying Attachments Visual functionality.TC_Attachments_64:Uploads - Verify 'Uploads' tab</td>
										<td><span class='test-status pass'>pass</span></td>
									</tr>
									<tr>
										<td>May 11, 2022 08:20:39 PM</td>
										<td class='linked' test-id='359'>Verifying Attachments Visual functionality.TC_Attachments_65:Uploads - Verify 'Remove' file</td>
										<td><span class='test-status pass'>pass</span></td>
									</tr>
									<tr>
										<td>May 11, 2022 08:22:08 PM</td>
										<td class='linked' test-id='365'>Verifying Attachments Visual functionality.TC_Attachments_66:Uploads - Verify clicking on file name</td>
										<td><span class='test-status pass'>pass</span></td>
									</tr>
									<tr>
										<td>May 11, 2022 08:23:46 PM</td>
										<td class='linked' test-id='371'>Verifying Attachments Visual functionality.TC_Attachments_67:Uploads - Verify multiple files upload</td>
										<td><span class='test-status pass'>pass</span></td>
									</tr>
									<tr>
										<td>May 11, 2022 08:25:15 PM</td>
										<td class='linked' test-id='375'>Verifying Attachments Visual functionality.TC_Attachments_68:Uploads - Verify default tab for attachments visual</td>
										<td><span class='test-status pass'>pass</span></td>
									</tr>
									<tr>
										<td>May 11, 2022 08:26:18 PM</td>
										<td class='linked' test-id='378'>Verifying Attachments Visual functionality.TC_Attachments_69:Right click - Verify Copy Attachments</td>
										<td><span class='test-status fail'>fail</span></td>
									</tr>
									<tr>
										<td>May 11, 2022 08:27:41 PM</td>
										<td class='linked' test-id='385'>Verifying Attachments Visual functionality.TC_Attachments_70:Right click - Validate copied Attachments</td>
										<td><span class='test-status fail'>fail</span></td>
									</tr>
									<tr>
										<td>May 11, 2022 08:29:12 PM</td>
										<td class='linked' test-id='393'>Verifying Attachments Visual functionality.TC_Attachments_71:Right click - Verify Cut Attachments</td>
										<td><span class='test-status fail'>fail</span></td>
									</tr>
									<tr>
										<td>May 11, 2022 08:30:32 PM</td>
										<td class='linked' test-id='398'>Verifying Attachments Visual functionality.TC_Attachments_72:Right click - Validate Cut Attachments</td>
										<td><span class='test-status fail'>fail</span></td>
									</tr>
									<tr>
										<td>May 11, 2022 08:32:02 PM</td>
										<td class='linked' test-id='406'>Verifying Attachments Visual functionality.TC_Attachments_73:Right click - Verify Delete Attachments</td>
										<td><span class='test-status pass'>pass</span></td>
									</tr>
									<tr>
										<td>May 11, 2022 08:33:25 PM</td>
										<td class='linked' test-id='411'>Verifying Attachments Visual functionality.TC_Attachments_74:Right click - Verify chart under insert visual</td>
										<td><span class='test-status pass'>pass</span></td>
									</tr>
									<tr>
										<td>May 11, 2022 08:34:48 PM</td>
										<td class='linked' test-id='416'>Verifying Attachments Visual functionality.TC_Attachments_75:Right click - Verify Map under insert visual</td>
										<td><span class='test-status pass'>pass</span></td>
									</tr>
									<tr>
										<td>May 11, 2022 08:36:02 PM</td>
										<td class='linked' test-id='421'>Verifying Attachments Visual functionality.TC_Attachments_76:Right click - Verify Table under insert visual</td>
										<td><span class='test-status pass'>pass</span></td>
									</tr>
									<tr>
										<td>May 11, 2022 08:37:15 PM</td>
										<td class='linked' test-id='426'>Verifying Attachments Visual functionality.TC_Attachments_77:Right click - Verify Heat map under insert visual</td>
										<td><span class='test-status pass'>pass</span></td>
									</tr>
									<tr>
										<td>May 11, 2022 08:38:29 PM</td>
										<td class='linked' test-id='431'>Verifying Attachments Visual functionality.TC_Attachments_78:Right click - Verify Histogram under insert visual</td>
										<td><span class='test-status pass'>pass</span></td>
									</tr>
									<tr>
										<td>May 11, 2022 08:39:43 PM</td>
										<td class='linked' test-id='436'>Verifying Attachments Visual functionality.TC_Attachments_79:Right click - Verify Pie under insert visual</td>
										<td><span class='test-status pass'>pass</span></td>
									</tr>
									<tr>
										<td>May 11, 2022 08:40:56 PM</td>
										<td class='linked' test-id='441'>Verifying Attachments Visual functionality.TC_Attachments_80:Right click - Verify commentary under insert visual</td>
										<td><span class='test-status fail'>fail</span></td>
									</tr>
									<tr>
										<td>May 11, 2022 08:42:10 PM</td>
										<td class='linked' test-id='446'>Verifying Attachments Visual functionality.TC_Attachments_81:Right click - Verify attachments under insert visual</td>
										<td><span class='test-status pass'>pass</span></td>
									</tr>
									<tr>
										<td>May 11, 2022 08:43:22 PM</td>
										<td class='linked' test-id='451'>Verifying Attachments Visual functionality.TC_Attachments_82:Right click - Verify image under insert visual</td>
										<td><span class='test-status pass'>pass</span></td>
									</tr>
									<tr>
										<td>May 11, 2022 08:44:35 PM</td>
										<td class='linked' test-id='456'>Verifying Attachments Visual functionality.TC_Attachments_83:Right click - Verify Filter under insert visual</td>
										<td><span class='test-status pass'>pass</span></td>
									</tr>
									<tr>
										<td>May 11, 2022 08:45:49 PM</td>
										<td class='linked' test-id='461'>Verifying Attachments Visual functionality.TC_Attachments_84:Right click - Verify Paste visual</td>
										<td><span class='test-status fail'>fail</span></td>
									</tr>
									<tr>
										<td>May 11, 2022 08:47:02 PM</td>
										<td class='linked' test-id='468'>Verifying Attachments Visual functionality.TC_Attachments_85:Right click - Verify 'Clear contents'</td>
										<td><span class='test-status pass'>pass</span></td>
									</tr>
									<tr>
										<td>May 11, 2022 08:48:38 PM</td>
										<td class='linked' test-id='475'>Verifying Attachments Visual functionality.TC_Attachments_86:Right click - Verify Download subdropdown</td>
										<td><span class='test-status pass'>pass</span></td>
									</tr>
									<tr>
										<td>May 11, 2022 08:49:45 PM</td>
										<td class='linked' test-id='480'>Verifying Attachments Visual functionality.TC_Attachments_87:Right click - Download - Verify Attachments</td>
										<td><span class='test-status fail'>fail</span></td>
									</tr>
								</tbody>
							</table>
						</div>
					</div>
				</li>

			</ul>
		</div>
	</div>

	<div class='subview-right left'>
		<div class='view-summary'>
			<h5 class='category-name'></h5>
		</div>
	</div>
</div>
<!-- category view -->
<div id='exception-view' class='view hide'>

    <section id='controls'>
        <div class='controls grey lighten-4'>
            <!-- search -->
            <div class='chip transparent' alt='Search Tests' title='Search Tests'>
                <a href="#" class='search-div'>
                    <i class='material-icons'>search</i> Search
                </a>

                <div class='input-field left hide'>
                    <input id='search-tests' type='text' class='validate browser-default' placeholder='Search Tests...'>
                </div>

            </div>
            <!-- search -->
        </div>
    </section>

    <div class='subview-left left'>

        <div class='view-summary'>
            <h5>Exceptions</h3>
                <ul id='exception-collection' class='exception-collection'>

                        <li class='exception displayed active'>
                            <div class='exception-heading'>
                                <span class='exception-name'>java.lang.NullPointerException</span>
                                <span class='exception-count right'><span class='label red lighten-1 white-text'>4</span></span>
                            </div>
                            <div class='exception-content hide'>
                                <div class='exception-tests'>
                                    <table class='bordered table-results'>
                                        <thead>
                                        <tr>
                                            <th>Timestamp</th>
                                            <th>TestName</th>
                                            <th>Status</th>
                                        </tr>
                                        </thead>
                                        <tbody>
                                                    <tr>
                                                        <td>May 11, 2022 06:36:24 PM</td>
                                                        <td class='linked' test-id='33'>Verifying Attachments Visual functionality.TC_Attachments_07:Verify text color.Then The Attachments should update the "title" text color as blue</td>
                                                        <td><pre><textarea>java.lang.NullPointerException
	at java.util.regex.Matcher.getTextLength(Matcher.java:1283)
	at java.util.regex.Matcher.reset(Matcher.java:309)
	at java.util.regex.Matcher.<init>(Matcher.java:229)
	at java.util.regex.Pattern.matcher(Pattern.java:1093)
	at org.openqa.selenium.support.Color$Converter.getColor(Color.java:127)
	at org.openqa.selenium.support.Color.fromString(Color.java:47)
	at CDMNext.StepDefinations.Commentary.ColorValidation(Commentary.java:2173)
	at CDMNext.StepDefinations.Attachments.the_Attachments_should_update_the_text_color_as_blue(Attachments.java:87)
	at ✽.Then The Attachments should update the "title" text color as blue(Attachments.feature:47)
</textarea></pre></td>
                                                    </tr>
                                                    <tr>
                                                        <td>May 11, 2022 06:37:36 PM</td>
                                                        <td class='linked' test-id='38'>Verifying Attachments Visual functionality.TC_Attachments_08:Verify highlight color.Then The Attachments should update the "title" highlight color as Orange</td>
                                                        <td><pre><textarea>java.lang.NullPointerException
	at java.util.regex.Matcher.getTextLength(Matcher.java:1283)
	at java.util.regex.Matcher.reset(Matcher.java:309)
	at java.util.regex.Matcher.<init>(Matcher.java:229)
	at java.util.regex.Pattern.matcher(Pattern.java:1093)
	at org.openqa.selenium.support.Color$Converter.getColor(Color.java:127)
	at org.openqa.selenium.support.Color.fromString(Color.java:47)
	at CDMNext.StepDefinations.Commentary.ColorValidation(Commentary.java:2173)
	at CDMNext.StepDefinations.Attachments.the_Attachments_should_update_the_highlight_color_as_Orange(Attachments.java:95)
	at ✽.Then The Attachments should update the "title" highlight color as Orange(Attachments.feature:54)
</textarea></pre></td>
                                                    </tr>
                                                    <tr>
                                                        <td>May 11, 2022 06:49:48 PM</td>
                                                        <td class='linked' test-id='88'>Verifying Attachments Visual functionality.TC_Attachments_18:Verify Sub-title text color.Then The Attachments should update the "sub_title" text color as blue</td>
                                                        <td><pre><textarea>java.lang.NullPointerException
	at java.util.regex.Matcher.getTextLength(Matcher.java:1283)
	at java.util.regex.Matcher.reset(Matcher.java:309)
	at java.util.regex.Matcher.<init>(Matcher.java:229)
	at java.util.regex.Pattern.matcher(Pattern.java:1093)
	at org.openqa.selenium.support.Color$Converter.getColor(Color.java:127)
	at org.openqa.selenium.support.Color.fromString(Color.java:47)
	at CDMNext.StepDefinations.Commentary.ColorValidation(Commentary.java:2173)
	at CDMNext.StepDefinations.Attachments.the_Attachments_should_update_the_text_color_as_blue(Attachments.java:87)
	at ✽.Then The Attachments should update the "sub_title" text color as blue(Attachments.feature:124)
</textarea></pre></td>
                                                    </tr>
                                                    <tr>
                                                        <td>May 11, 2022 06:51:06 PM</td>
                                                        <td class='linked' test-id='93'>Verifying Attachments Visual functionality.TC_Attachments_19:Subtitle > Verify highlight color.Then The Attachments should update the "sub_title" highlight color as Orange</td>
                                                        <td><pre><pre>java.lang.NullPointerException
</pre></pre></td>
                                                    </tr>
                                        </tbody>
                                    </table>
                                </div>
                            </div>
                        </li>
                        <li class='exception displayed active'>
                            <div class='exception-heading'>
                                <span class='exception-name'>org.openqa.selenium.TimeoutException</span>
                                <span class='exception-count right'><span class='label red lighten-1 white-text'>9</span></span>
                            </div>
                            <div class='exception-content hide'>
                                <div class='exception-tests'>
                                    <table class='bordered table-results'>
                                        <thead>
                                        <tr>
                                            <th>Timestamp</th>
                                            <th>TestName</th>
                                            <th>Status</th>
                                        </tr>
                                        </thead>
                                        <tbody>
                                                    <tr>
                                                        <td>May 11, 2022 07:13:02 PM</td>
                                                        <td class='linked' test-id='163'>Verifying Attachments Visual functionality.TC_Attachments_32:Visual - Verify backgroud color for visual.Then Selected color should be applied to the attachment visual background</td>
                                                        <td><pre><pre>org.openqa.selenium.TimeoutException: Expected condition failed: waiting for visibility of element located by By.xpath: //*[@class='visual-top-panel--content'] (tried for 100 second(s) with 500 MILLISECONDS interval)
Build info: version: '3.4.0', revision: 'unknown', time: 'unknown'
System info: host: 'IN-BLR-L008', ip: '192.168.56.1', os.name: 'Windows 10', os.arch: 'amd64', os.version: '10.0', java.version: '1.8.0_202'
Driver info: org.openqa.selenium.chrome.ChromeDriver
Capabilities [{networkConnectionEnabled=false, chrome={chromedriverVersion=100.0.4896.20 (f9d71f93d32a6487809d6f35a9670c879fe97dfe-refs/branch-heads/4896@{#203}), userDataDir=C:\Users\nmaduru\AppData\Local\Temp\scoped_dir27116_1016311222}, timeouts={implicit=0.0, pageLoad=300000.0, script=30000.0}, pageLoadStrategy=normal, unhandledPromptBehavior=dismiss and notify, strictFileInteractability=false, platform=ANY, proxy=Proxy(), goog:chromeOptions={debuggerAddress=localhost:56482}, webauthn:extension:credBlob=true, acceptInsecureCerts=true, browserVersion=101.0.4951.54, browserName=chrome, javascriptEnabled=true, platformName=windows, setWindowRect=true, webauthn:extension:largeBlob=true, webauthn:virtualAuthenticators=true}]
Session ID: c2e77754b14656feb1a9fe0c36528ca8
	at org.openqa.selenium.support.ui.WebDriverWait.timeoutException(WebDriverWait.java:80)
	at org.openqa.selenium.support.ui.FluentWait.until(FluentWait.java:232)
	at CDMNext.util.CommonFunctionality.getElementByProperty(CommonFunctionality.java:473)
	at CDMNext.StepDefinations.Commentary.UnselectVisual(Commentary.java:2318)
	at CDMNext.StepDefinations.Attachments.selected_color_should_be_applied_to_the_attachment_visual_background(Attachments.java:164)
	at ✽.Then Selected color should be applied to the attachment visual background(Attachments.feature:227)
</pre></pre></td>
                                                    </tr>
                                                    <tr>
                                                        <td>May 11, 2022 07:20:44 PM</td>
                                                        <td class='linked' test-id='193'>Verifying Attachments Visual functionality.TC_Attachments_36:Verify border color.Then The attachment visual border should be changed as per the selection</td>
                                                        <td><pre><pre>org.openqa.selenium.TimeoutException: Expected condition failed: waiting for visibility of element located by By.xpath: //*[@class='visual-top-panel--content'] (tried for 100 second(s) with 500 MILLISECONDS interval)
Build info: version: '3.4.0', revision: 'unknown', time: 'unknown'
System info: host: 'IN-BLR-L008', ip: '192.168.56.1', os.name: 'Windows 10', os.arch: 'amd64', os.version: '10.0', java.version: '1.8.0_202'
Driver info: org.openqa.selenium.chrome.ChromeDriver
Capabilities [{networkConnectionEnabled=false, chrome={chromedriverVersion=100.0.4896.20 (f9d71f93d32a6487809d6f35a9670c879fe97dfe-refs/branch-heads/4896@{#203}), userDataDir=C:\Users\nmaduru\AppData\Local\Temp\scoped_dir27116_1016311222}, timeouts={implicit=0.0, pageLoad=300000.0, script=30000.0}, pageLoadStrategy=normal, unhandledPromptBehavior=dismiss and notify, strictFileInteractability=false, platform=ANY, proxy=Proxy(), goog:chromeOptions={debuggerAddress=localhost:56482}, webauthn:extension:credBlob=true, acceptInsecureCerts=true, browserVersion=101.0.4951.54, browserName=chrome, javascriptEnabled=true, platformName=windows, setWindowRect=true, webauthn:extension:largeBlob=true, webauthn:virtualAuthenticators=true}]
Session ID: c2e77754b14656feb1a9fe0c36528ca8
	at org.openqa.selenium.support.ui.WebDriverWait.timeoutException(WebDriverWait.java:80)
	at org.openqa.selenium.support.ui.FluentWait.until(FluentWait.java:232)
	at CDMNext.util.CommonFunctionality.getElementByProperty(CommonFunctionality.java:473)
	at CDMNext.StepDefinations.Commentary.UnselectVisual(Commentary.java:2318)
	at CDMNext.StepDefinations.Attachments.the_attachment_visual_border_should_be_changed_as_per_the_selection(Attachments.java:184)
	at ✽.Then The attachment visual border should be changed as per the selection(Attachments.feature:265)
</pre></pre></td>
                                                    </tr>
                                                    <tr>
                                                        <td>May 11, 2022 07:39:32 PM</td>
                                                        <td class='linked' test-id='249'>Verifying Attachments Visual functionality.TC_Attachments_45:Verify confirmation message for copy visual.And Click on Copy icon</td>
                                                        <td><pre><pre>org.openqa.selenium.TimeoutException: Expected condition failed: waiting for presence of element located by: By.xpath: //*[@class='vis-elem-menu vis-elem-menu__modal']//*[@title='Copy'] (tried for 100 second(s) with 500 MILLISECONDS interval)
	at org.openqa.selenium.support.ui.WebDriverWait.timeoutException(WebDriverWait.java:80)
	at org.openqa.selenium.support.ui.FluentWait.until(FluentWait.java:232)
	at CDMNext.util.CommonFunctionality.getElementByProperty(CommonFunctionality.java:472)
	at CDMNext.StepDefinations.Commentary.click_on_Copy_icon(Commentary.java:898)
	at ✽.And Click on Copy icon(Attachments.feature:339)
Caused by: org.openqa.selenium.NoSuchElementException: Cannot locate an element using By.xpath: //*[@class='vis-elem-menu vis-elem-menu__modal']//*[@title='Copy']
For documentation on this error, please visit: http://seleniumhq.org/exceptions/no_such_element.html
Build info: version: '3.4.0', revision: 'unknown', time: 'unknown'
System info: host: 'IN-BLR-L008', ip: '192.168.56.1', os.name: 'Windows 10', os.arch: 'amd64', os.version: '10.0', java.version: '1.8.0_202'
Driver info: driver.version: unknown
	at org.openqa.selenium.support.ui.ExpectedConditions.lambda$findElement$0(ExpectedConditions.java:883)
	at java.util.Optional.orElseThrow(Optional.java:290)
	at org.openqa.selenium.support.ui.ExpectedConditions.findElement(ExpectedConditions.java:882)
	at org.openqa.selenium.support.ui.ExpectedConditions.access$000(ExpectedConditions.java:44)
	at org.openqa.selenium.support.ui.ExpectedConditions$6.apply(ExpectedConditions.java:183)
	at org.openqa.selenium.support.ui.ExpectedConditions$6.apply(ExpectedConditions.java:180)
	at org.openqa.selenium.support.ui.FluentWait.until(FluentWait.java:209)
	at CDMNext.util.CommonFunctionality.getElementByProperty(CommonFunctionality.java:472)
	at CDMNext.StepDefinations.Commentary.click_on_Copy_icon(Commentary.java:898)
	at sun.reflect.NativeMethodAccessorImpl.invoke0(Native Method)
	at sun.reflect.NativeMethodAccessorImpl.invoke(NativeMethodAccessorImpl.java:62)
	at sun.reflect.DelegatingMethodAccessorImpl.invoke(DelegatingMethodAccessorImpl.java:43)
	at java.lang.reflect.Method.invoke(Method.java:498)
	at cucumber.runtime.Utils$1.call(Utils.java:40)
	at cucumber.runtime.Timeout.timeout(Timeout.java:16)
	at cucumber.runtime.Utils.invoke(Utils.java:34)
	at cucumber.runtime.java.JavaStepDefinition.execute(JavaStepDefinition.java:38)
	at cucumber.runtime.StepDefinitionMatch.runStep(StepDefinitionMatch.java:37)
	at cucumber.runtime.Runtime.runStep(Runtime.java:300)
	at cucumber.runtime.model.StepContainer.runStep(StepContainer.java:44)
	at cucumber.runtime.model.StepContainer.runSteps(StepContainer.java:39)
	at cucumber.runtime.model.CucumberScenario.run(CucumberScenario.java:44)
	at cucumber.runtime.model.CucumberFeature.run(CucumberFeature.java:165)
	at cucumber.api.testng.TestNGCucumberRunner.runCucumber(TestNGCucumberRunner.java:63)
	at CDMNext.runner.TestRunner.feature(TestRunner.java:53)
	at sun.reflect.NativeMethodAccessorImpl.invoke0(Native Method)
	at sun.reflect.NativeMethodAccessorImpl.invoke(NativeMethodAccessorImpl.java:62)
	at sun.reflect.DelegatingMethodAccessorImpl.invoke(DelegatingMethodAccessorImpl.java:43)
	at java.lang.reflect.Method.invoke(Method.java:498)
	at org.testng.internal.MethodInvocationHelper.invokeMethod(MethodInvocationHelper.java:85)
	at org.testng.internal.Invoker.invokeMethod(Invoker.java:639)
	at org.testng.internal.Invoker.invokeTestMethod(Invoker.java:816)
	at org.testng.internal.Invoker.invokeTestMethods(Invoker.java:1124)
	at org.testng.internal.TestMethodWorker.invokeTestMethods(TestMethodWorker.java:125)
	at org.testng.internal.TestMethodWorker.run(TestMethodWorker.java:108)
	at org.testng.TestRunner.privateRun(TestRunner.java:774)
	at org.testng.TestRunner.run(TestRunner.java:624)
	at org.testng.SuiteRunner.runTest(SuiteRunner.java:359)
	at org.testng.SuiteRunner.runSequentially(SuiteRunner.java:354)
	at org.testng.SuiteRunner.privateRun(SuiteRunner.java:312)
	at org.testng.SuiteRunner.run(SuiteRunner.java:261)
	at org.testng.SuiteRunnerWorker.runSuite(SuiteRunnerWorker.java:52)
	at org.testng.SuiteRunnerWorker.run(SuiteRunnerWorker.java:86)
	at org.testng.TestNG.runSuitesSequentially(TestNG.java:1191)
	at org.testng.TestNG.runSuitesLocally(TestNG.java:1116)
	at org.testng.TestNG.run(TestNG.java:1024)
	at org.testng.remote.AbstractRemoteTestNG.run(AbstractRemoteTestNG.java:114)
	at org.testng.remote.RemoteTestNG.initAndRun(RemoteTestNG.java:251)
	at org.testng.remote.RemoteTestNG.main(RemoteTestNG.java:77)
</pre></pre></td>
                                                    </tr>
                                                    <tr>
                                                        <td>May 11, 2022 07:44:10 PM</td>
                                                        <td class='linked' test-id='255'>Verifying Attachments Visual functionality.TC_Attachments_46:Validate copied visual by pasting with in the insight.And Click on Copy icon</td>
                                                        <td><pre><pre>org.openqa.selenium.TimeoutException: Expected condition failed: waiting for presence of element located by: By.xpath: //*[@class='vis-elem-menu vis-elem-menu__modal']//*[@title='Copy'] (tried for 100 second(s) with 500 MILLISECONDS interval)
	at org.openqa.selenium.support.ui.WebDriverWait.timeoutException(WebDriverWait.java:80)
	at org.openqa.selenium.support.ui.FluentWait.until(FluentWait.java:232)
	at CDMNext.util.CommonFunctionality.getElementByProperty(CommonFunctionality.java:472)
	at CDMNext.StepDefinations.Commentary.click_on_Copy_icon(Commentary.java:898)
	at ✽.And Click on Copy icon(Attachments.feature:347)
Caused by: org.openqa.selenium.NoSuchElementException: Cannot locate an element using By.xpath: //*[@class='vis-elem-menu vis-elem-menu__modal']//*[@title='Copy']
For documentation on this error, please visit: http://seleniumhq.org/exceptions/no_such_element.html
Build info: version: '3.4.0', revision: 'unknown', time: 'unknown'
System info: host: 'IN-BLR-L008', ip: '192.168.56.1', os.name: 'Windows 10', os.arch: 'amd64', os.version: '10.0', java.version: '1.8.0_202'
Driver info: driver.version: unknown
	at org.openqa.selenium.support.ui.ExpectedConditions.lambda$findElement$0(ExpectedConditions.java:883)
	at java.util.Optional.orElseThrow(Optional.java:290)
	at org.openqa.selenium.support.ui.ExpectedConditions.findElement(ExpectedConditions.java:882)
	at org.openqa.selenium.support.ui.ExpectedConditions.access$000(ExpectedConditions.java:44)
	at org.openqa.selenium.support.ui.ExpectedConditions$6.apply(ExpectedConditions.java:183)
	at org.openqa.selenium.support.ui.ExpectedConditions$6.apply(ExpectedConditions.java:180)
	at org.openqa.selenium.support.ui.FluentWait.until(FluentWait.java:209)
	at CDMNext.util.CommonFunctionality.getElementByProperty(CommonFunctionality.java:472)
	at CDMNext.StepDefinations.Commentary.click_on_Copy_icon(Commentary.java:898)
	at sun.reflect.NativeMethodAccessorImpl.invoke0(Native Method)
	at sun.reflect.NativeMethodAccessorImpl.invoke(NativeMethodAccessorImpl.java:62)
	at sun.reflect.DelegatingMethodAccessorImpl.invoke(DelegatingMethodAccessorImpl.java:43)
	at java.lang.reflect.Method.invoke(Method.java:498)
	at cucumber.runtime.Utils$1.call(Utils.java:40)
	at cucumber.runtime.Timeout.timeout(Timeout.java:16)
	at cucumber.runtime.Utils.invoke(Utils.java:34)
	at cucumber.runtime.java.JavaStepDefinition.execute(JavaStepDefinition.java:38)
	at cucumber.runtime.StepDefinitionMatch.runStep(StepDefinitionMatch.java:37)
	at cucumber.runtime.Runtime.runStep(Runtime.java:300)
	at cucumber.runtime.model.StepContainer.runStep(StepContainer.java:44)
	at cucumber.runtime.model.StepContainer.runSteps(StepContainer.java:39)
	at cucumber.runtime.model.CucumberScenario.run(CucumberScenario.java:44)
	at cucumber.runtime.model.CucumberFeature.run(CucumberFeature.java:165)
	at cucumber.api.testng.TestNGCucumberRunner.runCucumber(TestNGCucumberRunner.java:63)
	at CDMNext.runner.TestRunner.feature(TestRunner.java:53)
	at sun.reflect.NativeMethodAccessorImpl.invoke0(Native Method)
	at sun.reflect.NativeMethodAccessorImpl.invoke(NativeMethodAccessorImpl.java:62)
	at sun.reflect.DelegatingMethodAccessorImpl.invoke(DelegatingMethodAccessorImpl.java:43)
	at java.lang.reflect.Method.invoke(Method.java:498)
	at org.testng.internal.MethodInvocationHelper.invokeMethod(MethodInvocationHelper.java:85)
	at org.testng.internal.Invoker.invokeMethod(Invoker.java:639)
	at org.testng.internal.Invoker.invokeTestMethod(Invoker.java:816)
	at org.testng.internal.Invoker.invokeTestMethods(Invoker.java:1124)
	at org.testng.internal.TestMethodWorker.invokeTestMethods(TestMethodWorker.java:125)
	at org.testng.internal.TestMethodWorker.run(TestMethodWorker.java:108)
	at org.testng.TestRunner.privateRun(TestRunner.java:774)
	at org.testng.TestRunner.run(TestRunner.java:624)
	at org.testng.SuiteRunner.runTest(SuiteRunner.java:359)
	at org.testng.SuiteRunner.runSequentially(SuiteRunner.java:354)
	at org.testng.SuiteRunner.privateRun(SuiteRunner.java:312)
	at org.testng.SuiteRunner.run(SuiteRunner.java:261)
	at org.testng.SuiteRunnerWorker.runSuite(SuiteRunnerWorker.java:52)
	at org.testng.SuiteRunnerWorker.run(SuiteRunnerWorker.java:86)
	at org.testng.TestNG.runSuitesSequentially(TestNG.java:1191)
	at org.testng.TestNG.runSuitesLocally(TestNG.java:1116)
	at org.testng.TestNG.run(TestNG.java:1024)
	at org.testng.remote.AbstractRemoteTestNG.run(AbstractRemoteTestNG.java:114)
	at org.testng.remote.RemoteTestNG.initAndRun(RemoteTestNG.java:251)
	at org.testng.remote.RemoteTestNG.main(RemoteTestNG.java:77)
</pre></pre></td>
                                                    </tr>
                                                    <tr>
                                                        <td>May 11, 2022 07:48:59 PM</td>
                                                        <td class='linked' test-id='262'>Verifying Attachments Visual functionality.TC_Attachments_47:Validate copied visual by pasting to new insight.And Click on Copy icon</td>
                                                        <td><pre><pre>org.openqa.selenium.TimeoutException: Expected condition failed: waiting for presence of element located by: By.xpath: //*[@class='vis-elem-menu vis-elem-menu__modal']//*[@title='Copy'] (tried for 100 second(s) with 500 MILLISECONDS interval)
	at org.openqa.selenium.support.ui.WebDriverWait.timeoutException(WebDriverWait.java:80)
	at org.openqa.selenium.support.ui.FluentWait.until(FluentWait.java:232)
	at CDMNext.util.CommonFunctionality.getElementByProperty(CommonFunctionality.java:472)
	at CDMNext.StepDefinations.Commentary.click_on_Copy_icon(Commentary.java:898)
	at ✽.And Click on Copy icon(Attachments.feature:356)
Caused by: org.openqa.selenium.NoSuchElementException: Cannot locate an element using By.xpath: //*[@class='vis-elem-menu vis-elem-menu__modal']//*[@title='Copy']
For documentation on this error, please visit: http://seleniumhq.org/exceptions/no_such_element.html
Build info: version: '3.4.0', revision: 'unknown', time: 'unknown'
System info: host: 'IN-BLR-L008', ip: '192.168.56.1', os.name: 'Windows 10', os.arch: 'amd64', os.version: '10.0', java.version: '1.8.0_202'
Driver info: driver.version: unknown
	at org.openqa.selenium.support.ui.ExpectedConditions.lambda$findElement$0(ExpectedConditions.java:883)
	at java.util.Optional.orElseThrow(Optional.java:290)
	at org.openqa.selenium.support.ui.ExpectedConditions.findElement(ExpectedConditions.java:882)
	at org.openqa.selenium.support.ui.ExpectedConditions.access$000(ExpectedConditions.java:44)
	at org.openqa.selenium.support.ui.ExpectedConditions$6.apply(ExpectedConditions.java:183)
	at org.openqa.selenium.support.ui.ExpectedConditions$6.apply(ExpectedConditions.java:180)
	at org.openqa.selenium.support.ui.FluentWait.until(FluentWait.java:209)
	at CDMNext.util.CommonFunctionality.getElementByProperty(CommonFunctionality.java:472)
	at CDMNext.StepDefinations.Commentary.click_on_Copy_icon(Commentary.java:898)
	at sun.reflect.NativeMethodAccessorImpl.invoke0(Native Method)
	at sun.reflect.NativeMethodAccessorImpl.invoke(NativeMethodAccessorImpl.java:62)
	at sun.reflect.DelegatingMethodAccessorImpl.invoke(DelegatingMethodAccessorImpl.java:43)
	at java.lang.reflect.Method.invoke(Method.java:498)
	at cucumber.runtime.Utils$1.call(Utils.java:40)
	at cucumber.runtime.Timeout.timeout(Timeout.java:16)
	at cucumber.runtime.Utils.invoke(Utils.java:34)
	at cucumber.runtime.java.JavaStepDefinition.execute(JavaStepDefinition.java:38)
	at cucumber.runtime.StepDefinitionMatch.runStep(StepDefinitionMatch.java:37)
	at cucumber.runtime.Runtime.runStep(Runtime.java:300)
	at cucumber.runtime.model.StepContainer.runStep(StepContainer.java:44)
	at cucumber.runtime.model.StepContainer.runSteps(StepContainer.java:39)
	at cucumber.runtime.model.CucumberScenario.run(CucumberScenario.java:44)
	at cucumber.runtime.model.CucumberFeature.run(CucumberFeature.java:165)
	at cucumber.api.testng.TestNGCucumberRunner.runCucumber(TestNGCucumberRunner.java:63)
	at CDMNext.runner.TestRunner.feature(TestRunner.java:53)
	at sun.reflect.NativeMethodAccessorImpl.invoke0(Native Method)
	at sun.reflect.NativeMethodAccessorImpl.invoke(NativeMethodAccessorImpl.java:62)
	at sun.reflect.DelegatingMethodAccessorImpl.invoke(DelegatingMethodAccessorImpl.java:43)
	at java.lang.reflect.Method.invoke(Method.java:498)
	at org.testng.internal.MethodInvocationHelper.invokeMethod(MethodInvocationHelper.java:85)
	at org.testng.internal.Invoker.invokeMethod(Invoker.java:639)
	at org.testng.internal.Invoker.invokeTestMethod(Invoker.java:816)
	at org.testng.internal.Invoker.invokeTestMethods(Invoker.java:1124)
	at org.testng.internal.TestMethodWorker.invokeTestMethods(TestMethodWorker.java:125)
	at org.testng.internal.TestMethodWorker.run(TestMethodWorker.java:108)
	at org.testng.TestRunner.privateRun(TestRunner.java:774)
	at org.testng.TestRunner.run(TestRunner.java:624)
	at org.testng.SuiteRunner.runTest(SuiteRunner.java:359)
	at org.testng.SuiteRunner.runSequentially(SuiteRunner.java:354)
	at org.testng.SuiteRunner.privateRun(SuiteRunner.java:312)
	at org.testng.SuiteRunner.run(SuiteRunner.java:261)
	at org.testng.SuiteRunnerWorker.runSuite(SuiteRunnerWorker.java:52)
	at org.testng.SuiteRunnerWorker.run(SuiteRunnerWorker.java:86)
	at org.testng.TestNG.runSuitesSequentially(TestNG.java:1191)
	at org.testng.TestNG.runSuitesLocally(TestNG.java:1116)
	at org.testng.TestNG.run(TestNG.java:1024)
	at org.testng.remote.AbstractRemoteTestNG.run(AbstractRemoteTestNG.java:114)
	at org.testng.remote.RemoteTestNG.initAndRun(RemoteTestNG.java:251)
	at org.testng.remote.RemoteTestNG.main(RemoteTestNG.java:77)
</pre></pre></td>
                                                    </tr>
                                                    <tr>
                                                        <td>May 11, 2022 07:53:37 PM</td>
                                                        <td class='linked' test-id='269'>Verifying Attachments Visual functionality.TC_Attachments_48:Verify the confrimation message for pasting visual in insight.And Click on Copy icon</td>
                                                        <td><pre><pre>org.openqa.selenium.TimeoutException: Expected condition failed: waiting for presence of element located by: By.xpath: //*[@class='vis-elem-menu vis-elem-menu__modal']//*[@title='Copy'] (tried for 100 second(s) with 500 MILLISECONDS interval)
	at org.openqa.selenium.support.ui.WebDriverWait.timeoutException(WebDriverWait.java:80)
	at org.openqa.selenium.support.ui.FluentWait.until(FluentWait.java:232)
	at CDMNext.util.CommonFunctionality.getElementByProperty(CommonFunctionality.java:472)
	at CDMNext.StepDefinations.Commentary.click_on_Copy_icon(Commentary.java:898)
	at ✽.And Click on Copy icon(Attachments.feature:365)
Caused by: org.openqa.selenium.NoSuchElementException: Cannot locate an element using By.xpath: //*[@class='vis-elem-menu vis-elem-menu__modal']//*[@title='Copy']
For documentation on this error, please visit: http://seleniumhq.org/exceptions/no_such_element.html
Build info: version: '3.4.0', revision: 'unknown', time: 'unknown'
System info: host: 'IN-BLR-L008', ip: '192.168.56.1', os.name: 'Windows 10', os.arch: 'amd64', os.version: '10.0', java.version: '1.8.0_202'
Driver info: driver.version: unknown
	at org.openqa.selenium.support.ui.ExpectedConditions.lambda$findElement$0(ExpectedConditions.java:883)
	at java.util.Optional.orElseThrow(Optional.java:290)
	at org.openqa.selenium.support.ui.ExpectedConditions.findElement(ExpectedConditions.java:882)
	at org.openqa.selenium.support.ui.ExpectedConditions.access$000(ExpectedConditions.java:44)
	at org.openqa.selenium.support.ui.ExpectedConditions$6.apply(ExpectedConditions.java:183)
	at org.openqa.selenium.support.ui.ExpectedConditions$6.apply(ExpectedConditions.java:180)
	at org.openqa.selenium.support.ui.FluentWait.until(FluentWait.java:209)
	at CDMNext.util.CommonFunctionality.getElementByProperty(CommonFunctionality.java:472)
	at CDMNext.StepDefinations.Commentary.click_on_Copy_icon(Commentary.java:898)
	at sun.reflect.NativeMethodAccessorImpl.invoke0(Native Method)
	at sun.reflect.NativeMethodAccessorImpl.invoke(NativeMethodAccessorImpl.java:62)
	at sun.reflect.DelegatingMethodAccessorImpl.invoke(DelegatingMethodAccessorImpl.java:43)
	at java.lang.reflect.Method.invoke(Method.java:498)
	at cucumber.runtime.Utils$1.call(Utils.java:40)
	at cucumber.runtime.Timeout.timeout(Timeout.java:16)
	at cucumber.runtime.Utils.invoke(Utils.java:34)
	at cucumber.runtime.java.JavaStepDefinition.execute(JavaStepDefinition.java:38)
	at cucumber.runtime.StepDefinitionMatch.runStep(StepDefinitionMatch.java:37)
	at cucumber.runtime.Runtime.runStep(Runtime.java:300)
	at cucumber.runtime.model.StepContainer.runStep(StepContainer.java:44)
	at cucumber.runtime.model.StepContainer.runSteps(StepContainer.java:39)
	at cucumber.runtime.model.CucumberScenario.run(CucumberScenario.java:44)
	at cucumber.runtime.model.CucumberFeature.run(CucumberFeature.java:165)
	at cucumber.api.testng.TestNGCucumberRunner.runCucumber(TestNGCucumberRunner.java:63)
	at CDMNext.runner.TestRunner.feature(TestRunner.java:53)
	at sun.reflect.NativeMethodAccessorImpl.invoke0(Native Method)
	at sun.reflect.NativeMethodAccessorImpl.invoke(NativeMethodAccessorImpl.java:62)
	at sun.reflect.DelegatingMethodAccessorImpl.invoke(DelegatingMethodAccessorImpl.java:43)
	at java.lang.reflect.Method.invoke(Method.java:498)
	at org.testng.internal.MethodInvocationHelper.invokeMethod(MethodInvocationHelper.java:85)
	at org.testng.internal.Invoker.invokeMethod(Invoker.java:639)
	at org.testng.internal.Invoker.invokeTestMethod(Invoker.java:816)
	at org.testng.internal.Invoker.invokeTestMethods(Invoker.java:1124)
	at org.testng.internal.TestMethodWorker.invokeTestMethods(TestMethodWorker.java:125)
	at org.testng.internal.TestMethodWorker.run(TestMethodWorker.java:108)
	at org.testng.TestRunner.privateRun(TestRunner.java:774)
	at org.testng.TestRunner.run(TestRunner.java:624)
	at org.testng.SuiteRunner.runTest(SuiteRunner.java:359)
	at org.testng.SuiteRunner.runSequentially(SuiteRunner.java:354)
	at org.testng.SuiteRunner.privateRun(SuiteRunner.java:312)
	at org.testng.SuiteRunner.run(SuiteRunner.java:261)
	at org.testng.SuiteRunnerWorker.runSuite(SuiteRunnerWorker.java:52)
	at org.testng.SuiteRunnerWorker.run(SuiteRunnerWorker.java:86)
	at org.testng.TestNG.runSuitesSequentially(TestNG.java:1191)
	at org.testng.TestNG.runSuitesLocally(TestNG.java:1116)
	at org.testng.TestNG.run(TestNG.java:1024)
	at org.testng.remote.AbstractRemoteTestNG.run(AbstractRemoteTestNG.java:114)
	at org.testng.remote.RemoteTestNG.initAndRun(RemoteTestNG.java:251)
	at org.testng.remote.RemoteTestNG.main(RemoteTestNG.java:77)
</pre></pre></td>
                                                    </tr>
                                                    <tr>
                                                        <td>May 11, 2022 08:00:37 PM</td>
                                                        <td class='linked' test-id='286'>Verifying Attachments Visual functionality.TC_Attachments_51:Verify Delete attachments.Then "Confirmation" popup should be dispalyed</td>
                                                        <td><pre><pre>org.openqa.selenium.TimeoutException: Expected condition failed: waiting for presence of element located by: By.xpath: //*[@class='sphere-modal-controls']//*[contains(text(),'Ok')]" (tried for 100 second(s) with 500 MILLISECONDS interval)
	at org.openqa.selenium.support.ui.WebDriverWait.timeoutException(WebDriverWait.java:80)
	at org.openqa.selenium.support.ui.FluentWait.until(FluentWait.java:232)
	at CDMNext.util.CommonFunctionality.getElementByProperty(CommonFunctionality.java:472)
	at CDMNext.StepDefinations.Commentary.popup_should_be_dispalyed(Commentary.java:1104)
	at ✽.Then "Confirmation" popup should be dispalyed(Attachments.feature:388)
Caused by: org.openqa.selenium.InvalidSelectorException: invalid selector: Unable to locate an element with the xpath expression //*[@class='sphere-modal-controls']//*[contains(text(),'Ok')]" because of the following error:
SyntaxError: Failed to execute 'evaluate' on 'Document': The string '//*[@class='sphere-modal-controls']//*[contains(text(),'Ok')]"' is not a valid XPath expression.
  (Session info: chrome=101.0.4951.54)
For documentation on this error, please visit: http://seleniumhq.org/exceptions/invalid_selector_exception.html
Build info: version: '3.4.0', revision: 'unknown', time: 'unknown'
System info: host: 'IN-BLR-L008', ip: '192.168.56.1', os.name: 'Windows 10', os.arch: 'amd64', os.version: '10.0', java.version: '1.8.0_202'
Driver info: org.openqa.selenium.chrome.ChromeDriver
Capabilities [{networkConnectionEnabled=false, chrome={chromedriverVersion=100.0.4896.20 (f9d71f93d32a6487809d6f35a9670c879fe97dfe-refs/branch-heads/4896@{#203}), userDataDir=C:\Users\nmaduru\AppData\Local\Temp\scoped_dir27116_1016311222}, timeouts={implicit=0.0, pageLoad=300000.0, script=30000.0}, pageLoadStrategy=normal, unhandledPromptBehavior=dismiss and notify, strictFileInteractability=false, platform=ANY, proxy=Proxy(), goog:chromeOptions={debuggerAddress=localhost:56482}, webauthn:extension:credBlob=true, acceptInsecureCerts=true, browserVersion=101.0.4951.54, browserName=chrome, javascriptEnabled=true, platformName=windows, setWindowRect=true, webauthn:extension:largeBlob=true, webauthn:virtualAuthenticators=true}]
Session ID: c2e77754b14656feb1a9fe0c36528ca8
*** Element info: {Using=xpath, value=//*[@class='sphere-modal-controls']//*[contains(text(),'Ok')]"}
	at sun.reflect.GeneratedConstructorAccessor26.newInstance(Unknown Source)
	at sun.reflect.DelegatingConstructorAccessorImpl.newInstance(DelegatingConstructorAccessorImpl.java:45)
	at java.lang.reflect.Constructor.newInstance(Constructor.java:423)
	at org.openqa.selenium.remote.http.W3CHttpResponseCodec.createException(W3CHttpResponseCodec.java:150)
	at org.openqa.selenium.remote.http.W3CHttpResponseCodec.decode(W3CHttpResponseCodec.java:115)
	at org.openqa.selenium.remote.http.W3CHttpResponseCodec.decode(W3CHttpResponseCodec.java:45)
	at org.openqa.selenium.remote.HttpCommandExecutor.execute(HttpCommandExecutor.java:164)
	at org.openqa.selenium.remote.service.DriverCommandExecutor.execute(DriverCommandExecutor.java:82)
	at org.openqa.selenium.remote.RemoteWebDriver.execute(RemoteWebDriver.java:637)
	at org.openqa.selenium.remote.RemoteWebDriver.findElements(RemoteWebDriver.java:437)
	at org.openqa.selenium.remote.RemoteWebDriver.findElementsByXPath(RemoteWebDriver.java:513)
	at org.openqa.selenium.By$ByXPath.findElements(By.java:356)
	at org.openqa.selenium.remote.RemoteWebDriver.findElements(RemoteWebDriver.java:398)
	at org.openqa.selenium.support.ui.ExpectedConditions.findElement(ExpectedConditions.java:882)
	at org.openqa.selenium.support.ui.ExpectedConditions.access$000(ExpectedConditions.java:44)
	at org.openqa.selenium.support.ui.ExpectedConditions$6.apply(ExpectedConditions.java:183)
	at org.openqa.selenium.support.ui.ExpectedConditions$6.apply(ExpectedConditions.java:180)
	at org.openqa.selenium.support.ui.FluentWait.until(FluentWait.java:209)
	at CDMNext.util.CommonFunctionality.getElementByProperty(CommonFunctionality.java:472)
	at CDMNext.StepDefinations.Commentary.popup_should_be_dispalyed(Commentary.java:1104)
	at sun.reflect.NativeMethodAccessorImpl.invoke0(Native Method)
	at sun.reflect.NativeMethodAccessorImpl.invoke(NativeMethodAccessorImpl.java:62)
	at sun.reflect.DelegatingMethodAccessorImpl.invoke(DelegatingMethodAccessorImpl.java:43)
	at java.lang.reflect.Method.invoke(Method.java:498)
	at cucumber.runtime.Utils$1.call(Utils.java:40)
	at cucumber.runtime.Timeout.timeout(Timeout.java:16)
	at cucumber.runtime.Utils.invoke(Utils.java:34)
	at cucumber.runtime.java.JavaStepDefinition.execute(JavaStepDefinition.java:38)
	at cucumber.runtime.StepDefinitionMatch.runStep(StepDefinitionMatch.java:37)
	at cucumber.runtime.Runtime.runStep(Runtime.java:300)
	at cucumber.runtime.model.StepContainer.runStep(StepContainer.java:44)
	at cucumber.runtime.model.StepContainer.runSteps(StepContainer.java:39)
	at cucumber.runtime.model.CucumberScenario.run(CucumberScenario.java:44)
	at cucumber.runtime.model.CucumberFeature.run(CucumberFeature.java:165)
	at cucumber.api.testng.TestNGCucumberRunner.runCucumber(TestNGCucumberRunner.java:63)
	at CDMNext.runner.TestRunner.feature(TestRunner.java:53)
	at sun.reflect.NativeMethodAccessorImpl.invoke0(Native Method)
	at sun.reflect.NativeMethodAccessorImpl.invoke(NativeMethodAccessorImpl.java:62)
	at sun.reflect.DelegatingMethodAccessorImpl.invoke(DelegatingMethodAccessorImpl.java:43)
	at java.lang.reflect.Method.invoke(Method.java:498)
	at org.testng.internal.MethodInvocationHelper.invokeMethod(MethodInvocationHelper.java:85)
	at org.testng.internal.Invoker.invokeMethod(Invoker.java:639)
	at org.testng.internal.Invoker.invokeTestMethod(Invoker.java:816)
	at org.testng.internal.Invoker.invokeTestMethods(Invoker.java:1124)
	at org.testng.internal.TestMethodWorker.invokeTestMethods(TestMethodWorker.java:125)
	at org.testng.internal.TestMethodWorker.run(TestMethodWorker.java:108)
	at org.testng.TestRunner.privateRun(TestRunner.java:774)
	at org.testng.TestRunner.run(TestRunner.java:624)
	at org.testng.SuiteRunner.runTest(SuiteRunner.java:359)
	at org.testng.SuiteRunner.runSequentially(SuiteRunner.java:354)
	at org.testng.SuiteRunner.privateRun(SuiteRunner.java:312)
	at org.testng.SuiteRunner.run(SuiteRunner.java:261)
	at org.testng.SuiteRunnerWorker.runSuite(SuiteRunnerWorker.java:52)
	at org.testng.SuiteRunnerWorker.run(SuiteRunnerWorker.java:86)
	at org.testng.TestNG.runSuitesSequentially(TestNG.java:1191)
	at org.testng.TestNG.runSuitesLocally(TestNG.java:1116)
	at org.testng.TestNG.run(TestNG.java:1024)
	at org.testng.remote.AbstractRemoteTestNG.run(AbstractRemoteTestNG.java:114)
	at org.testng.remote.RemoteTestNG.initAndRun(RemoteTestNG.java:251)
	at org.testng.remote.RemoteTestNG.main(RemoteTestNG.java:77)
</pre></pre></td>
                                                    </tr>
                                                    <tr>
                                                        <td>May 11, 2022 08:03:33 PM</td>
                                                        <td class='linked' test-id='292'>Verifying Attachments Visual functionality.TC_Attachments_52:Verify description for delete confirmation popup.Then "Do you want to remove this visual?" popup should be dispalyed</td>
                                                        <td><pre><pre>org.openqa.selenium.TimeoutException: Expected condition failed: waiting for presence of element located by: By.xpath: //*[@class='sphere-modal-controls']//*[contains(text(),'Ok')]" (tried for 100 second(s) with 500 MILLISECONDS interval)
	at org.openqa.selenium.support.ui.WebDriverWait.timeoutException(WebDriverWait.java:80)
	at org.openqa.selenium.support.ui.FluentWait.until(FluentWait.java:232)
	at CDMNext.util.CommonFunctionality.getElementByProperty(CommonFunctionality.java:472)
	at CDMNext.StepDefinations.Commentary.popup_should_be_dispalyed(Commentary.java:1114)
	at ✽.Then "Do you want to remove this visual?" popup should be dispalyed(Attachments.feature:396)
Caused by: org.openqa.selenium.InvalidSelectorException: invalid selector: Unable to locate an element with the xpath expression //*[@class='sphere-modal-controls']//*[contains(text(),'Ok')]" because of the following error:
SyntaxError: Failed to execute 'evaluate' on 'Document': The string '//*[@class='sphere-modal-controls']//*[contains(text(),'Ok')]"' is not a valid XPath expression.
  (Session info: chrome=101.0.4951.54)
For documentation on this error, please visit: http://seleniumhq.org/exceptions/invalid_selector_exception.html
Build info: version: '3.4.0', revision: 'unknown', time: 'unknown'
System info: host: 'IN-BLR-L008', ip: '192.168.56.1', os.name: 'Windows 10', os.arch: 'amd64', os.version: '10.0', java.version: '1.8.0_202'
Driver info: org.openqa.selenium.chrome.ChromeDriver
Capabilities [{networkConnectionEnabled=false, chrome={chromedriverVersion=100.0.4896.20 (f9d71f93d32a6487809d6f35a9670c879fe97dfe-refs/branch-heads/4896@{#203}), userDataDir=C:\Users\nmaduru\AppData\Local\Temp\scoped_dir27116_1016311222}, timeouts={implicit=0.0, pageLoad=300000.0, script=30000.0}, pageLoadStrategy=normal, unhandledPromptBehavior=dismiss and notify, strictFileInteractability=false, platform=ANY, proxy=Proxy(), goog:chromeOptions={debuggerAddress=localhost:56482}, webauthn:extension:credBlob=true, acceptInsecureCerts=true, browserVersion=101.0.4951.54, browserName=chrome, javascriptEnabled=true, platformName=windows, setWindowRect=true, webauthn:extension:largeBlob=true, webauthn:virtualAuthenticators=true}]
Session ID: c2e77754b14656feb1a9fe0c36528ca8
*** Element info: {Using=xpath, value=//*[@class='sphere-modal-controls']//*[contains(text(),'Ok')]"}
	at sun.reflect.GeneratedConstructorAccessor26.newInstance(Unknown Source)
	at sun.reflect.DelegatingConstructorAccessorImpl.newInstance(DelegatingConstructorAccessorImpl.java:45)
	at java.lang.reflect.Constructor.newInstance(Constructor.java:423)
	at org.openqa.selenium.remote.http.W3CHttpResponseCodec.createException(W3CHttpResponseCodec.java:150)
	at org.openqa.selenium.remote.http.W3CHttpResponseCodec.decode(W3CHttpResponseCodec.java:115)
	at org.openqa.selenium.remote.http.W3CHttpResponseCodec.decode(W3CHttpResponseCodec.java:45)
	at org.openqa.selenium.remote.HttpCommandExecutor.execute(HttpCommandExecutor.java:164)
	at org.openqa.selenium.remote.service.DriverCommandExecutor.execute(DriverCommandExecutor.java:82)
	at org.openqa.selenium.remote.RemoteWebDriver.execute(RemoteWebDriver.java:637)
	at org.openqa.selenium.remote.RemoteWebDriver.findElements(RemoteWebDriver.java:437)
	at org.openqa.selenium.remote.RemoteWebDriver.findElementsByXPath(RemoteWebDriver.java:513)
	at org.openqa.selenium.By$ByXPath.findElements(By.java:356)
	at org.openqa.selenium.remote.RemoteWebDriver.findElements(RemoteWebDriver.java:398)
	at org.openqa.selenium.support.ui.ExpectedConditions.findElement(ExpectedConditions.java:882)
	at org.openqa.selenium.support.ui.ExpectedConditions.access$000(ExpectedConditions.java:44)
	at org.openqa.selenium.support.ui.ExpectedConditions$6.apply(ExpectedConditions.java:183)
	at org.openqa.selenium.support.ui.ExpectedConditions$6.apply(ExpectedConditions.java:180)
	at org.openqa.selenium.support.ui.FluentWait.until(FluentWait.java:209)
	at CDMNext.util.CommonFunctionality.getElementByProperty(CommonFunctionality.java:472)
	at CDMNext.StepDefinations.Commentary.popup_should_be_dispalyed(Commentary.java:1114)
	at sun.reflect.NativeMethodAccessorImpl.invoke0(Native Method)
	at sun.reflect.NativeMethodAccessorImpl.invoke(NativeMethodAccessorImpl.java:62)
	at sun.reflect.DelegatingMethodAccessorImpl.invoke(DelegatingMethodAccessorImpl.java:43)
	at java.lang.reflect.Method.invoke(Method.java:498)
	at cucumber.runtime.Utils$1.call(Utils.java:40)
	at cucumber.runtime.Timeout.timeout(Timeout.java:16)
	at cucumber.runtime.Utils.invoke(Utils.java:34)
	at cucumber.runtime.java.JavaStepDefinition.execute(JavaStepDefinition.java:38)
	at cucumber.runtime.StepDefinitionMatch.runStep(StepDefinitionMatch.java:37)
	at cucumber.runtime.Runtime.runStep(Runtime.java:300)
	at cucumber.runtime.model.StepContainer.runStep(StepContainer.java:44)
	at cucumber.runtime.model.StepContainer.runSteps(StepContainer.java:39)
	at cucumber.runtime.model.CucumberScenario.run(CucumberScenario.java:44)
	at cucumber.runtime.model.CucumberFeature.run(CucumberFeature.java:165)
	at cucumber.api.testng.TestNGCucumberRunner.runCucumber(TestNGCucumberRunner.java:63)
	at CDMNext.runner.TestRunner.feature(TestRunner.java:53)
	at sun.reflect.NativeMethodAccessorImpl.invoke0(Native Method)
	at sun.reflect.NativeMethodAccessorImpl.invoke(NativeMethodAccessorImpl.java:62)
	at sun.reflect.DelegatingMethodAccessorImpl.invoke(DelegatingMethodAccessorImpl.java:43)
	at java.lang.reflect.Method.invoke(Method.java:498)
	at org.testng.internal.MethodInvocationHelper.invokeMethod(MethodInvocationHelper.java:85)
	at org.testng.internal.Invoker.invokeMethod(Invoker.java:639)
	at org.testng.internal.Invoker.invokeTestMethod(Invoker.java:816)
	at org.testng.internal.Invoker.invokeTestMethods(Invoker.java:1124)
	at org.testng.internal.TestMethodWorker.invokeTestMethods(TestMethodWorker.java:125)
	at org.testng.internal.TestMethodWorker.run(TestMethodWorker.java:108)
	at org.testng.TestRunner.privateRun(TestRunner.java:774)
	at org.testng.TestRunner.run(TestRunner.java:624)
	at org.testng.SuiteRunner.runTest(SuiteRunner.java:359)
	at org.testng.SuiteRunner.runSequentially(SuiteRunner.java:354)
	at org.testng.SuiteRunner.privateRun(SuiteRunner.java:312)
	at org.testng.SuiteRunner.run(SuiteRunner.java:261)
	at org.testng.SuiteRunnerWorker.runSuite(SuiteRunnerWorker.java:52)
	at org.testng.SuiteRunnerWorker.run(SuiteRunnerWorker.java:86)
	at org.testng.TestNG.runSuitesSequentially(TestNG.java:1191)
	at org.testng.TestNG.runSuitesLocally(TestNG.java:1116)
	at org.testng.TestNG.run(TestNG.java:1024)
	at org.testng.remote.AbstractRemoteTestNG.run(AbstractRemoteTestNG.java:114)
	at org.testng.remote.RemoteTestNG.initAndRun(RemoteTestNG.java:251)
	at org.testng.remote.RemoteTestNG.main(RemoteTestNG.java:77)
</pre></pre></td>
                                                    </tr>
                                                    <tr>
                                                        <td>May 11, 2022 08:50:58 PM</td>
                                                        <td class='linked' test-id='484'>Verifying Attachments Visual functionality.TC_Attachments_87:Right click - Download - Verify Attachments.And Right click on visual header</td>
                                                        <td><pre><pre>org.openqa.selenium.TimeoutException: Expected condition failed: waiting for visibility of element located by By.xpath: //*[@data-name='title'] (tried for 100 second(s) with 500 MILLISECONDS interval)
Build info: version: '3.4.0', revision: 'unknown', time: 'unknown'
System info: host: 'IN-BLR-L008', ip: '192.168.56.1', os.name: 'Windows 10', os.arch: 'amd64', os.version: '10.0', java.version: '1.8.0_202'
Driver info: org.openqa.selenium.chrome.ChromeDriver
Capabilities [{networkConnectionEnabled=false, chrome={chromedriverVersion=100.0.4896.20 (f9d71f93d32a6487809d6f35a9670c879fe97dfe-refs/branch-heads/4896@{#203}), userDataDir=C:\Users\nmaduru\AppData\Local\Temp\scoped_dir27116_1016311222}, timeouts={implicit=0.0, pageLoad=300000.0, script=30000.0}, pageLoadStrategy=normal, unhandledPromptBehavior=dismiss and notify, strictFileInteractability=false, platform=ANY, proxy=Proxy(), goog:chromeOptions={debuggerAddress=localhost:56482}, webauthn:extension:credBlob=true, acceptInsecureCerts=true, browserVersion=101.0.4951.54, browserName=chrome, javascriptEnabled=true, platformName=windows, setWindowRect=true, webauthn:extension:largeBlob=true, webauthn:virtualAuthenticators=true}]
Session ID: c2e77754b14656feb1a9fe0c36528ca8
	at org.openqa.selenium.support.ui.WebDriverWait.timeoutException(WebDriverWait.java:80)
	at org.openqa.selenium.support.ui.FluentWait.until(FluentWait.java:232)
	at CDMNext.util.CommonFunctionality.getElementByProperty(CommonFunctionality.java:473)
	at CDMNext.StepDefinations.Commentary.right_click_on_visual_header(Commentary.java:1792)
	at ✽.And Right click on visual header(Attachments.feature:661)
</pre></pre></td>
                                                    </tr>
                                        </tbody>
                                    </table>
                                </div>
                            </div>
                        </li>
                        <li class='exception displayed active'>
                            <div class='exception-heading'>
                                <span class='exception-name'>java.lang.AssertionError</span>
                                <span class='exception-count right'><span class='label red lighten-1 white-text'>6</span></span>
                            </div>
                            <div class='exception-content hide'>
                                <div class='exception-tests'>
                                    <table class='bordered table-results'>
                                        <thead>
                                        <tr>
                                            <th>Timestamp</th>
                                            <th>TestName</th>
                                            <th>Status</th>
                                        </tr>
                                        </thead>
                                        <tbody>
                                                    <tr>
                                                        <td>May 11, 2022 08:27:24 PM</td>
                                                        <td class='linked' test-id='383'>Verifying Attachments Visual functionality.TC_Attachments_69:Right click - Verify Copy Attachments.And Choose "Copy attachments"</td>
                                                        <td><pre><pre>java.lang.AssertionError: Copy attachments option is disabled
	at org.testng.Assert.fail(Assert.java:94)
	at CDMNext.StepDefinations.Commentary.choose(Commentary.java:1803)
	at ✽.And Choose "Copy attachments"(Attachments.feature:524)
</pre></pre></td>
                                                    </tr>
                                                    <tr>
                                                        <td>May 11, 2022 08:28:54 PM</td>
                                                        <td class='linked' test-id='390'>Verifying Attachments Visual functionality.TC_Attachments_70:Right click - Validate copied Attachments.And Choose "Copy attachments"</td>
                                                        <td><pre><pre>java.lang.AssertionError: Copy attachments option is disabled
	at org.testng.Assert.fail(Assert.java:94)
	at CDMNext.StepDefinations.Commentary.choose(Commentary.java:1803)
	at ✽.And Choose "Copy attachments"(Attachments.feature:533)
</pre></pre></td>
                                                    </tr>
                                                    <tr>
                                                        <td>May 11, 2022 08:30:14 PM</td>
                                                        <td class='linked' test-id='396'>Verifying Attachments Visual functionality.TC_Attachments_71:Right click - Verify Cut Attachments.And Choose "Cut attachments"</td>
                                                        <td><pre><pre>java.lang.AssertionError: Cut attachments option is disabled
	at org.testng.Assert.fail(Assert.java:94)
	at CDMNext.StepDefinations.Commentary.choose(Commentary.java:1803)
	at ✽.And Choose "Cut attachments"(Attachments.feature:541)
</pre></pre></td>
                                                    </tr>
                                                    <tr>
                                                        <td>May 11, 2022 08:31:45 PM</td>
                                                        <td class='linked' test-id='403'>Verifying Attachments Visual functionality.TC_Attachments_72:Right click - Validate Cut Attachments.And Choose "Cut attachments"</td>
                                                        <td><pre><pre>java.lang.AssertionError: Cut attachments option is disabled
	at org.testng.Assert.fail(Assert.java:94)
	at CDMNext.StepDefinations.Commentary.choose(Commentary.java:1803)
	at ✽.And Choose "Cut attachments"(Attachments.feature:550)
</pre></pre></td>
                                                    </tr>
                                                    <tr>
                                                        <td>May 11, 2022 08:41:56 PM</td>
                                                        <td class='linked' test-id='445'>Verifying Attachments Visual functionality.TC_Attachments_80:Right click - Verify commentary under insert visual.Then "Commentary" visual should be created in the same view tab</td>
                                                        <td><pre><pre>java.lang.AssertionError: Commentary visual is not created
	at org.testng.Assert.fail(Assert.java:94)
	at CDMNext.StepDefinations.Commentary.visual_should_be_created_in_the_same_view_tab(Commentary.java:1892)
	at ✽.Then "Commentary" visual should be created in the same view tab(Attachments.feature:608)
</pre></pre></td>
                                                    </tr>
                                                    <tr>
                                                        <td>May 11, 2022 08:46:44 PM</td>
                                                        <td class='linked' test-id='464'>Verifying Attachments Visual functionality.TC_Attachments_84:Right click - Verify Paste visual.And Choose "Copy attachments"</td>
                                                        <td><pre><pre>java.lang.AssertionError: Copy attachments option is disabled
	at org.testng.Assert.fail(Assert.java:94)
	at CDMNext.StepDefinations.Commentary.choose(Commentary.java:1803)
	at ✽.And Choose "Copy attachments"(Attachments.feature:635)
</pre></pre></td>
                                                    </tr>
                                        </tbody>
                                    </table>
                                </div>
                            </div>
                        </li>
                </ul>
        </div>
    </div>

    <div class='subview-right left'>
        <div class='view-summary'>
            <h5 class='exception-name'></h5>
        </div>
    </div>
</div>
<!-- exception view -->
<div id='dashboard-view' class='view hide'>
	<div class='card-panel transparent np-v'>
		<h5>Dashboard</h5>

		<div class='row'>
			<div class='col s2'>
				<div class='card-panel r'>
					Features
					<div class='panel-lead'>1</div>
				</div>
			</div>
			<div class='col s2'>
				<div class='card-panel r'>
					Scenarios
					<div class='panel-lead'>87</div>
				</div>
			</div>
			<div class='col s2'>
				<div class='card-panel r'>
					Steps
					<div class='panel-lead'>398</div>
				</div>
			</div>
			<div class='col s2'>
				<div class='card-panel r'>
					Start
					<div class='panel-lead'>May 11, 2022 06:27:53 PM</div>
				</div>
			</div>
			<div class='col s2'>
				<div class='card-panel r'>
			 		End
			 		<div class='panel-lead'>May 11, 2022 08:52:52 PM</div>
				</div>
			</div>
			<div class='col s2'>
				<div class='card-panel r'>
					Time Taken
					<div class='panel-lead'>2h 24m 58s+480ms</div>
				</div>
			</div>
			<div class='col s6'>
				<div class='card-panel dashboard-categories'>
					<span class='right label cyan white-text'>Categories</span><p>&nbsp;</p>
					
					<table>
						<tr>
							<th>Name</th>
							<th>Passed</th>
							<th>Failed</th>
							<th>Others</th>
							<th>Passed %</th>
						</tr>
						<tr>
							<td>@Attachments</td>
							<td>68</td>
							<td>19</td>
							<td>0</td>
							<td>
									78.161%
							</td>
						</tr>
					</table>
				</div>
			</div>
		</div>
	</div>
</div>
<!-- dashboard view -->
<!-- testrunner-logs view -->
		</div>
		<!-- container -->

		<script>
			var statusGroup = {
				passParent: 0,
				failParent: 1,
				fatalParent: 0,
				errorParent: 0,
				warningParent: 0,
				skipParent: 0,
				exceptionsParent: 1,
				
				passChild: 68,
				failChild: 19,
				fatalChild: 0,
				errorChild: 0,
				warningChild: 0,
				skipChild: 0,
				infoChild: 0,
				exceptionsChild: 19,
				
				passGrandChild: 361,
				failGrandChild: 19,
				fatalGrandChild: 0,
				errorGrandChild: 0,
				warningGrandChild: 0,
				skipGrandChild: 18,
				infoGrandChild: 0,
				exceptionsGrandChild: 37,
			};
		</script>
		
			<script src='https://cdn.rawgit.com/anshooarora/extentreports-java/fca20fb7653aade98810546ab96a2a4360e3e712/dist/js/extent.js' type='text/javascript'></script>
		
		
 		<script type='text/javascript'>
 		</script>
	</body>
	
</html>
