
<!DOCTYPE html>
<html>


<head>
	<meta charset='utf-8' /> 
	<meta name='description' content='' />
	<meta name='robots' content='noodp, noydir' />
	<meta name='viewport' content='width=device-width, initial-scale=1' />
	<meta id="timeStampFormat" name="timeStampFormat" content='MMM d, yyyy hh:mm:ss a'/>
	
	<link href='https://fonts.googleapis.com/css?family=Source+Sans+Pro:400,600' rel='stylesheet' type='text/css' />
	<link href="https://fonts.googleapis.com/icon?family=Material+Icons" rel="stylesheet" />

		<link href='https://cdn.rawgit.com/anshooarora/extentreports-java/b4a58fcfd1e137bd9287244035a7c80d3d73b3af/dist/css/extent.css' type='text/css' rel='stylesheet' />
	
	<title>ExtentReports</title>

	<style type='text/css'>
	</style>
</head>

	<body class='extent standard default hide-overflow bdd-report'>
		<div id='theme-selector' alt='Click to toggle theme. To enable by default, use theme configuration.' title='Click to toggle theme. To enable by default, use theme configuration.'>
			<span><i class='material-icons'>desktop_windows</i></span>
		</div>

<nav>
	<div class="nav-wrapper">
		<a href="#!" class="brand-logo blue darken-3">Extent</a>

		<!-- slideout menu -->
		<ul id='slide-out' class='side-nav fixed hide-on-med-and-down'>
			<li class='waves-effect active'><a href='#!' view='test-view' onclick="configureView(0);chartsView('test');"><i class='material-icons'>dashboard</i></a></li>
						<li class='waves-effect'><a href='#!' view='category-view' onclick="configureView(1)"><i class='material-icons'>label_outline</i></a></li>
			<li class='waves-effect'><a href='#!' view='exception-view' onclick="configureView(2)"><i class='material-icons'>bug_report</i></a></li>
			<li class='waves-effect'><a href='#!' onclick="configureView(-1);chartsView('dashboard');" view='dashboard-view'><i class='material-icons'>track_changes</i></i></a></li>
		</ul>

		<!-- report name -->
		<span class='report-name'>ExtentReports</span>
		
		<!-- report headline -->
		<span class='report-headline'></span>

		<!-- nav-right -->
		<ul id='nav-mobile' class='right hide-on-med-and-down nav-right'>
			<li>
                <a href='#!'>
                    <span class='label suite-start-time blue darken-3'>May 30, 2022 08:00:57 PM</span>
				</a>
			</li>
			<li>
                <a href='#!'>
                    <span class='label blue darken-3'>3.1.5</span>
				</a>
			</li>
		</ul>
	</div>
</nav>

		<!-- container -->
		<div class='container'>

<div id='test-view' class='view'>
				
	<section id='controls'>
		<div class='controls grey lighten-4'>
			<!-- test toggle -->
			<div class='chip transparent'>
				<a class='dropdown-button tests-toggle' data-activates='tests-toggle' data-constrainwidth='true' data-beloworigin='true' data-hover='true' href='#'>
					<i class='material-icons'>warning</i> Status
				</a>
				<ul id='tests-toggle' class='dropdown-content'>
											<li status='pass'><a href='#!'>Pass <i class='material-icons green-text'>check_circle</i></a></li>
						<li status='fail'><a href='#!'>Fail <i class='material-icons red-text'>cancel</i></a></li>
						<li status='skip'><a href='#!'>Skip <i class='material-icons cyan-text'>redo</i></a></li>
					<li class='divider'></li>
					<li status='clear' clear='true'><a href='#!'>Clear Filters <i class='material-icons'>clear</i></a></li>
				</ul>
			</div>
			<!-- test toggle -->

			<!-- category toggle -->
			<div class='chip transparent'>
				<a class='dropdown-button category-toggle' data-activates='category-toggle' data-constrainwidth='false' data-beloworigin='true' data-hover='true' href='#'>
					<i class='material-icons'>local_offer</i> Category
				</a>
				<ul id='category-toggle' class='dropdown-content'>
					<li><a href='#'>@Histogram1</a></li>
					<li class='divider'></li>
					<li class='clear'><a href='#!' clear='true'>Clear Filters</a></li>
				</ul>
			</div>
			<!-- category toggle -->

			<!-- clear filters -->
			<div class='chip transparent hide'>
				<a class='' id='clear-filters' alt='Clear Filters' title='Clear Filters'>
					<i class='material-icons'>close</i> Clear
				</a>
			</div>
			<!-- clear filters -->

			<!-- enable dashboard -->
			<div id='toggle-test-view-charts' class='chip transparent'>
				<a class='pink-text' id='enable-dashboard' alt='Enable Dashboard' title='Enable Dashboard'>
					<i class='material-icons'>track_changes</i> Dashboard
				</a>
			</div>
			<!-- enable dashboard -->

			<!-- search -->
			<div class='chip transparent' alt='Search Tests' title='Search Tests'>
				<a href="#" class='search-div'>
					<i class='material-icons'>search</i> Search
				</a>

				<div class='input-field left hide'>
					<input id='search-tests' type='text' class='validate browser-default' placeholder='Search Tests...'>
				</div>
				
			</div>
			<!-- search -->
		</div>
	</section>


<div id='test-view-charts' class='subview-full'>
	<div id='charts-row' class='row nm-v nm-h'>
		<div class='col s12 m4 l4 np-h'>
			<div class='card-panel nm-v'>
				<div class='left panel-name'>Features</div>
				<div class='chart-box'>
					<canvas id='parent-analysis' width='100' height='80'></canvas>
				</div>
				<div class='block text-small'>
					<span class='tooltipped' data-position='top' data-tooltip='0%'><span class='strong'>0</span> feature(s) passed</span>
				</div>
				<div class='block text-small'>
					<span class='strong tooltipped' data-position='top' data-tooltip='100%'>1</span> feature(s) failed, <span class='strong tooltipped' data-position='top' data-tooltip='0%'>0</span> others
				</div>
			</div>
		</div>
		
		<div class='col s12 m4 l4 np-h'>
			<div class='card-panel nm-v'>
				<div class='left panel-name'>Scenarios</div>
				<div class='chart-box'>
					<canvas id='child-analysis' width='100' height='80'></canvas>
				</div>
				<div class='block text-small'>
					<span class='tooltipped' data-position='top' data-tooltip='39.474%'><span class='strong'>15</span> scenario(s) passed</span>
				</div>
				<div class='block text-small'>
					<span class='strong tooltipped' data-position='top' data-tooltip='60.526%'>23</span> scenario(s) failed, <span class='strong tooltipped' data-position='top' data-tooltip='0%'>0</span> others
				</div>
			</div>
		</div>
		
		<div class='col s12 m4 l4 np-h'>
			<div class='card-panel nm-v'>
				<div class='left panel-name'>Steps</div>
				<div class='chart-box'>
					<canvas id='grandchild-analysis' width='100' height='80'></canvas>
				</div>
				<div class='block text-small'>
					<span class='tooltipped' data-position='top' data-tooltip='60.268%'><span class='strong'>135</span> step(s) passed</span>
				</div>
				<div class='block text-small'>
					<span class='strong tooltipped' data-position='top' data-tooltip='10.268%'>23</span> step(s) failed, <span class='strong tooltipped' data-position='top' data-tooltip='29.464%'>66</span> others
				</div>
			</div>
		</div>
	</div>
</div>

	<div class='subview-left left'>
		
		<div class='view-summary'>
			<h5>Features</h5>
			<ul id='test-collection' class='test-collection'>
				
				
				<li class='test displayed active has-leaf fail' status='fail' bdd='true' test-id='1'>
					<div class='test-heading'>
						<span class='test-name'>Verifying Histogram Visual functionality</span>
						<span class='test-time'>May 30, 2022 08:00:57 PM</span>
						<span class='test-status right fail'>fail</span>
					</div>
					<div class='test-content hide'>
<div class='scenario node' test-id='2' status='fail'>
	<div class='category-list'>
		<span class='category label white-text'>@Histogram1</span>
	</div>
	<span class='duration right label'>0h 2m 11s+621ms</span>
	<div class='desc'>
		<b>Scenario</b>
		<span class="desc-text">TC_Histogram_154:Edit Histogram - Copyright - Verify bold style</span>
	</div>
	<ul class='steps'>
		<li test-id='3' class='node and pass' status='pass'>
			
			<b>And</b>
			
			<span class="bdd-step-name">And Create histogram visual with series</span>
				<div class='pre'>passed</div>
			
		</li>
		<li test-id='4' class='node and pass' status='pass'>
			
			<b>And</b>
			
			<span class="bdd-step-name">And Click on "Edit Histogram"</span>
				<div class='pre'>passed</div>
			
		</li>
		<li test-id='5' class='node and pass' status='pass'>
			
			<b>And</b>
			
			<span class="bdd-step-name">And Check "Copyright"</span>
				<div class='pre'>passed</div>
			
		</li>
		<li test-id='6' class='node and pass' status='pass'>
			
			<b>And</b>
			
			<span class="bdd-step-name">And Click on "Open advanced settings popup" icon</span>
				<div class='pre'>passed</div>
			
		</li>
		<li test-id='7' class='node and pass' status='pass'>
			
			<b>And</b>
			
			<span class="bdd-step-name">And Select Text radio button</span>
				<div class='pre'>passed</div>
			
		</li>
		<li test-id='8' class='node and fail' status='fail'>
			
			<b>And</b>
			
			<span class="bdd-step-name">And Click on Bold icon for "Copyright"</span>
				<div class='pre'><pre>org.openqa.selenium.NoSuchElementException: no such element: Unable to locate element: {"method":"xpath","selector":"//*[@class='visual-title-config']//*[text()='Title']//following::input[1]"}
  (Session info: chrome=101.0.4951.67)
For documentation on this error, please visit: http://seleniumhq.org/exceptions/no_such_element.html
Build info: version: '3.4.0', revision: 'unknown', time: 'unknown'
System info: host: 'IN-BLR-L008', ip: '192.168.56.1', os.name: 'Windows 10', os.arch: 'amd64', os.version: '10.0', java.version: '1.8.0_202'
Driver info: org.openqa.selenium.chrome.ChromeDriver
Capabilities [{networkConnectionEnabled=false, chrome={chromedriverVersion=100.0.4896.20 (f9d71f93d32a6487809d6f35a9670c879fe97dfe-refs/branch-heads/4896@{#203}), userDataDir=C:\Users\nmaduru\AppData\Local\Temp\scoped_dir728_1100807178}, timeouts={implicit=0.0, pageLoad=300000.0, script=30000.0}, pageLoadStrategy=normal, unhandledPromptBehavior=dismiss and notify, strictFileInteractability=false, platform=ANY, proxy=Proxy(), goog:chromeOptions={debuggerAddress=localhost:63232}, webauthn:extension:credBlob=true, acceptInsecureCerts=true, browserVersion=101.0.4951.67, browserName=chrome, javascriptEnabled=true, platformName=windows, setWindowRect=true, webauthn:extension:largeBlob=true, webauthn:virtualAuthenticators=true}]
Session ID: 3d89e86ba6ef90e7d6c80ba030debb72
*** Element info: {Using=xpath, value=//*[@class='visual-title-config']//*[text()='Title']//following::input[1]}
	at sun.reflect.NativeConstructorAccessorImpl.newInstance0(Native Method)
	at sun.reflect.NativeConstructorAccessorImpl.newInstance(NativeConstructorAccessorImpl.java:62)
	at sun.reflect.DelegatingConstructorAccessorImpl.newInstance(DelegatingConstructorAccessorImpl.java:45)
	at java.lang.reflect.Constructor.newInstance(Constructor.java:423)
	at org.openqa.selenium.remote.http.W3CHttpResponseCodec.createException(W3CHttpResponseCodec.java:150)
	at org.openqa.selenium.remote.http.W3CHttpResponseCodec.decode(W3CHttpResponseCodec.java:115)
	at org.openqa.selenium.remote.http.W3CHttpResponseCodec.decode(W3CHttpResponseCodec.java:45)
	at org.openqa.selenium.remote.HttpCommandExecutor.execute(HttpCommandExecutor.java:164)
	at org.openqa.selenium.remote.service.DriverCommandExecutor.execute(DriverCommandExecutor.java:82)
	at org.openqa.selenium.remote.RemoteWebDriver.execute(RemoteWebDriver.java:637)
	at org.openqa.selenium.remote.RemoteWebDriver.findElement(RemoteWebDriver.java:410)
	at org.openqa.selenium.remote.RemoteWebDriver.findElementByXPath(RemoteWebDriver.java:509)
	at org.openqa.selenium.By$ByXPath.findElement(By.java:361)
	at org.openqa.selenium.remote.RemoteWebDriver.findElement(RemoteWebDriver.java:402)
	at CDMNext.StepDefinations.Commentary.check_the_box_for_the_title_name(Commentary.java:191)
	at CDMNext.StepDefinations.Commentary.click_on_Bold_icon_for(Commentary.java:325)
	at ✽.And Click on Bold icon for "Copyright"(Histogram.feature:1347)
</pre></div>
			
		</li>
		<li test-id='9' class='node when skip' status='skip'>
			
			<b>When</b>
			
			<span class="bdd-step-name">When Click on "Save"</span>
				<div class='pre'>skipped</div>
			
		</li>
		<li test-id='10' class='node then skip' status='skip'>
			
			<b>Then</b>
			
			<span class="bdd-step-name">Then The "Copyright" should be displayed in Bold format</span>
				<div class='pre'>skipped</div>
			
		</li>
	</ul>
</div>
<div class='scenario node' test-id='11' status='fail'>
	<div class='category-list'>
		<span class='category label white-text'>@Histogram1</span>
	</div>
	<span class='duration right label'>0h 1m 47s+988ms</span>
	<div class='desc'>
		<b>Scenario</b>
		<span class="desc-text">TC_Histogram_156:Edit Histogram - Copyright - Verify Underline style</span>
	</div>
	<ul class='steps'>
		<li test-id='12' class='node and pass' status='pass'>
			
			<b>And</b>
			
			<span class="bdd-step-name">And Create histogram visual with series</span>
				<div class='pre'>passed</div>
			
		</li>
		<li test-id='13' class='node and pass' status='pass'>
			
			<b>And</b>
			
			<span class="bdd-step-name">And Click on "Edit Histogram"</span>
				<div class='pre'>passed</div>
			
		</li>
		<li test-id='14' class='node and pass' status='pass'>
			
			<b>And</b>
			
			<span class="bdd-step-name">And Check "Copyright"</span>
				<div class='pre'>passed</div>
			
		</li>
		<li test-id='15' class='node and pass' status='pass'>
			
			<b>And</b>
			
			<span class="bdd-step-name">And Click on "Open advanced settings popup" icon</span>
				<div class='pre'>passed</div>
			
		</li>
		<li test-id='16' class='node and pass' status='pass'>
			
			<b>And</b>
			
			<span class="bdd-step-name">And Select Text radio button</span>
				<div class='pre'>passed</div>
			
		</li>
		<li test-id='17' class='node and fail' status='fail'>
			
			<b>And</b>
			
			<span class="bdd-step-name">And Click on Underline icon for "Copyright"</span>
				<div class='pre'><pre>org.openqa.selenium.NoSuchElementException: no such element: Unable to locate element: {"method":"xpath","selector":"//*[@class='visual-title-config']//*[text()='Title']//following::input[1]"}
  (Session info: chrome=101.0.4951.67)
For documentation on this error, please visit: http://seleniumhq.org/exceptions/no_such_element.html
Build info: version: '3.4.0', revision: 'unknown', time: 'unknown'
System info: host: 'IN-BLR-L008', ip: '192.168.56.1', os.name: 'Windows 10', os.arch: 'amd64', os.version: '10.0', java.version: '1.8.0_202'
Driver info: org.openqa.selenium.chrome.ChromeDriver
Capabilities [{networkConnectionEnabled=false, chrome={chromedriverVersion=100.0.4896.20 (f9d71f93d32a6487809d6f35a9670c879fe97dfe-refs/branch-heads/4896@{#203}), userDataDir=C:\Users\nmaduru\AppData\Local\Temp\scoped_dir728_1100807178}, timeouts={implicit=0.0, pageLoad=300000.0, script=30000.0}, pageLoadStrategy=normal, unhandledPromptBehavior=dismiss and notify, strictFileInteractability=false, platform=ANY, proxy=Proxy(), goog:chromeOptions={debuggerAddress=localhost:63232}, webauthn:extension:credBlob=true, acceptInsecureCerts=true, browserVersion=101.0.4951.67, browserName=chrome, javascriptEnabled=true, platformName=windows, setWindowRect=true, webauthn:extension:largeBlob=true, webauthn:virtualAuthenticators=true}]
Session ID: 3d89e86ba6ef90e7d6c80ba030debb72
*** Element info: {Using=xpath, value=//*[@class='visual-title-config']//*[text()='Title']//following::input[1]}
	at sun.reflect.NativeConstructorAccessorImpl.newInstance0(Native Method)
	at sun.reflect.NativeConstructorAccessorImpl.newInstance(NativeConstructorAccessorImpl.java:62)
	at sun.reflect.DelegatingConstructorAccessorImpl.newInstance(DelegatingConstructorAccessorImpl.java:45)
	at java.lang.reflect.Constructor.newInstance(Constructor.java:423)
	at org.openqa.selenium.remote.http.W3CHttpResponseCodec.createException(W3CHttpResponseCodec.java:150)
	at org.openqa.selenium.remote.http.W3CHttpResponseCodec.decode(W3CHttpResponseCodec.java:115)
	at org.openqa.selenium.remote.http.W3CHttpResponseCodec.decode(W3CHttpResponseCodec.java:45)
	at org.openqa.selenium.remote.HttpCommandExecutor.execute(HttpCommandExecutor.java:164)
	at org.openqa.selenium.remote.service.DriverCommandExecutor.execute(DriverCommandExecutor.java:82)
	at org.openqa.selenium.remote.RemoteWebDriver.execute(RemoteWebDriver.java:637)
	at org.openqa.selenium.remote.RemoteWebDriver.findElement(RemoteWebDriver.java:410)
	at org.openqa.selenium.remote.RemoteWebDriver.findElementByXPath(RemoteWebDriver.java:509)
	at org.openqa.selenium.By$ByXPath.findElement(By.java:361)
	at org.openqa.selenium.remote.RemoteWebDriver.findElement(RemoteWebDriver.java:402)
	at CDMNext.StepDefinations.Commentary.check_the_box_for_the_title_name(Commentary.java:191)
	at CDMNext.StepDefinations.Commentary.click_on_Underline_icon_for(Commentary.java:355)
	at ✽.And Click on Underline icon for "Copyright"(Histogram.feature:1369)
</pre></div>
			
		</li>
		<li test-id='18' class='node when skip' status='skip'>
			
			<b>When</b>
			
			<span class="bdd-step-name">When Click on "Save"</span>
				<div class='pre'>skipped</div>
			
		</li>
		<li test-id='19' class='node then skip' status='skip'>
			
			<b>Then</b>
			
			<span class="bdd-step-name">Then The "Copyright" should be "underline"</span>
				<div class='pre'>skipped</div>
			
		</li>
	</ul>
</div>
<div class='scenario node' test-id='20' status='fail'>
	<div class='category-list'>
		<span class='category label white-text'>@Histogram1</span>
	</div>
	<span class='duration right label'>0h 1m 40s+106ms</span>
	<div class='desc'>
		<b>Scenario</b>
		<span class="desc-text">TC_Histogram_157:Edit Histogram - Copyright - Verify horizontal alignment (left, right, center)</span>
	</div>
	<ul class='steps'>
		<li test-id='21' class='node and pass' status='pass'>
			
			<b>And</b>
			
			<span class="bdd-step-name">And Create histogram visual with series</span>
				<div class='pre'>passed</div>
			
		</li>
		<li test-id='22' class='node and pass' status='pass'>
			
			<b>And</b>
			
			<span class="bdd-step-name">And Click on "Edit Histogram"</span>
				<div class='pre'>passed</div>
			
		</li>
		<li test-id='23' class='node and pass' status='pass'>
			
			<b>And</b>
			
			<span class="bdd-step-name">And Check "Copyright"</span>
				<div class='pre'>passed</div>
			
		</li>
		<li test-id='24' class='node and pass' status='pass'>
			
			<b>And</b>
			
			<span class="bdd-step-name">And Click on "Open advanced settings popup" icon</span>
				<div class='pre'>passed</div>
			
		</li>
		<li test-id='25' class='node and pass' status='pass'>
			
			<b>And</b>
			
			<span class="bdd-step-name">And Select Text radio button</span>
				<div class='pre'>passed</div>
			
		</li>
		<li test-id='26' class='node and pass' status='pass'>
			
			<b>And</b>
			
			<span class="bdd-step-name">And Select Horizontal alignment of copyright to "left"</span>
				<div class='pre'>passed</div>
			
		</li>
		<li test-id='27' class='node then fail' status='fail'>
			
			<b>Then</b>
			
			<span class="bdd-step-name">Then The copyright image should align to "Left"</span>
				<div class='pre'><pre>java.lang.AssertionError: Verification Failed
	at org.testng.Assert.fail(Assert.java:94)
	at CDMNext.StepDefinations.Histogram.the_copyright_image_should_align_to(Histogram.java:3139)
	at ✽.Then The copyright image should align to "Left"(Histogram.feature:1381)
</pre></div>
			
		</li>
		<li test-id='28' class='node and skip' status='skip'>
			
			<b>And</b>
			
			<span class="bdd-step-name">And Select Horizontal alignment of copyright to "center"</span>
				<div class='pre'>skipped</div>
			
		</li>
		<li test-id='29' class='node then skip' status='skip'>
			
			<b>Then</b>
			
			<span class="bdd-step-name">Then The copyright image should align to "Center"</span>
				<div class='pre'>skipped</div>
			
		</li>
		<li test-id='30' class='node and skip' status='skip'>
			
			<b>And</b>
			
			<span class="bdd-step-name">And Select Horizontal alignment of copyright to "right"</span>
				<div class='pre'>skipped</div>
			
		</li>
		<li test-id='31' class='node then skip' status='skip'>
			
			<b>Then</b>
			
			<span class="bdd-step-name">Then The copyright image should align to "Right"</span>
				<div class='pre'>skipped</div>
			
		</li>
	</ul>
</div>
<div class='scenario node' test-id='32' status='fail'>
	<div class='category-list'>
		<span class='category label white-text'>@Histogram1</span>
	</div>
	<span class='duration right label'>0h 1m 27s+762ms</span>
	<div class='desc'>
		<b>Scenario</b>
		<span class="desc-text">TC_Histogram_161:Edit Histogram - Tootip - Verify selecting attributes</span>
	</div>
	<ul class='steps'>
		<li test-id='33' class='node and pass' status='pass'>
			
			<b>And</b>
			
			<span class="bdd-step-name">And Create a histogram visual</span>
				<div class='pre'>passed</div>
			
		</li>
		<li test-id='34' class='node and fail' status='fail'>
			
			<b>And</b>
			
			<span class="bdd-step-name">And Add a series to the visual</span>
				<div class='pre'><pre>org.openqa.selenium.NoSuchElementException: no such element: Unable to locate element: {"method":"xpath","selector":"//*[@class='main-series-information--info']/*[2]/*[1]/*[1]/*[2]"}
  (Session info: chrome=101.0.4951.67)
For documentation on this error, please visit: http://seleniumhq.org/exceptions/no_such_element.html
Build info: version: '3.4.0', revision: 'unknown', time: 'unknown'
System info: host: 'IN-BLR-L008', ip: '192.168.56.1', os.name: 'Windows 10', os.arch: 'amd64', os.version: '10.0', java.version: '1.8.0_202'
Driver info: org.openqa.selenium.chrome.ChromeDriver
Capabilities [{networkConnectionEnabled=false, chrome={chromedriverVersion=100.0.4896.20 (f9d71f93d32a6487809d6f35a9670c879fe97dfe-refs/branch-heads/4896@{#203}), userDataDir=C:\Users\nmaduru\AppData\Local\Temp\scoped_dir728_1100807178}, timeouts={implicit=0.0, pageLoad=300000.0, script=30000.0}, pageLoadStrategy=normal, unhandledPromptBehavior=dismiss and notify, strictFileInteractability=false, platform=ANY, proxy=Proxy(), goog:chromeOptions={debuggerAddress=localhost:63232}, webauthn:extension:credBlob=true, acceptInsecureCerts=true, browserVersion=101.0.4951.67, browserName=chrome, javascriptEnabled=true, platformName=windows, setWindowRect=true, webauthn:extension:largeBlob=true, webauthn:virtualAuthenticators=true}]
Session ID: 3d89e86ba6ef90e7d6c80ba030debb72
*** Element info: {Using=xpath, value=//*[@class='main-series-information--info']/*[2]/*[1]/*[1]/*[2]}
	at sun.reflect.NativeConstructorAccessorImpl.newInstance0(Native Method)
	at sun.reflect.NativeConstructorAccessorImpl.newInstance(NativeConstructorAccessorImpl.java:62)
	at sun.reflect.DelegatingConstructorAccessorImpl.newInstance(DelegatingConstructorAccessorImpl.java:45)
	at java.lang.reflect.Constructor.newInstance(Constructor.java:423)
	at org.openqa.selenium.remote.http.W3CHttpResponseCodec.createException(W3CHttpResponseCodec.java:150)
	at org.openqa.selenium.remote.http.W3CHttpResponseCodec.decode(W3CHttpResponseCodec.java:115)
	at org.openqa.selenium.remote.http.W3CHttpResponseCodec.decode(W3CHttpResponseCodec.java:45)
	at org.openqa.selenium.remote.HttpCommandExecutor.execute(HttpCommandExecutor.java:164)
	at org.openqa.selenium.remote.service.DriverCommandExecutor.execute(DriverCommandExecutor.java:82)
	at org.openqa.selenium.remote.RemoteWebDriver.execute(RemoteWebDriver.java:637)
	at org.openqa.selenium.remote.RemoteWebDriver.findElement(RemoteWebDriver.java:410)
	at org.openqa.selenium.remote.RemoteWebDriver.findElementByXPath(RemoteWebDriver.java:509)
	at org.openqa.selenium.By$ByXPath.findElement(By.java:361)
	at org.openqa.selenium.remote.RemoteWebDriver.findElement(RemoteWebDriver.java:402)
	at CDMNext.util.CommonFunctionality.getElementByXpath(CommonFunctionality.java:513)
	at CDMNext.StepDefinations.Histogram.add_a_series_to_the_visual(Histogram.java:3430)
	at ✽.And Add a series to the visual(Histogram.feature:1414)
</pre></div>
			
		</li>
		<li test-id='35' class='node and skip' status='skip'>
			
			<b>And</b>
			
			<span class="bdd-step-name">And Click on "Edit Histogram"</span>
				<div class='pre'>skipped</div>
			
		</li>
		<li test-id='36' class='node and skip' status='skip'>
			
			<b>And</b>
			
			<span class="bdd-step-name">And Check "Tooltips"</span>
				<div class='pre'>skipped</div>
			
		</li>
		<li test-id='37' class='node and skip' status='skip'>
			
			<b>And</b>
			
			<span class="bdd-step-name">And Open drop down for "Tooltips"</span>
				<div class='pre'>skipped</div>
			
		</li>
		<li test-id='38' class='node and skip' status='skip'>
			
			<b>And</b>
			
			<span class="bdd-step-name">And Select attributes</span>
				<div class='pre'><table><tr><td>Name</td></tr><tr><td>Region</td></tr><tr><td>Frequency</td></tr></table></div>
				<div class='pre'>skipped</div>
			
		</li>
		<li test-id='39' class='node and skip' status='skip'>
			
			<b>And</b>
			
			<span class="bdd-step-name">And Click on "Save"</span>
				<div class='pre'>skipped</div>
			
		</li>
		<li test-id='40' class='node then skip' status='skip'>
			
			<b>Then</b>
			
			<span class="bdd-step-name">Then Selected attributes should be displayed in tooltip when mouse hover on visual data</span>
				<div class='pre'>skipped</div>
			
		</li>
	</ul>
</div>
<div class='scenario node' test-id='41' status='fail'>
	<div class='category-list'>
		<span class='category label white-text'>@Histogram1</span>
	</div>
	<span class='duration right label'>0h 1m 24s+931ms</span>
	<div class='desc'>
		<b>Scenario</b>
		<span class="desc-text">TC_Histogram_166:Edit Histogram - Tootip - Verify Items</span>
	</div>
	<ul class='steps'>
		<li test-id='42' class='node and pass' status='pass'>
			
			<b>And</b>
			
			<span class="bdd-step-name">And Create a histogram visual</span>
				<div class='pre'>passed</div>
			
		</li>
		<li test-id='43' class='node and fail' status='fail'>
			
			<b>And</b>
			
			<span class="bdd-step-name">And Add a series to the visual</span>
				<div class='pre'><pre>org.openqa.selenium.NoSuchElementException: no such element: Unable to locate element: {"method":"xpath","selector":"//*[@class='main-series-information--info']/*[2]/*[1]/*[1]/*[2]"}
  (Session info: chrome=101.0.4951.67)
For documentation on this error, please visit: http://seleniumhq.org/exceptions/no_such_element.html
Build info: version: '3.4.0', revision: 'unknown', time: 'unknown'
System info: host: 'IN-BLR-L008', ip: '192.168.56.1', os.name: 'Windows 10', os.arch: 'amd64', os.version: '10.0', java.version: '1.8.0_202'
Driver info: org.openqa.selenium.chrome.ChromeDriver
Capabilities [{networkConnectionEnabled=false, chrome={chromedriverVersion=100.0.4896.20 (f9d71f93d32a6487809d6f35a9670c879fe97dfe-refs/branch-heads/4896@{#203}), userDataDir=C:\Users\nmaduru\AppData\Local\Temp\scoped_dir728_1100807178}, timeouts={implicit=0.0, pageLoad=300000.0, script=30000.0}, pageLoadStrategy=normal, unhandledPromptBehavior=dismiss and notify, strictFileInteractability=false, platform=ANY, proxy=Proxy(), goog:chromeOptions={debuggerAddress=localhost:63232}, webauthn:extension:credBlob=true, acceptInsecureCerts=true, browserVersion=101.0.4951.67, browserName=chrome, javascriptEnabled=true, platformName=windows, setWindowRect=true, webauthn:extension:largeBlob=true, webauthn:virtualAuthenticators=true}]
Session ID: 3d89e86ba6ef90e7d6c80ba030debb72
*** Element info: {Using=xpath, value=//*[@class='main-series-information--info']/*[2]/*[1]/*[1]/*[2]}
	at sun.reflect.GeneratedConstructorAccessor18.newInstance(Unknown Source)
	at sun.reflect.DelegatingConstructorAccessorImpl.newInstance(DelegatingConstructorAccessorImpl.java:45)
	at java.lang.reflect.Constructor.newInstance(Constructor.java:423)
	at org.openqa.selenium.remote.http.W3CHttpResponseCodec.createException(W3CHttpResponseCodec.java:150)
	at org.openqa.selenium.remote.http.W3CHttpResponseCodec.decode(W3CHttpResponseCodec.java:115)
	at org.openqa.selenium.remote.http.W3CHttpResponseCodec.decode(W3CHttpResponseCodec.java:45)
	at org.openqa.selenium.remote.HttpCommandExecutor.execute(HttpCommandExecutor.java:164)
	at org.openqa.selenium.remote.service.DriverCommandExecutor.execute(DriverCommandExecutor.java:82)
	at org.openqa.selenium.remote.RemoteWebDriver.execute(RemoteWebDriver.java:637)
	at org.openqa.selenium.remote.RemoteWebDriver.findElement(RemoteWebDriver.java:410)
	at org.openqa.selenium.remote.RemoteWebDriver.findElementByXPath(RemoteWebDriver.java:509)
	at org.openqa.selenium.By$ByXPath.findElement(By.java:361)
	at org.openqa.selenium.remote.RemoteWebDriver.findElement(RemoteWebDriver.java:402)
	at CDMNext.util.CommonFunctionality.getElementByXpath(CommonFunctionality.java:513)
	at CDMNext.StepDefinations.Histogram.add_a_series_to_the_visual(Histogram.java:3430)
	at ✽.And Add a series to the visual(Histogram.feature:1465)
</pre></div>
			
		</li>
		<li test-id='44' class='node and skip' status='skip'>
			
			<b>And</b>
			
			<span class="bdd-step-name">And Click on "Edit Histogram"</span>
				<div class='pre'>skipped</div>
			
		</li>
		<li test-id='45' class='node and skip' status='skip'>
			
			<b>And</b>
			
			<span class="bdd-step-name">And Check "Tooltips"</span>
				<div class='pre'>skipped</div>
			
		</li>
		<li test-id='46' class='node and skip' status='skip'>
			
			<b>And</b>
			
			<span class="bdd-step-name">And Click on cogwheel for advance settings</span>
				<div class='pre'>skipped</div>
			
		</li>
		<li test-id='47' class='node and skip' status='skip'>
			
			<b>And</b>
			
			<span class="bdd-step-name">And Expand "Items"</span>
				<div class='pre'>skipped</div>
			
		</li>
		<li test-id='48' class='node and skip' status='skip'>
			
			<b>And</b>
			
			<span class="bdd-step-name">And Select items as "Region" from dropdown</span>
				<div class='pre'>skipped</div>
			
		</li>
		<li test-id='49' class='node and skip' status='skip'>
			
			<b>And</b>
			
			<span class="bdd-step-name">And Click on "Save"</span>
				<div class='pre'>skipped</div>
			
		</li>
		<li test-id='50' class='node then skip' status='skip'>
			
			<b>Then</b>
			
			<span class="bdd-step-name">Then The selected items should be displayed in the tooltip  when mouse hover on visual data</span>
				<div class='pre'>skipped</div>
			
		</li>
	</ul>
</div>
<div class='scenario node' test-id='51' status='fail'>
	<div class='category-list'>
		<span class='category label white-text'>@Histogram1</span>
	</div>
	<span class='duration right label'>0h 1m 24s+948ms</span>
	<div class='desc'>
		<b>Scenario</b>
		<span class="desc-text">TC_Histogram_167:Edit Histogram - Tootip - Verify multiple items selection</span>
	</div>
	<ul class='steps'>
		<li test-id='52' class='node and pass' status='pass'>
			
			<b>And</b>
			
			<span class="bdd-step-name">And Create a histogram visual</span>
				<div class='pre'>passed</div>
			
		</li>
		<li test-id='53' class='node and fail' status='fail'>
			
			<b>And</b>
			
			<span class="bdd-step-name">And Add a series to the visual</span>
				<div class='pre'><pre>org.openqa.selenium.NoSuchElementException: no such element: Unable to locate element: {"method":"xpath","selector":"//*[@class='main-series-information--info']/*[2]/*[1]/*[1]/*[2]"}
  (Session info: chrome=101.0.4951.67)
For documentation on this error, please visit: http://seleniumhq.org/exceptions/no_such_element.html
Build info: version: '3.4.0', revision: 'unknown', time: 'unknown'
System info: host: 'IN-BLR-L008', ip: '192.168.56.1', os.name: 'Windows 10', os.arch: 'amd64', os.version: '10.0', java.version: '1.8.0_202'
Driver info: org.openqa.selenium.chrome.ChromeDriver
Capabilities [{networkConnectionEnabled=false, chrome={chromedriverVersion=100.0.4896.20 (f9d71f93d32a6487809d6f35a9670c879fe97dfe-refs/branch-heads/4896@{#203}), userDataDir=C:\Users\nmaduru\AppData\Local\Temp\scoped_dir728_1100807178}, timeouts={implicit=0.0, pageLoad=300000.0, script=30000.0}, pageLoadStrategy=normal, unhandledPromptBehavior=dismiss and notify, strictFileInteractability=false, platform=ANY, proxy=Proxy(), goog:chromeOptions={debuggerAddress=localhost:63232}, webauthn:extension:credBlob=true, acceptInsecureCerts=true, browserVersion=101.0.4951.67, browserName=chrome, javascriptEnabled=true, platformName=windows, setWindowRect=true, webauthn:extension:largeBlob=true, webauthn:virtualAuthenticators=true}]
Session ID: 3d89e86ba6ef90e7d6c80ba030debb72
*** Element info: {Using=xpath, value=//*[@class='main-series-information--info']/*[2]/*[1]/*[1]/*[2]}
	at sun.reflect.GeneratedConstructorAccessor18.newInstance(Unknown Source)
	at sun.reflect.DelegatingConstructorAccessorImpl.newInstance(DelegatingConstructorAccessorImpl.java:45)
	at java.lang.reflect.Constructor.newInstance(Constructor.java:423)
	at org.openqa.selenium.remote.http.W3CHttpResponseCodec.createException(W3CHttpResponseCodec.java:150)
	at org.openqa.selenium.remote.http.W3CHttpResponseCodec.decode(W3CHttpResponseCodec.java:115)
	at org.openqa.selenium.remote.http.W3CHttpResponseCodec.decode(W3CHttpResponseCodec.java:45)
	at org.openqa.selenium.remote.HttpCommandExecutor.execute(HttpCommandExecutor.java:164)
	at org.openqa.selenium.remote.service.DriverCommandExecutor.execute(DriverCommandExecutor.java:82)
	at org.openqa.selenium.remote.RemoteWebDriver.execute(RemoteWebDriver.java:637)
	at org.openqa.selenium.remote.RemoteWebDriver.findElement(RemoteWebDriver.java:410)
	at org.openqa.selenium.remote.RemoteWebDriver.findElementByXPath(RemoteWebDriver.java:509)
	at org.openqa.selenium.By$ByXPath.findElement(By.java:361)
	at org.openqa.selenium.remote.RemoteWebDriver.findElement(RemoteWebDriver.java:402)
	at CDMNext.util.CommonFunctionality.getElementByXpath(CommonFunctionality.java:513)
	at CDMNext.StepDefinations.Histogram.add_a_series_to_the_visual(Histogram.java:3430)
	at ✽.And Add a series to the visual(Histogram.feature:1477)
</pre></div>
			
		</li>
		<li test-id='54' class='node and skip' status='skip'>
			
			<b>And</b>
			
			<span class="bdd-step-name">And Click on "Edit Histogram"</span>
				<div class='pre'>skipped</div>
			
		</li>
		<li test-id='55' class='node and skip' status='skip'>
			
			<b>And</b>
			
			<span class="bdd-step-name">And Check "Tooltips"</span>
				<div class='pre'>skipped</div>
			
		</li>
		<li test-id='56' class='node and skip' status='skip'>
			
			<b>And</b>
			
			<span class="bdd-step-name">And Click on cogwheel for advance settings</span>
				<div class='pre'>skipped</div>
			
		</li>
		<li test-id='57' class='node and skip' status='skip'>
			
			<b>And</b>
			
			<span class="bdd-step-name">And Expand "Items"</span>
				<div class='pre'>skipped</div>
			
		</li>
		<li test-id='58' class='node and skip' status='skip'>
			
			<b>And</b>
			
			<span class="bdd-step-name">And Select multiple items from dropdown</span>
				<div class='pre'><table><tr><td>Name</td></tr><tr><td>Region</td></tr><tr><td>Frequency</td></tr></table></div>
				<div class='pre'>skipped</div>
			
		</li>
		<li test-id='59' class='node and skip' status='skip'>
			
			<b>And</b>
			
			<span class="bdd-step-name">And Click on "Save"</span>
				<div class='pre'>skipped</div>
			
		</li>
		<li test-id='60' class='node then skip' status='skip'>
			
			<b>Then</b>
			
			<span class="bdd-step-name">Then Selected attributes should be displayed in tooltip when mouse hover on visual data</span>
				<div class='pre'>skipped</div>
			
		</li>
	</ul>
</div>
<div class='scenariooutline node' test-id='61' status='fail'>
	<span class='duration right label'>0h 18m 20s+522ms</span>
	<div class='desc'>
		<b>ScenarioOutline</b>
		<span class="desc-text">TC_Histogram_173: Edit Histogram - Tooltip - Verify grouping and decimal under number separators.</span>
	</div>
	<ul class='steps'>
		<li test-id='62' class='node scenario fail' status='fail'>
			<div class='category-list'>
				<span class='category label white-text'>@Histogram1</span>
			</div>
			
			<b>Scenario</b>
			
			<span class="bdd-step-name">TC_Histogram_173: Edit Histogram - Tooltip - Verify grouping and decimal under number separators.</span>
			
				<ul class='steps'>
					<li test-id='63' class='node and pass' status='pass'><b>And</b>
						<span class="bdd-step-name">And Create histogram visual with series</span>
							<div class='pre'>passed</div>
					</li>
					<li test-id='64' class='node and pass' status='pass'><b>And</b>
						<span class="bdd-step-name">And Click on "Edit Histogram"</span>
							<div class='pre'>passed</div>
					</li>
					<li test-id='65' class='node and pass' status='pass'><b>And</b>
						<span class="bdd-step-name">And Check "Tooltips"</span>
							<div class='pre'>passed</div>
					</li>
					<li test-id='66' class='node and pass' status='pass'><b>And</b>
						<span class="bdd-step-name">And Click on Number format dropdown</span>
							<div class='pre'>passed</div>
					</li>
					<li test-id='67' class='node and fail' status='fail'><b>And</b>
						<span class="bdd-step-name">And Select "," and "." separator from dropdown list</span>
							<div class='pre'><pre>org.openqa.selenium.NoSuchElementException: no such element: Unable to locate element: {"method":"xpath","selector":"//*[text()='Grouping separator']//following::*[contains(text(),".")][1]"}
  (Session info: chrome=101.0.4951.67)
For documentation on this error, please visit: http://seleniumhq.org/exceptions/no_such_element.html
Build info: version: '3.4.0', revision: 'unknown', time: 'unknown'
System info: host: 'IN-BLR-L008', ip: '192.168.56.1', os.name: 'Windows 10', os.arch: 'amd64', os.version: '10.0', java.version: '1.8.0_202'
Driver info: org.openqa.selenium.chrome.ChromeDriver
Capabilities [{networkConnectionEnabled=false, chrome={chromedriverVersion=100.0.4896.20 (f9d71f93d32a6487809d6f35a9670c879fe97dfe-refs/branch-heads/4896@{#203}), userDataDir=C:\Users\nmaduru\AppData\Local\Temp\scoped_dir728_1100807178}, timeouts={implicit=0.0, pageLoad=300000.0, script=30000.0}, pageLoadStrategy=normal, unhandledPromptBehavior=dismiss and notify, strictFileInteractability=false, platform=ANY, proxy=Proxy(), goog:chromeOptions={debuggerAddress=localhost:63232}, webauthn:extension:credBlob=true, acceptInsecureCerts=true, browserVersion=101.0.4951.67, browserName=chrome, javascriptEnabled=true, platformName=windows, setWindowRect=true, webauthn:extension:largeBlob=true, webauthn:virtualAuthenticators=true}]
Session ID: 3d89e86ba6ef90e7d6c80ba030debb72
*** Element info: {Using=xpath, value=//*[text()='Grouping separator']//following::*[contains(text(),".")][1]}
	at sun.reflect.GeneratedConstructorAccessor18.newInstance(Unknown Source)
	at sun.reflect.DelegatingConstructorAccessorImpl.newInstance(DelegatingConstructorAccessorImpl.java:45)
	at java.lang.reflect.Constructor.newInstance(Constructor.java:423)
	at org.openqa.selenium.remote.http.W3CHttpResponseCodec.createException(W3CHttpResponseCodec.java:150)
	at org.openqa.selenium.remote.http.W3CHttpResponseCodec.decode(W3CHttpResponseCodec.java:115)
	at org.openqa.selenium.remote.http.W3CHttpResponseCodec.decode(W3CHttpResponseCodec.java:45)
	at org.openqa.selenium.remote.HttpCommandExecutor.execute(HttpCommandExecutor.java:164)
	at org.openqa.selenium.remote.service.DriverCommandExecutor.execute(DriverCommandExecutor.java:82)
	at org.openqa.selenium.remote.RemoteWebDriver.execute(RemoteWebDriver.java:637)
	at org.openqa.selenium.remote.RemoteWebDriver.findElement(RemoteWebDriver.java:410)
	at org.openqa.selenium.remote.RemoteWebDriver.findElementByXPath(RemoteWebDriver.java:509)
	at org.openqa.selenium.By$ByXPath.findElement(By.java:361)
	at org.openqa.selenium.remote.RemoteWebDriver.findElement(RemoteWebDriver.java:402)
	at CDMNext.util.CommonFunctionality.getElementByXpath(CommonFunctionality.java:513)
	at CDMNext.StepDefinations.ChartVisual.select_and_separator_from_dropdown_list(ChartVisual.java:667)
	at ✽.And Select "," and "." separator from dropdown list(Histogram.feature:1556)
</pre></div>
					</li>
					<li test-id='68' class='node and skip' status='skip'><b>And</b>
						<span class="bdd-step-name">And Click on "Save"</span>
							<div class='pre'>skipped</div>
					</li>
					<li test-id='69' class='node then skip' status='skip'><b>Then</b>
						<span class="bdd-step-name">Then The Selected Decimal seperator and Grouping seperator should update with selected input</span>
							<div class='pre'>skipped</div>
					</li>
				</ul>
		</li>
		<li test-id='70' class='node scenario fail' status='fail'>
			<div class='category-list'>
				<span class='category label white-text'>@Histogram1</span>
			</div>
			
			<b>Scenario</b>
			
			<span class="bdd-step-name">TC_Histogram_173: Edit Histogram - Tooltip - Verify grouping and decimal under number separators.</span>
			
				<ul class='steps'>
					<li test-id='71' class='node and pass' status='pass'><b>And</b>
						<span class="bdd-step-name">And Create histogram visual with series</span>
							<div class='pre'>passed</div>
					</li>
					<li test-id='72' class='node and pass' status='pass'><b>And</b>
						<span class="bdd-step-name">And Click on "Edit Histogram"</span>
							<div class='pre'>passed</div>
					</li>
					<li test-id='73' class='node and pass' status='pass'><b>And</b>
						<span class="bdd-step-name">And Check "Tooltips"</span>
							<div class='pre'>passed</div>
					</li>
					<li test-id='74' class='node and pass' status='pass'><b>And</b>
						<span class="bdd-step-name">And Click on Number format dropdown</span>
							<div class='pre'>passed</div>
					</li>
					<li test-id='75' class='node and fail' status='fail'><b>And</b>
						<span class="bdd-step-name">And Select "," and "Space" separator from dropdown list</span>
							<div class='pre'><pre>org.openqa.selenium.NoSuchElementException: no such element: Unable to locate element: {"method":"xpath","selector":"//*[text()='Grouping separator']//following::*[contains(text(),"Space")][1]"}
  (Session info: chrome=101.0.4951.67)
For documentation on this error, please visit: http://seleniumhq.org/exceptions/no_such_element.html
Build info: version: '3.4.0', revision: 'unknown', time: 'unknown'
System info: host: 'IN-BLR-L008', ip: '192.168.56.1', os.name: 'Windows 10', os.arch: 'amd64', os.version: '10.0', java.version: '1.8.0_202'
Driver info: org.openqa.selenium.chrome.ChromeDriver
Capabilities [{networkConnectionEnabled=false, chrome={chromedriverVersion=100.0.4896.20 (f9d71f93d32a6487809d6f35a9670c879fe97dfe-refs/branch-heads/4896@{#203}), userDataDir=C:\Users\nmaduru\AppData\Local\Temp\scoped_dir728_1100807178}, timeouts={implicit=0.0, pageLoad=300000.0, script=30000.0}, pageLoadStrategy=normal, unhandledPromptBehavior=dismiss and notify, strictFileInteractability=false, platform=ANY, proxy=Proxy(), goog:chromeOptions={debuggerAddress=localhost:63232}, webauthn:extension:credBlob=true, acceptInsecureCerts=true, browserVersion=101.0.4951.67, browserName=chrome, javascriptEnabled=true, platformName=windows, setWindowRect=true, webauthn:extension:largeBlob=true, webauthn:virtualAuthenticators=true}]
Session ID: 3d89e86ba6ef90e7d6c80ba030debb72
*** Element info: {Using=xpath, value=//*[text()='Grouping separator']//following::*[contains(text(),"Space")][1]}
	at sun.reflect.GeneratedConstructorAccessor18.newInstance(Unknown Source)
	at sun.reflect.DelegatingConstructorAccessorImpl.newInstance(DelegatingConstructorAccessorImpl.java:45)
	at java.lang.reflect.Constructor.newInstance(Constructor.java:423)
	at org.openqa.selenium.remote.http.W3CHttpResponseCodec.createException(W3CHttpResponseCodec.java:150)
	at org.openqa.selenium.remote.http.W3CHttpResponseCodec.decode(W3CHttpResponseCodec.java:115)
	at org.openqa.selenium.remote.http.W3CHttpResponseCodec.decode(W3CHttpResponseCodec.java:45)
	at org.openqa.selenium.remote.HttpCommandExecutor.execute(HttpCommandExecutor.java:164)
	at org.openqa.selenium.remote.service.DriverCommandExecutor.execute(DriverCommandExecutor.java:82)
	at org.openqa.selenium.remote.RemoteWebDriver.execute(RemoteWebDriver.java:637)
	at org.openqa.selenium.remote.RemoteWebDriver.findElement(RemoteWebDriver.java:410)
	at org.openqa.selenium.remote.RemoteWebDriver.findElementByXPath(RemoteWebDriver.java:509)
	at org.openqa.selenium.By$ByXPath.findElement(By.java:361)
	at org.openqa.selenium.remote.RemoteWebDriver.findElement(RemoteWebDriver.java:402)
	at CDMNext.util.CommonFunctionality.getElementByXpath(CommonFunctionality.java:513)
	at CDMNext.StepDefinations.ChartVisual.select_and_separator_from_dropdown_list(ChartVisual.java:667)
	at ✽.And Select "," and "Space" separator from dropdown list(Histogram.feature:1556)
</pre></div>
					</li>
					<li test-id='76' class='node and skip' status='skip'><b>And</b>
						<span class="bdd-step-name">And Click on "Save"</span>
							<div class='pre'>skipped</div>
					</li>
					<li test-id='77' class='node then skip' status='skip'><b>Then</b>
						<span class="bdd-step-name">Then The Selected Decimal seperator and Grouping seperator should update with selected input</span>
							<div class='pre'>skipped</div>
					</li>
				</ul>
		</li>
		<li test-id='78' class='node scenario fail' status='fail'>
			<div class='category-list'>
				<span class='category label white-text'>@Histogram1</span>
			</div>
			
			<b>Scenario</b>
			
			<span class="bdd-step-name">TC_Histogram_173: Edit Histogram - Tooltip - Verify grouping and decimal under number separators.</span>
			
				<ul class='steps'>
					<li test-id='79' class='node and pass' status='pass'><b>And</b>
						<span class="bdd-step-name">And Create histogram visual with series</span>
							<div class='pre'>passed</div>
					</li>
					<li test-id='80' class='node and pass' status='pass'><b>And</b>
						<span class="bdd-step-name">And Click on "Edit Histogram"</span>
							<div class='pre'>passed</div>
					</li>
					<li test-id='81' class='node and pass' status='pass'><b>And</b>
						<span class="bdd-step-name">And Check "Tooltips"</span>
							<div class='pre'>passed</div>
					</li>
					<li test-id='82' class='node and pass' status='pass'><b>And</b>
						<span class="bdd-step-name">And Click on Number format dropdown</span>
							<div class='pre'>passed</div>
					</li>
					<li test-id='83' class='node and fail' status='fail'><b>And</b>
						<span class="bdd-step-name">And Select "," and "'" separator from dropdown list</span>
							<div class='pre'><pre>org.openqa.selenium.NoSuchElementException: no such element: Unable to locate element: {"method":"xpath","selector":"//*[text()='Grouping separator']//following::*[contains(text(),"'")][1]"}
  (Session info: chrome=101.0.4951.67)
For documentation on this error, please visit: http://seleniumhq.org/exceptions/no_such_element.html
Build info: version: '3.4.0', revision: 'unknown', time: 'unknown'
System info: host: 'IN-BLR-L008', ip: '192.168.56.1', os.name: 'Windows 10', os.arch: 'amd64', os.version: '10.0', java.version: '1.8.0_202'
Driver info: org.openqa.selenium.chrome.ChromeDriver
Capabilities [{networkConnectionEnabled=false, chrome={chromedriverVersion=100.0.4896.20 (f9d71f93d32a6487809d6f35a9670c879fe97dfe-refs/branch-heads/4896@{#203}), userDataDir=C:\Users\nmaduru\AppData\Local\Temp\scoped_dir728_1100807178}, timeouts={implicit=0.0, pageLoad=300000.0, script=30000.0}, pageLoadStrategy=normal, unhandledPromptBehavior=dismiss and notify, strictFileInteractability=false, platform=ANY, proxy=Proxy(), goog:chromeOptions={debuggerAddress=localhost:63232}, webauthn:extension:credBlob=true, acceptInsecureCerts=true, browserVersion=101.0.4951.67, browserName=chrome, javascriptEnabled=true, platformName=windows, setWindowRect=true, webauthn:extension:largeBlob=true, webauthn:virtualAuthenticators=true}]
Session ID: 3d89e86ba6ef90e7d6c80ba030debb72
*** Element info: {Using=xpath, value=//*[text()='Grouping separator']//following::*[contains(text(),"'")][1]}
	at sun.reflect.GeneratedConstructorAccessor18.newInstance(Unknown Source)
	at sun.reflect.DelegatingConstructorAccessorImpl.newInstance(DelegatingConstructorAccessorImpl.java:45)
	at java.lang.reflect.Constructor.newInstance(Constructor.java:423)
	at org.openqa.selenium.remote.http.W3CHttpResponseCodec.createException(W3CHttpResponseCodec.java:150)
	at org.openqa.selenium.remote.http.W3CHttpResponseCodec.decode(W3CHttpResponseCodec.java:115)
	at org.openqa.selenium.remote.http.W3CHttpResponseCodec.decode(W3CHttpResponseCodec.java:45)
	at org.openqa.selenium.remote.HttpCommandExecutor.execute(HttpCommandExecutor.java:164)
	at org.openqa.selenium.remote.service.DriverCommandExecutor.execute(DriverCommandExecutor.java:82)
	at org.openqa.selenium.remote.RemoteWebDriver.execute(RemoteWebDriver.java:637)
	at org.openqa.selenium.remote.RemoteWebDriver.findElement(RemoteWebDriver.java:410)
	at org.openqa.selenium.remote.RemoteWebDriver.findElementByXPath(RemoteWebDriver.java:509)
	at org.openqa.selenium.By$ByXPath.findElement(By.java:361)
	at org.openqa.selenium.remote.RemoteWebDriver.findElement(RemoteWebDriver.java:402)
	at CDMNext.util.CommonFunctionality.getElementByXpath(CommonFunctionality.java:513)
	at CDMNext.StepDefinations.ChartVisual.select_and_separator_from_dropdown_list(ChartVisual.java:667)
	at ✽.And Select "," and "'" separator from dropdown list(Histogram.feature:1556)
</pre></div>
					</li>
					<li test-id='84' class='node and skip' status='skip'><b>And</b>
						<span class="bdd-step-name">And Click on "Save"</span>
							<div class='pre'>skipped</div>
					</li>
					<li test-id='85' class='node then skip' status='skip'><b>Then</b>
						<span class="bdd-step-name">Then The Selected Decimal seperator and Grouping seperator should update with selected input</span>
							<div class='pre'>skipped</div>
					</li>
				</ul>
		</li>
		<li test-id='86' class='node scenario fail' status='fail'>
			<div class='category-list'>
				<span class='category label white-text'>@Histogram1</span>
			</div>
			
			<b>Scenario</b>
			
			<span class="bdd-step-name">TC_Histogram_173: Edit Histogram - Tooltip - Verify grouping and decimal under number separators.</span>
			
				<ul class='steps'>
					<li test-id='87' class='node and pass' status='pass'><b>And</b>
						<span class="bdd-step-name">And Create histogram visual with series</span>
							<div class='pre'>passed</div>
					</li>
					<li test-id='88' class='node and pass' status='pass'><b>And</b>
						<span class="bdd-step-name">And Click on "Edit Histogram"</span>
							<div class='pre'>passed</div>
					</li>
					<li test-id='89' class='node and pass' status='pass'><b>And</b>
						<span class="bdd-step-name">And Check "Tooltips"</span>
							<div class='pre'>passed</div>
					</li>
					<li test-id='90' class='node and pass' status='pass'><b>And</b>
						<span class="bdd-step-name">And Click on Number format dropdown</span>
							<div class='pre'>passed</div>
					</li>
					<li test-id='91' class='node and fail' status='fail'><b>And</b>
						<span class="bdd-step-name">And Select "," and "-" separator from dropdown list</span>
							<div class='pre'><pre>org.openqa.selenium.NoSuchElementException: no such element: Unable to locate element: {"method":"xpath","selector":"//*[text()='Grouping separator']//following::*[contains(text(),"-")][1]"}
  (Session info: chrome=101.0.4951.67)
For documentation on this error, please visit: http://seleniumhq.org/exceptions/no_such_element.html
Build info: version: '3.4.0', revision: 'unknown', time: 'unknown'
System info: host: 'IN-BLR-L008', ip: '192.168.56.1', os.name: 'Windows 10', os.arch: 'amd64', os.version: '10.0', java.version: '1.8.0_202'
Driver info: org.openqa.selenium.chrome.ChromeDriver
Capabilities [{networkConnectionEnabled=false, chrome={chromedriverVersion=100.0.4896.20 (f9d71f93d32a6487809d6f35a9670c879fe97dfe-refs/branch-heads/4896@{#203}), userDataDir=C:\Users\nmaduru\AppData\Local\Temp\scoped_dir728_1100807178}, timeouts={implicit=0.0, pageLoad=300000.0, script=30000.0}, pageLoadStrategy=normal, unhandledPromptBehavior=dismiss and notify, strictFileInteractability=false, platform=ANY, proxy=Proxy(), goog:chromeOptions={debuggerAddress=localhost:63232}, webauthn:extension:credBlob=true, acceptInsecureCerts=true, browserVersion=101.0.4951.67, browserName=chrome, javascriptEnabled=true, platformName=windows, setWindowRect=true, webauthn:extension:largeBlob=true, webauthn:virtualAuthenticators=true}]
Session ID: 3d89e86ba6ef90e7d6c80ba030debb72
*** Element info: {Using=xpath, value=//*[text()='Grouping separator']//following::*[contains(text(),"-")][1]}
	at sun.reflect.GeneratedConstructorAccessor18.newInstance(Unknown Source)
	at sun.reflect.DelegatingConstructorAccessorImpl.newInstance(DelegatingConstructorAccessorImpl.java:45)
	at java.lang.reflect.Constructor.newInstance(Constructor.java:423)
	at org.openqa.selenium.remote.http.W3CHttpResponseCodec.createException(W3CHttpResponseCodec.java:150)
	at org.openqa.selenium.remote.http.W3CHttpResponseCodec.decode(W3CHttpResponseCodec.java:115)
	at org.openqa.selenium.remote.http.W3CHttpResponseCodec.decode(W3CHttpResponseCodec.java:45)
	at org.openqa.selenium.remote.HttpCommandExecutor.execute(HttpCommandExecutor.java:164)
	at org.openqa.selenium.remote.service.DriverCommandExecutor.execute(DriverCommandExecutor.java:82)
	at org.openqa.selenium.remote.RemoteWebDriver.execute(RemoteWebDriver.java:637)
	at org.openqa.selenium.remote.RemoteWebDriver.findElement(RemoteWebDriver.java:410)
	at org.openqa.selenium.remote.RemoteWebDriver.findElementByXPath(RemoteWebDriver.java:509)
	at org.openqa.selenium.By$ByXPath.findElement(By.java:361)
	at org.openqa.selenium.remote.RemoteWebDriver.findElement(RemoteWebDriver.java:402)
	at CDMNext.util.CommonFunctionality.getElementByXpath(CommonFunctionality.java:513)
	at CDMNext.StepDefinations.ChartVisual.select_and_separator_from_dropdown_list(ChartVisual.java:667)
	at ✽.And Select "," and "-" separator from dropdown list(Histogram.feature:1556)
</pre></div>
					</li>
					<li test-id='92' class='node and skip' status='skip'><b>And</b>
						<span class="bdd-step-name">And Click on "Save"</span>
							<div class='pre'>skipped</div>
					</li>
					<li test-id='93' class='node then skip' status='skip'><b>Then</b>
						<span class="bdd-step-name">Then The Selected Decimal seperator and Grouping seperator should update with selected input</span>
							<div class='pre'>skipped</div>
					</li>
				</ul>
		</li>
		<li test-id='94' class='node scenario fail' status='fail'>
			<div class='category-list'>
				<span class='category label white-text'>@Histogram1</span>
			</div>
			
			<b>Scenario</b>
			
			<span class="bdd-step-name">TC_Histogram_173: Edit Histogram - Tooltip - Verify grouping and decimal under number separators.</span>
			
				<ul class='steps'>
					<li test-id='95' class='node and pass' status='pass'><b>And</b>
						<span class="bdd-step-name">And Create histogram visual with series</span>
							<div class='pre'>passed</div>
					</li>
					<li test-id='96' class='node and pass' status='pass'><b>And</b>
						<span class="bdd-step-name">And Click on "Edit Histogram"</span>
							<div class='pre'>passed</div>
					</li>
					<li test-id='97' class='node and pass' status='pass'><b>And</b>
						<span class="bdd-step-name">And Check "Tooltips"</span>
							<div class='pre'>passed</div>
					</li>
					<li test-id='98' class='node and pass' status='pass'><b>And</b>
						<span class="bdd-step-name">And Click on Number format dropdown</span>
							<div class='pre'>passed</div>
					</li>
					<li test-id='99' class='node and fail' status='fail'><b>And</b>
						<span class="bdd-step-name">And Select "," and "None" separator from dropdown list</span>
							<div class='pre'><pre>org.openqa.selenium.NoSuchElementException: no such element: Unable to locate element: {"method":"xpath","selector":"//*[text()='Grouping separator']//following::*[contains(text(),"None")][1]"}
  (Session info: chrome=101.0.4951.67)
For documentation on this error, please visit: http://seleniumhq.org/exceptions/no_such_element.html
Build info: version: '3.4.0', revision: 'unknown', time: 'unknown'
System info: host: 'IN-BLR-L008', ip: '192.168.56.1', os.name: 'Windows 10', os.arch: 'amd64', os.version: '10.0', java.version: '1.8.0_202'
Driver info: org.openqa.selenium.chrome.ChromeDriver
Capabilities [{networkConnectionEnabled=false, chrome={chromedriverVersion=100.0.4896.20 (f9d71f93d32a6487809d6f35a9670c879fe97dfe-refs/branch-heads/4896@{#203}), userDataDir=C:\Users\nmaduru\AppData\Local\Temp\scoped_dir728_1100807178}, timeouts={implicit=0.0, pageLoad=300000.0, script=30000.0}, pageLoadStrategy=normal, unhandledPromptBehavior=dismiss and notify, strictFileInteractability=false, platform=ANY, proxy=Proxy(), goog:chromeOptions={debuggerAddress=localhost:63232}, webauthn:extension:credBlob=true, acceptInsecureCerts=true, browserVersion=101.0.4951.67, browserName=chrome, javascriptEnabled=true, platformName=windows, setWindowRect=true, webauthn:extension:largeBlob=true, webauthn:virtualAuthenticators=true}]
Session ID: 3d89e86ba6ef90e7d6c80ba030debb72
*** Element info: {Using=xpath, value=//*[text()='Grouping separator']//following::*[contains(text(),"None")][1]}
	at sun.reflect.GeneratedConstructorAccessor18.newInstance(Unknown Source)
	at sun.reflect.DelegatingConstructorAccessorImpl.newInstance(DelegatingConstructorAccessorImpl.java:45)
	at java.lang.reflect.Constructor.newInstance(Constructor.java:423)
	at org.openqa.selenium.remote.http.W3CHttpResponseCodec.createException(W3CHttpResponseCodec.java:150)
	at org.openqa.selenium.remote.http.W3CHttpResponseCodec.decode(W3CHttpResponseCodec.java:115)
	at org.openqa.selenium.remote.http.W3CHttpResponseCodec.decode(W3CHttpResponseCodec.java:45)
	at org.openqa.selenium.remote.HttpCommandExecutor.execute(HttpCommandExecutor.java:164)
	at org.openqa.selenium.remote.service.DriverCommandExecutor.execute(DriverCommandExecutor.java:82)
	at org.openqa.selenium.remote.RemoteWebDriver.execute(RemoteWebDriver.java:637)
	at org.openqa.selenium.remote.RemoteWebDriver.findElement(RemoteWebDriver.java:410)
	at org.openqa.selenium.remote.RemoteWebDriver.findElementByXPath(RemoteWebDriver.java:509)
	at org.openqa.selenium.By$ByXPath.findElement(By.java:361)
	at org.openqa.selenium.remote.RemoteWebDriver.findElement(RemoteWebDriver.java:402)
	at CDMNext.util.CommonFunctionality.getElementByXpath(CommonFunctionality.java:513)
	at CDMNext.StepDefinations.ChartVisual.select_and_separator_from_dropdown_list(ChartVisual.java:667)
	at ✽.And Select "," and "None" separator from dropdown list(Histogram.feature:1556)
</pre></div>
					</li>
					<li test-id='100' class='node and skip' status='skip'><b>And</b>
						<span class="bdd-step-name">And Click on "Save"</span>
							<div class='pre'>skipped</div>
					</li>
					<li test-id='101' class='node then skip' status='skip'><b>Then</b>
						<span class="bdd-step-name">Then The Selected Decimal seperator and Grouping seperator should update with selected input</span>
							<div class='pre'>skipped</div>
					</li>
				</ul>
		</li>
		<li test-id='102' class='node scenario fail' status='fail'>
			<div class='category-list'>
				<span class='category label white-text'>@Histogram1</span>
			</div>
			
			<b>Scenario</b>
			
			<span class="bdd-step-name">TC_Histogram_173: Edit Histogram - Tooltip - Verify grouping and decimal under number separators.</span>
			
				<ul class='steps'>
					<li test-id='103' class='node and pass' status='pass'><b>And</b>
						<span class="bdd-step-name">And Create histogram visual with series</span>
							<div class='pre'>passed</div>
					</li>
					<li test-id='104' class='node and pass' status='pass'><b>And</b>
						<span class="bdd-step-name">And Click on "Edit Histogram"</span>
							<div class='pre'>passed</div>
					</li>
					<li test-id='105' class='node and pass' status='pass'><b>And</b>
						<span class="bdd-step-name">And Check "Tooltips"</span>
							<div class='pre'>passed</div>
					</li>
					<li test-id='106' class='node and pass' status='pass'><b>And</b>
						<span class="bdd-step-name">And Click on Number format dropdown</span>
							<div class='pre'>passed</div>
					</li>
					<li test-id='107' class='node and fail' status='fail'><b>And</b>
						<span class="bdd-step-name">And Select "." and "," separator from dropdown list</span>
							<div class='pre'><pre>org.openqa.selenium.NoSuchElementException: no such element: Unable to locate element: {"method":"xpath","selector":"//*[text()='Grouping separator']//following::*[contains(text(),",")][1]"}
  (Session info: chrome=101.0.4951.67)
For documentation on this error, please visit: http://seleniumhq.org/exceptions/no_such_element.html
Build info: version: '3.4.0', revision: 'unknown', time: 'unknown'
System info: host: 'IN-BLR-L008', ip: '192.168.56.1', os.name: 'Windows 10', os.arch: 'amd64', os.version: '10.0', java.version: '1.8.0_202'
Driver info: org.openqa.selenium.chrome.ChromeDriver
Capabilities [{networkConnectionEnabled=false, chrome={chromedriverVersion=100.0.4896.20 (f9d71f93d32a6487809d6f35a9670c879fe97dfe-refs/branch-heads/4896@{#203}), userDataDir=C:\Users\nmaduru\AppData\Local\Temp\scoped_dir728_1100807178}, timeouts={implicit=0.0, pageLoad=300000.0, script=30000.0}, pageLoadStrategy=normal, unhandledPromptBehavior=dismiss and notify, strictFileInteractability=false, platform=ANY, proxy=Proxy(), goog:chromeOptions={debuggerAddress=localhost:63232}, webauthn:extension:credBlob=true, acceptInsecureCerts=true, browserVersion=101.0.4951.67, browserName=chrome, javascriptEnabled=true, platformName=windows, setWindowRect=true, webauthn:extension:largeBlob=true, webauthn:virtualAuthenticators=true}]
Session ID: 3d89e86ba6ef90e7d6c80ba030debb72
*** Element info: {Using=xpath, value=//*[text()='Grouping separator']//following::*[contains(text(),",")][1]}
	at sun.reflect.GeneratedConstructorAccessor18.newInstance(Unknown Source)
	at sun.reflect.DelegatingConstructorAccessorImpl.newInstance(DelegatingConstructorAccessorImpl.java:45)
	at java.lang.reflect.Constructor.newInstance(Constructor.java:423)
	at org.openqa.selenium.remote.http.W3CHttpResponseCodec.createException(W3CHttpResponseCodec.java:150)
	at org.openqa.selenium.remote.http.W3CHttpResponseCodec.decode(W3CHttpResponseCodec.java:115)
	at org.openqa.selenium.remote.http.W3CHttpResponseCodec.decode(W3CHttpResponseCodec.java:45)
	at org.openqa.selenium.remote.HttpCommandExecutor.execute(HttpCommandExecutor.java:164)
	at org.openqa.selenium.remote.service.DriverCommandExecutor.execute(DriverCommandExecutor.java:82)
	at org.openqa.selenium.remote.RemoteWebDriver.execute(RemoteWebDriver.java:637)
	at org.openqa.selenium.remote.RemoteWebDriver.findElement(RemoteWebDriver.java:410)
	at org.openqa.selenium.remote.RemoteWebDriver.findElementByXPath(RemoteWebDriver.java:509)
	at org.openqa.selenium.By$ByXPath.findElement(By.java:361)
	at org.openqa.selenium.remote.RemoteWebDriver.findElement(RemoteWebDriver.java:402)
	at CDMNext.util.CommonFunctionality.getElementByXpath(CommonFunctionality.java:513)
	at CDMNext.StepDefinations.ChartVisual.select_and_separator_from_dropdown_list(ChartVisual.java:667)
	at ✽.And Select "." and "," separator from dropdown list(Histogram.feature:1556)
</pre></div>
					</li>
					<li test-id='108' class='node and skip' status='skip'><b>And</b>
						<span class="bdd-step-name">And Click on "Save"</span>
							<div class='pre'>skipped</div>
					</li>
					<li test-id='109' class='node then skip' status='skip'><b>Then</b>
						<span class="bdd-step-name">Then The Selected Decimal seperator and Grouping seperator should update with selected input</span>
							<div class='pre'>skipped</div>
					</li>
				</ul>
		</li>
		<li test-id='110' class='node scenario fail' status='fail'>
			<div class='category-list'>
				<span class='category label white-text'>@Histogram1</span>
			</div>
			
			<b>Scenario</b>
			
			<span class="bdd-step-name">TC_Histogram_173: Edit Histogram - Tooltip - Verify grouping and decimal under number separators.</span>
			
				<ul class='steps'>
					<li test-id='111' class='node and pass' status='pass'><b>And</b>
						<span class="bdd-step-name">And Create histogram visual with series</span>
							<div class='pre'>passed</div>
					</li>
					<li test-id='112' class='node and pass' status='pass'><b>And</b>
						<span class="bdd-step-name">And Click on "Edit Histogram"</span>
							<div class='pre'>passed</div>
					</li>
					<li test-id='113' class='node and pass' status='pass'><b>And</b>
						<span class="bdd-step-name">And Check "Tooltips"</span>
							<div class='pre'>passed</div>
					</li>
					<li test-id='114' class='node and pass' status='pass'><b>And</b>
						<span class="bdd-step-name">And Click on Number format dropdown</span>
							<div class='pre'>passed</div>
					</li>
					<li test-id='115' class='node and fail' status='fail'><b>And</b>
						<span class="bdd-step-name">And Select "." and "Space" separator from dropdown list</span>
							<div class='pre'><pre>org.openqa.selenium.NoSuchElementException: no such element: Unable to locate element: {"method":"xpath","selector":"//*[text()='Grouping separator']//following::*[contains(text(),"Space")][1]"}
  (Session info: chrome=101.0.4951.67)
For documentation on this error, please visit: http://seleniumhq.org/exceptions/no_such_element.html
Build info: version: '3.4.0', revision: 'unknown', time: 'unknown'
System info: host: 'IN-BLR-L008', ip: '192.168.56.1', os.name: 'Windows 10', os.arch: 'amd64', os.version: '10.0', java.version: '1.8.0_202'
Driver info: org.openqa.selenium.chrome.ChromeDriver
Capabilities [{networkConnectionEnabled=false, chrome={chromedriverVersion=100.0.4896.20 (f9d71f93d32a6487809d6f35a9670c879fe97dfe-refs/branch-heads/4896@{#203}), userDataDir=C:\Users\nmaduru\AppData\Local\Temp\scoped_dir728_1100807178}, timeouts={implicit=0.0, pageLoad=300000.0, script=30000.0}, pageLoadStrategy=normal, unhandledPromptBehavior=dismiss and notify, strictFileInteractability=false, platform=ANY, proxy=Proxy(), goog:chromeOptions={debuggerAddress=localhost:63232}, webauthn:extension:credBlob=true, acceptInsecureCerts=true, browserVersion=101.0.4951.67, browserName=chrome, javascriptEnabled=true, platformName=windows, setWindowRect=true, webauthn:extension:largeBlob=true, webauthn:virtualAuthenticators=true}]
Session ID: 3d89e86ba6ef90e7d6c80ba030debb72
*** Element info: {Using=xpath, value=//*[text()='Grouping separator']//following::*[contains(text(),"Space")][1]}
	at sun.reflect.GeneratedConstructorAccessor18.newInstance(Unknown Source)
	at sun.reflect.DelegatingConstructorAccessorImpl.newInstance(DelegatingConstructorAccessorImpl.java:45)
	at java.lang.reflect.Constructor.newInstance(Constructor.java:423)
	at org.openqa.selenium.remote.http.W3CHttpResponseCodec.createException(W3CHttpResponseCodec.java:150)
	at org.openqa.selenium.remote.http.W3CHttpResponseCodec.decode(W3CHttpResponseCodec.java:115)
	at org.openqa.selenium.remote.http.W3CHttpResponseCodec.decode(W3CHttpResponseCodec.java:45)
	at org.openqa.selenium.remote.HttpCommandExecutor.execute(HttpCommandExecutor.java:164)
	at org.openqa.selenium.remote.service.DriverCommandExecutor.execute(DriverCommandExecutor.java:82)
	at org.openqa.selenium.remote.RemoteWebDriver.execute(RemoteWebDriver.java:637)
	at org.openqa.selenium.remote.RemoteWebDriver.findElement(RemoteWebDriver.java:410)
	at org.openqa.selenium.remote.RemoteWebDriver.findElementByXPath(RemoteWebDriver.java:509)
	at org.openqa.selenium.By$ByXPath.findElement(By.java:361)
	at org.openqa.selenium.remote.RemoteWebDriver.findElement(RemoteWebDriver.java:402)
	at CDMNext.util.CommonFunctionality.getElementByXpath(CommonFunctionality.java:513)
	at CDMNext.StepDefinations.ChartVisual.select_and_separator_from_dropdown_list(ChartVisual.java:667)
	at ✽.And Select "." and "Space" separator from dropdown list(Histogram.feature:1556)
</pre></div>
					</li>
					<li test-id='116' class='node and skip' status='skip'><b>And</b>
						<span class="bdd-step-name">And Click on "Save"</span>
							<div class='pre'>skipped</div>
					</li>
					<li test-id='117' class='node then skip' status='skip'><b>Then</b>
						<span class="bdd-step-name">Then The Selected Decimal seperator and Grouping seperator should update with selected input</span>
							<div class='pre'>skipped</div>
					</li>
				</ul>
		</li>
		<li test-id='118' class='node scenario fail' status='fail'>
			<div class='category-list'>
				<span class='category label white-text'>@Histogram1</span>
			</div>
			
			<b>Scenario</b>
			
			<span class="bdd-step-name">TC_Histogram_173: Edit Histogram - Tooltip - Verify grouping and decimal under number separators.</span>
			
				<ul class='steps'>
					<li test-id='119' class='node and pass' status='pass'><b>And</b>
						<span class="bdd-step-name">And Create histogram visual with series</span>
							<div class='pre'>passed</div>
					</li>
					<li test-id='120' class='node and pass' status='pass'><b>And</b>
						<span class="bdd-step-name">And Click on "Edit Histogram"</span>
							<div class='pre'>passed</div>
					</li>
					<li test-id='121' class='node and pass' status='pass'><b>And</b>
						<span class="bdd-step-name">And Check "Tooltips"</span>
							<div class='pre'>passed</div>
					</li>
					<li test-id='122' class='node and pass' status='pass'><b>And</b>
						<span class="bdd-step-name">And Click on Number format dropdown</span>
							<div class='pre'>passed</div>
					</li>
					<li test-id='123' class='node and fail' status='fail'><b>And</b>
						<span class="bdd-step-name">And Select "." and "'" separator from dropdown list</span>
							<div class='pre'><pre>org.openqa.selenium.NoSuchElementException: no such element: Unable to locate element: {"method":"xpath","selector":"//*[text()='Grouping separator']//following::*[contains(text(),"'")][1]"}
  (Session info: chrome=101.0.4951.67)
For documentation on this error, please visit: http://seleniumhq.org/exceptions/no_such_element.html
Build info: version: '3.4.0', revision: 'unknown', time: 'unknown'
System info: host: 'IN-BLR-L008', ip: '192.168.56.1', os.name: 'Windows 10', os.arch: 'amd64', os.version: '10.0', java.version: '1.8.0_202'
Driver info: org.openqa.selenium.chrome.ChromeDriver
Capabilities [{networkConnectionEnabled=false, chrome={chromedriverVersion=100.0.4896.20 (f9d71f93d32a6487809d6f35a9670c879fe97dfe-refs/branch-heads/4896@{#203}), userDataDir=C:\Users\nmaduru\AppData\Local\Temp\scoped_dir728_1100807178}, timeouts={implicit=0.0, pageLoad=300000.0, script=30000.0}, pageLoadStrategy=normal, unhandledPromptBehavior=dismiss and notify, strictFileInteractability=false, platform=ANY, proxy=Proxy(), goog:chromeOptions={debuggerAddress=localhost:63232}, webauthn:extension:credBlob=true, acceptInsecureCerts=true, browserVersion=101.0.4951.67, browserName=chrome, javascriptEnabled=true, platformName=windows, setWindowRect=true, webauthn:extension:largeBlob=true, webauthn:virtualAuthenticators=true}]
Session ID: 3d89e86ba6ef90e7d6c80ba030debb72
*** Element info: {Using=xpath, value=//*[text()='Grouping separator']//following::*[contains(text(),"'")][1]}
	at sun.reflect.GeneratedConstructorAccessor18.newInstance(Unknown Source)
	at sun.reflect.DelegatingConstructorAccessorImpl.newInstance(DelegatingConstructorAccessorImpl.java:45)
	at java.lang.reflect.Constructor.newInstance(Constructor.java:423)
	at org.openqa.selenium.remote.http.W3CHttpResponseCodec.createException(W3CHttpResponseCodec.java:150)
	at org.openqa.selenium.remote.http.W3CHttpResponseCodec.decode(W3CHttpResponseCodec.java:115)
	at org.openqa.selenium.remote.http.W3CHttpResponseCodec.decode(W3CHttpResponseCodec.java:45)
	at org.openqa.selenium.remote.HttpCommandExecutor.execute(HttpCommandExecutor.java:164)
	at org.openqa.selenium.remote.service.DriverCommandExecutor.execute(DriverCommandExecutor.java:82)
	at org.openqa.selenium.remote.RemoteWebDriver.execute(RemoteWebDriver.java:637)
	at org.openqa.selenium.remote.RemoteWebDriver.findElement(RemoteWebDriver.java:410)
	at org.openqa.selenium.remote.RemoteWebDriver.findElementByXPath(RemoteWebDriver.java:509)
	at org.openqa.selenium.By$ByXPath.findElement(By.java:361)
	at org.openqa.selenium.remote.RemoteWebDriver.findElement(RemoteWebDriver.java:402)
	at CDMNext.util.CommonFunctionality.getElementByXpath(CommonFunctionality.java:513)
	at CDMNext.StepDefinations.ChartVisual.select_and_separator_from_dropdown_list(ChartVisual.java:667)
	at ✽.And Select "." and "'" separator from dropdown list(Histogram.feature:1556)
</pre></div>
					</li>
					<li test-id='124' class='node and skip' status='skip'><b>And</b>
						<span class="bdd-step-name">And Click on "Save"</span>
							<div class='pre'>skipped</div>
					</li>
					<li test-id='125' class='node then skip' status='skip'><b>Then</b>
						<span class="bdd-step-name">Then The Selected Decimal seperator and Grouping seperator should update with selected input</span>
							<div class='pre'>skipped</div>
					</li>
				</ul>
		</li>
		<li test-id='126' class='node scenario fail' status='fail'>
			<div class='category-list'>
				<span class='category label white-text'>@Histogram1</span>
			</div>
			
			<b>Scenario</b>
			
			<span class="bdd-step-name">TC_Histogram_173: Edit Histogram - Tooltip - Verify grouping and decimal under number separators.</span>
			
				<ul class='steps'>
					<li test-id='127' class='node and pass' status='pass'><b>And</b>
						<span class="bdd-step-name">And Create histogram visual with series</span>
							<div class='pre'>passed</div>
					</li>
					<li test-id='128' class='node and pass' status='pass'><b>And</b>
						<span class="bdd-step-name">And Click on "Edit Histogram"</span>
							<div class='pre'>passed</div>
					</li>
					<li test-id='129' class='node and pass' status='pass'><b>And</b>
						<span class="bdd-step-name">And Check "Tooltips"</span>
							<div class='pre'>passed</div>
					</li>
					<li test-id='130' class='node and pass' status='pass'><b>And</b>
						<span class="bdd-step-name">And Click on Number format dropdown</span>
							<div class='pre'>passed</div>
					</li>
					<li test-id='131' class='node and fail' status='fail'><b>And</b>
						<span class="bdd-step-name">And Select "." and "-" separator from dropdown list</span>
							<div class='pre'><pre>org.openqa.selenium.NoSuchElementException: no such element: Unable to locate element: {"method":"xpath","selector":"//*[text()='Grouping separator']//following::*[contains(text(),"-")][1]"}
  (Session info: chrome=101.0.4951.67)
For documentation on this error, please visit: http://seleniumhq.org/exceptions/no_such_element.html
Build info: version: '3.4.0', revision: 'unknown', time: 'unknown'
System info: host: 'IN-BLR-L008', ip: '192.168.56.1', os.name: 'Windows 10', os.arch: 'amd64', os.version: '10.0', java.version: '1.8.0_202'
Driver info: org.openqa.selenium.chrome.ChromeDriver
Capabilities [{networkConnectionEnabled=false, chrome={chromedriverVersion=100.0.4896.20 (f9d71f93d32a6487809d6f35a9670c879fe97dfe-refs/branch-heads/4896@{#203}), userDataDir=C:\Users\nmaduru\AppData\Local\Temp\scoped_dir728_1100807178}, timeouts={implicit=0.0, pageLoad=300000.0, script=30000.0}, pageLoadStrategy=normal, unhandledPromptBehavior=dismiss and notify, strictFileInteractability=false, platform=ANY, proxy=Proxy(), goog:chromeOptions={debuggerAddress=localhost:63232}, webauthn:extension:credBlob=true, acceptInsecureCerts=true, browserVersion=101.0.4951.67, browserName=chrome, javascriptEnabled=true, platformName=windows, setWindowRect=true, webauthn:extension:largeBlob=true, webauthn:virtualAuthenticators=true}]
Session ID: 3d89e86ba6ef90e7d6c80ba030debb72
*** Element info: {Using=xpath, value=//*[text()='Grouping separator']//following::*[contains(text(),"-")][1]}
	at sun.reflect.GeneratedConstructorAccessor18.newInstance(Unknown Source)
	at sun.reflect.DelegatingConstructorAccessorImpl.newInstance(DelegatingConstructorAccessorImpl.java:45)
	at java.lang.reflect.Constructor.newInstance(Constructor.java:423)
	at org.openqa.selenium.remote.http.W3CHttpResponseCodec.createException(W3CHttpResponseCodec.java:150)
	at org.openqa.selenium.remote.http.W3CHttpResponseCodec.decode(W3CHttpResponseCodec.java:115)
	at org.openqa.selenium.remote.http.W3CHttpResponseCodec.decode(W3CHttpResponseCodec.java:45)
	at org.openqa.selenium.remote.HttpCommandExecutor.execute(HttpCommandExecutor.java:164)
	at org.openqa.selenium.remote.service.DriverCommandExecutor.execute(DriverCommandExecutor.java:82)
	at org.openqa.selenium.remote.RemoteWebDriver.execute(RemoteWebDriver.java:637)
	at org.openqa.selenium.remote.RemoteWebDriver.findElement(RemoteWebDriver.java:410)
	at org.openqa.selenium.remote.RemoteWebDriver.findElementByXPath(RemoteWebDriver.java:509)
	at org.openqa.selenium.By$ByXPath.findElement(By.java:361)
	at org.openqa.selenium.remote.RemoteWebDriver.findElement(RemoteWebDriver.java:402)
	at CDMNext.util.CommonFunctionality.getElementByXpath(CommonFunctionality.java:513)
	at CDMNext.StepDefinations.ChartVisual.select_and_separator_from_dropdown_list(ChartVisual.java:667)
	at ✽.And Select "." and "-" separator from dropdown list(Histogram.feature:1556)
</pre></div>
					</li>
					<li test-id='132' class='node and skip' status='skip'><b>And</b>
						<span class="bdd-step-name">And Click on "Save"</span>
							<div class='pre'>skipped</div>
					</li>
					<li test-id='133' class='node then skip' status='skip'><b>Then</b>
						<span class="bdd-step-name">Then The Selected Decimal seperator and Grouping seperator should update with selected input</span>
							<div class='pre'>skipped</div>
					</li>
				</ul>
		</li>
		<li test-id='134' class='node scenario fail' status='fail'>
			<div class='category-list'>
				<span class='category label white-text'>@Histogram1</span>
			</div>
			
			<b>Scenario</b>
			
			<span class="bdd-step-name">TC_Histogram_173: Edit Histogram - Tooltip - Verify grouping and decimal under number separators.</span>
			
				<ul class='steps'>
					<li test-id='135' class='node and pass' status='pass'><b>And</b>
						<span class="bdd-step-name">And Create histogram visual with series</span>
							<div class='pre'>passed</div>
					</li>
					<li test-id='136' class='node and pass' status='pass'><b>And</b>
						<span class="bdd-step-name">And Click on "Edit Histogram"</span>
							<div class='pre'>passed</div>
					</li>
					<li test-id='137' class='node and pass' status='pass'><b>And</b>
						<span class="bdd-step-name">And Check "Tooltips"</span>
							<div class='pre'>passed</div>
					</li>
					<li test-id='138' class='node and pass' status='pass'><b>And</b>
						<span class="bdd-step-name">And Click on Number format dropdown</span>
							<div class='pre'>passed</div>
					</li>
					<li test-id='139' class='node and fail' status='fail'><b>And</b>
						<span class="bdd-step-name">And Select "." and "None" separator from dropdown list</span>
							<div class='pre'><pre>org.openqa.selenium.NoSuchElementException: no such element: Unable to locate element: {"method":"xpath","selector":"//*[text()='Grouping separator']//following::*[contains(text(),"None")][1]"}
  (Session info: chrome=101.0.4951.67)
For documentation on this error, please visit: http://seleniumhq.org/exceptions/no_such_element.html
Build info: version: '3.4.0', revision: 'unknown', time: 'unknown'
System info: host: 'IN-BLR-L008', ip: '192.168.56.1', os.name: 'Windows 10', os.arch: 'amd64', os.version: '10.0', java.version: '1.8.0_202'
Driver info: org.openqa.selenium.chrome.ChromeDriver
Capabilities [{networkConnectionEnabled=false, chrome={chromedriverVersion=100.0.4896.20 (f9d71f93d32a6487809d6f35a9670c879fe97dfe-refs/branch-heads/4896@{#203}), userDataDir=C:\Users\nmaduru\AppData\Local\Temp\scoped_dir728_1100807178}, timeouts={implicit=0.0, pageLoad=300000.0, script=30000.0}, pageLoadStrategy=normal, unhandledPromptBehavior=dismiss and notify, strictFileInteractability=false, platform=ANY, proxy=Proxy(), goog:chromeOptions={debuggerAddress=localhost:63232}, webauthn:extension:credBlob=true, acceptInsecureCerts=true, browserVersion=101.0.4951.67, browserName=chrome, javascriptEnabled=true, platformName=windows, setWindowRect=true, webauthn:extension:largeBlob=true, webauthn:virtualAuthenticators=true}]
Session ID: 3d89e86ba6ef90e7d6c80ba030debb72
*** Element info: {Using=xpath, value=//*[text()='Grouping separator']//following::*[contains(text(),"None")][1]}
	at sun.reflect.GeneratedConstructorAccessor18.newInstance(Unknown Source)
	at sun.reflect.DelegatingConstructorAccessorImpl.newInstance(DelegatingConstructorAccessorImpl.java:45)
	at java.lang.reflect.Constructor.newInstance(Constructor.java:423)
	at org.openqa.selenium.remote.http.W3CHttpResponseCodec.createException(W3CHttpResponseCodec.java:150)
	at org.openqa.selenium.remote.http.W3CHttpResponseCodec.decode(W3CHttpResponseCodec.java:115)
	at org.openqa.selenium.remote.http.W3CHttpResponseCodec.decode(W3CHttpResponseCodec.java:45)
	at org.openqa.selenium.remote.HttpCommandExecutor.execute(HttpCommandExecutor.java:164)
	at org.openqa.selenium.remote.service.DriverCommandExecutor.execute(DriverCommandExecutor.java:82)
	at org.openqa.selenium.remote.RemoteWebDriver.execute(RemoteWebDriver.java:637)
	at org.openqa.selenium.remote.RemoteWebDriver.findElement(RemoteWebDriver.java:410)
	at org.openqa.selenium.remote.RemoteWebDriver.findElementByXPath(RemoteWebDriver.java:509)
	at org.openqa.selenium.By$ByXPath.findElement(By.java:361)
	at org.openqa.selenium.remote.RemoteWebDriver.findElement(RemoteWebDriver.java:402)
	at CDMNext.util.CommonFunctionality.getElementByXpath(CommonFunctionality.java:513)
	at CDMNext.StepDefinations.ChartVisual.select_and_separator_from_dropdown_list(ChartVisual.java:667)
	at ✽.And Select "." and "None" separator from dropdown list(Histogram.feature:1556)
</pre></div>
					</li>
					<li test-id='140' class='node and skip' status='skip'><b>And</b>
						<span class="bdd-step-name">And Click on "Save"</span>
							<div class='pre'>skipped</div>
					</li>
					<li test-id='141' class='node then skip' status='skip'><b>Then</b>
						<span class="bdd-step-name">Then The Selected Decimal seperator and Grouping seperator should update with selected input</span>
							<div class='pre'>skipped</div>
					</li>
				</ul>
		</li>
	</ul>
</div>
<div class='scenario node' test-id='142' status='fail'>
	<div class='category-list'>
		<span class='category label white-text'>@Histogram1</span>
	</div>
	<span class='duration right label'>0h 1m 48s+481ms</span>
	<div class='desc'>
		<b>Scenario</b>
		<span class="desc-text">TC_Histogram_179:Edit Histogram - Verify title icon on visual</span>
	</div>
	<ul class='steps'>
		<li test-id='143' class='node and pass' status='pass'>
			
			<b>And</b>
			
			<span class="bdd-step-name">And Create histogram visual with series</span>
				<div class='pre'>passed</div>
			
		</li>
		<li test-id='144' class='node and pass' status='pass'>
			
			<b>And</b>
			
			<span class="bdd-step-name">And Click on "Edit Histogram"</span>
				<div class='pre'>passed</div>
			
		</li>
		<li test-id='145' class='node and pass' status='pass'>
			
			<b>And</b>
			
			<span class="bdd-step-name">And Mouse hover on visual title for Edit visual popup</span>
				<div class='pre'>passed</div>
			
		</li>
		<li test-id='146' class='node and fail' status='fail'>
			
			<b>And</b>
			
			<span class="bdd-step-name">And Click on edit icon for Edit visual popup</span>
				<div class='pre'><pre>org.openqa.selenium.ElementNotInteractableException: element not interactable
  (Session info: chrome=101.0.4951.67)
Build info: version: '3.4.0', revision: 'unknown', time: 'unknown'
System info: host: 'IN-BLR-L008', ip: '192.168.56.1', os.name: 'Windows 10', os.arch: 'amd64', os.version: '10.0', java.version: '1.8.0_202'
Driver info: org.openqa.selenium.chrome.ChromeDriver
Capabilities [{networkConnectionEnabled=false, chrome={chromedriverVersion=100.0.4896.20 (f9d71f93d32a6487809d6f35a9670c879fe97dfe-refs/branch-heads/4896@{#203}), userDataDir=C:\Users\nmaduru\AppData\Local\Temp\scoped_dir728_1100807178}, timeouts={implicit=0.0, pageLoad=300000.0, script=30000.0}, pageLoadStrategy=normal, unhandledPromptBehavior=dismiss and notify, strictFileInteractability=false, platform=ANY, proxy=Proxy(), goog:chromeOptions={debuggerAddress=localhost:63232}, webauthn:extension:credBlob=true, acceptInsecureCerts=true, browserVersion=101.0.4951.67, browserName=chrome, javascriptEnabled=true, platformName=windows, setWindowRect=true, webauthn:extension:largeBlob=true, webauthn:virtualAuthenticators=true}]
Session ID: 3d89e86ba6ef90e7d6c80ba030debb72
	at sun.reflect.NativeConstructorAccessorImpl.newInstance0(Native Method)
	at sun.reflect.NativeConstructorAccessorImpl.newInstance(NativeConstructorAccessorImpl.java:62)
	at sun.reflect.DelegatingConstructorAccessorImpl.newInstance(DelegatingConstructorAccessorImpl.java:45)
	at java.lang.reflect.Constructor.newInstance(Constructor.java:423)
	at org.openqa.selenium.remote.http.W3CHttpResponseCodec.createException(W3CHttpResponseCodec.java:150)
	at org.openqa.selenium.remote.http.W3CHttpResponseCodec.decode(W3CHttpResponseCodec.java:115)
	at org.openqa.selenium.remote.http.W3CHttpResponseCodec.decode(W3CHttpResponseCodec.java:45)
	at org.openqa.selenium.remote.HttpCommandExecutor.execute(HttpCommandExecutor.java:164)
	at org.openqa.selenium.remote.service.DriverCommandExecutor.execute(DriverCommandExecutor.java:82)
	at org.openqa.selenium.remote.RemoteWebDriver.execute(RemoteWebDriver.java:637)
	at org.openqa.selenium.remote.RemoteWebElement.execute(RemoteWebElement.java:272)
	at org.openqa.selenium.remote.RemoteWebElement.click(RemoteWebElement.java:82)
	at CDMNext.StepDefinations.Histogram.click_on_edit_icon_for_Edit_visual_popup(Histogram.java:1411)
	at ✽.And Click on edit icon for Edit visual popup(Histogram.feature:1628)
</pre></div>
			
		</li>
		<li test-id='147' class='node then skip' status='skip'>
			
			<b>Then</b>
			
			<span class="bdd-step-name">Then The "Titles" popup should be appeared</span>
				<div class='pre'>skipped</div>
			
		</li>
	</ul>
</div>
<div class='scenario node' test-id='148' status='pass'>
	<div class='category-list'>
		<span class='category label white-text'>@Histogram1</span>
	</div>
	<span class='duration right label'>0h 1m 51s+640ms</span>
	<div class='desc'>
		<b>Scenario</b>
		<span class="desc-text">TC_Histogram_188:Edit Histogram - Edit series - Verify Currency option under edit series</span>
	</div>
	<ul class='steps'>
		<li test-id='149' class='node and pass' status='pass'>
			
			<b>And</b>
			
			<span class="bdd-step-name">And Create histogram visual with series</span>
				<div class='pre'>passed</div>
			
		</li>
		<li test-id='150' class='node and pass' status='pass'>
			
			<b>And</b>
			
			<span class="bdd-step-name">And Click on "Edit Histogram"</span>
				<div class='pre'>passed</div>
			
		</li>
		<li test-id='151' class='node and pass' status='pass'>
			
			<b>And</b>
			
			<span class="bdd-step-name">And Click on "Edit series" icon</span>
				<div class='pre'>passed</div>
			
		</li>
		<li test-id='152' class='node and pass' status='pass'>
			
			<b>And</b>
			
			<span class="bdd-step-name">And Select "Currency" as "RMB"</span>
				<div class='pre'>passed</div>
			
		</li>
		<li test-id='153' class='node then pass' status='pass'>
			
			<b>Then</b>
			
			<span class="bdd-step-name">Then Selected currency should be applied to the series</span>
				<div class='pre'>passed</div>
			
		</li>
	</ul>
</div>
<div class='scenario node' test-id='154' status='pass'>
	<div class='category-list'>
		<span class='category label white-text'>@Histogram1</span>
	</div>
	<span class='duration right label'>0h 1m 37s+482ms</span>
	<div class='desc'>
		<b>Scenario</b>
		<span class="desc-text">TC_Histogram_190:Edit Histogram - Edit series - Verify clicking on frequency or dropdown</span>
	</div>
	<ul class='steps'>
		<li test-id='155' class='node and pass' status='pass'>
			
			<b>And</b>
			
			<span class="bdd-step-name">And Create histogram visual with series</span>
				<div class='pre'>passed</div>
			
		</li>
		<li test-id='156' class='node and pass' status='pass'>
			
			<b>And</b>
			
			<span class="bdd-step-name">And Click on "Edit Histogram"</span>
				<div class='pre'>passed</div>
			
		</li>
		<li test-id='157' class='node and pass' status='pass'>
			
			<b>And</b>
			
			<span class="bdd-step-name">And Click on "Frequency"</span>
				<div class='pre'>passed</div>
			
		</li>
		<li test-id='158' class='node then pass' status='pass'>
			
			<b>Then</b>
			
			<span class="bdd-step-name">Then "Series Harmonization" popup should be opened</span>
				<div class='pre'>passed</div>
			
		</li>
	</ul>
</div>
<div class='scenario node' test-id='159' status='pass'>
	<div class='category-list'>
		<span class='category label white-text'>@Histogram1</span>
	</div>
	<span class='duration right label'>0h 1m 42s+531ms</span>
	<div class='desc'>
		<b>Scenario</b>
		<span class="desc-text">TC_Histogram_192:Edit Histogram - Edit series - Series data conversion - Verify applying Missing values method</span>
	</div>
	<ul class='steps'>
		<li test-id='160' class='node and pass' status='pass'>
			
			<b>And</b>
			
			<span class="bdd-step-name">And Create histogram visual with series</span>
				<div class='pre'>passed</div>
			
		</li>
		<li test-id='161' class='node and pass' status='pass'>
			
			<b>And</b>
			
			<span class="bdd-step-name">And Click on "Edit Histogram"</span>
				<div class='pre'>passed</div>
			
		</li>
		<li test-id='162' class='node and pass' status='pass'>
			
			<b>And</b>
			
			<span class="bdd-step-name">And Click on "Frequency"</span>
				<div class='pre'>passed</div>
			
		</li>
		<li test-id='163' class='node and pass' status='pass'>
			
			<b>And</b>
			
			<span class="bdd-step-name">And Select "Frequency" as "Daily" from dropdown</span>
				<div class='pre'>passed</div>
			
		</li>
		<li test-id='164' class='node and pass' status='pass'>
			
			<b>And</b>
			
			<span class="bdd-step-name">And Select "Missing values method" as "Next value" from dropdown</span>
				<div class='pre'>passed</div>
			
		</li>
		<li test-id='165' class='node then pass' status='pass'>
			
			<b>Then</b>
			
			<span class="bdd-step-name">Then Missing values method should be applied with selected frequency</span>
				<div class='pre'>passed</div>
			
		</li>
	</ul>
</div>
<div class='scenario node' test-id='166' status='fail'>
	<div class='category-list'>
		<span class='category label white-text'>@Histogram1</span>
	</div>
	<span class='duration right label'>0h 1m 22s+511ms</span>
	<div class='desc'>
		<b>Scenario</b>
		<span class="desc-text">TC_Histogram_200:Edit Histogram - Edit series - Verify applying currency in series level</span>
	</div>
	<ul class='steps'>
		<li test-id='167' class='node and fail' status='fail'>
			
			<b>And</b>
			
			<span class="bdd-step-name">And Create histogram visual with series</span>
				<div class='pre'><textarea>org.openqa.selenium.WebDriverException: element click intercepted: Element <div class="insight-page-menu-views-container--add" data-add-view="" title="Create new View tab" style="">...</div> is not clickable at point (856, 97). Other element would receive the click: <div class="base-config histogram-config" data-view-item-id="view2215">...</div>
  (Session info: chrome=101.0.4951.67)
Build info: version: '3.4.0', revision: 'unknown', time: 'unknown'
System info: host: 'IN-BLR-L008', ip: '192.168.56.1', os.name: 'Windows 10', os.arch: 'amd64', os.version: '10.0', java.version: '1.8.0_202'
Driver info: org.openqa.selenium.chrome.ChromeDriver
Capabilities [{networkConnectionEnabled=false, chrome={chromedriverVersion=100.0.4896.20 (f9d71f93d32a6487809d6f35a9670c879fe97dfe-refs/branch-heads/4896@{#203}), userDataDir=C:\Users\nmaduru\AppData\Local\Temp\scoped_dir728_1100807178}, timeouts={implicit=0.0, pageLoad=300000.0, script=30000.0}, pageLoadStrategy=normal, unhandledPromptBehavior=dismiss and notify, strictFileInteractability=false, platform=ANY, proxy=Proxy(), goog:chromeOptions={debuggerAddress=localhost:63232}, webauthn:extension:credBlob=true, acceptInsecureCerts=true, browserVersion=101.0.4951.67, browserName=chrome, javascriptEnabled=true, platformName=windows, setWindowRect=true, webauthn:extension:largeBlob=true, webauthn:virtualAuthenticators=true}]
Session ID: 3d89e86ba6ef90e7d6c80ba030debb72
	at sun.reflect.NativeConstructorAccessorImpl.newInstance0(Native Method)
	at sun.reflect.NativeConstructorAccessorImpl.newInstance(NativeConstructorAccessorImpl.java:62)
	at sun.reflect.DelegatingConstructorAccessorImpl.newInstance(DelegatingConstructorAccessorImpl.java:45)
	at java.lang.reflect.Constructor.newInstance(Constructor.java:423)
	at org.openqa.selenium.remote.http.W3CHttpResponseCodec.createException(W3CHttpResponseCodec.java:150)
	at org.openqa.selenium.remote.http.W3CHttpResponseCodec.decode(W3CHttpResponseCodec.java:115)
	at org.openqa.selenium.remote.http.W3CHttpResponseCodec.decode(W3CHttpResponseCodec.java:45)
	at org.openqa.selenium.remote.HttpCommandExecutor.execute(HttpCommandExecutor.java:164)
	at org.openqa.selenium.remote.service.DriverCommandExecutor.execute(DriverCommandExecutor.java:82)
	at org.openqa.selenium.remote.RemoteWebDriver.execute(RemoteWebDriver.java:637)
	at org.openqa.selenium.remote.RemoteWebElement.execute(RemoteWebElement.java:272)
	at org.openqa.selenium.remote.RemoteWebElement.click(RemoteWebElement.java:82)
	at CDMNext.StepDefinations.Commentary.CreateViewTab(Commentary.java:2190)
	at CDMNext.StepDefinations.Histogram.create_histogram_visual_with_series(Histogram.java:350)
	at ✽.And Create histogram visual with series(Histogram.feature:1792)
</textarea></div>
			
		</li>
		<li test-id='168' class='node and skip' status='skip'>
			
			<b>And</b>
			
			<span class="bdd-step-name">And Click on "Edit Histogram"</span>
				<div class='pre'>skipped</div>
			
		</li>
		<li test-id='169' class='node and skip' status='skip'>
			
			<b>And</b>
			
			<span class="bdd-step-name">And Click on currency dropdown</span>
				<div class='pre'>skipped</div>
			
		</li>
		<li test-id='170' class='node and skip' status='skip'>
			
			<b>And</b>
			
			<span class="bdd-step-name">And Select currency as "USD"</span>
				<div class='pre'>skipped</div>
			
		</li>
		<li test-id='171' class='node then skip' status='skip'>
			
			<b>Then</b>
			
			<span class="bdd-step-name">Then Selected currency should be displayed in the series</span>
				<div class='pre'>skipped</div>
			
		</li>
	</ul>
</div>
<div class='scenario node' test-id='172' status='pass'>
	<div class='category-list'>
		<span class='category label white-text'>@Histogram1</span>
	</div>
	<span class='duration right label'>0h 1m 42s+773ms</span>
	<div class='desc'>
		<b>Scenario</b>
		<span class="desc-text">TC_Histogram_203:Edit Histogram - Edit series -  Verify cancel icon for selected function</span>
	</div>
	<ul class='steps'>
		<li test-id='173' class='node and pass' status='pass'>
			
			<b>And</b>
			
			<span class="bdd-step-name">And Create histogram visual with series</span>
				<div class='pre'>passed</div>
			
		</li>
		<li test-id='174' class='node and pass' status='pass'>
			
			<b>And</b>
			
			<span class="bdd-step-name">And Click on "Edit Histogram"</span>
				<div class='pre'>passed</div>
			
		</li>
		<li test-id='175' class='node and pass' status='pass'>
			
			<b>And</b>
			
			<span class="bdd-step-name">And Click on type a function field in series level</span>
				<div class='pre'>passed</div>
			
		</li>
		<li test-id='176' class='node and pass' status='pass'>
			
			<b>And</b>
			
			<span class="bdd-step-name">And Select a function</span>
				<div class='pre'>passed</div>
			
		</li>
		<li test-id='177' class='node and pass' status='pass'>
			
			<b>And</b>
			
			<span class="bdd-step-name">And Click on cancel function icon</span>
				<div class='pre'>passed</div>
			
		</li>
		<li test-id='178' class='node then pass' status='pass'>
			
			<b>Then</b>
			
			<span class="bdd-step-name">Then The selected function should be cancelled</span>
				<div class='pre'>passed</div>
			
		</li>
	</ul>
</div>
<div class='scenario node' test-id='179' status='pass'>
	<div class='category-list'>
		<span class='category label white-text'>@Histogram1</span>
	</div>
	<span class='duration right label'>0h 1m 45s+647ms</span>
	<div class='desc'>
		<b>Scenario</b>
		<span class="desc-text">TC_Histogram_205:Edit Histogram - Edit  series - Verify removing applied functions</span>
	</div>
	<ul class='steps'>
		<li test-id='180' class='node and pass' status='pass'>
			
			<b>And</b>
			
			<span class="bdd-step-name">And Create histogram visual with series</span>
				<div class='pre'>passed</div>
			
		</li>
		<li test-id='181' class='node and pass' status='pass'>
			
			<b>And</b>
			
			<span class="bdd-step-name">And Click on "Edit Histogram"</span>
				<div class='pre'>passed</div>
			
		</li>
		<li test-id='182' class='node and pass' status='pass'>
			
			<b>And</b>
			
			<span class="bdd-step-name">And Click on type a function field in series level</span>
				<div class='pre'>passed</div>
			
		</li>
		<li test-id='183' class='node and pass' status='pass'>
			
			<b>And</b>
			
			<span class="bdd-step-name">And Select a function</span>
				<div class='pre'>passed</div>
			
		</li>
		<li test-id='184' class='node and pass' status='pass'>
			
			<b>And</b>
			
			<span class="bdd-step-name">And Click on "Apply function"</span>
				<div class='pre'>passed</div>
			
		</li>
		<li test-id='185' class='node and pass' status='pass'>
			
			<b>And</b>
			
			<span class="bdd-step-name">And Click on cancel function icon</span>
				<div class='pre'>passed</div>
			
		</li>
		<li test-id='186' class='node then pass' status='pass'>
			
			<b>Then</b>
			
			<span class="bdd-step-name">Then The function should be removed from the series</span>
				<div class='pre'>passed</div>
			
		</li>
	</ul>
</div>
<div class='scenario node' test-id='187' status='pass'>
	<div class='category-list'>
		<span class='category label white-text'>@Histogram1</span>
	</div>
	<span class='duration right label'>0h 1m 28s+608ms</span>
	<div class='desc'>
		<b>Scenario</b>
		<span class="desc-text">TC_Histogram_218:Copy - Verify confirmation message for copy visual</span>
	</div>
	<ul class='steps'>
		<li test-id='188' class='node and pass' status='pass'>
			
			<b>And</b>
			
			<span class="bdd-step-name">And Create histogram visual with series</span>
				<div class='pre'>passed</div>
			
		</li>
		<li test-id='189' class='node and pass' status='pass'>
			
			<b>And</b>
			
			<span class="bdd-step-name">And Click on "Copy" icon</span>
				<div class='pre'>passed</div>
			
		</li>
		<li test-id='190' class='node then pass' status='pass'>
			
			<b>Then</b>
			
			<span class="bdd-step-name">Then "Histogram with series copied." and "More options" confirmation message should be displayed</span>
				<div class='pre'>passed</div>
			
		</li>
	</ul>
</div>
<div class='scenario node' test-id='191' status='pass'>
	<div class='category-list'>
		<span class='category label white-text'>@Histogram1</span>
	</div>
	<span class='duration right label'>0h 2m 1s+225ms</span>
	<div class='desc'>
		<b>Scenario</b>
		<span class="desc-text">TC_Histogram_219:Copy - Validate copied visual by pasting with in the insight</span>
	</div>
	<ul class='steps'>
		<li test-id='192' class='node and pass' status='pass'>
			
			<b>And</b>
			
			<span class="bdd-step-name">And Create histogram visual with series</span>
				<div class='pre'>passed</div>
			
		</li>
		<li test-id='193' class='node and pass' status='pass'>
			
			<b>And</b>
			
			<span class="bdd-step-name">And Click on "Copy" icon</span>
				<div class='pre'>passed</div>
			
		</li>
		<li test-id='194' class='node and pass' status='pass'>
			
			<b>And</b>
			
			<span class="bdd-step-name">And Paste within the insight</span>
				<div class='pre'>passed</div>
			
		</li>
		<li test-id='195' class='node then pass' status='pass'>
			
			<b>Then</b>
			
			<span class="bdd-step-name">Then The visual should be pasted in the insight</span>
				<div class='pre'>passed</div>
			
		</li>
	</ul>
</div>
<div class='scenario node' test-id='196' status='pass'>
	<div class='category-list'>
		<span class='category label white-text'>@Histogram1</span>
	</div>
	<span class='duration right label'>0h 2m 6s+752ms</span>
	<div class='desc'>
		<b>Scenario</b>
		<span class="desc-text">TC_Histogram_220:Copy - Validate copied visual by pasting to new insight</span>
	</div>
	<ul class='steps'>
		<li test-id='197' class='node and pass' status='pass'>
			
			<b>And</b>
			
			<span class="bdd-step-name">And Create histogram visual with series</span>
				<div class='pre'>passed</div>
			
		</li>
		<li test-id='198' class='node and pass' status='pass'>
			
			<b>And</b>
			
			<span class="bdd-step-name">And Click on "Copy" icon</span>
				<div class='pre'>passed</div>
			
		</li>
		<li test-id='199' class='node and pass' status='pass'>
			
			<b>And</b>
			
			<span class="bdd-step-name">And Paste to new insight</span>
				<div class='pre'>passed</div>
			
		</li>
		<li test-id='200' class='node then pass' status='pass'>
			
			<b>Then</b>
			
			<span class="bdd-step-name">Then The visual should be pasted to new insight</span>
				<div class='pre'>passed</div>
			
		</li>
	</ul>
</div>
<div class='scenario node' test-id='201' status='pass'>
	<div class='category-list'>
		<span class='category label white-text'>@Histogram1</span>
	</div>
	<span class='duration right label'>0h 1m 55s+539ms</span>
	<div class='desc'>
		<b>Scenario</b>
		<span class="desc-text">TC_Histogram_221:Copy - Verify the confrimation message for pasting visual in insight</span>
	</div>
	<ul class='steps'>
		<li test-id='202' class='node and pass' status='pass'>
			
			<b>And</b>
			
			<span class="bdd-step-name">And Create histogram visual with series</span>
				<div class='pre'>passed</div>
			
		</li>
		<li test-id='203' class='node and pass' status='pass'>
			
			<b>And</b>
			
			<span class="bdd-step-name">And Click on "Copy" icon</span>
				<div class='pre'>passed</div>
			
		</li>
		<li test-id='204' class='node and pass' status='pass'>
			
			<b>And</b>
			
			<span class="bdd-step-name">And Paste within the insight</span>
				<div class='pre'>passed</div>
			
		</li>
		<li test-id='205' class='node then pass' status='pass'>
			
			<b>Then</b>
			
			<span class="bdd-step-name">Then "Data pasted from clipboard" message should be displayed</span>
				<div class='pre'>passed</div>
			
		</li>
	</ul>
</div>
<div class='scenario node' test-id='206' status='pass'>
	<div class='category-list'>
		<span class='category label white-text'>@Histogram1</span>
	</div>
	<span class='duration right label'>0h 1m 48s+735ms</span>
	<div class='desc'>
		<b>Scenario</b>
		<span class="desc-text">TC_Histogram_222:Download - Verify Download option</span>
	</div>
	<ul class='steps'>
		<li test-id='207' class='node and pass' status='pass'>
			
			<b>And</b>
			
			<span class="bdd-step-name">And Create histogram visual with series</span>
				<div class='pre'>passed</div>
			
		</li>
		<li test-id='208' class='node and pass' status='pass'>
			
			<b>And</b>
			
			<span class="bdd-step-name">And Click on Download icon</span>
				<div class='pre'>passed</div>
			
		</li>
		<li test-id='209' class='node then pass' status='pass'>
			
			<b>Then</b>
			
			<span class="bdd-step-name">Then Download popup should be appeared</span>
				<div class='pre'>passed</div>
			
		</li>
	</ul>
</div>
<div class='scenario node' test-id='210' status='pass'>
	<div class='category-list'>
		<span class='category label white-text'>@Histogram1</span>
	</div>
	<span class='duration right label'>0h 2m 9s+815ms</span>
	<div class='desc'>
		<b>Scenario</b>
		<span class="desc-text">TC_Histogram_227:Download - Verify size for JPG/PNG download</span>
	</div>
	<ul class='steps'>
		<li test-id='211' class='node and pass' status='pass'>
			
			<b>And</b>
			
			<span class="bdd-step-name">And Create histogram visual with series</span>
				<div class='pre'>passed</div>
			
		</li>
		<li test-id='212' class='node and pass' status='pass'>
			
			<b>And</b>
			
			<span class="bdd-step-name">And Click on Download icon</span>
				<div class='pre'>passed</div>
			
		</li>
		<li test-id='213' class='node and pass' status='pass'>
			
			<b>And</b>
			
			<span class="bdd-step-name">And Select "jpeg" format</span>
				<div class='pre'>passed</div>
			
		</li>
		<li test-id='214' class='node and pass' status='pass'>
			
			<b>And</b>
			
			<span class="bdd-step-name">And Select width size "652"</span>
				<div class='pre'>passed</div>
			
		</li>
		<li test-id='215' class='node and pass' status='pass'>
			
			<b>And</b>
			
			<span class="bdd-step-name">And Click on "Download"</span>
				<div class='pre'>passed</div>
			
		</li>
		<li test-id='216' class='node then pass' status='pass'>
			
			<b>Then</b>
			
			<span class="bdd-step-name">Then The visual should be downloaded with selected size</span>
				<div class='pre'>passed</div>
			
		</li>
	</ul>
</div>
<div class='scenario node' test-id='217' status='pass'>
	<div class='category-list'>
		<span class='category label white-text'>@Histogram1</span>
	</div>
	<span class='duration right label'>0h 1m 42s+595ms</span>
	<div class='desc'>
		<b>Scenario</b>
		<span class="desc-text">TC_Histogram_230:Verify Delete Histogram</span>
	</div>
	<ul class='steps'>
		<li test-id='218' class='node and pass' status='pass'>
			
			<b>And</b>
			
			<span class="bdd-step-name">And Create histogram visual with series</span>
				<div class='pre'>passed</div>
			
		</li>
		<li test-id='219' class='node and pass' status='pass'>
			
			<b>And</b>
			
			<span class="bdd-step-name">And Click on "delete"</span>
				<div class='pre'>passed</div>
			
		</li>
		<li test-id='220' class='node then pass' status='pass'>
			
			<b>Then</b>
			
			<span class="bdd-step-name">Then "Confirmation" popup should be dispalyed</span>
				<div class='pre'>passed</div>
			
		</li>
	</ul>
</div>
<div class='scenario node' test-id='221' status='pass'>
	<div class='category-list'>
		<span class='category label white-text'>@Histogram1</span>
	</div>
	<span class='duration right label'>0h 1m 51s+975ms</span>
	<div class='desc'>
		<b>Scenario</b>
		<span class="desc-text">TC_Histogram_231:Verify description for delete confirmation popup.</span>
	</div>
	<ul class='steps'>
		<li test-id='222' class='node and pass' status='pass'>
			
			<b>And</b>
			
			<span class="bdd-step-name">And Create histogram visual with series</span>
				<div class='pre'>passed</div>
			
		</li>
		<li test-id='223' class='node and pass' status='pass'>
			
			<b>And</b>
			
			<span class="bdd-step-name">And Click on "delete"</span>
				<div class='pre'>passed</div>
			
		</li>
		<li test-id='224' class='node then pass' status='pass'>
			
			<b>Then</b>
			
			<span class="bdd-step-name">Then "Do you want to remove this visual?" popup should be dispalyed</span>
				<div class='pre'>passed</div>
			
		</li>
	</ul>
</div>
<div class='scenario node' test-id='225' status='fail'>
	<div class='category-list'>
		<span class='category label white-text'>@Histogram1</span>
	</div>
	<span class='duration right label'>0h 2m 12s+185ms</span>
	<div class='desc'>
		<b>Scenario</b>
		<span class="desc-text">TC_Histogram_248:Right click - Verify Paste visual</span>
	</div>
	<ul class='steps'>
		<li test-id='226' class='node and pass' status='pass'>
			
			<b>And</b>
			
			<span class="bdd-step-name">And Create histogram visual with series</span>
				<div class='pre'>passed</div>
			
		</li>
		<li test-id='227' class='node and pass' status='pass'>
			
			<b>And</b>
			
			<span class="bdd-step-name">And Right click on visual header</span>
				<div class='pre'>passed</div>
			
		</li>
		<li test-id='228' class='node and pass' status='pass'>
			
			<b>And</b>
			
			<span class="bdd-step-name">And Choose "Copy histogram"</span>
				<div class='pre'>passed</div>
			
		</li>
		<li test-id='229' class='node and pass' status='pass'>
			
			<b>And</b>
			
			<span class="bdd-step-name">And Again Right click on visual header</span>
				<div class='pre'>passed</div>
			
		</li>
		<li test-id='230' class='node and fail' status='fail'>
			
			<b>And</b>
			
			<span class="bdd-step-name">And Choose "Paste visual"</span>
				<div class='pre'><pre>java.lang.AssertionError: Paste visual option is disabled
	at org.testng.Assert.fail(Assert.java:94)
	at CDMNext.StepDefinations.Commentary.choose(Commentary.java:1826)
	at ✽.And Choose "Paste visual"(Histogram.feature:2157)
</pre></div>
			
		</li>
		<li test-id='231' class='node then skip' status='skip'>
			
			<b>Then</b>
			
			<span class="bdd-step-name">Then Copied visual should be pasted</span>
				<div class='pre'>skipped</div>
			
		</li>
	</ul>
</div>
<div class='scenario node' test-id='232' status='fail'>
	<div class='category-list'>
		<span class='category label white-text'>@Histogram1</span>
	</div>
	<span class='duration right label'>0h 1m 27s+531ms</span>
	<div class='desc'>
		<b>Scenario</b>
		<span class="desc-text">TC_Histogram_264:Edit series - Verify adding series from my series</span>
	</div>
	<ul class='steps'>
		<li test-id='233' class='node and fail' status='fail'>
			
			<b>And</b>
			
			<span class="bdd-step-name">And Select a series</span>
				<div class='pre'><pre>org.openqa.selenium.NoSuchElementException: no such element: Unable to locate element: {"method":"xpath","selector":"//div[@data-node-model-id='DAILY']//div[3]//div[1]//div[@class='toggle']"}
  (Session info: chrome=101.0.4951.67)
For documentation on this error, please visit: http://seleniumhq.org/exceptions/no_such_element.html
Build info: version: '3.4.0', revision: 'unknown', time: 'unknown'
System info: host: 'IN-BLR-L008', ip: '192.168.56.1', os.name: 'Windows 10', os.arch: 'amd64', os.version: '10.0', java.version: '1.8.0_202'
Driver info: org.openqa.selenium.chrome.ChromeDriver
Capabilities [{networkConnectionEnabled=false, chrome={chromedriverVersion=100.0.4896.20 (f9d71f93d32a6487809d6f35a9670c879fe97dfe-refs/branch-heads/4896@{#203}), userDataDir=C:\Users\nmaduru\AppData\Local\Temp\scoped_dir728_1100807178}, timeouts={implicit=0.0, pageLoad=300000.0, script=30000.0}, pageLoadStrategy=normal, unhandledPromptBehavior=dismiss and notify, strictFileInteractability=false, platform=ANY, proxy=Proxy(), goog:chromeOptions={debuggerAddress=localhost:63232}, webauthn:extension:credBlob=true, acceptInsecureCerts=true, browserVersion=101.0.4951.67, browserName=chrome, javascriptEnabled=true, platformName=windows, setWindowRect=true, webauthn:extension:largeBlob=true, webauthn:virtualAuthenticators=true}]
Session ID: 3d89e86ba6ef90e7d6c80ba030debb72
*** Element info: {Using=xpath, value=//div[@data-node-model-id='DAILY']//div[3]//div[1]//div[@class='toggle']}
	at sun.reflect.GeneratedConstructorAccessor18.newInstance(Unknown Source)
	at sun.reflect.DelegatingConstructorAccessorImpl.newInstance(DelegatingConstructorAccessorImpl.java:45)
	at java.lang.reflect.Constructor.newInstance(Constructor.java:423)
	at org.openqa.selenium.remote.http.W3CHttpResponseCodec.createException(W3CHttpResponseCodec.java:150)
	at org.openqa.selenium.remote.http.W3CHttpResponseCodec.decode(W3CHttpResponseCodec.java:115)
	at org.openqa.selenium.remote.http.W3CHttpResponseCodec.decode(W3CHttpResponseCodec.java:45)
	at org.openqa.selenium.remote.HttpCommandExecutor.execute(HttpCommandExecutor.java:164)
	at org.openqa.selenium.remote.service.DriverCommandExecutor.execute(DriverCommandExecutor.java:82)
	at org.openqa.selenium.remote.RemoteWebDriver.execute(RemoteWebDriver.java:637)
	at org.openqa.selenium.remote.RemoteWebDriver.findElement(RemoteWebDriver.java:410)
	at org.openqa.selenium.remote.RemoteWebDriver.findElementByXPath(RemoteWebDriver.java:509)
	at org.openqa.selenium.By$ByXPath.findElement(By.java:361)
	at org.openqa.selenium.remote.RemoteWebDriver.findElement(RemoteWebDriver.java:402)
	at CDMNext.util.CommonFunctionality.getElementByXpath(CommonFunctionality.java:513)
	at CDMNext.StepDefinations.DatabasesTab.expand_till_series_level(DatabasesTab.java:166)
	at CDMNext.StepDefinations.DatabasesTab.select_a_series(DatabasesTab.java:3012)
	at ✽.And Select a series(Histogram.feature:2272)
</pre></div>
			
		</li>
		<li test-id='234' class='node and skip' status='skip'>
			
			<b>And</b>
			
			<span class="bdd-step-name">And Click on 'A' on keyboard</span>
				<div class='pre'>skipped</div>
			
		</li>
		<li test-id='235' class='node and skip' status='skip'>
			
			<b>And</b>
			
			<span class="bdd-step-name">And Create a Histogram visual without selecting series</span>
				<div class='pre'>skipped</div>
			
		</li>
		<li test-id='236' class='node and skip' status='skip'>
			
			<b>And</b>
			
			<span class="bdd-step-name">And Click on Edit series option</span>
				<div class='pre'>skipped</div>
			
		</li>
		<li test-id='237' class='node and skip' status='skip'>
			
			<b>And</b>
			
			<span class="bdd-step-name">And Select a series from My series tab</span>
				<div class='pre'>skipped</div>
			
		</li>
		<li test-id='238' class='node and skip' status='skip'>
			
			<b>And</b>
			
			<span class="bdd-step-name">And Choose "Histogram" tab</span>
				<div class='pre'>skipped</div>
			
		</li>
		<li test-id='239' class='node then skip' status='skip'>
			
			<b>Then</b>
			
			<span class="bdd-step-name">Then The added series should be displayed in histogram tab</span>
				<div class='pre'>skipped</div>
			
		</li>
	</ul>
</div>
<div class='scenario node' test-id='240' status='fail'>
	<div class='category-list'>
		<span class='category label white-text'>@Histogram1</span>
	</div>
	<span class='duration right label'>0h 1m 39s+803ms</span>
	<div class='desc'>
		<b>Scenario</b>
		<span class="desc-text">TC_Histogram_265:Rename - Verify 'Edit series info' dropdown</span>
	</div>
	<ul class='steps'>
		<li test-id='241' class='node and fail' status='fail'>
			
			<b>And</b>
			
			<span class="bdd-step-name">And Create histogram visual with series</span>
				<div class='pre'><pre>org.openqa.selenium.ElementNotInteractableException: element not interactable
  (Session info: chrome=101.0.4951.67)
Build info: version: '3.4.0', revision: 'unknown', time: 'unknown'
System info: host: 'IN-BLR-L008', ip: '192.168.56.1', os.name: 'Windows 10', os.arch: 'amd64', os.version: '10.0', java.version: '1.8.0_202'
Driver info: org.openqa.selenium.chrome.ChromeDriver
Capabilities [{networkConnectionEnabled=false, chrome={chromedriverVersion=100.0.4896.20 (f9d71f93d32a6487809d6f35a9670c879fe97dfe-refs/branch-heads/4896@{#203}), userDataDir=C:\Users\nmaduru\AppData\Local\Temp\scoped_dir728_1100807178}, timeouts={implicit=0.0, pageLoad=300000.0, script=30000.0}, pageLoadStrategy=normal, unhandledPromptBehavior=dismiss and notify, strictFileInteractability=false, platform=ANY, proxy=Proxy(), goog:chromeOptions={debuggerAddress=localhost:63232}, webauthn:extension:credBlob=true, acceptInsecureCerts=true, browserVersion=101.0.4951.67, browserName=chrome, javascriptEnabled=true, platformName=windows, setWindowRect=true, webauthn:extension:largeBlob=true, webauthn:virtualAuthenticators=true}]
Session ID: 3d89e86ba6ef90e7d6c80ba030debb72
	at sun.reflect.NativeConstructorAccessorImpl.newInstance0(Native Method)
	at sun.reflect.NativeConstructorAccessorImpl.newInstance(NativeConstructorAccessorImpl.java:62)
	at sun.reflect.DelegatingConstructorAccessorImpl.newInstance(DelegatingConstructorAccessorImpl.java:45)
	at java.lang.reflect.Constructor.newInstance(Constructor.java:423)
	at org.openqa.selenium.remote.http.W3CHttpResponseCodec.createException(W3CHttpResponseCodec.java:150)
	at org.openqa.selenium.remote.http.W3CHttpResponseCodec.decode(W3CHttpResponseCodec.java:115)
	at org.openqa.selenium.remote.http.W3CHttpResponseCodec.decode(W3CHttpResponseCodec.java:45)
	at org.openqa.selenium.remote.HttpCommandExecutor.execute(HttpCommandExecutor.java:164)
	at org.openqa.selenium.remote.service.DriverCommandExecutor.execute(DriverCommandExecutor.java:82)
	at org.openqa.selenium.remote.RemoteWebDriver.execute(RemoteWebDriver.java:637)
	at org.openqa.selenium.remote.RemoteWebElement.execute(RemoteWebElement.java:272)
	at org.openqa.selenium.remote.RemoteWebElement.click(RemoteWebElement.java:82)
	at CDMNext.StepDefinations.Histogram.add_series_to_the_my_series_tab(Histogram.java:260)
	at CDMNext.StepDefinations.Histogram.create_histogram_visual_with_series(Histogram.java:352)
	at ✽.And Create histogram visual with series(Histogram.feature:2282)
</pre></div>
			
		</li>
		<li test-id='242' class='node and skip' status='skip'>
			
			<b>And</b>
			
			<span class="bdd-step-name">And Click on Edit series option</span>
				<div class='pre'>skipped</div>
			
		</li>
		<li test-id='243' class='node and skip' status='skip'>
			
			<b>And</b>
			
			<span class="bdd-step-name">And Click on "Rename" option</span>
				<div class='pre'>skipped</div>
			
		</li>
		<li test-id='244' class='node and skip' status='skip'>
			
			<b>And</b>
			
			<span class="bdd-step-name">And Click on Edit series info dropdown</span>
				<div class='pre'>skipped</div>
			
		</li>
		<li test-id='245' class='node then skip' status='skip'>
			
			<b>Then</b>
			
			<span class="bdd-step-name">Then Below options should be displayed</span>
				<div class='pre'><table><tr><td>Name</td></tr><tr><td>Function description</td></tr><tr><td>Region</td></tr><tr><td>Unit</td></tr><tr><td>Frequency</td></tr></table></div>
				<div class='pre'>skipped</div>
			
		</li>
	</ul>
</div>
<div class='scenario node' test-id='246' status='fail'>
	<div class='category-list'>
		<span class='category label white-text'>@Histogram1</span>
	</div>
	<span class='duration right label'>0h 1m 59s+350ms</span>
	<div class='desc'>
		<b>Scenario</b>
		<span class="desc-text">TC_Histogram_269:Edit series - Verify edit series icon</span>
	</div>
	<ul class='steps'>
		<li test-id='247' class='node and pass' status='pass'>
			
			<b>And</b>
			
			<span class="bdd-step-name">And Create histogram visual with series</span>
				<div class='pre'>passed</div>
			
		</li>
		<li test-id='248' class='node and pass' status='pass'>
			
			<b>And</b>
			
			<span class="bdd-step-name">And Click on Edit series option</span>
				<div class='pre'>passed</div>
			
		</li>
		<li test-id='249' class='node and fail' status='fail'>
			
			<b>And</b>
			
			<span class="bdd-step-name">And Click on edit series icon</span>
				<div class='pre'><pre>org.openqa.selenium.NoSuchElementException: no such element: Unable to locate element: {"method":"xpath","selector":"//*[@class='table']/*[1]/*[2]/*[3]/*/*/*//*[@title='Edit series'] | //*[@class='table']/*[1]/*[2]/*[4]//*[@class='series-name--title']"}
  (Session info: chrome=101.0.4951.67)
For documentation on this error, please visit: http://seleniumhq.org/exceptions/no_such_element.html
Build info: version: '3.4.0', revision: 'unknown', time: 'unknown'
System info: host: 'IN-BLR-L008', ip: '192.168.56.1', os.name: 'Windows 10', os.arch: 'amd64', os.version: '10.0', java.version: '1.8.0_202'
Driver info: org.openqa.selenium.chrome.ChromeDriver
Capabilities [{networkConnectionEnabled=false, chrome={chromedriverVersion=100.0.4896.20 (f9d71f93d32a6487809d6f35a9670c879fe97dfe-refs/branch-heads/4896@{#203}), userDataDir=C:\Users\nmaduru\AppData\Local\Temp\scoped_dir728_1100807178}, timeouts={implicit=0.0, pageLoad=300000.0, script=30000.0}, pageLoadStrategy=normal, unhandledPromptBehavior=dismiss and notify, strictFileInteractability=false, platform=ANY, proxy=Proxy(), goog:chromeOptions={debuggerAddress=localhost:63232}, webauthn:extension:credBlob=true, acceptInsecureCerts=true, browserVersion=101.0.4951.67, browserName=chrome, javascriptEnabled=true, platformName=windows, setWindowRect=true, webauthn:extension:largeBlob=true, webauthn:virtualAuthenticators=true}]
Session ID: 3d89e86ba6ef90e7d6c80ba030debb72
*** Element info: {Using=xpath, value=//*[@class='table']/*[1]/*[2]/*[3]/*/*/*//*[@title='Edit series'] | //*[@class='table']/*[1]/*[2]/*[4]//*[@class='series-name--title']}
	at sun.reflect.GeneratedConstructorAccessor18.newInstance(Unknown Source)
	at sun.reflect.DelegatingConstructorAccessorImpl.newInstance(DelegatingConstructorAccessorImpl.java:45)
	at java.lang.reflect.Constructor.newInstance(Constructor.java:423)
	at org.openqa.selenium.remote.http.W3CHttpResponseCodec.createException(W3CHttpResponseCodec.java:150)
	at org.openqa.selenium.remote.http.W3CHttpResponseCodec.decode(W3CHttpResponseCodec.java:115)
	at org.openqa.selenium.remote.http.W3CHttpResponseCodec.decode(W3CHttpResponseCodec.java:45)
	at org.openqa.selenium.remote.HttpCommandExecutor.execute(HttpCommandExecutor.java:164)
	at org.openqa.selenium.remote.service.DriverCommandExecutor.execute(DriverCommandExecutor.java:82)
	at org.openqa.selenium.remote.RemoteWebDriver.execute(RemoteWebDriver.java:637)
	at org.openqa.selenium.remote.RemoteWebDriver.findElement(RemoteWebDriver.java:410)
	at org.openqa.selenium.remote.RemoteWebDriver.findElementByXPath(RemoteWebDriver.java:509)
	at org.openqa.selenium.By$ByXPath.findElement(By.java:361)
	at org.openqa.selenium.remote.RemoteWebDriver.findElement(RemoteWebDriver.java:402)
	at CDMNext.util.CommonFunctionality.getElementByXpath(CommonFunctionality.java:513)
	at CDMNext.StepDefinations.Histogram.click_on_edit_series_icon(Histogram.java:1063)
	at ✽.And Click on edit series icon(Histogram.feature:2331)
</pre></div>
			
		</li>
		<li test-id='250' class='node then skip' status='skip'>
			
			<b>Then</b>
			
			<span class="bdd-step-name">Then Below options should be available</span>
				<div class='pre'><table><tr><td>Rename</td></tr><tr><td>Frequency</td></tr><tr><td>Currency</td></tr><tr><td>Change</td></tr></table></div>
				<div class='pre'>skipped</div>
			
		</li>
	</ul>
</div>
<div class='scenario node' test-id='251' status='fail'>
	<div class='category-list'>
		<span class='category label white-text'>@Histogram1</span>
	</div>
	<span class='duration right label'>0h 1m 48s+998ms</span>
	<div class='desc'>
		<b>Scenario</b>
		<span class="desc-text">TC_Histogram_284:Edit Histogram - Edit series - Verify edit series icon</span>
	</div>
	<ul class='steps'>
		<li test-id='252' class='node and pass' status='pass'>
			
			<b>And</b>
			
			<span class="bdd-step-name">And Create histogram visual with series</span>
				<div class='pre'>passed</div>
			
		</li>
		<li test-id='253' class='node and pass' status='pass'>
			
			<b>And</b>
			
			<span class="bdd-step-name">And Click on "Edit Histogram"</span>
				<div class='pre'>passed</div>
			
		</li>
		<li test-id='254' class='node and fail' status='fail'>
			
			<b>And</b>
			
			<span class="bdd-step-name">And Click on edit series icon</span>
				<div class='pre'><pre>org.openqa.selenium.NoSuchElementException: no such element: Unable to locate element: {"method":"xpath","selector":"//*[@class='table']/*[1]/*[2]/*[3]/*/*/*//*[@title='Edit series'] | //*[@class='table']/*[1]/*[2]/*[4]//*[@class='series-name--title']"}
  (Session info: chrome=101.0.4951.67)
For documentation on this error, please visit: http://seleniumhq.org/exceptions/no_such_element.html
Build info: version: '3.4.0', revision: 'unknown', time: 'unknown'
System info: host: 'IN-BLR-L008', ip: '192.168.56.1', os.name: 'Windows 10', os.arch: 'amd64', os.version: '10.0', java.version: '1.8.0_202'
Driver info: org.openqa.selenium.chrome.ChromeDriver
Capabilities [{networkConnectionEnabled=false, chrome={chromedriverVersion=100.0.4896.20 (f9d71f93d32a6487809d6f35a9670c879fe97dfe-refs/branch-heads/4896@{#203}), userDataDir=C:\Users\nmaduru\AppData\Local\Temp\scoped_dir728_1100807178}, timeouts={implicit=0.0, pageLoad=300000.0, script=30000.0}, pageLoadStrategy=normal, unhandledPromptBehavior=dismiss and notify, strictFileInteractability=false, platform=ANY, proxy=Proxy(), goog:chromeOptions={debuggerAddress=localhost:63232}, webauthn:extension:credBlob=true, acceptInsecureCerts=true, browserVersion=101.0.4951.67, browserName=chrome, javascriptEnabled=true, platformName=windows, setWindowRect=true, webauthn:extension:largeBlob=true, webauthn:virtualAuthenticators=true}]
Session ID: 3d89e86ba6ef90e7d6c80ba030debb72
*** Element info: {Using=xpath, value=//*[@class='table']/*[1]/*[2]/*[3]/*/*/*//*[@title='Edit series'] | //*[@class='table']/*[1]/*[2]/*[4]//*[@class='series-name--title']}
	at sun.reflect.GeneratedConstructorAccessor18.newInstance(Unknown Source)
	at sun.reflect.DelegatingConstructorAccessorImpl.newInstance(DelegatingConstructorAccessorImpl.java:45)
	at java.lang.reflect.Constructor.newInstance(Constructor.java:423)
	at org.openqa.selenium.remote.http.W3CHttpResponseCodec.createException(W3CHttpResponseCodec.java:150)
	at org.openqa.selenium.remote.http.W3CHttpResponseCodec.decode(W3CHttpResponseCodec.java:115)
	at org.openqa.selenium.remote.http.W3CHttpResponseCodec.decode(W3CHttpResponseCodec.java:45)
	at org.openqa.selenium.remote.HttpCommandExecutor.execute(HttpCommandExecutor.java:164)
	at org.openqa.selenium.remote.service.DriverCommandExecutor.execute(DriverCommandExecutor.java:82)
	at org.openqa.selenium.remote.RemoteWebDriver.execute(RemoteWebDriver.java:637)
	at org.openqa.selenium.remote.RemoteWebDriver.findElement(RemoteWebDriver.java:410)
	at org.openqa.selenium.remote.RemoteWebDriver.findElementByXPath(RemoteWebDriver.java:509)
	at org.openqa.selenium.By$ByXPath.findElement(By.java:361)
	at org.openqa.selenium.remote.RemoteWebDriver.findElement(RemoteWebDriver.java:402)
	at CDMNext.util.CommonFunctionality.getElementByXpath(CommonFunctionality.java:513)
	at CDMNext.StepDefinations.Histogram.click_on_edit_series_icon(Histogram.java:1063)
	at ✽.And Click on edit series icon(Histogram.feature:2482)
</pre></div>
			
		</li>
		<li test-id='255' class='node then skip' status='skip'>
			
			<b>Then</b>
			
			<span class="bdd-step-name">Then Below options should be available</span>
				<div class='pre'><table><tr><td>Rename</td></tr><tr><td>Frequency</td></tr><tr><td>Currency</td></tr><tr><td>Change</td></tr></table></div>
				<div class='pre'>skipped</div>
			
		</li>
	</ul>
</div>
<div class='scenario node' test-id='256' status='pass'>
	<div class='category-list'>
		<span class='category label white-text'>@Histogram1</span>
	</div>
	<span class='duration right label'>0h 1m 43s+789ms</span>
	<div class='desc'>
		<b>Scenario</b>
		<span class="desc-text">TC_Histogram_289:Right click - Verify insert visual sub dropdown</span>
	</div>
	<ul class='steps'>
		<li test-id='257' class='node and pass' status='pass'>
			
			<b>And</b>
			
			<span class="bdd-step-name">And Create histogram visual with series</span>
				<div class='pre'>passed</div>
			
		</li>
		<li test-id='258' class='node and pass' status='pass'>
			
			<b>And</b>
			
			<span class="bdd-step-name">And Right click on visual header</span>
				<div class='pre'>passed</div>
			
		</li>
		<li test-id='259' class='node then pass' status='pass'>
			
			<b>Then</b>
			
			<span class="bdd-step-name">Then Verify insert visual sub dropdown options for histogram visual</span>
				<div class='pre'>passed</div>
			
		</li>
	</ul>
</div>
<div class='scenario node' test-id='260' status='pass'>
	<div class='category-list'>
		<span class='category label white-text'>@Histogram1</span>
	</div>
	<span class='duration right label'>0h 1m 51s+368ms</span>
	<div class='desc'>
		<b>Scenario</b>
		<span class="desc-text">TC_Histogram_291:Edit series - Verify hiding function toolbar</span>
	</div>
	<ul class='steps'>
		<li test-id='261' class='node and pass' status='pass'>
			
			<b>And</b>
			
			<span class="bdd-step-name">And Create histogram visual with series</span>
				<div class='pre'>passed</div>
			
		</li>
		<li test-id='262' class='node and pass' status='pass'>
			
			<b>And</b>
			
			<span class="bdd-step-name">And Click on Edit series option</span>
				<div class='pre'>passed</div>
			
		</li>
		<li test-id='263' class='node and pass' status='pass'>
			
			<b>And</b>
			
			<span class="bdd-step-name">And Click on "Hide the function bar"</span>
				<div class='pre'>passed</div>
			
		</li>
		<li test-id='264' class='node then pass' status='pass'>
			
			<b>Then</b>
			
			<span class="bdd-step-name">Then The function toolbar should be hidden</span>
				<div class='pre'>passed</div>
			
		</li>
	</ul>
</div>
					</div>
				</li>
			</ul>
		</div>
	</div>
	<!-- subview left -->

	<div class='subview-right left'>
		<div class='view-summary'>
			<h5 class='test-name'></h5>

			<div id='step-filters' class="right">
				<span class="blue-text" status="info" alt="info" title="info"><i class="material-icons">info_outline</i></span>
				<span class="green-text" status="pass" alt="pass" title="pass"><i class="material-icons">check_circle</i></span>
				<span class="red-text" status="fail" alt="fail" title="fail"><i class="material-icons">cancel</i></span>
				<span class="red-text text-darken-4" status="fatal" alt="fatal" title="fatal"><i class="material-icons">cancel</i></span>
				<span class="pink-text text-lighten-1" status="error" alt="error" title="error"><i class="material-icons">error</i></span>
				<span class="orange-text" alt="warning" status="warning" title="warning"><i class="material-icons">warning</i></span>
				<span class="teal-text" status="skip" alt="skip" title="skip"><i class="material-icons">redo</i></span>
				<span status="clear" alt="Clear filters" title="Clear filters"><i class="material-icons">clear</i></span>
			</div>
		</div>
	</div>
	<!-- subview right -->

</div>
<!-- test view -->
<div id='category-view' class='view hide'>

	<section id='controls'>
		<div class='controls grey lighten-4'>
			<!-- search -->
			<div class='chip transparent' alt='Search Tests' title='Search Tests'>
				<a href="#" class='search-div'>
					<i class='material-icons'>search</i> Search
				</a>
				
				<div class='input-field left hide'>
					<input id='search-tests' type='text' class='validate browser-default' placeholder='Search Tests...'>
				</div>
				
			</div>
			<!-- search -->
		</div>
	</section>

	<div class='subview-left left'>
		
		<div class='view-summary'>
			<h5>Categories</h3>
			<ul id='category-collection' class='category-collection'>
				
				<li class='category displayed active'>
					<div class='category-heading'>
						<span class='category-name'>@Histogram1</span>
						<span class='category-status right'>
							<span class='label pass'>15</span>
							<span class='label fail'>23</span>
						</span>
					</div>
					<div class='category-content hide'>
						<div class='category-status-counts'>
							<span class='label green accent-4 white-text'>Passed: 15</span>
							<span class='label red lighten-1 white-text'>Failed: 23</span>
							
						</div>
					
						<div class='category-tests'>
							<table class='bordered table-results'>
								<thead>
									<tr>
										<th>Timestamp</th>
										<th>TestName</th>
										<th>Status</th>
									</tr>
								</thead>
								<tbody>
									<tr>
										<td>May 30, 2022 08:00:58 PM</td>
										<td class='linked' test-id='2'>Verifying Histogram Visual functionality.TC_Histogram_154:Edit Histogram - Copyright - Verify bold style</td>
										<td><span class='test-status fail'>fail</span></td>
									</tr>
									<tr>
										<td>May 30, 2022 08:03:11 PM</td>
										<td class='linked' test-id='11'>Verifying Histogram Visual functionality.TC_Histogram_156:Edit Histogram - Copyright - Verify Underline style</td>
										<td><span class='test-status fail'>fail</span></td>
									</tr>
									<tr>
										<td>May 30, 2022 08:05:01 PM</td>
										<td class='linked' test-id='20'>Verifying Histogram Visual functionality.TC_Histogram_157:Edit Histogram - Copyright - Verify horizontal alignment (left, right, center)</td>
										<td><span class='test-status fail'>fail</span></td>
									</tr>
									<tr>
										<td>May 30, 2022 08:06:44 PM</td>
										<td class='linked' test-id='32'>Verifying Histogram Visual functionality.TC_Histogram_161:Edit Histogram - Tootip - Verify selecting attributes</td>
										<td><span class='test-status fail'>fail</span></td>
									</tr>
									<tr>
										<td>May 30, 2022 08:08:22 PM</td>
										<td class='linked' test-id='41'>Verifying Histogram Visual functionality.TC_Histogram_166:Edit Histogram - Tootip - Verify Items</td>
										<td><span class='test-status fail'>fail</span></td>
									</tr>
									<tr>
										<td>May 30, 2022 08:09:57 PM</td>
										<td class='linked' test-id='51'>Verifying Histogram Visual functionality.TC_Histogram_167:Edit Histogram - Tootip - Verify multiple items selection</td>
										<td><span class='test-status fail'>fail</span></td>
									</tr>
									<tr>
										<td>May 30, 2022 08:11:32 PM</td>
										<td class='linked' test-id='62'>Verifying Histogram Visual functionality.TC_Histogram_173: Edit Histogram - Tooltip - Verify grouping and decimal under number separators..TC_Histogram_173: Edit Histogram - Tooltip - Verify grouping and decimal under number separators.</td>
										<td><span class='test-status fail'>fail</span></td>
									</tr>
									<tr>
										<td>May 30, 2022 08:13:19 PM</td>
										<td class='linked' test-id='70'>Verifying Histogram Visual functionality.TC_Histogram_173: Edit Histogram - Tooltip - Verify grouping and decimal under number separators..TC_Histogram_173: Edit Histogram - Tooltip - Verify grouping and decimal under number separators.</td>
										<td><span class='test-status fail'>fail</span></td>
									</tr>
									<tr>
										<td>May 30, 2022 08:15:10 PM</td>
										<td class='linked' test-id='78'>Verifying Histogram Visual functionality.TC_Histogram_173: Edit Histogram - Tooltip - Verify grouping and decimal under number separators..TC_Histogram_173: Edit Histogram - Tooltip - Verify grouping and decimal under number separators.</td>
										<td><span class='test-status fail'>fail</span></td>
									</tr>
									<tr>
										<td>May 30, 2022 08:17:00 PM</td>
										<td class='linked' test-id='86'>Verifying Histogram Visual functionality.TC_Histogram_173: Edit Histogram - Tooltip - Verify grouping and decimal under number separators..TC_Histogram_173: Edit Histogram - Tooltip - Verify grouping and decimal under number separators.</td>
										<td><span class='test-status fail'>fail</span></td>
									</tr>
									<tr>
										<td>May 30, 2022 08:18:51 PM</td>
										<td class='linked' test-id='94'>Verifying Histogram Visual functionality.TC_Histogram_173: Edit Histogram - Tooltip - Verify grouping and decimal under number separators..TC_Histogram_173: Edit Histogram - Tooltip - Verify grouping and decimal under number separators.</td>
										<td><span class='test-status fail'>fail</span></td>
									</tr>
									<tr>
										<td>May 30, 2022 08:20:42 PM</td>
										<td class='linked' test-id='102'>Verifying Histogram Visual functionality.TC_Histogram_173: Edit Histogram - Tooltip - Verify grouping and decimal under number separators..TC_Histogram_173: Edit Histogram - Tooltip - Verify grouping and decimal under number separators.</td>
										<td><span class='test-status fail'>fail</span></td>
									</tr>
									<tr>
										<td>May 30, 2022 08:22:32 PM</td>
										<td class='linked' test-id='110'>Verifying Histogram Visual functionality.TC_Histogram_173: Edit Histogram - Tooltip - Verify grouping and decimal under number separators..TC_Histogram_173: Edit Histogram - Tooltip - Verify grouping and decimal under number separators.</td>
										<td><span class='test-status fail'>fail</span></td>
									</tr>
									<tr>
										<td>May 30, 2022 08:24:23 PM</td>
										<td class='linked' test-id='118'>Verifying Histogram Visual functionality.TC_Histogram_173: Edit Histogram - Tooltip - Verify grouping and decimal under number separators..TC_Histogram_173: Edit Histogram - Tooltip - Verify grouping and decimal under number separators.</td>
										<td><span class='test-status fail'>fail</span></td>
									</tr>
									<tr>
										<td>May 30, 2022 08:26:13 PM</td>
										<td class='linked' test-id='126'>Verifying Histogram Visual functionality.TC_Histogram_173: Edit Histogram - Tooltip - Verify grouping and decimal under number separators..TC_Histogram_173: Edit Histogram - Tooltip - Verify grouping and decimal under number separators.</td>
										<td><span class='test-status fail'>fail</span></td>
									</tr>
									<tr>
										<td>May 30, 2022 08:28:04 PM</td>
										<td class='linked' test-id='134'>Verifying Histogram Visual functionality.TC_Histogram_173: Edit Histogram - Tooltip - Verify grouping and decimal under number separators..TC_Histogram_173: Edit Histogram - Tooltip - Verify grouping and decimal under number separators.</td>
										<td><span class='test-status fail'>fail</span></td>
									</tr>
									<tr>
										<td>May 30, 2022 08:29:54 PM</td>
										<td class='linked' test-id='142'>Verifying Histogram Visual functionality.TC_Histogram_179:Edit Histogram - Verify title icon on visual</td>
										<td><span class='test-status fail'>fail</span></td>
									</tr>
									<tr>
										<td>May 30, 2022 08:31:45 PM</td>
										<td class='linked' test-id='148'>Verifying Histogram Visual functionality.TC_Histogram_188:Edit Histogram - Edit series - Verify Currency option under edit series</td>
										<td><span class='test-status pass'>pass</span></td>
									</tr>
									<tr>
										<td>May 30, 2022 08:33:47 PM</td>
										<td class='linked' test-id='154'>Verifying Histogram Visual functionality.TC_Histogram_190:Edit Histogram - Edit series - Verify clicking on frequency or dropdown</td>
										<td><span class='test-status pass'>pass</span></td>
									</tr>
									<tr>
										<td>May 30, 2022 08:35:26 PM</td>
										<td class='linked' test-id='159'>Verifying Histogram Visual functionality.TC_Histogram_192:Edit Histogram - Edit series - Series data conversion - Verify applying Missing values method</td>
										<td><span class='test-status pass'>pass</span></td>
									</tr>
									<tr>
										<td>May 30, 2022 08:37:11 PM</td>
										<td class='linked' test-id='166'>Verifying Histogram Visual functionality.TC_Histogram_200:Edit Histogram - Edit series - Verify applying currency in series level</td>
										<td><span class='test-status fail'>fail</span></td>
									</tr>
									<tr>
										<td>May 30, 2022 08:38:35 PM</td>
										<td class='linked' test-id='172'>Verifying Histogram Visual functionality.TC_Histogram_203:Edit Histogram - Edit series -  Verify cancel icon for selected function</td>
										<td><span class='test-status pass'>pass</span></td>
									</tr>
									<tr>
										<td>May 30, 2022 08:40:20 PM</td>
										<td class='linked' test-id='179'>Verifying Histogram Visual functionality.TC_Histogram_205:Edit Histogram - Edit  series - Verify removing applied functions</td>
										<td><span class='test-status pass'>pass</span></td>
									</tr>
									<tr>
										<td>May 30, 2022 08:42:07 PM</td>
										<td class='linked' test-id='187'>Verifying Histogram Visual functionality.TC_Histogram_218:Copy - Verify confirmation message for copy visual</td>
										<td><span class='test-status pass'>pass</span></td>
									</tr>
									<tr>
										<td>May 30, 2022 08:43:46 PM</td>
										<td class='linked' test-id='191'>Verifying Histogram Visual functionality.TC_Histogram_219:Copy - Validate copied visual by pasting with in the insight</td>
										<td><span class='test-status pass'>pass</span></td>
									</tr>
									<tr>
										<td>May 30, 2022 08:45:57 PM</td>
										<td class='linked' test-id='196'>Verifying Histogram Visual functionality.TC_Histogram_220:Copy - Validate copied visual by pasting to new insight</td>
										<td><span class='test-status pass'>pass</span></td>
									</tr>
									<tr>
										<td>May 30, 2022 08:48:14 PM</td>
										<td class='linked' test-id='201'>Verifying Histogram Visual functionality.TC_Histogram_221:Copy - Verify the confrimation message for pasting visual in insight</td>
										<td><span class='test-status pass'>pass</span></td>
									</tr>
									<tr>
										<td>May 30, 2022 08:50:20 PM</td>
										<td class='linked' test-id='206'>Verifying Histogram Visual functionality.TC_Histogram_222:Download - Verify Download option</td>
										<td><span class='test-status pass'>pass</span></td>
									</tr>
									<tr>
										<td>May 30, 2022 08:52:19 PM</td>
										<td class='linked' test-id='210'>Verifying Histogram Visual functionality.TC_Histogram_227:Download - Verify size for JPG/PNG download</td>
										<td><span class='test-status pass'>pass</span></td>
									</tr>
									<tr>
										<td>May 30, 2022 08:54:39 PM</td>
										<td class='linked' test-id='217'>Verifying Histogram Visual functionality.TC_Histogram_230:Verify Delete Histogram</td>
										<td><span class='test-status pass'>pass</span></td>
									</tr>
									<tr>
										<td>May 30, 2022 08:56:31 PM</td>
										<td class='linked' test-id='221'>Verifying Histogram Visual functionality.TC_Histogram_231:Verify description for delete confirmation popup.</td>
										<td><span class='test-status pass'>pass</span></td>
									</tr>
									<tr>
										<td>May 30, 2022 08:58:33 PM</td>
										<td class='linked' test-id='225'>Verifying Histogram Visual functionality.TC_Histogram_248:Right click - Verify Paste visual</td>
										<td><span class='test-status fail'>fail</span></td>
									</tr>
									<tr>
										<td>May 30, 2022 09:00:56 PM</td>
										<td class='linked' test-id='232'>Verifying Histogram Visual functionality.TC_Histogram_264:Edit series - Verify adding series from my series</td>
										<td><span class='test-status fail'>fail</span></td>
									</tr>
									<tr>
										<td>May 30, 2022 09:02:33 PM</td>
										<td class='linked' test-id='240'>Verifying Histogram Visual functionality.TC_Histogram_265:Rename - Verify 'Edit series info' dropdown</td>
										<td><span class='test-status fail'>fail</span></td>
									</tr>
									<tr>
										<td>May 30, 2022 09:04:24 PM</td>
										<td class='linked' test-id='246'>Verifying Histogram Visual functionality.TC_Histogram_269:Edit series - Verify edit series icon</td>
										<td><span class='test-status fail'>fail</span></td>
									</tr>
									<tr>
										<td>May 30, 2022 09:06:33 PM</td>
										<td class='linked' test-id='251'>Verifying Histogram Visual functionality.TC_Histogram_284:Edit Histogram - Edit series - Verify edit series icon</td>
										<td><span class='test-status fail'>fail</span></td>
									</tr>
									<tr>
										<td>May 30, 2022 09:08:24 PM</td>
										<td class='linked' test-id='256'>Verifying Histogram Visual functionality.TC_Histogram_289:Right click - Verify insert visual sub dropdown</td>
										<td><span class='test-status pass'>pass</span></td>
									</tr>
									<tr>
										<td>May 30, 2022 09:10:18 PM</td>
										<td class='linked' test-id='260'>Verifying Histogram Visual functionality.TC_Histogram_291:Edit series - Verify hiding function toolbar</td>
										<td><span class='test-status pass'>pass</span></td>
									</tr>
								</tbody>
							</table>
						</div>
					</div>
				</li>

			</ul>
		</div>
	</div>

	<div class='subview-right left'>
		<div class='view-summary'>
			<h5 class='category-name'></h5>
		</div>
	</div>
</div>
<!-- category view -->
<div id='exception-view' class='view hide'>

    <section id='controls'>
        <div class='controls grey lighten-4'>
            <!-- search -->
            <div class='chip transparent' alt='Search Tests' title='Search Tests'>
                <a href="#" class='search-div'>
                    <i class='material-icons'>search</i> Search
                </a>

                <div class='input-field left hide'>
                    <input id='search-tests' type='text' class='validate browser-default' placeholder='Search Tests...'>
                </div>

            </div>
            <!-- search -->
        </div>
    </section>

    <div class='subview-left left'>

        <div class='view-summary'>
            <h5>Exceptions</h3>
                <ul id='exception-collection' class='exception-collection'>

                        <li class='exception displayed active'>
                            <div class='exception-heading'>
                                <span class='exception-name'>org.openqa.selenium.NoSuchElementException</span>
                                <span class='exception-count right'><span class='label red lighten-1 white-text'>18</span></span>
                            </div>
                            <div class='exception-content hide'>
                                <div class='exception-tests'>
                                    <table class='bordered table-results'>
                                        <thead>
                                        <tr>
                                            <th>Timestamp</th>
                                            <th>TestName</th>
                                            <th>Status</th>
                                        </tr>
                                        </thead>
                                        <tbody>
                                                    <tr>
                                                        <td>May 30, 2022 08:02:59 PM</td>
                                                        <td class='linked' test-id='8'>Verifying Histogram Visual functionality.TC_Histogram_154:Edit Histogram - Copyright - Verify bold style.And Click on Bold icon for "Copyright"</td>
                                                        <td><pre><pre>org.openqa.selenium.NoSuchElementException: no such element: Unable to locate element: {"method":"xpath","selector":"//*[@class='visual-title-config']//*[text()='Title']//following::input[1]"}
  (Session info: chrome=101.0.4951.67)
For documentation on this error, please visit: http://seleniumhq.org/exceptions/no_such_element.html
Build info: version: '3.4.0', revision: 'unknown', time: 'unknown'
System info: host: 'IN-BLR-L008', ip: '192.168.56.1', os.name: 'Windows 10', os.arch: 'amd64', os.version: '10.0', java.version: '1.8.0_202'
Driver info: org.openqa.selenium.chrome.ChromeDriver
Capabilities [{networkConnectionEnabled=false, chrome={chromedriverVersion=100.0.4896.20 (f9d71f93d32a6487809d6f35a9670c879fe97dfe-refs/branch-heads/4896@{#203}), userDataDir=C:\Users\nmaduru\AppData\Local\Temp\scoped_dir728_1100807178}, timeouts={implicit=0.0, pageLoad=300000.0, script=30000.0}, pageLoadStrategy=normal, unhandledPromptBehavior=dismiss and notify, strictFileInteractability=false, platform=ANY, proxy=Proxy(), goog:chromeOptions={debuggerAddress=localhost:63232}, webauthn:extension:credBlob=true, acceptInsecureCerts=true, browserVersion=101.0.4951.67, browserName=chrome, javascriptEnabled=true, platformName=windows, setWindowRect=true, webauthn:extension:largeBlob=true, webauthn:virtualAuthenticators=true}]
Session ID: 3d89e86ba6ef90e7d6c80ba030debb72
*** Element info: {Using=xpath, value=//*[@class='visual-title-config']//*[text()='Title']//following::input[1]}
	at sun.reflect.NativeConstructorAccessorImpl.newInstance0(Native Method)
	at sun.reflect.NativeConstructorAccessorImpl.newInstance(NativeConstructorAccessorImpl.java:62)
	at sun.reflect.DelegatingConstructorAccessorImpl.newInstance(DelegatingConstructorAccessorImpl.java:45)
	at java.lang.reflect.Constructor.newInstance(Constructor.java:423)
	at org.openqa.selenium.remote.http.W3CHttpResponseCodec.createException(W3CHttpResponseCodec.java:150)
	at org.openqa.selenium.remote.http.W3CHttpResponseCodec.decode(W3CHttpResponseCodec.java:115)
	at org.openqa.selenium.remote.http.W3CHttpResponseCodec.decode(W3CHttpResponseCodec.java:45)
	at org.openqa.selenium.remote.HttpCommandExecutor.execute(HttpCommandExecutor.java:164)
	at org.openqa.selenium.remote.service.DriverCommandExecutor.execute(DriverCommandExecutor.java:82)
	at org.openqa.selenium.remote.RemoteWebDriver.execute(RemoteWebDriver.java:637)
	at org.openqa.selenium.remote.RemoteWebDriver.findElement(RemoteWebDriver.java:410)
	at org.openqa.selenium.remote.RemoteWebDriver.findElementByXPath(RemoteWebDriver.java:509)
	at org.openqa.selenium.By$ByXPath.findElement(By.java:361)
	at org.openqa.selenium.remote.RemoteWebDriver.findElement(RemoteWebDriver.java:402)
	at CDMNext.StepDefinations.Commentary.check_the_box_for_the_title_name(Commentary.java:191)
	at CDMNext.StepDefinations.Commentary.click_on_Bold_icon_for(Commentary.java:325)
	at ✽.And Click on Bold icon for "Copyright"(Histogram.feature:1347)
</pre></pre></td>
                                                    </tr>
                                                    <tr>
                                                        <td>May 30, 2022 08:04:49 PM</td>
                                                        <td class='linked' test-id='17'>Verifying Histogram Visual functionality.TC_Histogram_156:Edit Histogram - Copyright - Verify Underline style.And Click on Underline icon for "Copyright"</td>
                                                        <td><pre><pre>org.openqa.selenium.NoSuchElementException: no such element: Unable to locate element: {"method":"xpath","selector":"//*[@class='visual-title-config']//*[text()='Title']//following::input[1]"}
  (Session info: chrome=101.0.4951.67)
For documentation on this error, please visit: http://seleniumhq.org/exceptions/no_such_element.html
Build info: version: '3.4.0', revision: 'unknown', time: 'unknown'
System info: host: 'IN-BLR-L008', ip: '192.168.56.1', os.name: 'Windows 10', os.arch: 'amd64', os.version: '10.0', java.version: '1.8.0_202'
Driver info: org.openqa.selenium.chrome.ChromeDriver
Capabilities [{networkConnectionEnabled=false, chrome={chromedriverVersion=100.0.4896.20 (f9d71f93d32a6487809d6f35a9670c879fe97dfe-refs/branch-heads/4896@{#203}), userDataDir=C:\Users\nmaduru\AppData\Local\Temp\scoped_dir728_1100807178}, timeouts={implicit=0.0, pageLoad=300000.0, script=30000.0}, pageLoadStrategy=normal, unhandledPromptBehavior=dismiss and notify, strictFileInteractability=false, platform=ANY, proxy=Proxy(), goog:chromeOptions={debuggerAddress=localhost:63232}, webauthn:extension:credBlob=true, acceptInsecureCerts=true, browserVersion=101.0.4951.67, browserName=chrome, javascriptEnabled=true, platformName=windows, setWindowRect=true, webauthn:extension:largeBlob=true, webauthn:virtualAuthenticators=true}]
Session ID: 3d89e86ba6ef90e7d6c80ba030debb72
*** Element info: {Using=xpath, value=//*[@class='visual-title-config']//*[text()='Title']//following::input[1]}
	at sun.reflect.NativeConstructorAccessorImpl.newInstance0(Native Method)
	at sun.reflect.NativeConstructorAccessorImpl.newInstance(NativeConstructorAccessorImpl.java:62)
	at sun.reflect.DelegatingConstructorAccessorImpl.newInstance(DelegatingConstructorAccessorImpl.java:45)
	at java.lang.reflect.Constructor.newInstance(Constructor.java:423)
	at org.openqa.selenium.remote.http.W3CHttpResponseCodec.createException(W3CHttpResponseCodec.java:150)
	at org.openqa.selenium.remote.http.W3CHttpResponseCodec.decode(W3CHttpResponseCodec.java:115)
	at org.openqa.selenium.remote.http.W3CHttpResponseCodec.decode(W3CHttpResponseCodec.java:45)
	at org.openqa.selenium.remote.HttpCommandExecutor.execute(HttpCommandExecutor.java:164)
	at org.openqa.selenium.remote.service.DriverCommandExecutor.execute(DriverCommandExecutor.java:82)
	at org.openqa.selenium.remote.RemoteWebDriver.execute(RemoteWebDriver.java:637)
	at org.openqa.selenium.remote.RemoteWebDriver.findElement(RemoteWebDriver.java:410)
	at org.openqa.selenium.remote.RemoteWebDriver.findElementByXPath(RemoteWebDriver.java:509)
	at org.openqa.selenium.By$ByXPath.findElement(By.java:361)
	at org.openqa.selenium.remote.RemoteWebDriver.findElement(RemoteWebDriver.java:402)
	at CDMNext.StepDefinations.Commentary.check_the_box_for_the_title_name(Commentary.java:191)
	at CDMNext.StepDefinations.Commentary.click_on_Underline_icon_for(Commentary.java:355)
	at ✽.And Click on Underline icon for "Copyright"(Histogram.feature:1369)
</pre></pre></td>
                                                    </tr>
                                                    <tr>
                                                        <td>May 30, 2022 08:07:51 PM</td>
                                                        <td class='linked' test-id='34'>Verifying Histogram Visual functionality.TC_Histogram_161:Edit Histogram - Tootip - Verify selecting attributes.And Add a series to the visual</td>
                                                        <td><pre><pre>org.openqa.selenium.NoSuchElementException: no such element: Unable to locate element: {"method":"xpath","selector":"//*[@class='main-series-information--info']/*[2]/*[1]/*[1]/*[2]"}
  (Session info: chrome=101.0.4951.67)
For documentation on this error, please visit: http://seleniumhq.org/exceptions/no_such_element.html
Build info: version: '3.4.0', revision: 'unknown', time: 'unknown'
System info: host: 'IN-BLR-L008', ip: '192.168.56.1', os.name: 'Windows 10', os.arch: 'amd64', os.version: '10.0', java.version: '1.8.0_202'
Driver info: org.openqa.selenium.chrome.ChromeDriver
Capabilities [{networkConnectionEnabled=false, chrome={chromedriverVersion=100.0.4896.20 (f9d71f93d32a6487809d6f35a9670c879fe97dfe-refs/branch-heads/4896@{#203}), userDataDir=C:\Users\nmaduru\AppData\Local\Temp\scoped_dir728_1100807178}, timeouts={implicit=0.0, pageLoad=300000.0, script=30000.0}, pageLoadStrategy=normal, unhandledPromptBehavior=dismiss and notify, strictFileInteractability=false, platform=ANY, proxy=Proxy(), goog:chromeOptions={debuggerAddress=localhost:63232}, webauthn:extension:credBlob=true, acceptInsecureCerts=true, browserVersion=101.0.4951.67, browserName=chrome, javascriptEnabled=true, platformName=windows, setWindowRect=true, webauthn:extension:largeBlob=true, webauthn:virtualAuthenticators=true}]
Session ID: 3d89e86ba6ef90e7d6c80ba030debb72
*** Element info: {Using=xpath, value=//*[@class='main-series-information--info']/*[2]/*[1]/*[1]/*[2]}
	at sun.reflect.NativeConstructorAccessorImpl.newInstance0(Native Method)
	at sun.reflect.NativeConstructorAccessorImpl.newInstance(NativeConstructorAccessorImpl.java:62)
	at sun.reflect.DelegatingConstructorAccessorImpl.newInstance(DelegatingConstructorAccessorImpl.java:45)
	at java.lang.reflect.Constructor.newInstance(Constructor.java:423)
	at org.openqa.selenium.remote.http.W3CHttpResponseCodec.createException(W3CHttpResponseCodec.java:150)
	at org.openqa.selenium.remote.http.W3CHttpResponseCodec.decode(W3CHttpResponseCodec.java:115)
	at org.openqa.selenium.remote.http.W3CHttpResponseCodec.decode(W3CHttpResponseCodec.java:45)
	at org.openqa.selenium.remote.HttpCommandExecutor.execute(HttpCommandExecutor.java:164)
	at org.openqa.selenium.remote.service.DriverCommandExecutor.execute(DriverCommandExecutor.java:82)
	at org.openqa.selenium.remote.RemoteWebDriver.execute(RemoteWebDriver.java:637)
	at org.openqa.selenium.remote.RemoteWebDriver.findElement(RemoteWebDriver.java:410)
	at org.openqa.selenium.remote.RemoteWebDriver.findElementByXPath(RemoteWebDriver.java:509)
	at org.openqa.selenium.By$ByXPath.findElement(By.java:361)
	at org.openqa.selenium.remote.RemoteWebDriver.findElement(RemoteWebDriver.java:402)
	at CDMNext.util.CommonFunctionality.getElementByXpath(CommonFunctionality.java:513)
	at CDMNext.StepDefinations.Histogram.add_a_series_to_the_visual(Histogram.java:3430)
	at ✽.And Add a series to the visual(Histogram.feature:1414)
</pre></pre></td>
                                                    </tr>
                                                    <tr>
                                                        <td>May 30, 2022 08:09:26 PM</td>
                                                        <td class='linked' test-id='43'>Verifying Histogram Visual functionality.TC_Histogram_166:Edit Histogram - Tootip - Verify Items.And Add a series to the visual</td>
                                                        <td><pre><pre>org.openqa.selenium.NoSuchElementException: no such element: Unable to locate element: {"method":"xpath","selector":"//*[@class='main-series-information--info']/*[2]/*[1]/*[1]/*[2]"}
  (Session info: chrome=101.0.4951.67)
For documentation on this error, please visit: http://seleniumhq.org/exceptions/no_such_element.html
Build info: version: '3.4.0', revision: 'unknown', time: 'unknown'
System info: host: 'IN-BLR-L008', ip: '192.168.56.1', os.name: 'Windows 10', os.arch: 'amd64', os.version: '10.0', java.version: '1.8.0_202'
Driver info: org.openqa.selenium.chrome.ChromeDriver
Capabilities [{networkConnectionEnabled=false, chrome={chromedriverVersion=100.0.4896.20 (f9d71f93d32a6487809d6f35a9670c879fe97dfe-refs/branch-heads/4896@{#203}), userDataDir=C:\Users\nmaduru\AppData\Local\Temp\scoped_dir728_1100807178}, timeouts={implicit=0.0, pageLoad=300000.0, script=30000.0}, pageLoadStrategy=normal, unhandledPromptBehavior=dismiss and notify, strictFileInteractability=false, platform=ANY, proxy=Proxy(), goog:chromeOptions={debuggerAddress=localhost:63232}, webauthn:extension:credBlob=true, acceptInsecureCerts=true, browserVersion=101.0.4951.67, browserName=chrome, javascriptEnabled=true, platformName=windows, setWindowRect=true, webauthn:extension:largeBlob=true, webauthn:virtualAuthenticators=true}]
Session ID: 3d89e86ba6ef90e7d6c80ba030debb72
*** Element info: {Using=xpath, value=//*[@class='main-series-information--info']/*[2]/*[1]/*[1]/*[2]}
	at sun.reflect.GeneratedConstructorAccessor18.newInstance(Unknown Source)
	at sun.reflect.DelegatingConstructorAccessorImpl.newInstance(DelegatingConstructorAccessorImpl.java:45)
	at java.lang.reflect.Constructor.newInstance(Constructor.java:423)
	at org.openqa.selenium.remote.http.W3CHttpResponseCodec.createException(W3CHttpResponseCodec.java:150)
	at org.openqa.selenium.remote.http.W3CHttpResponseCodec.decode(W3CHttpResponseCodec.java:115)
	at org.openqa.selenium.remote.http.W3CHttpResponseCodec.decode(W3CHttpResponseCodec.java:45)
	at org.openqa.selenium.remote.HttpCommandExecutor.execute(HttpCommandExecutor.java:164)
	at org.openqa.selenium.remote.service.DriverCommandExecutor.execute(DriverCommandExecutor.java:82)
	at org.openqa.selenium.remote.RemoteWebDriver.execute(RemoteWebDriver.java:637)
	at org.openqa.selenium.remote.RemoteWebDriver.findElement(RemoteWebDriver.java:410)
	at org.openqa.selenium.remote.RemoteWebDriver.findElementByXPath(RemoteWebDriver.java:509)
	at org.openqa.selenium.By$ByXPath.findElement(By.java:361)
	at org.openqa.selenium.remote.RemoteWebDriver.findElement(RemoteWebDriver.java:402)
	at CDMNext.util.CommonFunctionality.getElementByXpath(CommonFunctionality.java:513)
	at CDMNext.StepDefinations.Histogram.add_a_series_to_the_visual(Histogram.java:3430)
	at ✽.And Add a series to the visual(Histogram.feature:1465)
</pre></pre></td>
                                                    </tr>
                                                    <tr>
                                                        <td>May 30, 2022 08:11:01 PM</td>
                                                        <td class='linked' test-id='53'>Verifying Histogram Visual functionality.TC_Histogram_167:Edit Histogram - Tootip - Verify multiple items selection.And Add a series to the visual</td>
                                                        <td><pre><pre>org.openqa.selenium.NoSuchElementException: no such element: Unable to locate element: {"method":"xpath","selector":"//*[@class='main-series-information--info']/*[2]/*[1]/*[1]/*[2]"}
  (Session info: chrome=101.0.4951.67)
For documentation on this error, please visit: http://seleniumhq.org/exceptions/no_such_element.html
Build info: version: '3.4.0', revision: 'unknown', time: 'unknown'
System info: host: 'IN-BLR-L008', ip: '192.168.56.1', os.name: 'Windows 10', os.arch: 'amd64', os.version: '10.0', java.version: '1.8.0_202'
Driver info: org.openqa.selenium.chrome.ChromeDriver
Capabilities [{networkConnectionEnabled=false, chrome={chromedriverVersion=100.0.4896.20 (f9d71f93d32a6487809d6f35a9670c879fe97dfe-refs/branch-heads/4896@{#203}), userDataDir=C:\Users\nmaduru\AppData\Local\Temp\scoped_dir728_1100807178}, timeouts={implicit=0.0, pageLoad=300000.0, script=30000.0}, pageLoadStrategy=normal, unhandledPromptBehavior=dismiss and notify, strictFileInteractability=false, platform=ANY, proxy=Proxy(), goog:chromeOptions={debuggerAddress=localhost:63232}, webauthn:extension:credBlob=true, acceptInsecureCerts=true, browserVersion=101.0.4951.67, browserName=chrome, javascriptEnabled=true, platformName=windows, setWindowRect=true, webauthn:extension:largeBlob=true, webauthn:virtualAuthenticators=true}]
Session ID: 3d89e86ba6ef90e7d6c80ba030debb72
*** Element info: {Using=xpath, value=//*[@class='main-series-information--info']/*[2]/*[1]/*[1]/*[2]}
	at sun.reflect.GeneratedConstructorAccessor18.newInstance(Unknown Source)
	at sun.reflect.DelegatingConstructorAccessorImpl.newInstance(DelegatingConstructorAccessorImpl.java:45)
	at java.lang.reflect.Constructor.newInstance(Constructor.java:423)
	at org.openqa.selenium.remote.http.W3CHttpResponseCodec.createException(W3CHttpResponseCodec.java:150)
	at org.openqa.selenium.remote.http.W3CHttpResponseCodec.decode(W3CHttpResponseCodec.java:115)
	at org.openqa.selenium.remote.http.W3CHttpResponseCodec.decode(W3CHttpResponseCodec.java:45)
	at org.openqa.selenium.remote.HttpCommandExecutor.execute(HttpCommandExecutor.java:164)
	at org.openqa.selenium.remote.service.DriverCommandExecutor.execute(DriverCommandExecutor.java:82)
	at org.openqa.selenium.remote.RemoteWebDriver.execute(RemoteWebDriver.java:637)
	at org.openqa.selenium.remote.RemoteWebDriver.findElement(RemoteWebDriver.java:410)
	at org.openqa.selenium.remote.RemoteWebDriver.findElementByXPath(RemoteWebDriver.java:509)
	at org.openqa.selenium.By$ByXPath.findElement(By.java:361)
	at org.openqa.selenium.remote.RemoteWebDriver.findElement(RemoteWebDriver.java:402)
	at CDMNext.util.CommonFunctionality.getElementByXpath(CommonFunctionality.java:513)
	at CDMNext.StepDefinations.Histogram.add_a_series_to_the_visual(Histogram.java:3430)
	at ✽.And Add a series to the visual(Histogram.feature:1477)
</pre></pre></td>
                                                    </tr>
                                                    <tr>
                                                        <td>May 30, 2022 08:13:06 PM</td>
                                                        <td class='linked' test-id='67'>Verifying Histogram Visual functionality.TC_Histogram_173: Edit Histogram - Tooltip - Verify grouping and decimal under number separators..TC_Histogram_173: Edit Histogram - Tooltip - Verify grouping and decimal under number separators..And Select "," and "." separator from dropdown list</td>
                                                        <td><pre><pre>org.openqa.selenium.NoSuchElementException: no such element: Unable to locate element: {"method":"xpath","selector":"//*[text()='Grouping separator']//following::*[contains(text(),".")][1]"}
  (Session info: chrome=101.0.4951.67)
For documentation on this error, please visit: http://seleniumhq.org/exceptions/no_such_element.html
Build info: version: '3.4.0', revision: 'unknown', time: 'unknown'
System info: host: 'IN-BLR-L008', ip: '192.168.56.1', os.name: 'Windows 10', os.arch: 'amd64', os.version: '10.0', java.version: '1.8.0_202'
Driver info: org.openqa.selenium.chrome.ChromeDriver
Capabilities [{networkConnectionEnabled=false, chrome={chromedriverVersion=100.0.4896.20 (f9d71f93d32a6487809d6f35a9670c879fe97dfe-refs/branch-heads/4896@{#203}), userDataDir=C:\Users\nmaduru\AppData\Local\Temp\scoped_dir728_1100807178}, timeouts={implicit=0.0, pageLoad=300000.0, script=30000.0}, pageLoadStrategy=normal, unhandledPromptBehavior=dismiss and notify, strictFileInteractability=false, platform=ANY, proxy=Proxy(), goog:chromeOptions={debuggerAddress=localhost:63232}, webauthn:extension:credBlob=true, acceptInsecureCerts=true, browserVersion=101.0.4951.67, browserName=chrome, javascriptEnabled=true, platformName=windows, setWindowRect=true, webauthn:extension:largeBlob=true, webauthn:virtualAuthenticators=true}]
Session ID: 3d89e86ba6ef90e7d6c80ba030debb72
*** Element info: {Using=xpath, value=//*[text()='Grouping separator']//following::*[contains(text(),".")][1]}
	at sun.reflect.GeneratedConstructorAccessor18.newInstance(Unknown Source)
	at sun.reflect.DelegatingConstructorAccessorImpl.newInstance(DelegatingConstructorAccessorImpl.java:45)
	at java.lang.reflect.Constructor.newInstance(Constructor.java:423)
	at org.openqa.selenium.remote.http.W3CHttpResponseCodec.createException(W3CHttpResponseCodec.java:150)
	at org.openqa.selenium.remote.http.W3CHttpResponseCodec.decode(W3CHttpResponseCodec.java:115)
	at org.openqa.selenium.remote.http.W3CHttpResponseCodec.decode(W3CHttpResponseCodec.java:45)
	at org.openqa.selenium.remote.HttpCommandExecutor.execute(HttpCommandExecutor.java:164)
	at org.openqa.selenium.remote.service.DriverCommandExecutor.execute(DriverCommandExecutor.java:82)
	at org.openqa.selenium.remote.RemoteWebDriver.execute(RemoteWebDriver.java:637)
	at org.openqa.selenium.remote.RemoteWebDriver.findElement(RemoteWebDriver.java:410)
	at org.openqa.selenium.remote.RemoteWebDriver.findElementByXPath(RemoteWebDriver.java:509)
	at org.openqa.selenium.By$ByXPath.findElement(By.java:361)
	at org.openqa.selenium.remote.RemoteWebDriver.findElement(RemoteWebDriver.java:402)
	at CDMNext.util.CommonFunctionality.getElementByXpath(CommonFunctionality.java:513)
	at CDMNext.StepDefinations.ChartVisual.select_and_separator_from_dropdown_list(ChartVisual.java:667)
	at ✽.And Select "," and "." separator from dropdown list(Histogram.feature:1556)
</pre></pre></td>
                                                    </tr>
                                                    <tr>
                                                        <td>May 30, 2022 08:14:57 PM</td>
                                                        <td class='linked' test-id='75'>Verifying Histogram Visual functionality.TC_Histogram_173: Edit Histogram - Tooltip - Verify grouping and decimal under number separators..TC_Histogram_173: Edit Histogram - Tooltip - Verify grouping and decimal under number separators..And Select "," and "Space" separator from dropdown list</td>
                                                        <td><pre><pre>org.openqa.selenium.NoSuchElementException: no such element: Unable to locate element: {"method":"xpath","selector":"//*[text()='Grouping separator']//following::*[contains(text(),"Space")][1]"}
  (Session info: chrome=101.0.4951.67)
For documentation on this error, please visit: http://seleniumhq.org/exceptions/no_such_element.html
Build info: version: '3.4.0', revision: 'unknown', time: 'unknown'
System info: host: 'IN-BLR-L008', ip: '192.168.56.1', os.name: 'Windows 10', os.arch: 'amd64', os.version: '10.0', java.version: '1.8.0_202'
Driver info: org.openqa.selenium.chrome.ChromeDriver
Capabilities [{networkConnectionEnabled=false, chrome={chromedriverVersion=100.0.4896.20 (f9d71f93d32a6487809d6f35a9670c879fe97dfe-refs/branch-heads/4896@{#203}), userDataDir=C:\Users\nmaduru\AppData\Local\Temp\scoped_dir728_1100807178}, timeouts={implicit=0.0, pageLoad=300000.0, script=30000.0}, pageLoadStrategy=normal, unhandledPromptBehavior=dismiss and notify, strictFileInteractability=false, platform=ANY, proxy=Proxy(), goog:chromeOptions={debuggerAddress=localhost:63232}, webauthn:extension:credBlob=true, acceptInsecureCerts=true, browserVersion=101.0.4951.67, browserName=chrome, javascriptEnabled=true, platformName=windows, setWindowRect=true, webauthn:extension:largeBlob=true, webauthn:virtualAuthenticators=true}]
Session ID: 3d89e86ba6ef90e7d6c80ba030debb72
*** Element info: {Using=xpath, value=//*[text()='Grouping separator']//following::*[contains(text(),"Space")][1]}
	at sun.reflect.GeneratedConstructorAccessor18.newInstance(Unknown Source)
	at sun.reflect.DelegatingConstructorAccessorImpl.newInstance(DelegatingConstructorAccessorImpl.java:45)
	at java.lang.reflect.Constructor.newInstance(Constructor.java:423)
	at org.openqa.selenium.remote.http.W3CHttpResponseCodec.createException(W3CHttpResponseCodec.java:150)
	at org.openqa.selenium.remote.http.W3CHttpResponseCodec.decode(W3CHttpResponseCodec.java:115)
	at org.openqa.selenium.remote.http.W3CHttpResponseCodec.decode(W3CHttpResponseCodec.java:45)
	at org.openqa.selenium.remote.HttpCommandExecutor.execute(HttpCommandExecutor.java:164)
	at org.openqa.selenium.remote.service.DriverCommandExecutor.execute(DriverCommandExecutor.java:82)
	at org.openqa.selenium.remote.RemoteWebDriver.execute(RemoteWebDriver.java:637)
	at org.openqa.selenium.remote.RemoteWebDriver.findElement(RemoteWebDriver.java:410)
	at org.openqa.selenium.remote.RemoteWebDriver.findElementByXPath(RemoteWebDriver.java:509)
	at org.openqa.selenium.By$ByXPath.findElement(By.java:361)
	at org.openqa.selenium.remote.RemoteWebDriver.findElement(RemoteWebDriver.java:402)
	at CDMNext.util.CommonFunctionality.getElementByXpath(CommonFunctionality.java:513)
	at CDMNext.StepDefinations.ChartVisual.select_and_separator_from_dropdown_list(ChartVisual.java:667)
	at ✽.And Select "," and "Space" separator from dropdown list(Histogram.feature:1556)
</pre></pre></td>
                                                    </tr>
                                                    <tr>
                                                        <td>May 30, 2022 08:16:47 PM</td>
                                                        <td class='linked' test-id='83'>Verifying Histogram Visual functionality.TC_Histogram_173: Edit Histogram - Tooltip - Verify grouping and decimal under number separators..TC_Histogram_173: Edit Histogram - Tooltip - Verify grouping and decimal under number separators..And Select "," and "'" separator from dropdown list</td>
                                                        <td><pre><pre>org.openqa.selenium.NoSuchElementException: no such element: Unable to locate element: {"method":"xpath","selector":"//*[text()='Grouping separator']//following::*[contains(text(),"'")][1]"}
  (Session info: chrome=101.0.4951.67)
For documentation on this error, please visit: http://seleniumhq.org/exceptions/no_such_element.html
Build info: version: '3.4.0', revision: 'unknown', time: 'unknown'
System info: host: 'IN-BLR-L008', ip: '192.168.56.1', os.name: 'Windows 10', os.arch: 'amd64', os.version: '10.0', java.version: '1.8.0_202'
Driver info: org.openqa.selenium.chrome.ChromeDriver
Capabilities [{networkConnectionEnabled=false, chrome={chromedriverVersion=100.0.4896.20 (f9d71f93d32a6487809d6f35a9670c879fe97dfe-refs/branch-heads/4896@{#203}), userDataDir=C:\Users\nmaduru\AppData\Local\Temp\scoped_dir728_1100807178}, timeouts={implicit=0.0, pageLoad=300000.0, script=30000.0}, pageLoadStrategy=normal, unhandledPromptBehavior=dismiss and notify, strictFileInteractability=false, platform=ANY, proxy=Proxy(), goog:chromeOptions={debuggerAddress=localhost:63232}, webauthn:extension:credBlob=true, acceptInsecureCerts=true, browserVersion=101.0.4951.67, browserName=chrome, javascriptEnabled=true, platformName=windows, setWindowRect=true, webauthn:extension:largeBlob=true, webauthn:virtualAuthenticators=true}]
Session ID: 3d89e86ba6ef90e7d6c80ba030debb72
*** Element info: {Using=xpath, value=//*[text()='Grouping separator']//following::*[contains(text(),"'")][1]}
	at sun.reflect.GeneratedConstructorAccessor18.newInstance(Unknown Source)
	at sun.reflect.DelegatingConstructorAccessorImpl.newInstance(DelegatingConstructorAccessorImpl.java:45)
	at java.lang.reflect.Constructor.newInstance(Constructor.java:423)
	at org.openqa.selenium.remote.http.W3CHttpResponseCodec.createException(W3CHttpResponseCodec.java:150)
	at org.openqa.selenium.remote.http.W3CHttpResponseCodec.decode(W3CHttpResponseCodec.java:115)
	at org.openqa.selenium.remote.http.W3CHttpResponseCodec.decode(W3CHttpResponseCodec.java:45)
	at org.openqa.selenium.remote.HttpCommandExecutor.execute(HttpCommandExecutor.java:164)
	at org.openqa.selenium.remote.service.DriverCommandExecutor.execute(DriverCommandExecutor.java:82)
	at org.openqa.selenium.remote.RemoteWebDriver.execute(RemoteWebDriver.java:637)
	at org.openqa.selenium.remote.RemoteWebDriver.findElement(RemoteWebDriver.java:410)
	at org.openqa.selenium.remote.RemoteWebDriver.findElementByXPath(RemoteWebDriver.java:509)
	at org.openqa.selenium.By$ByXPath.findElement(By.java:361)
	at org.openqa.selenium.remote.RemoteWebDriver.findElement(RemoteWebDriver.java:402)
	at CDMNext.util.CommonFunctionality.getElementByXpath(CommonFunctionality.java:513)
	at CDMNext.StepDefinations.ChartVisual.select_and_separator_from_dropdown_list(ChartVisual.java:667)
	at ✽.And Select "," and "'" separator from dropdown list(Histogram.feature:1556)
</pre></pre></td>
                                                    </tr>
                                                    <tr>
                                                        <td>May 30, 2022 08:18:38 PM</td>
                                                        <td class='linked' test-id='91'>Verifying Histogram Visual functionality.TC_Histogram_173: Edit Histogram - Tooltip - Verify grouping and decimal under number separators..TC_Histogram_173: Edit Histogram - Tooltip - Verify grouping and decimal under number separators..And Select "," and "-" separator from dropdown list</td>
                                                        <td><pre><pre>org.openqa.selenium.NoSuchElementException: no such element: Unable to locate element: {"method":"xpath","selector":"//*[text()='Grouping separator']//following::*[contains(text(),"-")][1]"}
  (Session info: chrome=101.0.4951.67)
For documentation on this error, please visit: http://seleniumhq.org/exceptions/no_such_element.html
Build info: version: '3.4.0', revision: 'unknown', time: 'unknown'
System info: host: 'IN-BLR-L008', ip: '192.168.56.1', os.name: 'Windows 10', os.arch: 'amd64', os.version: '10.0', java.version: '1.8.0_202'
Driver info: org.openqa.selenium.chrome.ChromeDriver
Capabilities [{networkConnectionEnabled=false, chrome={chromedriverVersion=100.0.4896.20 (f9d71f93d32a6487809d6f35a9670c879fe97dfe-refs/branch-heads/4896@{#203}), userDataDir=C:\Users\nmaduru\AppData\Local\Temp\scoped_dir728_1100807178}, timeouts={implicit=0.0, pageLoad=300000.0, script=30000.0}, pageLoadStrategy=normal, unhandledPromptBehavior=dismiss and notify, strictFileInteractability=false, platform=ANY, proxy=Proxy(), goog:chromeOptions={debuggerAddress=localhost:63232}, webauthn:extension:credBlob=true, acceptInsecureCerts=true, browserVersion=101.0.4951.67, browserName=chrome, javascriptEnabled=true, platformName=windows, setWindowRect=true, webauthn:extension:largeBlob=true, webauthn:virtualAuthenticators=true}]
Session ID: 3d89e86ba6ef90e7d6c80ba030debb72
*** Element info: {Using=xpath, value=//*[text()='Grouping separator']//following::*[contains(text(),"-")][1]}
	at sun.reflect.GeneratedConstructorAccessor18.newInstance(Unknown Source)
	at sun.reflect.DelegatingConstructorAccessorImpl.newInstance(DelegatingConstructorAccessorImpl.java:45)
	at java.lang.reflect.Constructor.newInstance(Constructor.java:423)
	at org.openqa.selenium.remote.http.W3CHttpResponseCodec.createException(W3CHttpResponseCodec.java:150)
	at org.openqa.selenium.remote.http.W3CHttpResponseCodec.decode(W3CHttpResponseCodec.java:115)
	at org.openqa.selenium.remote.http.W3CHttpResponseCodec.decode(W3CHttpResponseCodec.java:45)
	at org.openqa.selenium.remote.HttpCommandExecutor.execute(HttpCommandExecutor.java:164)
	at org.openqa.selenium.remote.service.DriverCommandExecutor.execute(DriverCommandExecutor.java:82)
	at org.openqa.selenium.remote.RemoteWebDriver.execute(RemoteWebDriver.java:637)
	at org.openqa.selenium.remote.RemoteWebDriver.findElement(RemoteWebDriver.java:410)
	at org.openqa.selenium.remote.RemoteWebDriver.findElementByXPath(RemoteWebDriver.java:509)
	at org.openqa.selenium.By$ByXPath.findElement(By.java:361)
	at org.openqa.selenium.remote.RemoteWebDriver.findElement(RemoteWebDriver.java:402)
	at CDMNext.util.CommonFunctionality.getElementByXpath(CommonFunctionality.java:513)
	at CDMNext.StepDefinations.ChartVisual.select_and_separator_from_dropdown_list(ChartVisual.java:667)
	at ✽.And Select "," and "-" separator from dropdown list(Histogram.feature:1556)
</pre></pre></td>
                                                    </tr>
                                                    <tr>
                                                        <td>May 30, 2022 08:20:29 PM</td>
                                                        <td class='linked' test-id='99'>Verifying Histogram Visual functionality.TC_Histogram_173: Edit Histogram - Tooltip - Verify grouping and decimal under number separators..TC_Histogram_173: Edit Histogram - Tooltip - Verify grouping and decimal under number separators..And Select "," and "None" separator from dropdown list</td>
                                                        <td><pre><pre>org.openqa.selenium.NoSuchElementException: no such element: Unable to locate element: {"method":"xpath","selector":"//*[text()='Grouping separator']//following::*[contains(text(),"None")][1]"}
  (Session info: chrome=101.0.4951.67)
For documentation on this error, please visit: http://seleniumhq.org/exceptions/no_such_element.html
Build info: version: '3.4.0', revision: 'unknown', time: 'unknown'
System info: host: 'IN-BLR-L008', ip: '192.168.56.1', os.name: 'Windows 10', os.arch: 'amd64', os.version: '10.0', java.version: '1.8.0_202'
Driver info: org.openqa.selenium.chrome.ChromeDriver
Capabilities [{networkConnectionEnabled=false, chrome={chromedriverVersion=100.0.4896.20 (f9d71f93d32a6487809d6f35a9670c879fe97dfe-refs/branch-heads/4896@{#203}), userDataDir=C:\Users\nmaduru\AppData\Local\Temp\scoped_dir728_1100807178}, timeouts={implicit=0.0, pageLoad=300000.0, script=30000.0}, pageLoadStrategy=normal, unhandledPromptBehavior=dismiss and notify, strictFileInteractability=false, platform=ANY, proxy=Proxy(), goog:chromeOptions={debuggerAddress=localhost:63232}, webauthn:extension:credBlob=true, acceptInsecureCerts=true, browserVersion=101.0.4951.67, browserName=chrome, javascriptEnabled=true, platformName=windows, setWindowRect=true, webauthn:extension:largeBlob=true, webauthn:virtualAuthenticators=true}]
Session ID: 3d89e86ba6ef90e7d6c80ba030debb72
*** Element info: {Using=xpath, value=//*[text()='Grouping separator']//following::*[contains(text(),"None")][1]}
	at sun.reflect.GeneratedConstructorAccessor18.newInstance(Unknown Source)
	at sun.reflect.DelegatingConstructorAccessorImpl.newInstance(DelegatingConstructorAccessorImpl.java:45)
	at java.lang.reflect.Constructor.newInstance(Constructor.java:423)
	at org.openqa.selenium.remote.http.W3CHttpResponseCodec.createException(W3CHttpResponseCodec.java:150)
	at org.openqa.selenium.remote.http.W3CHttpResponseCodec.decode(W3CHttpResponseCodec.java:115)
	at org.openqa.selenium.remote.http.W3CHttpResponseCodec.decode(W3CHttpResponseCodec.java:45)
	at org.openqa.selenium.remote.HttpCommandExecutor.execute(HttpCommandExecutor.java:164)
	at org.openqa.selenium.remote.service.DriverCommandExecutor.execute(DriverCommandExecutor.java:82)
	at org.openqa.selenium.remote.RemoteWebDriver.execute(RemoteWebDriver.java:637)
	at org.openqa.selenium.remote.RemoteWebDriver.findElement(RemoteWebDriver.java:410)
	at org.openqa.selenium.remote.RemoteWebDriver.findElementByXPath(RemoteWebDriver.java:509)
	at org.openqa.selenium.By$ByXPath.findElement(By.java:361)
	at org.openqa.selenium.remote.RemoteWebDriver.findElement(RemoteWebDriver.java:402)
	at CDMNext.util.CommonFunctionality.getElementByXpath(CommonFunctionality.java:513)
	at CDMNext.StepDefinations.ChartVisual.select_and_separator_from_dropdown_list(ChartVisual.java:667)
	at ✽.And Select "," and "None" separator from dropdown list(Histogram.feature:1556)
</pre></pre></td>
                                                    </tr>
                                                    <tr>
                                                        <td>May 30, 2022 08:22:19 PM</td>
                                                        <td class='linked' test-id='107'>Verifying Histogram Visual functionality.TC_Histogram_173: Edit Histogram - Tooltip - Verify grouping and decimal under number separators..TC_Histogram_173: Edit Histogram - Tooltip - Verify grouping and decimal under number separators..And Select "." and "," separator from dropdown list</td>
                                                        <td><pre><pre>org.openqa.selenium.NoSuchElementException: no such element: Unable to locate element: {"method":"xpath","selector":"//*[text()='Grouping separator']//following::*[contains(text(),",")][1]"}
  (Session info: chrome=101.0.4951.67)
For documentation on this error, please visit: http://seleniumhq.org/exceptions/no_such_element.html
Build info: version: '3.4.0', revision: 'unknown', time: 'unknown'
System info: host: 'IN-BLR-L008', ip: '192.168.56.1', os.name: 'Windows 10', os.arch: 'amd64', os.version: '10.0', java.version: '1.8.0_202'
Driver info: org.openqa.selenium.chrome.ChromeDriver
Capabilities [{networkConnectionEnabled=false, chrome={chromedriverVersion=100.0.4896.20 (f9d71f93d32a6487809d6f35a9670c879fe97dfe-refs/branch-heads/4896@{#203}), userDataDir=C:\Users\nmaduru\AppData\Local\Temp\scoped_dir728_1100807178}, timeouts={implicit=0.0, pageLoad=300000.0, script=30000.0}, pageLoadStrategy=normal, unhandledPromptBehavior=dismiss and notify, strictFileInteractability=false, platform=ANY, proxy=Proxy(), goog:chromeOptions={debuggerAddress=localhost:63232}, webauthn:extension:credBlob=true, acceptInsecureCerts=true, browserVersion=101.0.4951.67, browserName=chrome, javascriptEnabled=true, platformName=windows, setWindowRect=true, webauthn:extension:largeBlob=true, webauthn:virtualAuthenticators=true}]
Session ID: 3d89e86ba6ef90e7d6c80ba030debb72
*** Element info: {Using=xpath, value=//*[text()='Grouping separator']//following::*[contains(text(),",")][1]}
	at sun.reflect.GeneratedConstructorAccessor18.newInstance(Unknown Source)
	at sun.reflect.DelegatingConstructorAccessorImpl.newInstance(DelegatingConstructorAccessorImpl.java:45)
	at java.lang.reflect.Constructor.newInstance(Constructor.java:423)
	at org.openqa.selenium.remote.http.W3CHttpResponseCodec.createException(W3CHttpResponseCodec.java:150)
	at org.openqa.selenium.remote.http.W3CHttpResponseCodec.decode(W3CHttpResponseCodec.java:115)
	at org.openqa.selenium.remote.http.W3CHttpResponseCodec.decode(W3CHttpResponseCodec.java:45)
	at org.openqa.selenium.remote.HttpCommandExecutor.execute(HttpCommandExecutor.java:164)
	at org.openqa.selenium.remote.service.DriverCommandExecutor.execute(DriverCommandExecutor.java:82)
	at org.openqa.selenium.remote.RemoteWebDriver.execute(RemoteWebDriver.java:637)
	at org.openqa.selenium.remote.RemoteWebDriver.findElement(RemoteWebDriver.java:410)
	at org.openqa.selenium.remote.RemoteWebDriver.findElementByXPath(RemoteWebDriver.java:509)
	at org.openqa.selenium.By$ByXPath.findElement(By.java:361)
	at org.openqa.selenium.remote.RemoteWebDriver.findElement(RemoteWebDriver.java:402)
	at CDMNext.util.CommonFunctionality.getElementByXpath(CommonFunctionality.java:513)
	at CDMNext.StepDefinations.ChartVisual.select_and_separator_from_dropdown_list(ChartVisual.java:667)
	at ✽.And Select "." and "," separator from dropdown list(Histogram.feature:1556)
</pre></pre></td>
                                                    </tr>
                                                    <tr>
                                                        <td>May 30, 2022 08:24:10 PM</td>
                                                        <td class='linked' test-id='115'>Verifying Histogram Visual functionality.TC_Histogram_173: Edit Histogram - Tooltip - Verify grouping and decimal under number separators..TC_Histogram_173: Edit Histogram - Tooltip - Verify grouping and decimal under number separators..And Select "." and "Space" separator from dropdown list</td>
                                                        <td><pre><pre>org.openqa.selenium.NoSuchElementException: no such element: Unable to locate element: {"method":"xpath","selector":"//*[text()='Grouping separator']//following::*[contains(text(),"Space")][1]"}
  (Session info: chrome=101.0.4951.67)
For documentation on this error, please visit: http://seleniumhq.org/exceptions/no_such_element.html
Build info: version: '3.4.0', revision: 'unknown', time: 'unknown'
System info: host: 'IN-BLR-L008', ip: '192.168.56.1', os.name: 'Windows 10', os.arch: 'amd64', os.version: '10.0', java.version: '1.8.0_202'
Driver info: org.openqa.selenium.chrome.ChromeDriver
Capabilities [{networkConnectionEnabled=false, chrome={chromedriverVersion=100.0.4896.20 (f9d71f93d32a6487809d6f35a9670c879fe97dfe-refs/branch-heads/4896@{#203}), userDataDir=C:\Users\nmaduru\AppData\Local\Temp\scoped_dir728_1100807178}, timeouts={implicit=0.0, pageLoad=300000.0, script=30000.0}, pageLoadStrategy=normal, unhandledPromptBehavior=dismiss and notify, strictFileInteractability=false, platform=ANY, proxy=Proxy(), goog:chromeOptions={debuggerAddress=localhost:63232}, webauthn:extension:credBlob=true, acceptInsecureCerts=true, browserVersion=101.0.4951.67, browserName=chrome, javascriptEnabled=true, platformName=windows, setWindowRect=true, webauthn:extension:largeBlob=true, webauthn:virtualAuthenticators=true}]
Session ID: 3d89e86ba6ef90e7d6c80ba030debb72
*** Element info: {Using=xpath, value=//*[text()='Grouping separator']//following::*[contains(text(),"Space")][1]}
	at sun.reflect.GeneratedConstructorAccessor18.newInstance(Unknown Source)
	at sun.reflect.DelegatingConstructorAccessorImpl.newInstance(DelegatingConstructorAccessorImpl.java:45)
	at java.lang.reflect.Constructor.newInstance(Constructor.java:423)
	at org.openqa.selenium.remote.http.W3CHttpResponseCodec.createException(W3CHttpResponseCodec.java:150)
	at org.openqa.selenium.remote.http.W3CHttpResponseCodec.decode(W3CHttpResponseCodec.java:115)
	at org.openqa.selenium.remote.http.W3CHttpResponseCodec.decode(W3CHttpResponseCodec.java:45)
	at org.openqa.selenium.remote.HttpCommandExecutor.execute(HttpCommandExecutor.java:164)
	at org.openqa.selenium.remote.service.DriverCommandExecutor.execute(DriverCommandExecutor.java:82)
	at org.openqa.selenium.remote.RemoteWebDriver.execute(RemoteWebDriver.java:637)
	at org.openqa.selenium.remote.RemoteWebDriver.findElement(RemoteWebDriver.java:410)
	at org.openqa.selenium.remote.RemoteWebDriver.findElementByXPath(RemoteWebDriver.java:509)
	at org.openqa.selenium.By$ByXPath.findElement(By.java:361)
	at org.openqa.selenium.remote.RemoteWebDriver.findElement(RemoteWebDriver.java:402)
	at CDMNext.util.CommonFunctionality.getElementByXpath(CommonFunctionality.java:513)
	at CDMNext.StepDefinations.ChartVisual.select_and_separator_from_dropdown_list(ChartVisual.java:667)
	at ✽.And Select "." and "Space" separator from dropdown list(Histogram.feature:1556)
</pre></pre></td>
                                                    </tr>
                                                    <tr>
                                                        <td>May 30, 2022 08:26:00 PM</td>
                                                        <td class='linked' test-id='123'>Verifying Histogram Visual functionality.TC_Histogram_173: Edit Histogram - Tooltip - Verify grouping and decimal under number separators..TC_Histogram_173: Edit Histogram - Tooltip - Verify grouping and decimal under number separators..And Select "." and "'" separator from dropdown list</td>
                                                        <td><pre><pre>org.openqa.selenium.NoSuchElementException: no such element: Unable to locate element: {"method":"xpath","selector":"//*[text()='Grouping separator']//following::*[contains(text(),"'")][1]"}
  (Session info: chrome=101.0.4951.67)
For documentation on this error, please visit: http://seleniumhq.org/exceptions/no_such_element.html
Build info: version: '3.4.0', revision: 'unknown', time: 'unknown'
System info: host: 'IN-BLR-L008', ip: '192.168.56.1', os.name: 'Windows 10', os.arch: 'amd64', os.version: '10.0', java.version: '1.8.0_202'
Driver info: org.openqa.selenium.chrome.ChromeDriver
Capabilities [{networkConnectionEnabled=false, chrome={chromedriverVersion=100.0.4896.20 (f9d71f93d32a6487809d6f35a9670c879fe97dfe-refs/branch-heads/4896@{#203}), userDataDir=C:\Users\nmaduru\AppData\Local\Temp\scoped_dir728_1100807178}, timeouts={implicit=0.0, pageLoad=300000.0, script=30000.0}, pageLoadStrategy=normal, unhandledPromptBehavior=dismiss and notify, strictFileInteractability=false, platform=ANY, proxy=Proxy(), goog:chromeOptions={debuggerAddress=localhost:63232}, webauthn:extension:credBlob=true, acceptInsecureCerts=true, browserVersion=101.0.4951.67, browserName=chrome, javascriptEnabled=true, platformName=windows, setWindowRect=true, webauthn:extension:largeBlob=true, webauthn:virtualAuthenticators=true}]
Session ID: 3d89e86ba6ef90e7d6c80ba030debb72
*** Element info: {Using=xpath, value=//*[text()='Grouping separator']//following::*[contains(text(),"'")][1]}
	at sun.reflect.GeneratedConstructorAccessor18.newInstance(Unknown Source)
	at sun.reflect.DelegatingConstructorAccessorImpl.newInstance(DelegatingConstructorAccessorImpl.java:45)
	at java.lang.reflect.Constructor.newInstance(Constructor.java:423)
	at org.openqa.selenium.remote.http.W3CHttpResponseCodec.createException(W3CHttpResponseCodec.java:150)
	at org.openqa.selenium.remote.http.W3CHttpResponseCodec.decode(W3CHttpResponseCodec.java:115)
	at org.openqa.selenium.remote.http.W3CHttpResponseCodec.decode(W3CHttpResponseCodec.java:45)
	at org.openqa.selenium.remote.HttpCommandExecutor.execute(HttpCommandExecutor.java:164)
	at org.openqa.selenium.remote.service.DriverCommandExecutor.execute(DriverCommandExecutor.java:82)
	at org.openqa.selenium.remote.RemoteWebDriver.execute(RemoteWebDriver.java:637)
	at org.openqa.selenium.remote.RemoteWebDriver.findElement(RemoteWebDriver.java:410)
	at org.openqa.selenium.remote.RemoteWebDriver.findElementByXPath(RemoteWebDriver.java:509)
	at org.openqa.selenium.By$ByXPath.findElement(By.java:361)
	at org.openqa.selenium.remote.RemoteWebDriver.findElement(RemoteWebDriver.java:402)
	at CDMNext.util.CommonFunctionality.getElementByXpath(CommonFunctionality.java:513)
	at CDMNext.StepDefinations.ChartVisual.select_and_separator_from_dropdown_list(ChartVisual.java:667)
	at ✽.And Select "." and "'" separator from dropdown list(Histogram.feature:1556)
</pre></pre></td>
                                                    </tr>
                                                    <tr>
                                                        <td>May 30, 2022 08:27:51 PM</td>
                                                        <td class='linked' test-id='131'>Verifying Histogram Visual functionality.TC_Histogram_173: Edit Histogram - Tooltip - Verify grouping and decimal under number separators..TC_Histogram_173: Edit Histogram - Tooltip - Verify grouping and decimal under number separators..And Select "." and "-" separator from dropdown list</td>
                                                        <td><pre><pre>org.openqa.selenium.NoSuchElementException: no such element: Unable to locate element: {"method":"xpath","selector":"//*[text()='Grouping separator']//following::*[contains(text(),"-")][1]"}
  (Session info: chrome=101.0.4951.67)
For documentation on this error, please visit: http://seleniumhq.org/exceptions/no_such_element.html
Build info: version: '3.4.0', revision: 'unknown', time: 'unknown'
System info: host: 'IN-BLR-L008', ip: '192.168.56.1', os.name: 'Windows 10', os.arch: 'amd64', os.version: '10.0', java.version: '1.8.0_202'
Driver info: org.openqa.selenium.chrome.ChromeDriver
Capabilities [{networkConnectionEnabled=false, chrome={chromedriverVersion=100.0.4896.20 (f9d71f93d32a6487809d6f35a9670c879fe97dfe-refs/branch-heads/4896@{#203}), userDataDir=C:\Users\nmaduru\AppData\Local\Temp\scoped_dir728_1100807178}, timeouts={implicit=0.0, pageLoad=300000.0, script=30000.0}, pageLoadStrategy=normal, unhandledPromptBehavior=dismiss and notify, strictFileInteractability=false, platform=ANY, proxy=Proxy(), goog:chromeOptions={debuggerAddress=localhost:63232}, webauthn:extension:credBlob=true, acceptInsecureCerts=true, browserVersion=101.0.4951.67, browserName=chrome, javascriptEnabled=true, platformName=windows, setWindowRect=true, webauthn:extension:largeBlob=true, webauthn:virtualAuthenticators=true}]
Session ID: 3d89e86ba6ef90e7d6c80ba030debb72
*** Element info: {Using=xpath, value=//*[text()='Grouping separator']//following::*[contains(text(),"-")][1]}
	at sun.reflect.GeneratedConstructorAccessor18.newInstance(Unknown Source)
	at sun.reflect.DelegatingConstructorAccessorImpl.newInstance(DelegatingConstructorAccessorImpl.java:45)
	at java.lang.reflect.Constructor.newInstance(Constructor.java:423)
	at org.openqa.selenium.remote.http.W3CHttpResponseCodec.createException(W3CHttpResponseCodec.java:150)
	at org.openqa.selenium.remote.http.W3CHttpResponseCodec.decode(W3CHttpResponseCodec.java:115)
	at org.openqa.selenium.remote.http.W3CHttpResponseCodec.decode(W3CHttpResponseCodec.java:45)
	at org.openqa.selenium.remote.HttpCommandExecutor.execute(HttpCommandExecutor.java:164)
	at org.openqa.selenium.remote.service.DriverCommandExecutor.execute(DriverCommandExecutor.java:82)
	at org.openqa.selenium.remote.RemoteWebDriver.execute(RemoteWebDriver.java:637)
	at org.openqa.selenium.remote.RemoteWebDriver.findElement(RemoteWebDriver.java:410)
	at org.openqa.selenium.remote.RemoteWebDriver.findElementByXPath(RemoteWebDriver.java:509)
	at org.openqa.selenium.By$ByXPath.findElement(By.java:361)
	at org.openqa.selenium.remote.RemoteWebDriver.findElement(RemoteWebDriver.java:402)
	at CDMNext.util.CommonFunctionality.getElementByXpath(CommonFunctionality.java:513)
	at CDMNext.StepDefinations.ChartVisual.select_and_separator_from_dropdown_list(ChartVisual.java:667)
	at ✽.And Select "." and "-" separator from dropdown list(Histogram.feature:1556)
</pre></pre></td>
                                                    </tr>
                                                    <tr>
                                                        <td>May 30, 2022 08:29:41 PM</td>
                                                        <td class='linked' test-id='139'>Verifying Histogram Visual functionality.TC_Histogram_173: Edit Histogram - Tooltip - Verify grouping and decimal under number separators..TC_Histogram_173: Edit Histogram - Tooltip - Verify grouping and decimal under number separators..And Select "." and "None" separator from dropdown list</td>
                                                        <td><pre><pre>org.openqa.selenium.NoSuchElementException: no such element: Unable to locate element: {"method":"xpath","selector":"//*[text()='Grouping separator']//following::*[contains(text(),"None")][1]"}
  (Session info: chrome=101.0.4951.67)
For documentation on this error, please visit: http://seleniumhq.org/exceptions/no_such_element.html
Build info: version: '3.4.0', revision: 'unknown', time: 'unknown'
System info: host: 'IN-BLR-L008', ip: '192.168.56.1', os.name: 'Windows 10', os.arch: 'amd64', os.version: '10.0', java.version: '1.8.0_202'
Driver info: org.openqa.selenium.chrome.ChromeDriver
Capabilities [{networkConnectionEnabled=false, chrome={chromedriverVersion=100.0.4896.20 (f9d71f93d32a6487809d6f35a9670c879fe97dfe-refs/branch-heads/4896@{#203}), userDataDir=C:\Users\nmaduru\AppData\Local\Temp\scoped_dir728_1100807178}, timeouts={implicit=0.0, pageLoad=300000.0, script=30000.0}, pageLoadStrategy=normal, unhandledPromptBehavior=dismiss and notify, strictFileInteractability=false, platform=ANY, proxy=Proxy(), goog:chromeOptions={debuggerAddress=localhost:63232}, webauthn:extension:credBlob=true, acceptInsecureCerts=true, browserVersion=101.0.4951.67, browserName=chrome, javascriptEnabled=true, platformName=windows, setWindowRect=true, webauthn:extension:largeBlob=true, webauthn:virtualAuthenticators=true}]
Session ID: 3d89e86ba6ef90e7d6c80ba030debb72
*** Element info: {Using=xpath, value=//*[text()='Grouping separator']//following::*[contains(text(),"None")][1]}
	at sun.reflect.GeneratedConstructorAccessor18.newInstance(Unknown Source)
	at sun.reflect.DelegatingConstructorAccessorImpl.newInstance(DelegatingConstructorAccessorImpl.java:45)
	at java.lang.reflect.Constructor.newInstance(Constructor.java:423)
	at org.openqa.selenium.remote.http.W3CHttpResponseCodec.createException(W3CHttpResponseCodec.java:150)
	at org.openqa.selenium.remote.http.W3CHttpResponseCodec.decode(W3CHttpResponseCodec.java:115)
	at org.openqa.selenium.remote.http.W3CHttpResponseCodec.decode(W3CHttpResponseCodec.java:45)
	at org.openqa.selenium.remote.HttpCommandExecutor.execute(HttpCommandExecutor.java:164)
	at org.openqa.selenium.remote.service.DriverCommandExecutor.execute(DriverCommandExecutor.java:82)
	at org.openqa.selenium.remote.RemoteWebDriver.execute(RemoteWebDriver.java:637)
	at org.openqa.selenium.remote.RemoteWebDriver.findElement(RemoteWebDriver.java:410)
	at org.openqa.selenium.remote.RemoteWebDriver.findElementByXPath(RemoteWebDriver.java:509)
	at org.openqa.selenium.By$ByXPath.findElement(By.java:361)
	at org.openqa.selenium.remote.RemoteWebDriver.findElement(RemoteWebDriver.java:402)
	at CDMNext.util.CommonFunctionality.getElementByXpath(CommonFunctionality.java:513)
	at CDMNext.StepDefinations.ChartVisual.select_and_separator_from_dropdown_list(ChartVisual.java:667)
	at ✽.And Select "." and "None" separator from dropdown list(Histogram.feature:1556)
</pre></pre></td>
                                                    </tr>
                                                    <tr>
                                                        <td>May 30, 2022 09:02:02 PM</td>
                                                        <td class='linked' test-id='233'>Verifying Histogram Visual functionality.TC_Histogram_264:Edit series - Verify adding series from my series.And Select a series</td>
                                                        <td><pre><pre>org.openqa.selenium.NoSuchElementException: no such element: Unable to locate element: {"method":"xpath","selector":"//div[@data-node-model-id='DAILY']//div[3]//div[1]//div[@class='toggle']"}
  (Session info: chrome=101.0.4951.67)
For documentation on this error, please visit: http://seleniumhq.org/exceptions/no_such_element.html
Build info: version: '3.4.0', revision: 'unknown', time: 'unknown'
System info: host: 'IN-BLR-L008', ip: '192.168.56.1', os.name: 'Windows 10', os.arch: 'amd64', os.version: '10.0', java.version: '1.8.0_202'
Driver info: org.openqa.selenium.chrome.ChromeDriver
Capabilities [{networkConnectionEnabled=false, chrome={chromedriverVersion=100.0.4896.20 (f9d71f93d32a6487809d6f35a9670c879fe97dfe-refs/branch-heads/4896@{#203}), userDataDir=C:\Users\nmaduru\AppData\Local\Temp\scoped_dir728_1100807178}, timeouts={implicit=0.0, pageLoad=300000.0, script=30000.0}, pageLoadStrategy=normal, unhandledPromptBehavior=dismiss and notify, strictFileInteractability=false, platform=ANY, proxy=Proxy(), goog:chromeOptions={debuggerAddress=localhost:63232}, webauthn:extension:credBlob=true, acceptInsecureCerts=true, browserVersion=101.0.4951.67, browserName=chrome, javascriptEnabled=true, platformName=windows, setWindowRect=true, webauthn:extension:largeBlob=true, webauthn:virtualAuthenticators=true}]
Session ID: 3d89e86ba6ef90e7d6c80ba030debb72
*** Element info: {Using=xpath, value=//div[@data-node-model-id='DAILY']//div[3]//div[1]//div[@class='toggle']}
	at sun.reflect.GeneratedConstructorAccessor18.newInstance(Unknown Source)
	at sun.reflect.DelegatingConstructorAccessorImpl.newInstance(DelegatingConstructorAccessorImpl.java:45)
	at java.lang.reflect.Constructor.newInstance(Constructor.java:423)
	at org.openqa.selenium.remote.http.W3CHttpResponseCodec.createException(W3CHttpResponseCodec.java:150)
	at org.openqa.selenium.remote.http.W3CHttpResponseCodec.decode(W3CHttpResponseCodec.java:115)
	at org.openqa.selenium.remote.http.W3CHttpResponseCodec.decode(W3CHttpResponseCodec.java:45)
	at org.openqa.selenium.remote.HttpCommandExecutor.execute(HttpCommandExecutor.java:164)
	at org.openqa.selenium.remote.service.DriverCommandExecutor.execute(DriverCommandExecutor.java:82)
	at org.openqa.selenium.remote.RemoteWebDriver.execute(RemoteWebDriver.java:637)
	at org.openqa.selenium.remote.RemoteWebDriver.findElement(RemoteWebDriver.java:410)
	at org.openqa.selenium.remote.RemoteWebDriver.findElementByXPath(RemoteWebDriver.java:509)
	at org.openqa.selenium.By$ByXPath.findElement(By.java:361)
	at org.openqa.selenium.remote.RemoteWebDriver.findElement(RemoteWebDriver.java:402)
	at CDMNext.util.CommonFunctionality.getElementByXpath(CommonFunctionality.java:513)
	at CDMNext.StepDefinations.DatabasesTab.expand_till_series_level(DatabasesTab.java:166)
	at CDMNext.StepDefinations.DatabasesTab.select_a_series(DatabasesTab.java:3012)
	at ✽.And Select a series(Histogram.feature:2272)
</pre></pre></td>
                                                    </tr>
                                                    <tr>
                                                        <td>May 30, 2022 09:06:09 PM</td>
                                                        <td class='linked' test-id='249'>Verifying Histogram Visual functionality.TC_Histogram_269:Edit series - Verify edit series icon.And Click on edit series icon</td>
                                                        <td><pre><pre>org.openqa.selenium.NoSuchElementException: no such element: Unable to locate element: {"method":"xpath","selector":"//*[@class='table']/*[1]/*[2]/*[3]/*/*/*//*[@title='Edit series'] | //*[@class='table']/*[1]/*[2]/*[4]//*[@class='series-name--title']"}
  (Session info: chrome=101.0.4951.67)
For documentation on this error, please visit: http://seleniumhq.org/exceptions/no_such_element.html
Build info: version: '3.4.0', revision: 'unknown', time: 'unknown'
System info: host: 'IN-BLR-L008', ip: '192.168.56.1', os.name: 'Windows 10', os.arch: 'amd64', os.version: '10.0', java.version: '1.8.0_202'
Driver info: org.openqa.selenium.chrome.ChromeDriver
Capabilities [{networkConnectionEnabled=false, chrome={chromedriverVersion=100.0.4896.20 (f9d71f93d32a6487809d6f35a9670c879fe97dfe-refs/branch-heads/4896@{#203}), userDataDir=C:\Users\nmaduru\AppData\Local\Temp\scoped_dir728_1100807178}, timeouts={implicit=0.0, pageLoad=300000.0, script=30000.0}, pageLoadStrategy=normal, unhandledPromptBehavior=dismiss and notify, strictFileInteractability=false, platform=ANY, proxy=Proxy(), goog:chromeOptions={debuggerAddress=localhost:63232}, webauthn:extension:credBlob=true, acceptInsecureCerts=true, browserVersion=101.0.4951.67, browserName=chrome, javascriptEnabled=true, platformName=windows, setWindowRect=true, webauthn:extension:largeBlob=true, webauthn:virtualAuthenticators=true}]
Session ID: 3d89e86ba6ef90e7d6c80ba030debb72
*** Element info: {Using=xpath, value=//*[@class='table']/*[1]/*[2]/*[3]/*/*/*//*[@title='Edit series'] | //*[@class='table']/*[1]/*[2]/*[4]//*[@class='series-name--title']}
	at sun.reflect.GeneratedConstructorAccessor18.newInstance(Unknown Source)
	at sun.reflect.DelegatingConstructorAccessorImpl.newInstance(DelegatingConstructorAccessorImpl.java:45)
	at java.lang.reflect.Constructor.newInstance(Constructor.java:423)
	at org.openqa.selenium.remote.http.W3CHttpResponseCodec.createException(W3CHttpResponseCodec.java:150)
	at org.openqa.selenium.remote.http.W3CHttpResponseCodec.decode(W3CHttpResponseCodec.java:115)
	at org.openqa.selenium.remote.http.W3CHttpResponseCodec.decode(W3CHttpResponseCodec.java:45)
	at org.openqa.selenium.remote.HttpCommandExecutor.execute(HttpCommandExecutor.java:164)
	at org.openqa.selenium.remote.service.DriverCommandExecutor.execute(DriverCommandExecutor.java:82)
	at org.openqa.selenium.remote.RemoteWebDriver.execute(RemoteWebDriver.java:637)
	at org.openqa.selenium.remote.RemoteWebDriver.findElement(RemoteWebDriver.java:410)
	at org.openqa.selenium.remote.RemoteWebDriver.findElementByXPath(RemoteWebDriver.java:509)
	at org.openqa.selenium.By$ByXPath.findElement(By.java:361)
	at org.openqa.selenium.remote.RemoteWebDriver.findElement(RemoteWebDriver.java:402)
	at CDMNext.util.CommonFunctionality.getElementByXpath(CommonFunctionality.java:513)
	at CDMNext.StepDefinations.Histogram.click_on_edit_series_icon(Histogram.java:1063)
	at ✽.And Click on edit series icon(Histogram.feature:2331)
</pre></pre></td>
                                                    </tr>
                                                    <tr>
                                                        <td>May 30, 2022 09:08:08 PM</td>
                                                        <td class='linked' test-id='254'>Verifying Histogram Visual functionality.TC_Histogram_284:Edit Histogram - Edit series - Verify edit series icon.And Click on edit series icon</td>
                                                        <td><pre><pre>org.openqa.selenium.NoSuchElementException: no such element: Unable to locate element: {"method":"xpath","selector":"//*[@class='table']/*[1]/*[2]/*[3]/*/*/*//*[@title='Edit series'] | //*[@class='table']/*[1]/*[2]/*[4]//*[@class='series-name--title']"}
  (Session info: chrome=101.0.4951.67)
For documentation on this error, please visit: http://seleniumhq.org/exceptions/no_such_element.html
Build info: version: '3.4.0', revision: 'unknown', time: 'unknown'
System info: host: 'IN-BLR-L008', ip: '192.168.56.1', os.name: 'Windows 10', os.arch: 'amd64', os.version: '10.0', java.version: '1.8.0_202'
Driver info: org.openqa.selenium.chrome.ChromeDriver
Capabilities [{networkConnectionEnabled=false, chrome={chromedriverVersion=100.0.4896.20 (f9d71f93d32a6487809d6f35a9670c879fe97dfe-refs/branch-heads/4896@{#203}), userDataDir=C:\Users\nmaduru\AppData\Local\Temp\scoped_dir728_1100807178}, timeouts={implicit=0.0, pageLoad=300000.0, script=30000.0}, pageLoadStrategy=normal, unhandledPromptBehavior=dismiss and notify, strictFileInteractability=false, platform=ANY, proxy=Proxy(), goog:chromeOptions={debuggerAddress=localhost:63232}, webauthn:extension:credBlob=true, acceptInsecureCerts=true, browserVersion=101.0.4951.67, browserName=chrome, javascriptEnabled=true, platformName=windows, setWindowRect=true, webauthn:extension:largeBlob=true, webauthn:virtualAuthenticators=true}]
Session ID: 3d89e86ba6ef90e7d6c80ba030debb72
*** Element info: {Using=xpath, value=//*[@class='table']/*[1]/*[2]/*[3]/*/*/*//*[@title='Edit series'] | //*[@class='table']/*[1]/*[2]/*[4]//*[@class='series-name--title']}
	at sun.reflect.GeneratedConstructorAccessor18.newInstance(Unknown Source)
	at sun.reflect.DelegatingConstructorAccessorImpl.newInstance(DelegatingConstructorAccessorImpl.java:45)
	at java.lang.reflect.Constructor.newInstance(Constructor.java:423)
	at org.openqa.selenium.remote.http.W3CHttpResponseCodec.createException(W3CHttpResponseCodec.java:150)
	at org.openqa.selenium.remote.http.W3CHttpResponseCodec.decode(W3CHttpResponseCodec.java:115)
	at org.openqa.selenium.remote.http.W3CHttpResponseCodec.decode(W3CHttpResponseCodec.java:45)
	at org.openqa.selenium.remote.HttpCommandExecutor.execute(HttpCommandExecutor.java:164)
	at org.openqa.selenium.remote.service.DriverCommandExecutor.execute(DriverCommandExecutor.java:82)
	at org.openqa.selenium.remote.RemoteWebDriver.execute(RemoteWebDriver.java:637)
	at org.openqa.selenium.remote.RemoteWebDriver.findElement(RemoteWebDriver.java:410)
	at org.openqa.selenium.remote.RemoteWebDriver.findElementByXPath(RemoteWebDriver.java:509)
	at org.openqa.selenium.By$ByXPath.findElement(By.java:361)
	at org.openqa.selenium.remote.RemoteWebDriver.findElement(RemoteWebDriver.java:402)
	at CDMNext.util.CommonFunctionality.getElementByXpath(CommonFunctionality.java:513)
	at CDMNext.StepDefinations.Histogram.click_on_edit_series_icon(Histogram.java:1063)
	at ✽.And Click on edit series icon(Histogram.feature:2482)
</pre></pre></td>
                                                    </tr>
                                        </tbody>
                                    </table>
                                </div>
                            </div>
                        </li>
                        <li class='exception displayed active'>
                            <div class='exception-heading'>
                                <span class='exception-name'>java.lang.AssertionError</span>
                                <span class='exception-count right'><span class='label red lighten-1 white-text'>2</span></span>
                            </div>
                            <div class='exception-content hide'>
                                <div class='exception-tests'>
                                    <table class='bordered table-results'>
                                        <thead>
                                        <tr>
                                            <th>Timestamp</th>
                                            <th>TestName</th>
                                            <th>Status</th>
                                        </tr>
                                        </thead>
                                        <tbody>
                                                    <tr>
                                                        <td>May 30, 2022 08:06:40 PM</td>
                                                        <td class='linked' test-id='27'>Verifying Histogram Visual functionality.TC_Histogram_157:Edit Histogram - Copyright - Verify horizontal alignment (left, right, center).Then The copyright image should align to "Left"</td>
                                                        <td><pre><pre>java.lang.AssertionError: Verification Failed
	at org.testng.Assert.fail(Assert.java:94)
	at CDMNext.StepDefinations.Histogram.the_copyright_image_should_align_to(Histogram.java:3139)
	at ✽.Then The copyright image should align to "Left"(Histogram.feature:1381)
</pre></pre></td>
                                                    </tr>
                                                    <tr>
                                                        <td>May 30, 2022 09:00:30 PM</td>
                                                        <td class='linked' test-id='230'>Verifying Histogram Visual functionality.TC_Histogram_248:Right click - Verify Paste visual.And Choose "Paste visual"</td>
                                                        <td><pre><pre>java.lang.AssertionError: Paste visual option is disabled
	at org.testng.Assert.fail(Assert.java:94)
	at CDMNext.StepDefinations.Commentary.choose(Commentary.java:1826)
	at ✽.And Choose "Paste visual"(Histogram.feature:2157)
</pre></pre></td>
                                                    </tr>
                                        </tbody>
                                    </table>
                                </div>
                            </div>
                        </li>
                        <li class='exception displayed active'>
                            <div class='exception-heading'>
                                <span class='exception-name'>org.openqa.selenium.ElementNotInteractableException</span>
                                <span class='exception-count right'><span class='label red lighten-1 white-text'>2</span></span>
                            </div>
                            <div class='exception-content hide'>
                                <div class='exception-tests'>
                                    <table class='bordered table-results'>
                                        <thead>
                                        <tr>
                                            <th>Timestamp</th>
                                            <th>TestName</th>
                                            <th>Status</th>
                                        </tr>
                                        </thead>
                                        <tbody>
                                                    <tr>
                                                        <td>May 30, 2022 08:31:32 PM</td>
                                                        <td class='linked' test-id='146'>Verifying Histogram Visual functionality.TC_Histogram_179:Edit Histogram - Verify title icon on visual.And Click on edit icon for Edit visual popup</td>
                                                        <td><pre><pre>org.openqa.selenium.ElementNotInteractableException: element not interactable
  (Session info: chrome=101.0.4951.67)
Build info: version: '3.4.0', revision: 'unknown', time: 'unknown'
System info: host: 'IN-BLR-L008', ip: '192.168.56.1', os.name: 'Windows 10', os.arch: 'amd64', os.version: '10.0', java.version: '1.8.0_202'
Driver info: org.openqa.selenium.chrome.ChromeDriver
Capabilities [{networkConnectionEnabled=false, chrome={chromedriverVersion=100.0.4896.20 (f9d71f93d32a6487809d6f35a9670c879fe97dfe-refs/branch-heads/4896@{#203}), userDataDir=C:\Users\nmaduru\AppData\Local\Temp\scoped_dir728_1100807178}, timeouts={implicit=0.0, pageLoad=300000.0, script=30000.0}, pageLoadStrategy=normal, unhandledPromptBehavior=dismiss and notify, strictFileInteractability=false, platform=ANY, proxy=Proxy(), goog:chromeOptions={debuggerAddress=localhost:63232}, webauthn:extension:credBlob=true, acceptInsecureCerts=true, browserVersion=101.0.4951.67, browserName=chrome, javascriptEnabled=true, platformName=windows, setWindowRect=true, webauthn:extension:largeBlob=true, webauthn:virtualAuthenticators=true}]
Session ID: 3d89e86ba6ef90e7d6c80ba030debb72
	at sun.reflect.NativeConstructorAccessorImpl.newInstance0(Native Method)
	at sun.reflect.NativeConstructorAccessorImpl.newInstance(NativeConstructorAccessorImpl.java:62)
	at sun.reflect.DelegatingConstructorAccessorImpl.newInstance(DelegatingConstructorAccessorImpl.java:45)
	at java.lang.reflect.Constructor.newInstance(Constructor.java:423)
	at org.openqa.selenium.remote.http.W3CHttpResponseCodec.createException(W3CHttpResponseCodec.java:150)
	at org.openqa.selenium.remote.http.W3CHttpResponseCodec.decode(W3CHttpResponseCodec.java:115)
	at org.openqa.selenium.remote.http.W3CHttpResponseCodec.decode(W3CHttpResponseCodec.java:45)
	at org.openqa.selenium.remote.HttpCommandExecutor.execute(HttpCommandExecutor.java:164)
	at org.openqa.selenium.remote.service.DriverCommandExecutor.execute(DriverCommandExecutor.java:82)
	at org.openqa.selenium.remote.RemoteWebDriver.execute(RemoteWebDriver.java:637)
	at org.openqa.selenium.remote.RemoteWebElement.execute(RemoteWebElement.java:272)
	at org.openqa.selenium.remote.RemoteWebElement.click(RemoteWebElement.java:82)
	at CDMNext.StepDefinations.Histogram.click_on_edit_icon_for_Edit_visual_popup(Histogram.java:1411)
	at ✽.And Click on edit icon for Edit visual popup(Histogram.feature:1628)
</pre></pre></td>
                                                    </tr>
                                                    <tr>
                                                        <td>May 30, 2022 09:03:34 PM</td>
                                                        <td class='linked' test-id='241'>Verifying Histogram Visual functionality.TC_Histogram_265:Rename - Verify 'Edit series info' dropdown.And Create histogram visual with series</td>
                                                        <td><pre><pre>org.openqa.selenium.ElementNotInteractableException: element not interactable
  (Session info: chrome=101.0.4951.67)
Build info: version: '3.4.0', revision: 'unknown', time: 'unknown'
System info: host: 'IN-BLR-L008', ip: '192.168.56.1', os.name: 'Windows 10', os.arch: 'amd64', os.version: '10.0', java.version: '1.8.0_202'
Driver info: org.openqa.selenium.chrome.ChromeDriver
Capabilities [{networkConnectionEnabled=false, chrome={chromedriverVersion=100.0.4896.20 (f9d71f93d32a6487809d6f35a9670c879fe97dfe-refs/branch-heads/4896@{#203}), userDataDir=C:\Users\nmaduru\AppData\Local\Temp\scoped_dir728_1100807178}, timeouts={implicit=0.0, pageLoad=300000.0, script=30000.0}, pageLoadStrategy=normal, unhandledPromptBehavior=dismiss and notify, strictFileInteractability=false, platform=ANY, proxy=Proxy(), goog:chromeOptions={debuggerAddress=localhost:63232}, webauthn:extension:credBlob=true, acceptInsecureCerts=true, browserVersion=101.0.4951.67, browserName=chrome, javascriptEnabled=true, platformName=windows, setWindowRect=true, webauthn:extension:largeBlob=true, webauthn:virtualAuthenticators=true}]
Session ID: 3d89e86ba6ef90e7d6c80ba030debb72
	at sun.reflect.NativeConstructorAccessorImpl.newInstance0(Native Method)
	at sun.reflect.NativeConstructorAccessorImpl.newInstance(NativeConstructorAccessorImpl.java:62)
	at sun.reflect.DelegatingConstructorAccessorImpl.newInstance(DelegatingConstructorAccessorImpl.java:45)
	at java.lang.reflect.Constructor.newInstance(Constructor.java:423)
	at org.openqa.selenium.remote.http.W3CHttpResponseCodec.createException(W3CHttpResponseCodec.java:150)
	at org.openqa.selenium.remote.http.W3CHttpResponseCodec.decode(W3CHttpResponseCodec.java:115)
	at org.openqa.selenium.remote.http.W3CHttpResponseCodec.decode(W3CHttpResponseCodec.java:45)
	at org.openqa.selenium.remote.HttpCommandExecutor.execute(HttpCommandExecutor.java:164)
	at org.openqa.selenium.remote.service.DriverCommandExecutor.execute(DriverCommandExecutor.java:82)
	at org.openqa.selenium.remote.RemoteWebDriver.execute(RemoteWebDriver.java:637)
	at org.openqa.selenium.remote.RemoteWebElement.execute(RemoteWebElement.java:272)
	at org.openqa.selenium.remote.RemoteWebElement.click(RemoteWebElement.java:82)
	at CDMNext.StepDefinations.Histogram.add_series_to_the_my_series_tab(Histogram.java:260)
	at CDMNext.StepDefinations.Histogram.create_histogram_visual_with_series(Histogram.java:352)
	at ✽.And Create histogram visual with series(Histogram.feature:2282)
</pre></pre></td>
                                                    </tr>
                                        </tbody>
                                    </table>
                                </div>
                            </div>
                        </li>
                        <li class='exception displayed active'>
                            <div class='exception-heading'>
                                <span class='exception-name'>org.openqa.selenium.WebDriverException</span>
                                <span class='exception-count right'><span class='label red lighten-1 white-text'>1</span></span>
                            </div>
                            <div class='exception-content hide'>
                                <div class='exception-tests'>
                                    <table class='bordered table-results'>
                                        <thead>
                                        <tr>
                                            <th>Timestamp</th>
                                            <th>TestName</th>
                                            <th>Status</th>
                                        </tr>
                                        </thead>
                                        <tbody>
                                                    <tr>
                                                        <td>May 30, 2022 08:38:29 PM</td>
                                                        <td class='linked' test-id='167'>Verifying Histogram Visual functionality.TC_Histogram_200:Edit Histogram - Edit series - Verify applying currency in series level.And Create histogram visual with series</td>
                                                        <td><pre><textarea>org.openqa.selenium.WebDriverException: element click intercepted: Element <div class="insight-page-menu-views-container--add" data-add-view="" title="Create new View tab" style="">...</div> is not clickable at point (856, 97). Other element would receive the click: <div class="base-config histogram-config" data-view-item-id="view2215">...</div>
  (Session info: chrome=101.0.4951.67)
Build info: version: '3.4.0', revision: 'unknown', time: 'unknown'
System info: host: 'IN-BLR-L008', ip: '192.168.56.1', os.name: 'Windows 10', os.arch: 'amd64', os.version: '10.0', java.version: '1.8.0_202'
Driver info: org.openqa.selenium.chrome.ChromeDriver
Capabilities [{networkConnectionEnabled=false, chrome={chromedriverVersion=100.0.4896.20 (f9d71f93d32a6487809d6f35a9670c879fe97dfe-refs/branch-heads/4896@{#203}), userDataDir=C:\Users\nmaduru\AppData\Local\Temp\scoped_dir728_1100807178}, timeouts={implicit=0.0, pageLoad=300000.0, script=30000.0}, pageLoadStrategy=normal, unhandledPromptBehavior=dismiss and notify, strictFileInteractability=false, platform=ANY, proxy=Proxy(), goog:chromeOptions={debuggerAddress=localhost:63232}, webauthn:extension:credBlob=true, acceptInsecureCerts=true, browserVersion=101.0.4951.67, browserName=chrome, javascriptEnabled=true, platformName=windows, setWindowRect=true, webauthn:extension:largeBlob=true, webauthn:virtualAuthenticators=true}]
Session ID: 3d89e86ba6ef90e7d6c80ba030debb72
	at sun.reflect.NativeConstructorAccessorImpl.newInstance0(Native Method)
	at sun.reflect.NativeConstructorAccessorImpl.newInstance(NativeConstructorAccessorImpl.java:62)
	at sun.reflect.DelegatingConstructorAccessorImpl.newInstance(DelegatingConstructorAccessorImpl.java:45)
	at java.lang.reflect.Constructor.newInstance(Constructor.java:423)
	at org.openqa.selenium.remote.http.W3CHttpResponseCodec.createException(W3CHttpResponseCodec.java:150)
	at org.openqa.selenium.remote.http.W3CHttpResponseCodec.decode(W3CHttpResponseCodec.java:115)
	at org.openqa.selenium.remote.http.W3CHttpResponseCodec.decode(W3CHttpResponseCodec.java:45)
	at org.openqa.selenium.remote.HttpCommandExecutor.execute(HttpCommandExecutor.java:164)
	at org.openqa.selenium.remote.service.DriverCommandExecutor.execute(DriverCommandExecutor.java:82)
	at org.openqa.selenium.remote.RemoteWebDriver.execute(RemoteWebDriver.java:637)
	at org.openqa.selenium.remote.RemoteWebElement.execute(RemoteWebElement.java:272)
	at org.openqa.selenium.remote.RemoteWebElement.click(RemoteWebElement.java:82)
	at CDMNext.StepDefinations.Commentary.CreateViewTab(Commentary.java:2190)
	at CDMNext.StepDefinations.Histogram.create_histogram_visual_with_series(Histogram.java:350)
	at ✽.And Create histogram visual with series(Histogram.feature:1792)
</textarea></pre></td>
                                                    </tr>
                                        </tbody>
                                    </table>
                                </div>
                            </div>
                        </li>
                </ul>
        </div>
    </div>

    <div class='subview-right left'>
        <div class='view-summary'>
            <h5 class='exception-name'></h5>
        </div>
    </div>
</div>
<!-- exception view -->
<div id='dashboard-view' class='view hide'>
	<div class='card-panel transparent np-v'>
		<h5>Dashboard</h5>

		<div class='row'>
			<div class='col s2'>
				<div class='card-panel r'>
					Features
					<div class='panel-lead'>1</div>
				</div>
			</div>
			<div class='col s2'>
				<div class='card-panel r'>
					Scenarios
					<div class='panel-lead'>38</div>
				</div>
			</div>
			<div class='col s2'>
				<div class='card-panel r'>
					Steps
					<div class='panel-lead'>224</div>
				</div>
			</div>
			<div class='col s2'>
				<div class='card-panel r'>
					Start
					<div class='panel-lead'>May 30, 2022 08:00:57 PM</div>
				</div>
			</div>
			<div class='col s2'>
				<div class='card-panel r'>
			 		End
			 		<div class='panel-lead'>May 30, 2022 09:12:19 PM</div>
				</div>
			</div>
			<div class='col s2'>
				<div class='card-panel r'>
					Time Taken
					<div class='panel-lead'>1h 11m 22s+112ms</div>
				</div>
			</div>
			<div class='col s6'>
				<div class='card-panel dashboard-categories'>
					<span class='right label cyan white-text'>Categories</span><p>&nbsp;</p>
					
					<table>
						<tr>
							<th>Name</th>
							<th>Passed</th>
							<th>Failed</th>
							<th>Others</th>
							<th>Passed %</th>
						</tr>
						<tr>
							<td>@Histogram1</td>
							<td>15</td>
							<td>23</td>
							<td>0</td>
							<td>
									39.474%
							</td>
						</tr>
					</table>
				</div>
			</div>
		</div>
	</div>
</div>
<!-- dashboard view -->
<!-- testrunner-logs view -->
		</div>
		<!-- container -->

		<script>
			var statusGroup = {
				passParent: 0,
				failParent: 1,
				fatalParent: 0,
				errorParent: 0,
				warningParent: 0,
				skipParent: 0,
				exceptionsParent: 1,
				
				passChild: 15,
				failChild: 23,
				fatalChild: 0,
				errorChild: 0,
				warningChild: 0,
				skipChild: 0,
				infoChild: 0,
				exceptionsChild: 23,
				
				passGrandChild: 135,
				failGrandChild: 23,
				fatalGrandChild: 0,
				errorGrandChild: 0,
				warningGrandChild: 0,
				skipGrandChild: 66,
				infoGrandChild: 0,
				exceptionsGrandChild: 89,
			};
		</script>
		
			<script src='https://cdn.rawgit.com/anshooarora/extentreports-java/fca20fb7653aade98810546ab96a2a4360e3e712/dist/js/extent.js' type='text/javascript'></script>
		
		
 		<script type='text/javascript'>
 		</script>
	</body>
	
</html>
