
<!DOCTYPE html>
<html>


<head>
	<meta charset='utf-8' /> 
	<meta name='description' content='' />
	<meta name='robots' content='noodp, noydir' />
	<meta name='viewport' content='width=device-width, initial-scale=1' />
	<meta id="timeStampFormat" name="timeStampFormat" content='MMM d, yyyy hh:mm:ss a'/>
	
	<link href='https://fonts.googleapis.com/css?family=Source+Sans+Pro:400,600' rel='stylesheet' type='text/css' />
	<link href="https://fonts.googleapis.com/icon?family=Material+Icons" rel="stylesheet" />

		<link href='https://cdn.rawgit.com/anshooarora/extentreports-java/b4a58fcfd1e137bd9287244035a7c80d3d73b3af/dist/css/extent.css' type='text/css' rel='stylesheet' />
	
	<title>ExtentReports</title>

	<style type='text/css'>
	</style>
</head>

	<body class='extent standard default hide-overflow bdd-report'>
		<div id='theme-selector' alt='Click to toggle theme. To enable by default, use theme configuration.' title='Click to toggle theme. To enable by default, use theme configuration.'>
			<span><i class='material-icons'>desktop_windows</i></span>
		</div>

<nav>
	<div class="nav-wrapper">
		<a href="#!" class="brand-logo blue darken-3">Extent</a>

		<!-- slideout menu -->
		<ul id='slide-out' class='side-nav fixed hide-on-med-and-down'>
			<li class='waves-effect active'><a href='#!' view='test-view' onclick="configureView(0);chartsView('test');"><i class='material-icons'>dashboard</i></a></li>
						<li class='waves-effect'><a href='#!' view='category-view' onclick="configureView(1)"><i class='material-icons'>label_outline</i></a></li>
			<li class='waves-effect'><a href='#!' view='exception-view' onclick="configureView(2)"><i class='material-icons'>bug_report</i></a></li>
			<li class='waves-effect'><a href='#!' onclick="configureView(-1);chartsView('dashboard');" view='dashboard-view'><i class='material-icons'>track_changes</i></i></a></li>
		</ul>

		<!-- report name -->
		<span class='report-name'>ExtentReports</span>
		
		<!-- report headline -->
		<span class='report-headline'></span>

		<!-- nav-right -->
		<ul id='nav-mobile' class='right hide-on-med-and-down nav-right'>
			<li>
                <a href='#!'>
                    <span class='label suite-start-time blue darken-3'>May 27, 2022 04:36:36 PM</span>
				</a>
			</li>
			<li>
                <a href='#!'>
                    <span class='label blue darken-3'>3.1.5</span>
				</a>
			</li>
		</ul>
	</div>
</nav>

		<!-- container -->
		<div class='container'>

<div id='test-view' class='view'>
				
	<section id='controls'>
		<div class='controls grey lighten-4'>
			<!-- test toggle -->
			<div class='chip transparent'>
				<a class='dropdown-button tests-toggle' data-activates='tests-toggle' data-constrainwidth='true' data-beloworigin='true' data-hover='true' href='#'>
					<i class='material-icons'>warning</i> Status
				</a>
				<ul id='tests-toggle' class='dropdown-content'>
											<li status='pass'><a href='#!'>Pass <i class='material-icons green-text'>check_circle</i></a></li>
						<li status='fail'><a href='#!'>Fail <i class='material-icons red-text'>cancel</i></a></li>
						<li status='skip'><a href='#!'>Skip <i class='material-icons cyan-text'>redo</i></a></li>
					<li class='divider'></li>
					<li status='clear' clear='true'><a href='#!'>Clear Filters <i class='material-icons'>clear</i></a></li>
				</ul>
			</div>
			<!-- test toggle -->

			<!-- category toggle -->
			<div class='chip transparent'>
				<a class='dropdown-button category-toggle' data-activates='category-toggle' data-constrainwidth='false' data-beloworigin='true' data-hover='true' href='#'>
					<i class='material-icons'>local_offer</i> Category
				</a>
				<ul id='category-toggle' class='dropdown-content'>
					<li><a href='#'>@Commentary1</a></li>
					<li class='divider'></li>
					<li class='clear'><a href='#!' clear='true'>Clear Filters</a></li>
				</ul>
			</div>
			<!-- category toggle -->

			<!-- clear filters -->
			<div class='chip transparent hide'>
				<a class='' id='clear-filters' alt='Clear Filters' title='Clear Filters'>
					<i class='material-icons'>close</i> Clear
				</a>
			</div>
			<!-- clear filters -->

			<!-- enable dashboard -->
			<div id='toggle-test-view-charts' class='chip transparent'>
				<a class='pink-text' id='enable-dashboard' alt='Enable Dashboard' title='Enable Dashboard'>
					<i class='material-icons'>track_changes</i> Dashboard
				</a>
			</div>
			<!-- enable dashboard -->

			<!-- search -->
			<div class='chip transparent' alt='Search Tests' title='Search Tests'>
				<a href="#" class='search-div'>
					<i class='material-icons'>search</i> Search
				</a>

				<div class='input-field left hide'>
					<input id='search-tests' type='text' class='validate browser-default' placeholder='Search Tests...'>
				</div>
				
			</div>
			<!-- search -->
		</div>
	</section>


<div id='test-view-charts' class='subview-full'>
	<div id='charts-row' class='row nm-v nm-h'>
		<div class='col s12 m4 l4 np-h'>
			<div class='card-panel nm-v'>
				<div class='left panel-name'>Features</div>
				<div class='chart-box'>
					<canvas id='parent-analysis' width='100' height='80'></canvas>
				</div>
				<div class='block text-small'>
					<span class='tooltipped' data-position='top' data-tooltip='0%'><span class='strong'>0</span> feature(s) passed</span>
				</div>
				<div class='block text-small'>
					<span class='strong tooltipped' data-position='top' data-tooltip='100%'>1</span> feature(s) failed, <span class='strong tooltipped' data-position='top' data-tooltip='0%'>0</span> others
				</div>
			</div>
		</div>
		
		<div class='col s12 m4 l4 np-h'>
			<div class='card-panel nm-v'>
				<div class='left panel-name'>Scenarios</div>
				<div class='chart-box'>
					<canvas id='child-analysis' width='100' height='80'></canvas>
				</div>
				<div class='block text-small'>
					<span class='tooltipped' data-position='top' data-tooltip='14.286%'><span class='strong'>5</span> scenario(s) passed</span>
				</div>
				<div class='block text-small'>
					<span class='strong tooltipped' data-position='top' data-tooltip='85.714%'>30</span> scenario(s) failed, <span class='strong tooltipped' data-position='top' data-tooltip='0%'>0</span> others
				</div>
			</div>
		</div>
		
		<div class='col s12 m4 l4 np-h'>
			<div class='card-panel nm-v'>
				<div class='left panel-name'>Steps</div>
				<div class='chart-box'>
					<canvas id='grandchild-analysis' width='100' height='80'></canvas>
				</div>
				<div class='block text-small'>
					<span class='tooltipped' data-position='top' data-tooltip='68.142%'><span class='strong'>154</span> step(s) passed</span>
				</div>
				<div class='block text-small'>
					<span class='strong tooltipped' data-position='top' data-tooltip='13.274%'>30</span> step(s) failed, <span class='strong tooltipped' data-position='top' data-tooltip='18.584%'>42</span> others
				</div>
			</div>
		</div>
	</div>
</div>

	<div class='subview-left left'>
		
		<div class='view-summary'>
			<h5>Features</h5>
			<ul id='test-collection' class='test-collection'>
				
				
				<li class='test displayed active has-leaf fail' status='fail' bdd='true' test-id='1'>
					<div class='test-heading'>
						<span class='test-name'>Verifying Commentary Visual functionality</span>
						<span class='test-time'>May 27, 2022 04:36:36 PM</span>
						<span class='test-status right fail'>fail</span>
					</div>
					<div class='test-content hide'>
<div class='scenario node' test-id='2' status='pass'>
	<div class='category-list'>
		<span class='category label white-text'>@Commentary1</span>
	</div>
	<span class='duration right label'>0h 1m 31s+886ms</span>
	<div class='desc'>
		<b>Scenario</b>
		<span class="desc-text">TC_Commentary_57:Verify Delete commentary</span>
	</div>
	<ul class='steps'>
		<li test-id='3' class='node and pass' status='pass'>
			
			<b>And</b>
			
			<span class="bdd-step-name">And Add some text in the description field</span>
				<div class='pre'>passed</div>
			
		</li>
		<li test-id='4' class='node and pass' status='pass'>
			
			<b>And</b>
			
			<span class="bdd-step-name">And Click on "delete"</span>
				<div class='pre'>passed</div>
			
		</li>
		<li test-id='5' class='node then pass' status='pass'>
			
			<b>Then</b>
			
			<span class="bdd-step-name">Then "Confirmation" popup should be dispalyed</span>
				<div class='pre'>passed</div>
			
		</li>
	</ul>
</div>
<div class='scenario node' test-id='6' status='pass'>
	<div class='category-list'>
		<span class='category label white-text'>@Commentary1</span>
	</div>
	<span class='duration right label'>0h 1m 21s+417ms</span>
	<div class='desc'>
		<b>Scenario</b>
		<span class="desc-text">TC_Commentary_58:Verify description for delete confirmation popup</span>
	</div>
	<ul class='steps'>
		<li test-id='7' class='node and pass' status='pass'>
			
			<b>And</b>
			
			<span class="bdd-step-name">And Add some text in the description field</span>
				<div class='pre'>passed</div>
			
		</li>
		<li test-id='8' class='node and pass' status='pass'>
			
			<b>And</b>
			
			<span class="bdd-step-name">And Click on "delete"</span>
				<div class='pre'>passed</div>
			
		</li>
		<li test-id='9' class='node then pass' status='pass'>
			
			<b>Then</b>
			
			<span class="bdd-step-name">Then "Do you want to remove this visual?" popup should be dispalyed</span>
				<div class='pre'>passed</div>
			
		</li>
	</ul>
</div>
<div class='scenario node' test-id='10' status='pass'>
	<div class='category-list'>
		<span class='category label white-text'>@Commentary1</span>
	</div>
	<span class='duration right label'>0h 1m 17s+189ms</span>
	<div class='desc'>
		<b>Scenario</b>
		<span class="desc-text">TC_Commentary_60:Table - Verify insert table</span>
	</div>
	<ul class='steps'>
		<li test-id='11' class='node and pass' status='pass'>
			
			<b>And</b>
			
			<span class="bdd-step-name">And Create Commentary visual</span>
				<div class='pre'>passed</div>
			
		</li>
		<li test-id='12' class='node and pass' status='pass'>
			
			<b>And</b>
			
			<span class="bdd-step-name">And Click on "Table" drop down</span>
				<div class='pre'>passed</div>
			
		</li>
		<li test-id='13' class='node and pass' status='pass'>
			
			<b>And</b>
			
			<span class="bdd-step-name">And Create table</span>
				<div class='pre'>passed</div>
			
		</li>
		<li test-id='14' class='node then pass' status='pass'>
			
			<b>Then</b>
			
			<span class="bdd-step-name">Then Table should be created as per the selection</span>
				<div class='pre'>passed</div>
			
		</li>
	</ul>
</div>
<div class='scenario node' test-id='15' status='fail'>
	<div class='category-list'>
		<span class='category label white-text'>@Commentary1</span>
	</div>
	<span class='duration right label'>0h 1m 4s+746ms</span>
	<div class='desc'>
		<b>Scenario</b>
		<span class="desc-text">TC_Commentary_61:Table - Verify Table properties</span>
	</div>
	<ul class='steps'>
		<li test-id='16' class='node and pass' status='pass'>
			
			<b>And</b>
			
			<span class="bdd-step-name">And Create Commentary visual</span>
				<div class='pre'>passed</div>
			
		</li>
		<li test-id='17' class='node and pass' status='pass'>
			
			<b>And</b>
			
			<span class="bdd-step-name">And Click on "Table" drop down</span>
				<div class='pre'>passed</div>
			
		</li>
		<li test-id='18' class='node and fail' status='fail'>
			
			<b>And</b>
			
			<span class="bdd-step-name">And Create table</span>
				<div class='pre'><pre>org.openqa.selenium.NoSuchElementException: no such element: Unable to locate element: {"method":"xpath","selector":"//*[@title='Table']//*[contains(text(),'Table')]"}
  (Session info: chrome=101.0.4951.67)
For documentation on this error, please visit: http://seleniumhq.org/exceptions/no_such_element.html
Build info: version: '3.4.0', revision: 'unknown', time: 'unknown'
System info: host: 'IN-BLR-L008', ip: '192.168.56.1', os.name: 'Windows 10', os.arch: 'amd64', os.version: '10.0', java.version: '1.8.0_202'
Driver info: org.openqa.selenium.chrome.ChromeDriver
Capabilities [{networkConnectionEnabled=false, chrome={chromedriverVersion=100.0.4896.20 (f9d71f93d32a6487809d6f35a9670c879fe97dfe-refs/branch-heads/4896@{#203}), userDataDir=C:\Users\nmaduru\AppData\Local\Temp\scoped_dir13608_167844171}, timeouts={implicit=0.0, pageLoad=300000.0, script=30000.0}, pageLoadStrategy=normal, unhandledPromptBehavior=dismiss and notify, strictFileInteractability=false, platform=ANY, proxy=Proxy(), goog:chromeOptions={debuggerAddress=localhost:52300}, webauthn:extension:credBlob=true, acceptInsecureCerts=true, browserVersion=101.0.4951.67, browserName=chrome, javascriptEnabled=true, platformName=windows, setWindowRect=true, webauthn:extension:largeBlob=true, webauthn:virtualAuthenticators=true}]
Session ID: eff4a89b1b34ead970fb37314f1a4c7c
*** Element info: {Using=xpath, value=//*[@title='Table']//*[contains(text(),'Table')]}
	at sun.reflect.NativeConstructorAccessorImpl.newInstance0(Native Method)
	at sun.reflect.NativeConstructorAccessorImpl.newInstance(NativeConstructorAccessorImpl.java:62)
	at sun.reflect.DelegatingConstructorAccessorImpl.newInstance(DelegatingConstructorAccessorImpl.java:45)
	at java.lang.reflect.Constructor.newInstance(Constructor.java:423)
	at org.openqa.selenium.remote.http.W3CHttpResponseCodec.createException(W3CHttpResponseCodec.java:150)
	at org.openqa.selenium.remote.http.W3CHttpResponseCodec.decode(W3CHttpResponseCodec.java:115)
	at org.openqa.selenium.remote.http.W3CHttpResponseCodec.decode(W3CHttpResponseCodec.java:45)
	at org.openqa.selenium.remote.HttpCommandExecutor.execute(HttpCommandExecutor.java:164)
	at org.openqa.selenium.remote.service.DriverCommandExecutor.execute(DriverCommandExecutor.java:82)
	at org.openqa.selenium.remote.RemoteWebDriver.execute(RemoteWebDriver.java:637)
	at org.openqa.selenium.remote.RemoteWebDriver.findElement(RemoteWebDriver.java:410)
	at org.openqa.selenium.remote.RemoteWebDriver.findElementByXPath(RemoteWebDriver.java:509)
	at org.openqa.selenium.By$ByXPath.findElement(By.java:361)
	at org.openqa.selenium.remote.RemoteWebDriver.findElement(RemoteWebDriver.java:402)
	at CDMNext.util.CommonFunctionality.getElementByProperty(CommonFunctionality.java:480)
	at CDMNext.StepDefinations.Commentary.create_table(Commentary.java:1190)
	at ✽.And Create table(Commentary.feature:421)
</pre></div>
			
		</li>
		<li test-id='19' class='node and skip' status='skip'>
			
			<b>And</b>
			
			<span class="bdd-step-name">And Click on "Table" drop down</span>
				<div class='pre'>skipped</div>
			
		</li>
		<li test-id='20' class='node and skip' status='skip'>
			
			<b>And</b>
			
			<span class="bdd-step-name">And Click on "Table properties"</span>
				<div class='pre'>skipped</div>
			
		</li>
		<li test-id='21' class='node then skip' status='skip'>
			
			<b>Then</b>
			
			<span class="bdd-step-name">Then The "Table properties" popup should be displayed</span>
				<div class='pre'>skipped</div>
			
		</li>
	</ul>
</div>
<div class='scenario node' test-id='22' status='fail'>
	<div class='category-list'>
		<span class='category label white-text'>@Commentary1</span>
	</div>
	<span class='duration right label'>0h 1m 4s+694ms</span>
	<div class='desc'>
		<b>Scenario</b>
		<span class="desc-text">TC_Commentary_62:Table - properties - verify width field for table</span>
	</div>
	<ul class='steps'>
		<li test-id='23' class='node and pass' status='pass'>
			
			<b>And</b>
			
			<span class="bdd-step-name">And Create Commentary visual</span>
				<div class='pre'>passed</div>
			
		</li>
		<li test-id='24' class='node and pass' status='pass'>
			
			<b>And</b>
			
			<span class="bdd-step-name">And Click on "Table" drop down</span>
				<div class='pre'>passed</div>
			
		</li>
		<li test-id='25' class='node and fail' status='fail'>
			
			<b>And</b>
			
			<span class="bdd-step-name">And Create table</span>
				<div class='pre'><pre>org.openqa.selenium.NoSuchElementException: no such element: Unable to locate element: {"method":"xpath","selector":"//*[@title='Table']//*[contains(text(),'Table')]"}
  (Session info: chrome=101.0.4951.67)
For documentation on this error, please visit: http://seleniumhq.org/exceptions/no_such_element.html
Build info: version: '3.4.0', revision: 'unknown', time: 'unknown'
System info: host: 'IN-BLR-L008', ip: '192.168.56.1', os.name: 'Windows 10', os.arch: 'amd64', os.version: '10.0', java.version: '1.8.0_202'
Driver info: org.openqa.selenium.chrome.ChromeDriver
Capabilities [{networkConnectionEnabled=false, chrome={chromedriverVersion=100.0.4896.20 (f9d71f93d32a6487809d6f35a9670c879fe97dfe-refs/branch-heads/4896@{#203}), userDataDir=C:\Users\nmaduru\AppData\Local\Temp\scoped_dir13608_167844171}, timeouts={implicit=0.0, pageLoad=300000.0, script=30000.0}, pageLoadStrategy=normal, unhandledPromptBehavior=dismiss and notify, strictFileInteractability=false, platform=ANY, proxy=Proxy(), goog:chromeOptions={debuggerAddress=localhost:52300}, webauthn:extension:credBlob=true, acceptInsecureCerts=true, browserVersion=101.0.4951.67, browserName=chrome, javascriptEnabled=true, platformName=windows, setWindowRect=true, webauthn:extension:largeBlob=true, webauthn:virtualAuthenticators=true}]
Session ID: eff4a89b1b34ead970fb37314f1a4c7c
*** Element info: {Using=xpath, value=//*[@title='Table']//*[contains(text(),'Table')]}
	at sun.reflect.NativeConstructorAccessorImpl.newInstance0(Native Method)
	at sun.reflect.NativeConstructorAccessorImpl.newInstance(NativeConstructorAccessorImpl.java:62)
	at sun.reflect.DelegatingConstructorAccessorImpl.newInstance(DelegatingConstructorAccessorImpl.java:45)
	at java.lang.reflect.Constructor.newInstance(Constructor.java:423)
	at org.openqa.selenium.remote.http.W3CHttpResponseCodec.createException(W3CHttpResponseCodec.java:150)
	at org.openqa.selenium.remote.http.W3CHttpResponseCodec.decode(W3CHttpResponseCodec.java:115)
	at org.openqa.selenium.remote.http.W3CHttpResponseCodec.decode(W3CHttpResponseCodec.java:45)
	at org.openqa.selenium.remote.HttpCommandExecutor.execute(HttpCommandExecutor.java:164)
	at org.openqa.selenium.remote.service.DriverCommandExecutor.execute(DriverCommandExecutor.java:82)
	at org.openqa.selenium.remote.RemoteWebDriver.execute(RemoteWebDriver.java:637)
	at org.openqa.selenium.remote.RemoteWebDriver.findElement(RemoteWebDriver.java:410)
	at org.openqa.selenium.remote.RemoteWebDriver.findElementByXPath(RemoteWebDriver.java:509)
	at org.openqa.selenium.By$ByXPath.findElement(By.java:361)
	at org.openqa.selenium.remote.RemoteWebDriver.findElement(RemoteWebDriver.java:402)
	at CDMNext.util.CommonFunctionality.getElementByProperty(CommonFunctionality.java:480)
	at CDMNext.StepDefinations.Commentary.create_table(Commentary.java:1190)
	at ✽.And Create table(Commentary.feature:430)
</pre></div>
			
		</li>
		<li test-id='26' class='node and skip' status='skip'>
			
			<b>And</b>
			
			<span class="bdd-step-name">And Click on "Table" drop down</span>
				<div class='pre'>skipped</div>
			
		</li>
		<li test-id='27' class='node and skip' status='skip'>
			
			<b>And</b>
			
			<span class="bdd-step-name">And Click on "Table properties"</span>
				<div class='pre'>skipped</div>
			
		</li>
		<li test-id='28' class='node and skip' status='skip'>
			
			<b>And</b>
			
			<span class="bdd-step-name">And Set "width" for table "50px"</span>
				<div class='pre'>skipped</div>
			
		</li>
		<li test-id='29' class='node then skip' status='skip'>
			
			<b>Then</b>
			
			<span class="bdd-step-name">Then The table "width" should be displayed as "50px"</span>
				<div class='pre'>skipped</div>
			
		</li>
	</ul>
</div>
<div class='scenario node' test-id='30' status='fail'>
	<div class='category-list'>
		<span class='category label white-text'>@Commentary1</span>
	</div>
	<span class='duration right label'>0h 1m 16s+190ms</span>
	<div class='desc'>
		<b>Scenario</b>
		<span class="desc-text">TC_Commentary_63:Table - properties - verify hight field for table</span>
	</div>
	<ul class='steps'>
		<li test-id='31' class='node and pass' status='pass'>
			
			<b>And</b>
			
			<span class="bdd-step-name">And Create Commentary visual</span>
				<div class='pre'>passed</div>
			
		</li>
		<li test-id='32' class='node and pass' status='pass'>
			
			<b>And</b>
			
			<span class="bdd-step-name">And Click on "Table" drop down</span>
				<div class='pre'>passed</div>
			
		</li>
		<li test-id='33' class='node and pass' status='pass'>
			
			<b>And</b>
			
			<span class="bdd-step-name">And Create table</span>
				<div class='pre'>passed</div>
			
		</li>
		<li test-id='34' class='node and pass' status='pass'>
			
			<b>And</b>
			
			<span class="bdd-step-name">And Click on "Table" drop down</span>
				<div class='pre'>passed</div>
			
		</li>
		<li test-id='35' class='node and pass' status='pass'>
			
			<b>And</b>
			
			<span class="bdd-step-name">And Click on "Table properties"</span>
				<div class='pre'>passed</div>
			
		</li>
		<li test-id='36' class='node and fail' status='fail'>
			
			<b>And</b>
			
			<span class="bdd-step-name">And Set "height" for table "50px"</span>
				<div class='pre'><pre>org.openqa.selenium.NoSuchElementException: no such element: Unable to locate element: {"method":"xpath","selector":"//*[@class='tox-form__grid tox-form__grid--2col']/*[2]/*[2]"}
  (Session info: chrome=101.0.4951.67)
For documentation on this error, please visit: http://seleniumhq.org/exceptions/no_such_element.html
Build info: version: '3.4.0', revision: 'unknown', time: 'unknown'
System info: host: 'IN-BLR-L008', ip: '192.168.56.1', os.name: 'Windows 10', os.arch: 'amd64', os.version: '10.0', java.version: '1.8.0_202'
Driver info: org.openqa.selenium.chrome.ChromeDriver
Capabilities [{networkConnectionEnabled=false, chrome={chromedriverVersion=100.0.4896.20 (f9d71f93d32a6487809d6f35a9670c879fe97dfe-refs/branch-heads/4896@{#203}), userDataDir=C:\Users\nmaduru\AppData\Local\Temp\scoped_dir13608_167844171}, timeouts={implicit=0.0, pageLoad=300000.0, script=30000.0}, pageLoadStrategy=normal, unhandledPromptBehavior=dismiss and notify, strictFileInteractability=false, platform=ANY, proxy=Proxy(), goog:chromeOptions={debuggerAddress=localhost:52300}, webauthn:extension:credBlob=true, acceptInsecureCerts=true, browserVersion=101.0.4951.67, browserName=chrome, javascriptEnabled=true, platformName=windows, setWindowRect=true, webauthn:extension:largeBlob=true, webauthn:virtualAuthenticators=true}]
Session ID: eff4a89b1b34ead970fb37314f1a4c7c
*** Element info: {Using=xpath, value=//*[@class='tox-form__grid tox-form__grid--2col']/*[2]/*[2]}
	at sun.reflect.NativeConstructorAccessorImpl.newInstance0(Native Method)
	at sun.reflect.NativeConstructorAccessorImpl.newInstance(NativeConstructorAccessorImpl.java:62)
	at sun.reflect.DelegatingConstructorAccessorImpl.newInstance(DelegatingConstructorAccessorImpl.java:45)
	at java.lang.reflect.Constructor.newInstance(Constructor.java:423)
	at org.openqa.selenium.remote.http.W3CHttpResponseCodec.createException(W3CHttpResponseCodec.java:150)
	at org.openqa.selenium.remote.http.W3CHttpResponseCodec.decode(W3CHttpResponseCodec.java:115)
	at org.openqa.selenium.remote.http.W3CHttpResponseCodec.decode(W3CHttpResponseCodec.java:45)
	at org.openqa.selenium.remote.HttpCommandExecutor.execute(HttpCommandExecutor.java:164)
	at org.openqa.selenium.remote.service.DriverCommandExecutor.execute(DriverCommandExecutor.java:82)
	at org.openqa.selenium.remote.RemoteWebDriver.execute(RemoteWebDriver.java:637)
	at org.openqa.selenium.remote.RemoteWebDriver.findElement(RemoteWebDriver.java:410)
	at org.openqa.selenium.remote.RemoteWebDriver.findElementByXPath(RemoteWebDriver.java:509)
	at org.openqa.selenium.By$ByXPath.findElement(By.java:361)
	at org.openqa.selenium.remote.RemoteWebDriver.findElement(RemoteWebDriver.java:402)
	at CDMNext.util.CommonFunctionality.getElementByProperty(CommonFunctionality.java:480)
	at CDMNext.StepDefinations.Commentary.set_for_table(Commentary.java:1227)
	at ✽.And Set "height" for table "50px"(Commentary.feature:443)
</pre></div>
			
		</li>
		<li test-id='37' class='node then skip' status='skip'>
			
			<b>Then</b>
			
			<span class="bdd-step-name">Then The table "height" should be displayed as "50px"</span>
				<div class='pre'>skipped</div>
			
		</li>
	</ul>
</div>
<div class='scenario node' test-id='38' status='fail'>
	<div class='category-list'>
		<span class='category label white-text'>@Commentary1</span>
	</div>
	<span class='duration right label'>0h 1m 16s+92ms</span>
	<div class='desc'>
		<b>Scenario</b>
		<span class="desc-text">TC_Commentary_64:Table - properties - verify cell spacing field for table</span>
	</div>
	<ul class='steps'>
		<li test-id='39' class='node and pass' status='pass'>
			
			<b>And</b>
			
			<span class="bdd-step-name">And Create Commentary visual</span>
				<div class='pre'>passed</div>
			
		</li>
		<li test-id='40' class='node and pass' status='pass'>
			
			<b>And</b>
			
			<span class="bdd-step-name">And Click on "Table" drop down</span>
				<div class='pre'>passed</div>
			
		</li>
		<li test-id='41' class='node and pass' status='pass'>
			
			<b>And</b>
			
			<span class="bdd-step-name">And Create table</span>
				<div class='pre'>passed</div>
			
		</li>
		<li test-id='42' class='node and pass' status='pass'>
			
			<b>And</b>
			
			<span class="bdd-step-name">And Click on "Table" drop down</span>
				<div class='pre'>passed</div>
			
		</li>
		<li test-id='43' class='node and pass' status='pass'>
			
			<b>And</b>
			
			<span class="bdd-step-name">And Click on "Table properties"</span>
				<div class='pre'>passed</div>
			
		</li>
		<li test-id='44' class='node and fail' status='fail'>
			
			<b>And</b>
			
			<span class="bdd-step-name">And Set "cell spacing" for table "30"</span>
				<div class='pre'><pre>org.openqa.selenium.NoSuchElementException: no such element: Unable to locate element: {"method":"xpath","selector":"//*[@class='tox-form__grid tox-form__grid--2col']/*[2]/*[2]"}
  (Session info: chrome=101.0.4951.67)
For documentation on this error, please visit: http://seleniumhq.org/exceptions/no_such_element.html
Build info: version: '3.4.0', revision: 'unknown', time: 'unknown'
System info: host: 'IN-BLR-L008', ip: '192.168.56.1', os.name: 'Windows 10', os.arch: 'amd64', os.version: '10.0', java.version: '1.8.0_202'
Driver info: org.openqa.selenium.chrome.ChromeDriver
Capabilities [{networkConnectionEnabled=false, chrome={chromedriverVersion=100.0.4896.20 (f9d71f93d32a6487809d6f35a9670c879fe97dfe-refs/branch-heads/4896@{#203}), userDataDir=C:\Users\nmaduru\AppData\Local\Temp\scoped_dir13608_167844171}, timeouts={implicit=0.0, pageLoad=300000.0, script=30000.0}, pageLoadStrategy=normal, unhandledPromptBehavior=dismiss and notify, strictFileInteractability=false, platform=ANY, proxy=Proxy(), goog:chromeOptions={debuggerAddress=localhost:52300}, webauthn:extension:credBlob=true, acceptInsecureCerts=true, browserVersion=101.0.4951.67, browserName=chrome, javascriptEnabled=true, platformName=windows, setWindowRect=true, webauthn:extension:largeBlob=true, webauthn:virtualAuthenticators=true}]
Session ID: eff4a89b1b34ead970fb37314f1a4c7c
*** Element info: {Using=xpath, value=//*[@class='tox-form__grid tox-form__grid--2col']/*[2]/*[2]}
	at sun.reflect.GeneratedConstructorAccessor18.newInstance(Unknown Source)
	at sun.reflect.DelegatingConstructorAccessorImpl.newInstance(DelegatingConstructorAccessorImpl.java:45)
	at java.lang.reflect.Constructor.newInstance(Constructor.java:423)
	at org.openqa.selenium.remote.http.W3CHttpResponseCodec.createException(W3CHttpResponseCodec.java:150)
	at org.openqa.selenium.remote.http.W3CHttpResponseCodec.decode(W3CHttpResponseCodec.java:115)
	at org.openqa.selenium.remote.http.W3CHttpResponseCodec.decode(W3CHttpResponseCodec.java:45)
	at org.openqa.selenium.remote.HttpCommandExecutor.execute(HttpCommandExecutor.java:164)
	at org.openqa.selenium.remote.service.DriverCommandExecutor.execute(DriverCommandExecutor.java:82)
	at org.openqa.selenium.remote.RemoteWebDriver.execute(RemoteWebDriver.java:637)
	at org.openqa.selenium.remote.RemoteWebDriver.findElement(RemoteWebDriver.java:410)
	at org.openqa.selenium.remote.RemoteWebDriver.findElementByXPath(RemoteWebDriver.java:509)
	at org.openqa.selenium.By$ByXPath.findElement(By.java:361)
	at org.openqa.selenium.remote.RemoteWebDriver.findElement(RemoteWebDriver.java:402)
	at CDMNext.util.CommonFunctionality.getElementByProperty(CommonFunctionality.java:480)
	at CDMNext.StepDefinations.Commentary.set_for_table(Commentary.java:1229)
	at ✽.And Set "cell spacing" for table "30"(Commentary.feature:453)
</pre></div>
			
		</li>
		<li test-id='45' class='node then skip' status='skip'>
			
			<b>Then</b>
			
			<span class="bdd-step-name">Then The table "cell spacing" should be displayed as "30"</span>
				<div class='pre'>skipped</div>
			
		</li>
	</ul>
</div>
<div class='scenario node' test-id='46' status='fail'>
	<div class='category-list'>
		<span class='category label white-text'>@Commentary1</span>
	</div>
	<span class='duration right label'>0h 1m 16s+140ms</span>
	<div class='desc'>
		<b>Scenario</b>
		<span class="desc-text">TC_Commentary_65:Table - properties - verify cell padding field for table</span>
	</div>
	<ul class='steps'>
		<li test-id='47' class='node and pass' status='pass'>
			
			<b>And</b>
			
			<span class="bdd-step-name">And Create Commentary visual</span>
				<div class='pre'>passed</div>
			
		</li>
		<li test-id='48' class='node and pass' status='pass'>
			
			<b>And</b>
			
			<span class="bdd-step-name">And Click on "Table" drop down</span>
				<div class='pre'>passed</div>
			
		</li>
		<li test-id='49' class='node and pass' status='pass'>
			
			<b>And</b>
			
			<span class="bdd-step-name">And Create table</span>
				<div class='pre'>passed</div>
			
		</li>
		<li test-id='50' class='node and pass' status='pass'>
			
			<b>And</b>
			
			<span class="bdd-step-name">And Click on "Table" drop down</span>
				<div class='pre'>passed</div>
			
		</li>
		<li test-id='51' class='node and pass' status='pass'>
			
			<b>And</b>
			
			<span class="bdd-step-name">And Click on "Table properties"</span>
				<div class='pre'>passed</div>
			
		</li>
		<li test-id='52' class='node and fail' status='fail'>
			
			<b>And</b>
			
			<span class="bdd-step-name">And Set "cell padding" for table "40"</span>
				<div class='pre'><pre>org.openqa.selenium.NoSuchElementException: no such element: Unable to locate element: {"method":"xpath","selector":"//*[@class='tox-form__grid tox-form__grid--2col']/*[4]/*[2]"}
  (Session info: chrome=101.0.4951.67)
For documentation on this error, please visit: http://seleniumhq.org/exceptions/no_such_element.html
Build info: version: '3.4.0', revision: 'unknown', time: 'unknown'
System info: host: 'IN-BLR-L008', ip: '192.168.56.1', os.name: 'Windows 10', os.arch: 'amd64', os.version: '10.0', java.version: '1.8.0_202'
Driver info: org.openqa.selenium.chrome.ChromeDriver
Capabilities [{networkConnectionEnabled=false, chrome={chromedriverVersion=100.0.4896.20 (f9d71f93d32a6487809d6f35a9670c879fe97dfe-refs/branch-heads/4896@{#203}), userDataDir=C:\Users\nmaduru\AppData\Local\Temp\scoped_dir13608_167844171}, timeouts={implicit=0.0, pageLoad=300000.0, script=30000.0}, pageLoadStrategy=normal, unhandledPromptBehavior=dismiss and notify, strictFileInteractability=false, platform=ANY, proxy=Proxy(), goog:chromeOptions={debuggerAddress=localhost:52300}, webauthn:extension:credBlob=true, acceptInsecureCerts=true, browserVersion=101.0.4951.67, browserName=chrome, javascriptEnabled=true, platformName=windows, setWindowRect=true, webauthn:extension:largeBlob=true, webauthn:virtualAuthenticators=true}]
Session ID: eff4a89b1b34ead970fb37314f1a4c7c
*** Element info: {Using=xpath, value=//*[@class='tox-form__grid tox-form__grid--2col']/*[4]/*[2]}
	at sun.reflect.GeneratedConstructorAccessor18.newInstance(Unknown Source)
	at sun.reflect.DelegatingConstructorAccessorImpl.newInstance(DelegatingConstructorAccessorImpl.java:45)
	at java.lang.reflect.Constructor.newInstance(Constructor.java:423)
	at org.openqa.selenium.remote.http.W3CHttpResponseCodec.createException(W3CHttpResponseCodec.java:150)
	at org.openqa.selenium.remote.http.W3CHttpResponseCodec.decode(W3CHttpResponseCodec.java:115)
	at org.openqa.selenium.remote.http.W3CHttpResponseCodec.decode(W3CHttpResponseCodec.java:45)
	at org.openqa.selenium.remote.HttpCommandExecutor.execute(HttpCommandExecutor.java:164)
	at org.openqa.selenium.remote.service.DriverCommandExecutor.execute(DriverCommandExecutor.java:82)
	at org.openqa.selenium.remote.RemoteWebDriver.execute(RemoteWebDriver.java:637)
	at org.openqa.selenium.remote.RemoteWebDriver.findElement(RemoteWebDriver.java:410)
	at org.openqa.selenium.remote.RemoteWebDriver.findElementByXPath(RemoteWebDriver.java:509)
	at org.openqa.selenium.By$ByXPath.findElement(By.java:361)
	at org.openqa.selenium.remote.RemoteWebDriver.findElement(RemoteWebDriver.java:402)
	at CDMNext.util.CommonFunctionality.getElementByProperty(CommonFunctionality.java:480)
	at CDMNext.StepDefinations.Commentary.set_for_table(Commentary.java:1231)
	at ✽.And Set "cell padding" for table "40"(Commentary.feature:463)
</pre></div>
			
		</li>
		<li test-id='53' class='node then skip' status='skip'>
			
			<b>Then</b>
			
			<span class="bdd-step-name">Then The table "cell padding" should be displayed as "40"</span>
				<div class='pre'>skipped</div>
			
		</li>
	</ul>
</div>
<div class='scenario node' test-id='54' status='fail'>
	<div class='category-list'>
		<span class='category label white-text'>@Commentary1</span>
	</div>
	<span class='duration right label'>0h 1m 16s+158ms</span>
	<div class='desc'>
		<b>Scenario</b>
		<span class="desc-text">TC_Commentary_66:Table - properties - verify caption field for table</span>
	</div>
	<ul class='steps'>
		<li test-id='55' class='node and pass' status='pass'>
			
			<b>And</b>
			
			<span class="bdd-step-name">And Create Commentary visual</span>
				<div class='pre'>passed</div>
			
		</li>
		<li test-id='56' class='node and pass' status='pass'>
			
			<b>And</b>
			
			<span class="bdd-step-name">And Click on "Table" drop down</span>
				<div class='pre'>passed</div>
			
		</li>
		<li test-id='57' class='node and pass' status='pass'>
			
			<b>And</b>
			
			<span class="bdd-step-name">And Create table</span>
				<div class='pre'>passed</div>
			
		</li>
		<li test-id='58' class='node and pass' status='pass'>
			
			<b>And</b>
			
			<span class="bdd-step-name">And Click on "Table" drop down</span>
				<div class='pre'>passed</div>
			
		</li>
		<li test-id='59' class='node and pass' status='pass'>
			
			<b>And</b>
			
			<span class="bdd-step-name">And Click on "Table properties"</span>
				<div class='pre'>passed</div>
			
		</li>
		<li test-id='60' class='node and fail' status='fail'>
			
			<b>And</b>
			
			<span class="bdd-step-name">And Check Caption for table</span>
				<div class='pre'><pre>org.openqa.selenium.NoSuchElementException: no such element: Unable to locate element: {"method":"xpath","selector":"//*[@class='tox-checkbox']/*[2]"}
  (Session info: chrome=101.0.4951.67)
For documentation on this error, please visit: http://seleniumhq.org/exceptions/no_such_element.html
Build info: version: '3.4.0', revision: 'unknown', time: 'unknown'
System info: host: 'IN-BLR-L008', ip: '192.168.56.1', os.name: 'Windows 10', os.arch: 'amd64', os.version: '10.0', java.version: '1.8.0_202'
Driver info: org.openqa.selenium.chrome.ChromeDriver
Capabilities [{networkConnectionEnabled=false, chrome={chromedriverVersion=100.0.4896.20 (f9d71f93d32a6487809d6f35a9670c879fe97dfe-refs/branch-heads/4896@{#203}), userDataDir=C:\Users\nmaduru\AppData\Local\Temp\scoped_dir13608_167844171}, timeouts={implicit=0.0, pageLoad=300000.0, script=30000.0}, pageLoadStrategy=normal, unhandledPromptBehavior=dismiss and notify, strictFileInteractability=false, platform=ANY, proxy=Proxy(), goog:chromeOptions={debuggerAddress=localhost:52300}, webauthn:extension:credBlob=true, acceptInsecureCerts=true, browserVersion=101.0.4951.67, browserName=chrome, javascriptEnabled=true, platformName=windows, setWindowRect=true, webauthn:extension:largeBlob=true, webauthn:virtualAuthenticators=true}]
Session ID: eff4a89b1b34ead970fb37314f1a4c7c
*** Element info: {Using=xpath, value=//*[@class='tox-checkbox']/*[2]}
	at sun.reflect.GeneratedConstructorAccessor18.newInstance(Unknown Source)
	at sun.reflect.DelegatingConstructorAccessorImpl.newInstance(DelegatingConstructorAccessorImpl.java:45)
	at java.lang.reflect.Constructor.newInstance(Constructor.java:423)
	at org.openqa.selenium.remote.http.W3CHttpResponseCodec.createException(W3CHttpResponseCodec.java:150)
	at org.openqa.selenium.remote.http.W3CHttpResponseCodec.decode(W3CHttpResponseCodec.java:115)
	at org.openqa.selenium.remote.http.W3CHttpResponseCodec.decode(W3CHttpResponseCodec.java:45)
	at org.openqa.selenium.remote.HttpCommandExecutor.execute(HttpCommandExecutor.java:164)
	at org.openqa.selenium.remote.service.DriverCommandExecutor.execute(DriverCommandExecutor.java:82)
	at org.openqa.selenium.remote.RemoteWebDriver.execute(RemoteWebDriver.java:637)
	at org.openqa.selenium.remote.RemoteWebDriver.findElement(RemoteWebDriver.java:410)
	at org.openqa.selenium.remote.RemoteWebDriver.findElementByXPath(RemoteWebDriver.java:509)
	at org.openqa.selenium.By$ByXPath.findElement(By.java:361)
	at org.openqa.selenium.remote.RemoteWebDriver.findElement(RemoteWebDriver.java:402)
	at CDMNext.util.CommonFunctionality.getElementByProperty(CommonFunctionality.java:480)
	at CDMNext.StepDefinations.Commentary.check_Caption_for_table(Commentary.java:1325)
	at ✽.And Check Caption for table(Commentary.feature:473)
</pre></div>
			
		</li>
		<li test-id='61' class='node then skip' status='skip'>
			
			<b>Then</b>
			
			<span class="bdd-step-name">Then Caption should be added to the table</span>
				<div class='pre'>skipped</div>
			
		</li>
	</ul>
</div>
<div class='scenario node' test-id='62' status='fail'>
	<div class='category-list'>
		<span class='category label white-text'>@Commentary1</span>
	</div>
	<span class='duration right label'>0h 1m 16s+45ms</span>
	<div class='desc'>
		<b>Scenario</b>
		<span class="desc-text">TC_Commentary_67:Table - properties - verify removing caption by unchecking the field.</span>
	</div>
	<ul class='steps'>
		<li test-id='63' class='node and pass' status='pass'>
			
			<b>And</b>
			
			<span class="bdd-step-name">And Create Commentary visual</span>
				<div class='pre'>passed</div>
			
		</li>
		<li test-id='64' class='node and pass' status='pass'>
			
			<b>And</b>
			
			<span class="bdd-step-name">And Click on "Table" drop down</span>
				<div class='pre'>passed</div>
			
		</li>
		<li test-id='65' class='node and pass' status='pass'>
			
			<b>And</b>
			
			<span class="bdd-step-name">And Create table</span>
				<div class='pre'>passed</div>
			
		</li>
		<li test-id='66' class='node and pass' status='pass'>
			
			<b>And</b>
			
			<span class="bdd-step-name">And Click on "Table" drop down</span>
				<div class='pre'>passed</div>
			
		</li>
		<li test-id='67' class='node and pass' status='pass'>
			
			<b>And</b>
			
			<span class="bdd-step-name">And Click on "Table properties"</span>
				<div class='pre'>passed</div>
			
		</li>
		<li test-id='68' class='node and fail' status='fail'>
			
			<b>And</b>
			
			<span class="bdd-step-name">And Uncheck caption for table</span>
				<div class='pre'><pre>org.openqa.selenium.NoSuchElementException: no such element: Unable to locate element: {"method":"xpath","selector":"//*[@class='tox-checkbox']/*[2]"}
  (Session info: chrome=101.0.4951.67)
For documentation on this error, please visit: http://seleniumhq.org/exceptions/no_such_element.html
Build info: version: '3.4.0', revision: 'unknown', time: 'unknown'
System info: host: 'IN-BLR-L008', ip: '192.168.56.1', os.name: 'Windows 10', os.arch: 'amd64', os.version: '10.0', java.version: '1.8.0_202'
Driver info: org.openqa.selenium.chrome.ChromeDriver
Capabilities [{networkConnectionEnabled=false, chrome={chromedriverVersion=100.0.4896.20 (f9d71f93d32a6487809d6f35a9670c879fe97dfe-refs/branch-heads/4896@{#203}), userDataDir=C:\Users\nmaduru\AppData\Local\Temp\scoped_dir13608_167844171}, timeouts={implicit=0.0, pageLoad=300000.0, script=30000.0}, pageLoadStrategy=normal, unhandledPromptBehavior=dismiss and notify, strictFileInteractability=false, platform=ANY, proxy=Proxy(), goog:chromeOptions={debuggerAddress=localhost:52300}, webauthn:extension:credBlob=true, acceptInsecureCerts=true, browserVersion=101.0.4951.67, browserName=chrome, javascriptEnabled=true, platformName=windows, setWindowRect=true, webauthn:extension:largeBlob=true, webauthn:virtualAuthenticators=true}]
Session ID: eff4a89b1b34ead970fb37314f1a4c7c
*** Element info: {Using=xpath, value=//*[@class='tox-checkbox']/*[2]}
	at sun.reflect.GeneratedConstructorAccessor18.newInstance(Unknown Source)
	at sun.reflect.DelegatingConstructorAccessorImpl.newInstance(DelegatingConstructorAccessorImpl.java:45)
	at java.lang.reflect.Constructor.newInstance(Constructor.java:423)
	at org.openqa.selenium.remote.http.W3CHttpResponseCodec.createException(W3CHttpResponseCodec.java:150)
	at org.openqa.selenium.remote.http.W3CHttpResponseCodec.decode(W3CHttpResponseCodec.java:115)
	at org.openqa.selenium.remote.http.W3CHttpResponseCodec.decode(W3CHttpResponseCodec.java:45)
	at org.openqa.selenium.remote.HttpCommandExecutor.execute(HttpCommandExecutor.java:164)
	at org.openqa.selenium.remote.service.DriverCommandExecutor.execute(DriverCommandExecutor.java:82)
	at org.openqa.selenium.remote.RemoteWebDriver.execute(RemoteWebDriver.java:637)
	at org.openqa.selenium.remote.RemoteWebDriver.findElement(RemoteWebDriver.java:410)
	at org.openqa.selenium.remote.RemoteWebDriver.findElementByXPath(RemoteWebDriver.java:509)
	at org.openqa.selenium.By$ByXPath.findElement(By.java:361)
	at org.openqa.selenium.remote.RemoteWebDriver.findElement(RemoteWebDriver.java:402)
	at CDMNext.util.CommonFunctionality.getElementByProperty(CommonFunctionality.java:480)
	at CDMNext.StepDefinations.Commentary.check_Caption_for_table(Commentary.java:1325)
	at CDMNext.StepDefinations.Commentary.uncheck_caption_for_table(Commentary.java:1348)
	at ✽.And Uncheck caption for table(Commentary.feature:483)
</pre></div>
			
		</li>
		<li test-id='69' class='node then skip' status='skip'>
			
			<b>Then</b>
			
			<span class="bdd-step-name">Then Caption shoud be removed</span>
				<div class='pre'>skipped</div>
			
		</li>
	</ul>
</div>
<div class='scenario node' test-id='70' status='fail'>
	<div class='category-list'>
		<span class='category label white-text'>@Commentary1</span>
	</div>
	<span class='duration right label'>0h 1m 16s+246ms</span>
	<div class='desc'>
		<b>Scenario</b>
		<span class="desc-text">TC_Commentary_68:Table - properties - verify cancel/x icon</span>
	</div>
	<ul class='steps'>
		<li test-id='71' class='node and pass' status='pass'>
			
			<b>And</b>
			
			<span class="bdd-step-name">And Create Commentary visual</span>
				<div class='pre'>passed</div>
			
		</li>
		<li test-id='72' class='node and pass' status='pass'>
			
			<b>And</b>
			
			<span class="bdd-step-name">And Click on "Table" drop down</span>
				<div class='pre'>passed</div>
			
		</li>
		<li test-id='73' class='node and pass' status='pass'>
			
			<b>And</b>
			
			<span class="bdd-step-name">And Create table</span>
				<div class='pre'>passed</div>
			
		</li>
		<li test-id='74' class='node and pass' status='pass'>
			
			<b>And</b>
			
			<span class="bdd-step-name">And Click on "Table" drop down</span>
				<div class='pre'>passed</div>
			
		</li>
		<li test-id='75' class='node and pass' status='pass'>
			
			<b>And</b>
			
			<span class="bdd-step-name">And Click on "Table properties"</span>
				<div class='pre'>passed</div>
			
		</li>
		<li test-id='76' class='node and fail' status='fail'>
			
			<b>And</b>
			
			<span class="bdd-step-name">And Click on Cancel</span>
				<div class='pre'><pre>org.openqa.selenium.NoSuchElementException: no such element: Unable to locate element: {"method":"xpath","selector":"//*[contains(text(),'Cancel')]"}
  (Session info: chrome=101.0.4951.67)
For documentation on this error, please visit: http://seleniumhq.org/exceptions/no_such_element.html
Build info: version: '3.4.0', revision: 'unknown', time: 'unknown'
System info: host: 'IN-BLR-L008', ip: '192.168.56.1', os.name: 'Windows 10', os.arch: 'amd64', os.version: '10.0', java.version: '1.8.0_202'
Driver info: org.openqa.selenium.chrome.ChromeDriver
Capabilities [{networkConnectionEnabled=false, chrome={chromedriverVersion=100.0.4896.20 (f9d71f93d32a6487809d6f35a9670c879fe97dfe-refs/branch-heads/4896@{#203}), userDataDir=C:\Users\nmaduru\AppData\Local\Temp\scoped_dir13608_167844171}, timeouts={implicit=0.0, pageLoad=300000.0, script=30000.0}, pageLoadStrategy=normal, unhandledPromptBehavior=dismiss and notify, strictFileInteractability=false, platform=ANY, proxy=Proxy(), goog:chromeOptions={debuggerAddress=localhost:52300}, webauthn:extension:credBlob=true, acceptInsecureCerts=true, browserVersion=101.0.4951.67, browserName=chrome, javascriptEnabled=true, platformName=windows, setWindowRect=true, webauthn:extension:largeBlob=true, webauthn:virtualAuthenticators=true}]
Session ID: eff4a89b1b34ead970fb37314f1a4c7c
*** Element info: {Using=xpath, value=//*[contains(text(),'Cancel')]}
	at sun.reflect.GeneratedConstructorAccessor18.newInstance(Unknown Source)
	at sun.reflect.DelegatingConstructorAccessorImpl.newInstance(DelegatingConstructorAccessorImpl.java:45)
	at java.lang.reflect.Constructor.newInstance(Constructor.java:423)
	at org.openqa.selenium.remote.http.W3CHttpResponseCodec.createException(W3CHttpResponseCodec.java:150)
	at org.openqa.selenium.remote.http.W3CHttpResponseCodec.decode(W3CHttpResponseCodec.java:115)
	at org.openqa.selenium.remote.http.W3CHttpResponseCodec.decode(W3CHttpResponseCodec.java:45)
	at org.openqa.selenium.remote.HttpCommandExecutor.execute(HttpCommandExecutor.java:164)
	at org.openqa.selenium.remote.service.DriverCommandExecutor.execute(DriverCommandExecutor.java:82)
	at org.openqa.selenium.remote.RemoteWebDriver.execute(RemoteWebDriver.java:637)
	at org.openqa.selenium.remote.RemoteWebDriver.findElement(RemoteWebDriver.java:410)
	at org.openqa.selenium.remote.RemoteWebDriver.findElementByXPath(RemoteWebDriver.java:509)
	at org.openqa.selenium.By$ByXPath.findElement(By.java:361)
	at org.openqa.selenium.remote.RemoteWebDriver.findElement(RemoteWebDriver.java:402)
	at CDMNext.util.CommonFunctionality.getElementByProperty(CommonFunctionality.java:480)
	at CDMNext.StepDefinations.Attachments.click_on_Cancel(Attachments.java:427)
	at ✽.And Click on Cancel(Commentary.feature:493)
</pre></div>
			
		</li>
		<li test-id='77' class='node then skip' status='skip'>
			
			<b>Then</b>
			
			<span class="bdd-step-name">Then The table properties popup should be closed</span>
				<div class='pre'>skipped</div>
			
		</li>
	</ul>
</div>
<div class='scenario node' test-id='78' status='fail'>
	<div class='category-list'>
		<span class='category label white-text'>@Commentary1</span>
	</div>
	<span class='duration right label'>0h 1m 11s+232ms</span>
	<div class='desc'>
		<b>Scenario</b>
		<span class="desc-text">TC_Commentary_69:Table - Delete table</span>
	</div>
	<ul class='steps'>
		<li test-id='79' class='node and pass' status='pass'>
			
			<b>And</b>
			
			<span class="bdd-step-name">And Create Commentary visual</span>
				<div class='pre'>passed</div>
			
		</li>
		<li test-id='80' class='node and pass' status='pass'>
			
			<b>And</b>
			
			<span class="bdd-step-name">And Click on "Table" drop down</span>
				<div class='pre'>passed</div>
			
		</li>
		<li test-id='81' class='node and pass' status='pass'>
			
			<b>And</b>
			
			<span class="bdd-step-name">And Create table</span>
				<div class='pre'>passed</div>
			
		</li>
		<li test-id='82' class='node and pass' status='pass'>
			
			<b>And</b>
			
			<span class="bdd-step-name">And Click on "Table" drop down</span>
				<div class='pre'>passed</div>
			
		</li>
		<li test-id='83' class='node and pass' status='pass'>
			
			<b>And</b>
			
			<span class="bdd-step-name">And Click on "Delete table"</span>
				<div class='pre'>passed</div>
			
		</li>
		<li test-id='84' class='node then fail' status='fail'>
			
			<b>Then</b>
			
			<span class="bdd-step-name">Then The table should be deleted from the visual</span>
				<div class='pre'><pre>java.lang.AssertionError: The table is not deleted
	at org.testng.Assert.fail(Assert.java:94)
	at CDMNext.StepDefinations.Commentary.the_table_should_be_deleted_from_the_visual(Commentary.java:1390)
	at ✽.Then The table should be deleted from the visual(Commentary.feature:503)
</pre></div>
			
		</li>
	</ul>
</div>
<div class='scenario node' test-id='85' status='fail'>
	<div class='category-list'>
		<span class='category label white-text'>@Commentary1</span>
	</div>
	<span class='duration right label'>0h 1m 17s+490ms</span>
	<div class='desc'>
		<b>Scenario</b>
		<span class="desc-text">TC_Commentary_70:Table - Verify Cell proprites</span>
	</div>
	<ul class='steps'>
		<li test-id='86' class='node and pass' status='pass'>
			
			<b>And</b>
			
			<span class="bdd-step-name">And Create Commentary visual</span>
				<div class='pre'>passed</div>
			
		</li>
		<li test-id='87' class='node and pass' status='pass'>
			
			<b>And</b>
			
			<span class="bdd-step-name">And Click on "Table" drop down</span>
				<div class='pre'>passed</div>
			
		</li>
		<li test-id='88' class='node and pass' status='pass'>
			
			<b>And</b>
			
			<span class="bdd-step-name">And Create table</span>
				<div class='pre'>passed</div>
			
		</li>
		<li test-id='89' class='node and pass' status='pass'>
			
			<b>And</b>
			
			<span class="bdd-step-name">And Click on "Table" drop down</span>
				<div class='pre'>passed</div>
			
		</li>
		<li test-id='90' class='node and pass' status='pass'>
			
			<b>And</b>
			
			<span class="bdd-step-name">And Click on "Cell"</span>
				<div class='pre'>passed</div>
			
		</li>
		<li test-id='91' class='node and pass' status='pass'>
			
			<b>And</b>
			
			<span class="bdd-step-name">And Click on "Cell properties"</span>
				<div class='pre'>passed</div>
			
		</li>
		<li test-id='92' class='node then fail' status='fail'>
			
			<b>Then</b>
			
			<span class="bdd-step-name">Then The Cell properties popup should be displayed</span>
				<div class='pre'><pre>org.openqa.selenium.NoSuchElementException: no such element: Unable to locate element: {"method":"xpath","selector":"//*[contains(text(),'Cell Properties')]"}
  (Session info: chrome=101.0.4951.67)
For documentation on this error, please visit: http://seleniumhq.org/exceptions/no_such_element.html
Build info: version: '3.4.0', revision: 'unknown', time: 'unknown'
System info: host: 'IN-BLR-L008', ip: '192.168.56.1', os.name: 'Windows 10', os.arch: 'amd64', os.version: '10.0', java.version: '1.8.0_202'
Driver info: org.openqa.selenium.chrome.ChromeDriver
Capabilities [{networkConnectionEnabled=false, chrome={chromedriverVersion=100.0.4896.20 (f9d71f93d32a6487809d6f35a9670c879fe97dfe-refs/branch-heads/4896@{#203}), userDataDir=C:\Users\nmaduru\AppData\Local\Temp\scoped_dir13608_167844171}, timeouts={implicit=0.0, pageLoad=300000.0, script=30000.0}, pageLoadStrategy=normal, unhandledPromptBehavior=dismiss and notify, strictFileInteractability=false, platform=ANY, proxy=Proxy(), goog:chromeOptions={debuggerAddress=localhost:52300}, webauthn:extension:credBlob=true, acceptInsecureCerts=true, browserVersion=101.0.4951.67, browserName=chrome, javascriptEnabled=true, platformName=windows, setWindowRect=true, webauthn:extension:largeBlob=true, webauthn:virtualAuthenticators=true}]
Session ID: eff4a89b1b34ead970fb37314f1a4c7c
*** Element info: {Using=xpath, value=//*[contains(text(),'Cell Properties')]}
	at sun.reflect.GeneratedConstructorAccessor18.newInstance(Unknown Source)
	at sun.reflect.DelegatingConstructorAccessorImpl.newInstance(DelegatingConstructorAccessorImpl.java:45)
	at java.lang.reflect.Constructor.newInstance(Constructor.java:423)
	at org.openqa.selenium.remote.http.W3CHttpResponseCodec.createException(W3CHttpResponseCodec.java:150)
	at org.openqa.selenium.remote.http.W3CHttpResponseCodec.decode(W3CHttpResponseCodec.java:115)
	at org.openqa.selenium.remote.http.W3CHttpResponseCodec.decode(W3CHttpResponseCodec.java:45)
	at org.openqa.selenium.remote.HttpCommandExecutor.execute(HttpCommandExecutor.java:164)
	at org.openqa.selenium.remote.service.DriverCommandExecutor.execute(DriverCommandExecutor.java:82)
	at org.openqa.selenium.remote.RemoteWebDriver.execute(RemoteWebDriver.java:637)
	at org.openqa.selenium.remote.RemoteWebDriver.findElement(RemoteWebDriver.java:410)
	at org.openqa.selenium.remote.RemoteWebDriver.findElementByXPath(RemoteWebDriver.java:509)
	at org.openqa.selenium.By$ByXPath.findElement(By.java:361)
	at org.openqa.selenium.remote.RemoteWebDriver.findElement(RemoteWebDriver.java:402)
	at CDMNext.util.CommonFunctionality.getElementByProperty(CommonFunctionality.java:480)
	at CDMNext.StepDefinations.Commentary.the_Cell_properties_popup_should_be_displayed(Commentary.java:1399)
	at ✽.Then The Cell properties popup should be displayed(Commentary.feature:513)
</pre></div>
			
		</li>
	</ul>
</div>
<div class='scenario node' test-id='93' status='fail'>
	<div class='category-list'>
		<span class='category label white-text'>@Commentary1</span>
	</div>
	<span class='duration right label'>0h 1m 24s+263ms</span>
	<div class='desc'>
		<b>Scenario</b>
		<span class="desc-text">TC_Commentary_71:Table - Merge cells</span>
	</div>
	<ul class='steps'>
		<li test-id='94' class='node and pass' status='pass'>
			
			<b>And</b>
			
			<span class="bdd-step-name">And Create Commentary visual</span>
				<div class='pre'>passed</div>
			
		</li>
		<li test-id='95' class='node and pass' status='pass'>
			
			<b>And</b>
			
			<span class="bdd-step-name">And Click on "Table" drop down</span>
				<div class='pre'>passed</div>
			
		</li>
		<li test-id='96' class='node and pass' status='pass'>
			
			<b>And</b>
			
			<span class="bdd-step-name">And Create table</span>
				<div class='pre'>passed</div>
			
		</li>
		<li test-id='97' class='node and pass' status='pass'>
			
			<b>And</b>
			
			<span class="bdd-step-name">And Select cells to merge</span>
				<div class='pre'>passed</div>
			
		</li>
		<li test-id='98' class='node and pass' status='pass'>
			
			<b>And</b>
			
			<span class="bdd-step-name">And Click on "Table" drop down</span>
				<div class='pre'>passed</div>
			
		</li>
		<li test-id='99' class='node and pass' status='pass'>
			
			<b>And</b>
			
			<span class="bdd-step-name">And Click on "Cell"</span>
				<div class='pre'>passed</div>
			
		</li>
		<li test-id='100' class='node and pass' status='pass'>
			
			<b>And</b>
			
			<span class="bdd-step-name">And Click on "Merge cells"</span>
				<div class='pre'>passed</div>
			
		</li>
		<li test-id='101' class='node then fail' status='fail'>
			
			<b>Then</b>
			
			<span class="bdd-step-name">Then The selected cells should be merged</span>
				<div class='pre'><pre>java.lang.NumberFormatException: null
	at java.lang.Integer.parseInt(Integer.java:542)
	at java.lang.Integer.parseInt(Integer.java:615)
	at CDMNext.StepDefinations.Commentary.the_selected_cells_should_be_merged(Commentary.java:1424)
	at ✽.Then The selected cells should be merged(Commentary.feature:524)
</pre></div>
			
		</li>
	</ul>
</div>
<div class='scenario node' test-id='102' status='fail'>
	<div class='category-list'>
		<span class='category label white-text'>@Commentary1</span>
	</div>
	<span class='duration right label'>0h 1m 28s+299ms</span>
	<div class='desc'>
		<b>Scenario</b>
		<span class="desc-text">TC_Commentary_72:Table - Split cell</span>
	</div>
	<ul class='steps'>
		<li test-id='103' class='node and pass' status='pass'>
			
			<b>And</b>
			
			<span class="bdd-step-name">And Create Commentary visual</span>
				<div class='pre'>passed</div>
			
		</li>
		<li test-id='104' class='node and pass' status='pass'>
			
			<b>And</b>
			
			<span class="bdd-step-name">And Click on "Table" drop down</span>
				<div class='pre'>passed</div>
			
		</li>
		<li test-id='105' class='node and pass' status='pass'>
			
			<b>And</b>
			
			<span class="bdd-step-name">And Create table</span>
				<div class='pre'>passed</div>
			
		</li>
		<li test-id='106' class='node and pass' status='pass'>
			
			<b>And</b>
			
			<span class="bdd-step-name">And Select cells to merge</span>
				<div class='pre'>passed</div>
			
		</li>
		<li test-id='107' class='node and pass' status='pass'>
			
			<b>And</b>
			
			<span class="bdd-step-name">And Click on "Table" drop down</span>
				<div class='pre'>passed</div>
			
		</li>
		<li test-id='108' class='node and pass' status='pass'>
			
			<b>And</b>
			
			<span class="bdd-step-name">And Click on "Cell"</span>
				<div class='pre'>passed</div>
			
		</li>
		<li test-id='109' class='node and pass' status='pass'>
			
			<b>And</b>
			
			<span class="bdd-step-name">And Click on "Merge cells"</span>
				<div class='pre'>passed</div>
			
		</li>
		<li test-id='110' class='node and pass' status='pass'>
			
			<b>And</b>
			
			<span class="bdd-step-name">And Click on "Table" drop down</span>
				<div class='pre'>passed</div>
			
		</li>
		<li test-id='111' class='node and fail' status='fail'>
			
			<b>And</b>
			
			<span class="bdd-step-name">And Click on "Cell"</span>
				<div class='pre'><pre>org.openqa.selenium.NoSuchElementException: no such element: Unable to locate element: {"method":"xpath","selector":"//*[contains(text(),'Cell')]"}
  (Session info: chrome=101.0.4951.67)
For documentation on this error, please visit: http://seleniumhq.org/exceptions/no_such_element.html
Build info: version: '3.4.0', revision: 'unknown', time: 'unknown'
System info: host: 'IN-BLR-L008', ip: '192.168.56.1', os.name: 'Windows 10', os.arch: 'amd64', os.version: '10.0', java.version: '1.8.0_202'
Driver info: org.openqa.selenium.chrome.ChromeDriver
Capabilities [{networkConnectionEnabled=false, chrome={chromedriverVersion=100.0.4896.20 (f9d71f93d32a6487809d6f35a9670c879fe97dfe-refs/branch-heads/4896@{#203}), userDataDir=C:\Users\nmaduru\AppData\Local\Temp\scoped_dir13608_167844171}, timeouts={implicit=0.0, pageLoad=300000.0, script=30000.0}, pageLoadStrategy=normal, unhandledPromptBehavior=dismiss and notify, strictFileInteractability=false, platform=ANY, proxy=Proxy(), goog:chromeOptions={debuggerAddress=localhost:52300}, webauthn:extension:credBlob=true, acceptInsecureCerts=true, browserVersion=101.0.4951.67, browserName=chrome, javascriptEnabled=true, platformName=windows, setWindowRect=true, webauthn:extension:largeBlob=true, webauthn:virtualAuthenticators=true}]
Session ID: eff4a89b1b34ead970fb37314f1a4c7c
*** Element info: {Using=xpath, value=//*[contains(text(),'Cell')]}
	at sun.reflect.GeneratedConstructorAccessor18.newInstance(Unknown Source)
	at sun.reflect.DelegatingConstructorAccessorImpl.newInstance(DelegatingConstructorAccessorImpl.java:45)
	at java.lang.reflect.Constructor.newInstance(Constructor.java:423)
	at org.openqa.selenium.remote.http.W3CHttpResponseCodec.createException(W3CHttpResponseCodec.java:150)
	at org.openqa.selenium.remote.http.W3CHttpResponseCodec.decode(W3CHttpResponseCodec.java:115)
	at org.openqa.selenium.remote.http.W3CHttpResponseCodec.decode(W3CHttpResponseCodec.java:45)
	at org.openqa.selenium.remote.HttpCommandExecutor.execute(HttpCommandExecutor.java:164)
	at org.openqa.selenium.remote.service.DriverCommandExecutor.execute(DriverCommandExecutor.java:82)
	at org.openqa.selenium.remote.RemoteWebDriver.execute(RemoteWebDriver.java:637)
	at org.openqa.selenium.remote.RemoteWebDriver.findElement(RemoteWebDriver.java:410)
	at org.openqa.selenium.remote.RemoteWebDriver.findElementByXPath(RemoteWebDriver.java:509)
	at org.openqa.selenium.By$ByXPath.findElement(By.java:361)
	at org.openqa.selenium.remote.RemoteWebDriver.findElement(RemoteWebDriver.java:402)
	at CDMNext.util.CommonFunctionality.getElementByXpath(CommonFunctionality.java:513)
	at CDMNext.StepDefinations.SeriesTab.click_on(SeriesTab.java:665)
	at ✽.And Click on "Cell"(Commentary.feature:536)
</pre></div>
			
		</li>
		<li test-id='112' class='node and skip' status='skip'>
			
			<b>And</b>
			
			<span class="bdd-step-name">And Click on "Split cell"</span>
				<div class='pre'>skipped</div>
			
		</li>
		<li test-id='113' class='node then skip' status='skip'>
			
			<b>Then</b>
			
			<span class="bdd-step-name">Then The cell should be split the cell</span>
				<div class='pre'>skipped</div>
			
		</li>
	</ul>
</div>
<div class='scenario node' test-id='114' status='fail'>
	<div class='category-list'>
		<span class='category label white-text'>@Commentary1</span>
	</div>
	<span class='duration right label'>0h 1m 42s+386ms</span>
	<div class='desc'>
		<b>Scenario</b>
		<span class="desc-text">TC_Commentary_73:Table - Row - verify insert row before</span>
	</div>
	<ul class='steps'>
		<li test-id='115' class='node and pass' status='pass'>
			
			<b>And</b>
			
			<span class="bdd-step-name">And Create Commentary visual</span>
				<div class='pre'>passed</div>
			
		</li>
		<li test-id='116' class='node and pass' status='pass'>
			
			<b>And</b>
			
			<span class="bdd-step-name">And Click on "Table" drop down</span>
				<div class='pre'>passed</div>
			
		</li>
		<li test-id='117' class='node and pass' status='pass'>
			
			<b>And</b>
			
			<span class="bdd-step-name">And Create table</span>
				<div class='pre'>passed</div>
			
		</li>
		<li test-id='118' class='node and pass' status='pass'>
			
			<b>And</b>
			
			<span class="bdd-step-name">And Verify row count</span>
				<div class='pre'>passed</div>
			
		</li>
		<li test-id='119' class='node and pass' status='pass'>
			
			<b>And</b>
			
			<span class="bdd-step-name">And Click on "Table" drop down</span>
				<div class='pre'>passed</div>
			
		</li>
		<li test-id='120' class='node and pass' status='pass'>
			
			<b>And</b>
			
			<span class="bdd-step-name">And Click on "Row"</span>
				<div class='pre'>passed</div>
			
		</li>
		<li test-id='121' class='node and pass' status='pass'>
			
			<b>And</b>
			
			<span class="bdd-step-name">And Select "Insert row before"</span>
				<div class='pre'>passed</div>
			
		</li>
		<li test-id='122' class='node then fail' status='fail'>
			
			<b>Then</b>
			
			<span class="bdd-step-name">Then The row should be insertd before the selected table</span>
				<div class='pre'><pre>java.lang.AssertionError: The row is not inserted
	at org.testng.Assert.fail(Assert.java:94)
	at CDMNext.StepDefinations.Commentary.the_row_should_be_insertd_before_the_selected_table(Commentary.java:1457)
	at ✽.Then The row should be insertd before the selected table(Commentary.feature:549)
</pre></div>
			
		</li>
	</ul>
</div>
<div class='scenario node' test-id='123' status='fail'>
	<div class='category-list'>
		<span class='category label white-text'>@Commentary1</span>
	</div>
	<span class='duration right label'>0h 1m 42s+450ms</span>
	<div class='desc'>
		<b>Scenario</b>
		<span class="desc-text">TC_Commentary_74:Table - Row - verify insert row after</span>
	</div>
	<ul class='steps'>
		<li test-id='124' class='node and pass' status='pass'>
			
			<b>And</b>
			
			<span class="bdd-step-name">And Create Commentary visual</span>
				<div class='pre'>passed</div>
			
		</li>
		<li test-id='125' class='node and pass' status='pass'>
			
			<b>And</b>
			
			<span class="bdd-step-name">And Click on "Table" drop down</span>
				<div class='pre'>passed</div>
			
		</li>
		<li test-id='126' class='node and pass' status='pass'>
			
			<b>And</b>
			
			<span class="bdd-step-name">And Create table</span>
				<div class='pre'>passed</div>
			
		</li>
		<li test-id='127' class='node and pass' status='pass'>
			
			<b>And</b>
			
			<span class="bdd-step-name">And Verify row count</span>
				<div class='pre'>passed</div>
			
		</li>
		<li test-id='128' class='node and pass' status='pass'>
			
			<b>And</b>
			
			<span class="bdd-step-name">And Click on "Table" drop down</span>
				<div class='pre'>passed</div>
			
		</li>
		<li test-id='129' class='node and pass' status='pass'>
			
			<b>And</b>
			
			<span class="bdd-step-name">And Click on "Row"</span>
				<div class='pre'>passed</div>
			
		</li>
		<li test-id='130' class='node and pass' status='pass'>
			
			<b>And</b>
			
			<span class="bdd-step-name">And Select "Insert row after"</span>
				<div class='pre'>passed</div>
			
		</li>
		<li test-id='131' class='node then fail' status='fail'>
			
			<b>Then</b>
			
			<span class="bdd-step-name">Then The row should be insertd after selected the table</span>
				<div class='pre'><pre>java.lang.AssertionError: The row is not inserted
	at org.testng.Assert.fail(Assert.java:94)
	at CDMNext.StepDefinations.Commentary.the_row_should_be_insertd_before_the_selected_table(Commentary.java:1457)
	at CDMNext.StepDefinations.Commentary.the_row_should_be_insertd_after_selected_the_table(Commentary.java:1465)
	at ✽.Then The row should be insertd after selected the table(Commentary.feature:560)
</pre></div>
			
		</li>
	</ul>
</div>
<div class='scenario node' test-id='132' status='fail'>
	<div class='category-list'>
		<span class='category label white-text'>@Commentary1</span>
	</div>
	<span class='duration right label'>0h 1m 4s+603ms</span>
	<div class='desc'>
		<b>Scenario</b>
		<span class="desc-text">TC_Commentary_75:Table - Row - verify Delete row</span>
	</div>
	<ul class='steps'>
		<li test-id='133' class='node and pass' status='pass'>
			
			<b>And</b>
			
			<span class="bdd-step-name">And Create Commentary visual</span>
				<div class='pre'>passed</div>
			
		</li>
		<li test-id='134' class='node and pass' status='pass'>
			
			<b>And</b>
			
			<span class="bdd-step-name">And Click on "Table" drop down</span>
				<div class='pre'>passed</div>
			
		</li>
		<li test-id='135' class='node and fail' status='fail'>
			
			<b>And</b>
			
			<span class="bdd-step-name">And Create table</span>
				<div class='pre'><pre>org.openqa.selenium.NoSuchElementException: no such element: Unable to locate element: {"method":"xpath","selector":"//*[@title='Table']//*[contains(text(),'Table')]"}
  (Session info: chrome=101.0.4951.67)
For documentation on this error, please visit: http://seleniumhq.org/exceptions/no_such_element.html
Build info: version: '3.4.0', revision: 'unknown', time: 'unknown'
System info: host: 'IN-BLR-L008', ip: '192.168.56.1', os.name: 'Windows 10', os.arch: 'amd64', os.version: '10.0', java.version: '1.8.0_202'
Driver info: org.openqa.selenium.chrome.ChromeDriver
Capabilities [{networkConnectionEnabled=false, chrome={chromedriverVersion=100.0.4896.20 (f9d71f93d32a6487809d6f35a9670c879fe97dfe-refs/branch-heads/4896@{#203}), userDataDir=C:\Users\nmaduru\AppData\Local\Temp\scoped_dir13608_167844171}, timeouts={implicit=0.0, pageLoad=300000.0, script=30000.0}, pageLoadStrategy=normal, unhandledPromptBehavior=dismiss and notify, strictFileInteractability=false, platform=ANY, proxy=Proxy(), goog:chromeOptions={debuggerAddress=localhost:52300}, webauthn:extension:credBlob=true, acceptInsecureCerts=true, browserVersion=101.0.4951.67, browserName=chrome, javascriptEnabled=true, platformName=windows, setWindowRect=true, webauthn:extension:largeBlob=true, webauthn:virtualAuthenticators=true}]
Session ID: eff4a89b1b34ead970fb37314f1a4c7c
*** Element info: {Using=xpath, value=//*[@title='Table']//*[contains(text(),'Table')]}
	at sun.reflect.GeneratedConstructorAccessor18.newInstance(Unknown Source)
	at sun.reflect.DelegatingConstructorAccessorImpl.newInstance(DelegatingConstructorAccessorImpl.java:45)
	at java.lang.reflect.Constructor.newInstance(Constructor.java:423)
	at org.openqa.selenium.remote.http.W3CHttpResponseCodec.createException(W3CHttpResponseCodec.java:150)
	at org.openqa.selenium.remote.http.W3CHttpResponseCodec.decode(W3CHttpResponseCodec.java:115)
	at org.openqa.selenium.remote.http.W3CHttpResponseCodec.decode(W3CHttpResponseCodec.java:45)
	at org.openqa.selenium.remote.HttpCommandExecutor.execute(HttpCommandExecutor.java:164)
	at org.openqa.selenium.remote.service.DriverCommandExecutor.execute(DriverCommandExecutor.java:82)
	at org.openqa.selenium.remote.RemoteWebDriver.execute(RemoteWebDriver.java:637)
	at org.openqa.selenium.remote.RemoteWebDriver.findElement(RemoteWebDriver.java:410)
	at org.openqa.selenium.remote.RemoteWebDriver.findElementByXPath(RemoteWebDriver.java:509)
	at org.openqa.selenium.By$ByXPath.findElement(By.java:361)
	at org.openqa.selenium.remote.RemoteWebDriver.findElement(RemoteWebDriver.java:402)
	at CDMNext.util.CommonFunctionality.getElementByProperty(CommonFunctionality.java:480)
	at CDMNext.StepDefinations.Commentary.create_table(Commentary.java:1190)
	at ✽.And Create table(Commentary.feature:566)
</pre></div>
			
		</li>
		<li test-id='136' class='node and skip' status='skip'>
			
			<b>And</b>
			
			<span class="bdd-step-name">And Verify row count</span>
				<div class='pre'>skipped</div>
			
		</li>
		<li test-id='137' class='node and skip' status='skip'>
			
			<b>And</b>
			
			<span class="bdd-step-name">And Click on "Table" drop down</span>
				<div class='pre'>skipped</div>
			
		</li>
		<li test-id='138' class='node and skip' status='skip'>
			
			<b>And</b>
			
			<span class="bdd-step-name">And Click on "Row"</span>
				<div class='pre'>skipped</div>
			
		</li>
		<li test-id='139' class='node and skip' status='skip'>
			
			<b>And</b>
			
			<span class="bdd-step-name">And Select "Delete row"</span>
				<div class='pre'>skipped</div>
			
		</li>
		<li test-id='140' class='node then skip' status='skip'>
			
			<b>Then</b>
			
			<span class="bdd-step-name">Then The selected row should be deleted</span>
				<div class='pre'>skipped</div>
			
		</li>
	</ul>
</div>
<div class='scenario node' test-id='141' status='fail'>
	<div class='category-list'>
		<span class='category label white-text'>@Commentary1</span>
	</div>
	<span class='duration right label'>0h 1m 18s+315ms</span>
	<div class='desc'>
		<b>Scenario</b>
		<span class="desc-text">TC_Commentary_76:Table - Row - Verify Row proprities</span>
	</div>
	<ul class='steps'>
		<li test-id='142' class='node and pass' status='pass'>
			
			<b>And</b>
			
			<span class="bdd-step-name">And Create Commentary visual</span>
				<div class='pre'>passed</div>
			
		</li>
		<li test-id='143' class='node and pass' status='pass'>
			
			<b>And</b>
			
			<span class="bdd-step-name">And Click on "Table" drop down</span>
				<div class='pre'>passed</div>
			
		</li>
		<li test-id='144' class='node and pass' status='pass'>
			
			<b>And</b>
			
			<span class="bdd-step-name">And Create table</span>
				<div class='pre'>passed</div>
			
		</li>
		<li test-id='145' class='node and fail' status='fail'>
			
			<b>And</b>
			
			<span class="bdd-step-name">And Enter text in a cell</span>
				<div class='pre'><pre>org.openqa.selenium.NoSuchElementException: no such element: Unable to locate element: {"method":"xpath","selector":"//table[@class='table-default mce-item-table']//tr//td[1]"}
  (Session info: chrome=101.0.4951.67)
For documentation on this error, please visit: http://seleniumhq.org/exceptions/no_such_element.html
Build info: version: '3.4.0', revision: 'unknown', time: 'unknown'
System info: host: 'IN-BLR-L008', ip: '192.168.56.1', os.name: 'Windows 10', os.arch: 'amd64', os.version: '10.0', java.version: '1.8.0_202'
Driver info: org.openqa.selenium.chrome.ChromeDriver
Capabilities [{networkConnectionEnabled=false, chrome={chromedriverVersion=100.0.4896.20 (f9d71f93d32a6487809d6f35a9670c879fe97dfe-refs/branch-heads/4896@{#203}), userDataDir=C:\Users\nmaduru\AppData\Local\Temp\scoped_dir13608_167844171}, timeouts={implicit=0.0, pageLoad=300000.0, script=30000.0}, pageLoadStrategy=normal, unhandledPromptBehavior=dismiss and notify, strictFileInteractability=false, platform=ANY, proxy=Proxy(), goog:chromeOptions={debuggerAddress=localhost:52300}, webauthn:extension:credBlob=true, acceptInsecureCerts=true, browserVersion=101.0.4951.67, browserName=chrome, javascriptEnabled=true, platformName=windows, setWindowRect=true, webauthn:extension:largeBlob=true, webauthn:virtualAuthenticators=true}]
Session ID: eff4a89b1b34ead970fb37314f1a4c7c
*** Element info: {Using=xpath, value=//table[@class='table-default mce-item-table']//tr//td[1]}
	at sun.reflect.GeneratedConstructorAccessor18.newInstance(Unknown Source)
	at sun.reflect.DelegatingConstructorAccessorImpl.newInstance(DelegatingConstructorAccessorImpl.java:45)
	at java.lang.reflect.Constructor.newInstance(Constructor.java:423)
	at org.openqa.selenium.remote.http.W3CHttpResponseCodec.createException(W3CHttpResponseCodec.java:150)
	at org.openqa.selenium.remote.http.W3CHttpResponseCodec.decode(W3CHttpResponseCodec.java:115)
	at org.openqa.selenium.remote.http.W3CHttpResponseCodec.decode(W3CHttpResponseCodec.java:45)
	at org.openqa.selenium.remote.HttpCommandExecutor.execute(HttpCommandExecutor.java:164)
	at org.openqa.selenium.remote.service.DriverCommandExecutor.execute(DriverCommandExecutor.java:82)
	at org.openqa.selenium.remote.RemoteWebDriver.execute(RemoteWebDriver.java:637)
	at org.openqa.selenium.remote.RemoteWebDriver.findElement(RemoteWebDriver.java:410)
	at org.openqa.selenium.remote.RemoteWebDriver.findElementByXPath(RemoteWebDriver.java:509)
	at org.openqa.selenium.By$ByXPath.findElement(By.java:361)
	at org.openqa.selenium.remote.RemoteWebDriver.findElement(RemoteWebDriver.java:402)
	at CDMNext.util.CommonFunctionality.getElementByProperty(CommonFunctionality.java:480)
	at CDMNext.StepDefinations.Commentary.enter_text_in_a_cell(Commentary.java:1492)
	at ✽.And Enter text in a cell(Commentary.feature:578)
</pre></div>
			
		</li>
		<li test-id='146' class='node and skip' status='skip'>
			
			<b>And</b>
			
			<span class="bdd-step-name">And Click on "Table" drop down</span>
				<div class='pre'>skipped</div>
			
		</li>
		<li test-id='147' class='node and skip' status='skip'>
			
			<b>And</b>
			
			<span class="bdd-step-name">And Click on "Row"</span>
				<div class='pre'>skipped</div>
			
		</li>
		<li test-id='148' class='node and skip' status='skip'>
			
			<b>And</b>
			
			<span class="bdd-step-name">And Select "Row properties"</span>
				<div class='pre'>skipped</div>
			
		</li>
		<li test-id='149' class='node then skip' status='skip'>
			
			<b>Then</b>
			
			<span class="bdd-step-name">Then "Row Properties" should be displayed</span>
				<div class='pre'>skipped</div>
			
		</li>
		<li test-id='150' class='node and skip' status='skip'>
			
			<b>And</b>
			
			<span class="bdd-step-name">And Apply "Row type" as "Footer"</span>
				<div class='pre'>skipped</div>
			
		</li>
		<li test-id='151' class='node and skip' status='skip'>
			
			<b>And</b>
			
			<span class="bdd-step-name">And Apply "Alignment" as "Right"</span>
				<div class='pre'>skipped</div>
			
		</li>
		<li test-id='152' class='node and skip' status='skip'>
			
			<b>And</b>
			
			<span class="bdd-step-name">And Apply "Height" as "50px"</span>
				<div class='pre'>skipped</div>
			
		</li>
		<li test-id='153' class='node then skip' status='skip'>
			
			<b>Then</b>
			
			<span class="bdd-step-name">Then Applied properties should be display</span>
				<div class='pre'>skipped</div>
			
		</li>
	</ul>
</div>
<div class='scenario node' test-id='154' status='pass'>
	<div class='category-list'>
		<span class='category label white-text'>@Commentary1</span>
	</div>
	<span class='duration right label'>0h 1m 42s+254ms</span>
	<div class='desc'>
		<b>Scenario</b>
		<span class="desc-text">TC_Commentary_77:Table - Row - verify cut row</span>
	</div>
	<ul class='steps'>
		<li test-id='155' class='node and pass' status='pass'>
			
			<b>And</b>
			
			<span class="bdd-step-name">And Create Commentary visual</span>
				<div class='pre'>passed</div>
			
		</li>
		<li test-id='156' class='node and pass' status='pass'>
			
			<b>And</b>
			
			<span class="bdd-step-name">And Click on "Table" drop down</span>
				<div class='pre'>passed</div>
			
		</li>
		<li test-id='157' class='node and pass' status='pass'>
			
			<b>And</b>
			
			<span class="bdd-step-name">And Create table</span>
				<div class='pre'>passed</div>
			
		</li>
		<li test-id='158' class='node and pass' status='pass'>
			
			<b>And</b>
			
			<span class="bdd-step-name">And Verify row count</span>
				<div class='pre'>passed</div>
			
		</li>
		<li test-id='159' class='node and pass' status='pass'>
			
			<b>And</b>
			
			<span class="bdd-step-name">And Click on "Table" drop down</span>
				<div class='pre'>passed</div>
			
		</li>
		<li test-id='160' class='node and pass' status='pass'>
			
			<b>And</b>
			
			<span class="bdd-step-name">And Click on "Row"</span>
				<div class='pre'>passed</div>
			
		</li>
		<li test-id='161' class='node and pass' status='pass'>
			
			<b>And</b>
			
			<span class="bdd-step-name">And Select "Cut row"</span>
				<div class='pre'>passed</div>
			
		</li>
		<li test-id='162' class='node then pass' status='pass'>
			
			<b>Then</b>
			
			<span class="bdd-step-name">Then The selected row should be cut</span>
				<div class='pre'>passed</div>
			
		</li>
	</ul>
</div>
<div class='scenario node' test-id='163' status='fail'>
	<div class='category-list'>
		<span class='category label white-text'>@Commentary1</span>
	</div>
	<span class='duration right label'>0h 1m 37s+822ms</span>
	<div class='desc'>
		<b>Scenario</b>
		<span class="desc-text">TC_1Commentary_78:Table - Row - Verify Paste row before</span>
	</div>
	<ul class='steps'>
		<li test-id='164' class='node and pass' status='pass'>
			
			<b>And</b>
			
			<span class="bdd-step-name">And Create Commentary visual</span>
				<div class='pre'>passed</div>
			
		</li>
		<li test-id='165' class='node and pass' status='pass'>
			
			<b>And</b>
			
			<span class="bdd-step-name">And Click on "Table" drop down</span>
				<div class='pre'>passed</div>
			
		</li>
		<li test-id='166' class='node and pass' status='pass'>
			
			<b>And</b>
			
			<span class="bdd-step-name">And Create table</span>
				<div class='pre'>passed</div>
			
		</li>
		<li test-id='167' class='node and pass' status='pass'>
			
			<b>And</b>
			
			<span class="bdd-step-name">And Verify row count</span>
				<div class='pre'>passed</div>
			
		</li>
		<li test-id='168' class='node and pass' status='pass'>
			
			<b>And</b>
			
			<span class="bdd-step-name">And Click on "Table" drop down</span>
				<div class='pre'>passed</div>
			
		</li>
		<li test-id='169' class='node and pass' status='pass'>
			
			<b>And</b>
			
			<span class="bdd-step-name">And Click on "Row"</span>
				<div class='pre'>passed</div>
			
		</li>
		<li test-id='170' class='node and pass' status='pass'>
			
			<b>And</b>
			
			<span class="bdd-step-name">And Select "Copy row"</span>
				<div class='pre'>passed</div>
			
		</li>
		<li test-id='171' class='node and pass' status='pass'>
			
			<b>And</b>
			
			<span class="bdd-step-name">And Click on "Table" drop down</span>
				<div class='pre'>passed</div>
			
		</li>
		<li test-id='172' class='node and fail' status='fail'>
			
			<b>And</b>
			
			<span class="bdd-step-name">And Click on "Row"</span>
				<div class='pre'><pre>org.openqa.selenium.NoSuchElementException: no such element: Unable to locate element: {"method":"xpath","selector":"//*[contains(text(),'Row')]"}
  (Session info: chrome=101.0.4951.67)
For documentation on this error, please visit: http://seleniumhq.org/exceptions/no_such_element.html
Build info: version: '3.4.0', revision: 'unknown', time: 'unknown'
System info: host: 'IN-BLR-L008', ip: '192.168.56.1', os.name: 'Windows 10', os.arch: 'amd64', os.version: '10.0', java.version: '1.8.0_202'
Driver info: org.openqa.selenium.chrome.ChromeDriver
Capabilities [{networkConnectionEnabled=false, chrome={chromedriverVersion=100.0.4896.20 (f9d71f93d32a6487809d6f35a9670c879fe97dfe-refs/branch-heads/4896@{#203}), userDataDir=C:\Users\nmaduru\AppData\Local\Temp\scoped_dir13608_167844171}, timeouts={implicit=0.0, pageLoad=300000.0, script=30000.0}, pageLoadStrategy=normal, unhandledPromptBehavior=dismiss and notify, strictFileInteractability=false, platform=ANY, proxy=Proxy(), goog:chromeOptions={debuggerAddress=localhost:52300}, webauthn:extension:credBlob=true, acceptInsecureCerts=true, browserVersion=101.0.4951.67, browserName=chrome, javascriptEnabled=true, platformName=windows, setWindowRect=true, webauthn:extension:largeBlob=true, webauthn:virtualAuthenticators=true}]
Session ID: eff4a89b1b34ead970fb37314f1a4c7c
*** Element info: {Using=xpath, value=//*[contains(text(),'Row')]}
	at sun.reflect.GeneratedConstructorAccessor18.newInstance(Unknown Source)
	at sun.reflect.DelegatingConstructorAccessorImpl.newInstance(DelegatingConstructorAccessorImpl.java:45)
	at java.lang.reflect.Constructor.newInstance(Constructor.java:423)
	at org.openqa.selenium.remote.http.W3CHttpResponseCodec.createException(W3CHttpResponseCodec.java:150)
	at org.openqa.selenium.remote.http.W3CHttpResponseCodec.decode(W3CHttpResponseCodec.java:115)
	at org.openqa.selenium.remote.http.W3CHttpResponseCodec.decode(W3CHttpResponseCodec.java:45)
	at org.openqa.selenium.remote.HttpCommandExecutor.execute(HttpCommandExecutor.java:164)
	at org.openqa.selenium.remote.service.DriverCommandExecutor.execute(DriverCommandExecutor.java:82)
	at org.openqa.selenium.remote.RemoteWebDriver.execute(RemoteWebDriver.java:637)
	at org.openqa.selenium.remote.RemoteWebDriver.findElement(RemoteWebDriver.java:410)
	at org.openqa.selenium.remote.RemoteWebDriver.findElementByXPath(RemoteWebDriver.java:509)
	at org.openqa.selenium.By$ByXPath.findElement(By.java:361)
	at org.openqa.selenium.remote.RemoteWebDriver.findElement(RemoteWebDriver.java:402)
	at CDMNext.util.CommonFunctionality.getElementByXpath(CommonFunctionality.java:513)
	at CDMNext.StepDefinations.SeriesTab.click_on(SeriesTab.java:680)
	at ✽.And Click on "Row"(Commentary.feature:609)
</pre></div>
			
		</li>
		<li test-id='173' class='node and skip' status='skip'>
			
			<b>And</b>
			
			<span class="bdd-step-name">And Select "Paste row before"</span>
				<div class='pre'>skipped</div>
			
		</li>
		<li test-id='174' class='node then skip' status='skip'>
			
			<b>Then</b>
			
			<span class="bdd-step-name">Then The row should be insertd before the selected table</span>
				<div class='pre'>skipped</div>
			
		</li>
	</ul>
</div>
<div class='scenario node' test-id='175' status='fail'>
	<div class='category-list'>
		<span class='category label white-text'>@Commentary1</span>
	</div>
	<span class='duration right label'>0h 1m 37s+819ms</span>
	<div class='desc'>
		<b>Scenario</b>
		<span class="desc-text">TC_Commentary_79:Table - Row - Verify paste row after</span>
	</div>
	<ul class='steps'>
		<li test-id='176' class='node and pass' status='pass'>
			
			<b>And</b>
			
			<span class="bdd-step-name">And Create Commentary visual</span>
				<div class='pre'>passed</div>
			
		</li>
		<li test-id='177' class='node and pass' status='pass'>
			
			<b>And</b>
			
			<span class="bdd-step-name">And Click on "Table" drop down</span>
				<div class='pre'>passed</div>
			
		</li>
		<li test-id='178' class='node and pass' status='pass'>
			
			<b>And</b>
			
			<span class="bdd-step-name">And Create table</span>
				<div class='pre'>passed</div>
			
		</li>
		<li test-id='179' class='node and pass' status='pass'>
			
			<b>And</b>
			
			<span class="bdd-step-name">And Verify row count</span>
				<div class='pre'>passed</div>
			
		</li>
		<li test-id='180' class='node and pass' status='pass'>
			
			<b>And</b>
			
			<span class="bdd-step-name">And Click on "Table" drop down</span>
				<div class='pre'>passed</div>
			
		</li>
		<li test-id='181' class='node and pass' status='pass'>
			
			<b>And</b>
			
			<span class="bdd-step-name">And Click on "Row"</span>
				<div class='pre'>passed</div>
			
		</li>
		<li test-id='182' class='node and pass' status='pass'>
			
			<b>And</b>
			
			<span class="bdd-step-name">And Select "Copy row"</span>
				<div class='pre'>passed</div>
			
		</li>
		<li test-id='183' class='node and pass' status='pass'>
			
			<b>And</b>
			
			<span class="bdd-step-name">And Click on "Table" drop down</span>
				<div class='pre'>passed</div>
			
		</li>
		<li test-id='184' class='node and fail' status='fail'>
			
			<b>And</b>
			
			<span class="bdd-step-name">And Click on "Row"</span>
				<div class='pre'><pre>org.openqa.selenium.NoSuchElementException: no such element: Unable to locate element: {"method":"xpath","selector":"//*[contains(text(),'Row')]"}
  (Session info: chrome=101.0.4951.67)
For documentation on this error, please visit: http://seleniumhq.org/exceptions/no_such_element.html
Build info: version: '3.4.0', revision: 'unknown', time: 'unknown'
System info: host: 'IN-BLR-L008', ip: '192.168.56.1', os.name: 'Windows 10', os.arch: 'amd64', os.version: '10.0', java.version: '1.8.0_202'
Driver info: org.openqa.selenium.chrome.ChromeDriver
Capabilities [{networkConnectionEnabled=false, chrome={chromedriverVersion=100.0.4896.20 (f9d71f93d32a6487809d6f35a9670c879fe97dfe-refs/branch-heads/4896@{#203}), userDataDir=C:\Users\nmaduru\AppData\Local\Temp\scoped_dir13608_167844171}, timeouts={implicit=0.0, pageLoad=300000.0, script=30000.0}, pageLoadStrategy=normal, unhandledPromptBehavior=dismiss and notify, strictFileInteractability=false, platform=ANY, proxy=Proxy(), goog:chromeOptions={debuggerAddress=localhost:52300}, webauthn:extension:credBlob=true, acceptInsecureCerts=true, browserVersion=101.0.4951.67, browserName=chrome, javascriptEnabled=true, platformName=windows, setWindowRect=true, webauthn:extension:largeBlob=true, webauthn:virtualAuthenticators=true}]
Session ID: eff4a89b1b34ead970fb37314f1a4c7c
*** Element info: {Using=xpath, value=//*[contains(text(),'Row')]}
	at sun.reflect.GeneratedConstructorAccessor18.newInstance(Unknown Source)
	at sun.reflect.DelegatingConstructorAccessorImpl.newInstance(DelegatingConstructorAccessorImpl.java:45)
	at java.lang.reflect.Constructor.newInstance(Constructor.java:423)
	at org.openqa.selenium.remote.http.W3CHttpResponseCodec.createException(W3CHttpResponseCodec.java:150)
	at org.openqa.selenium.remote.http.W3CHttpResponseCodec.decode(W3CHttpResponseCodec.java:115)
	at org.openqa.selenium.remote.http.W3CHttpResponseCodec.decode(W3CHttpResponseCodec.java:45)
	at org.openqa.selenium.remote.HttpCommandExecutor.execute(HttpCommandExecutor.java:164)
	at org.openqa.selenium.remote.service.DriverCommandExecutor.execute(DriverCommandExecutor.java:82)
	at org.openqa.selenium.remote.RemoteWebDriver.execute(RemoteWebDriver.java:637)
	at org.openqa.selenium.remote.RemoteWebDriver.findElement(RemoteWebDriver.java:410)
	at org.openqa.selenium.remote.RemoteWebDriver.findElementByXPath(RemoteWebDriver.java:509)
	at org.openqa.selenium.By$ByXPath.findElement(By.java:361)
	at org.openqa.selenium.remote.RemoteWebDriver.findElement(RemoteWebDriver.java:402)
	at CDMNext.util.CommonFunctionality.getElementByXpath(CommonFunctionality.java:513)
	at CDMNext.StepDefinations.SeriesTab.click_on(SeriesTab.java:680)
	at ✽.And Click on "Row"(Commentary.feature:623)
</pre></div>
			
		</li>
		<li test-id='185' class='node and skip' status='skip'>
			
			<b>And</b>
			
			<span class="bdd-step-name">And Select "Paste row before"</span>
				<div class='pre'>skipped</div>
			
		</li>
		<li test-id='186' class='node then skip' status='skip'>
			
			<b>Then</b>
			
			<span class="bdd-step-name">Then The row should be insertd after selected the table</span>
				<div class='pre'>skipped</div>
			
		</li>
	</ul>
</div>
<div class='scenario node' test-id='187' status='fail'>
	<div class='category-list'>
		<span class='category label white-text'>@Commentary1</span>
	</div>
	<span class='duration right label'>0h 1m 20s+879ms</span>
	<div class='desc'>
		<b>Scenario</b>
		<span class="desc-text">TC_Commentary_80:Table - Column - Verify Insert column before</span>
	</div>
	<ul class='steps'>
		<li test-id='188' class='node and pass' status='pass'>
			
			<b>And</b>
			
			<span class="bdd-step-name">And Create Commentary visual</span>
				<div class='pre'>passed</div>
			
		</li>
		<li test-id='189' class='node and pass' status='pass'>
			
			<b>And</b>
			
			<span class="bdd-step-name">And Click on "Table" drop down</span>
				<div class='pre'>passed</div>
			
		</li>
		<li test-id='190' class='node and pass' status='pass'>
			
			<b>And</b>
			
			<span class="bdd-step-name">And Create table</span>
				<div class='pre'>passed</div>
			
		</li>
		<li test-id='191' class='node and pass' status='pass'>
			
			<b>And</b>
			
			<span class="bdd-step-name">And Verify column count</span>
				<div class='pre'>passed</div>
			
		</li>
		<li test-id='192' class='node and pass' status='pass'>
			
			<b>And</b>
			
			<span class="bdd-step-name">And Click on "Table" drop down</span>
				<div class='pre'>passed</div>
			
		</li>
		<li test-id='193' class='node and pass' status='pass'>
			
			<b>And</b>
			
			<span class="bdd-step-name">And Click on "Column"</span>
				<div class='pre'>passed</div>
			
		</li>
		<li test-id='194' class='node and pass' status='pass'>
			
			<b>And</b>
			
			<span class="bdd-step-name">And Select "Insert column before"</span>
				<div class='pre'>passed</div>
			
		</li>
		<li test-id='195' class='node then fail' status='fail'>
			
			<b>Then</b>
			
			<span class="bdd-step-name">Then The column should be inserted before selected column</span>
				<div class='pre'><pre>java.lang.AssertionError: The Column is not inserted
	at org.testng.Assert.fail(Assert.java:94)
	at CDMNext.StepDefinations.Commentary.the_column_should_be_inserted_before_selected_column(Commentary.java:1576)
	at ✽.Then The column should be inserted before selected column(Commentary.feature:636)
</pre></div>
			
		</li>
	</ul>
</div>
<div class='scenario node' test-id='196' status='fail'>
	<div class='category-list'>
		<span class='category label white-text'>@Commentary1</span>
	</div>
	<span class='duration right label'>0h 1m 20s+977ms</span>
	<div class='desc'>
		<b>Scenario</b>
		<span class="desc-text">TC_Commentary_81:Table - Column - Verify Insert column after</span>
	</div>
	<ul class='steps'>
		<li test-id='197' class='node and pass' status='pass'>
			
			<b>And</b>
			
			<span class="bdd-step-name">And Create Commentary visual</span>
				<div class='pre'>passed</div>
			
		</li>
		<li test-id='198' class='node and pass' status='pass'>
			
			<b>And</b>
			
			<span class="bdd-step-name">And Click on "Table" drop down</span>
				<div class='pre'>passed</div>
			
		</li>
		<li test-id='199' class='node and pass' status='pass'>
			
			<b>And</b>
			
			<span class="bdd-step-name">And Create table</span>
				<div class='pre'>passed</div>
			
		</li>
		<li test-id='200' class='node and pass' status='pass'>
			
			<b>And</b>
			
			<span class="bdd-step-name">And Verify column count</span>
				<div class='pre'>passed</div>
			
		</li>
		<li test-id='201' class='node and pass' status='pass'>
			
			<b>And</b>
			
			<span class="bdd-step-name">And Click on "Table" drop down</span>
				<div class='pre'>passed</div>
			
		</li>
		<li test-id='202' class='node and pass' status='pass'>
			
			<b>And</b>
			
			<span class="bdd-step-name">And Click on "Column"</span>
				<div class='pre'>passed</div>
			
		</li>
		<li test-id='203' class='node and pass' status='pass'>
			
			<b>And</b>
			
			<span class="bdd-step-name">And Select "Insert column after"</span>
				<div class='pre'>passed</div>
			
		</li>
		<li test-id='204' class='node then fail' status='fail'>
			
			<b>Then</b>
			
			<span class="bdd-step-name">Then The column should be inserted after selected column</span>
				<div class='pre'><pre>java.lang.AssertionError: The Column is not inserted
	at org.testng.Assert.fail(Assert.java:94)
	at CDMNext.StepDefinations.Commentary.the_column_should_be_inserted_before_selected_column(Commentary.java:1576)
	at CDMNext.StepDefinations.Commentary.the_column_should_be_inserted_after_selected_column(Commentary.java:1584)
	at ✽.Then The column should be inserted after selected column(Commentary.feature:647)
</pre></div>
			
		</li>
	</ul>
</div>
<div class='scenario node' test-id='205' status='fail'>
	<div class='category-list'>
		<span class='category label white-text'>@Commentary1</span>
	</div>
	<span class='duration right label'>0h 1m 21s+344ms</span>
	<div class='desc'>
		<b>Scenario</b>
		<span class="desc-text">TC_Commentary_82:Table - Column - Verify Delete column</span>
	</div>
	<ul class='steps'>
		<li test-id='206' class='node and pass' status='pass'>
			
			<b>And</b>
			
			<span class="bdd-step-name">And Create Commentary visual</span>
				<div class='pre'>passed</div>
			
		</li>
		<li test-id='207' class='node and pass' status='pass'>
			
			<b>And</b>
			
			<span class="bdd-step-name">And Click on "Table" drop down</span>
				<div class='pre'>passed</div>
			
		</li>
		<li test-id='208' class='node and pass' status='pass'>
			
			<b>And</b>
			
			<span class="bdd-step-name">And Create table</span>
				<div class='pre'>passed</div>
			
		</li>
		<li test-id='209' class='node and pass' status='pass'>
			
			<b>And</b>
			
			<span class="bdd-step-name">And Verify column count</span>
				<div class='pre'>passed</div>
			
		</li>
		<li test-id='210' class='node and pass' status='pass'>
			
			<b>And</b>
			
			<span class="bdd-step-name">And Click on "Table" drop down</span>
				<div class='pre'>passed</div>
			
		</li>
		<li test-id='211' class='node and pass' status='pass'>
			
			<b>And</b>
			
			<span class="bdd-step-name">And Click on "Column"</span>
				<div class='pre'>passed</div>
			
		</li>
		<li test-id='212' class='node and pass' status='pass'>
			
			<b>And</b>
			
			<span class="bdd-step-name">And Select "Delete column"</span>
				<div class='pre'>passed</div>
			
		</li>
		<li test-id='213' class='node then fail' status='fail'>
			
			<b>Then</b>
			
			<span class="bdd-step-name">Then The column should be deleted</span>
				<div class='pre'><pre>java.lang.AssertionError: The Column is not deleted
	at org.testng.Assert.fail(Assert.java:94)
	at CDMNext.StepDefinations.Commentary.the_column_should_be_deleted(Commentary.java:1596)
	at ✽.Then The column should be deleted(Commentary.feature:658)
</pre></div>
			
		</li>
	</ul>
</div>
<div class='scenario node' test-id='214' status='fail'>
	<div class='category-list'>
		<span class='category label white-text'>@Commentary1</span>
	</div>
	<span class='duration right label'>0h 1m 17s+634ms</span>
	<div class='desc'>
		<b>Scenario</b>
		<span class="desc-text">TC_Commentary_83:Verify 'font size'</span>
	</div>
	<ul class='steps'>
		<li test-id='215' class='node and pass' status='pass'>
			
			<b>And</b>
			
			<span class="bdd-step-name">And Add some text in the description field</span>
				<div class='pre'>passed</div>
			
		</li>
		<li test-id='216' class='node and pass' status='pass'>
			
			<b>And</b>
			
			<span class="bdd-step-name">And Click on "Font sizes" drop down</span>
				<div class='pre'>passed</div>
			
		</li>
		<li test-id='217' class='node and fail' status='fail'>
			
			<b>And</b>
			
			<span class="bdd-step-name">And Choose font size as "12px"</span>
				<div class='pre'><pre>org.openqa.selenium.NoSuchElementException: no such element: Unable to locate element: {"method":"xpath","selector":"//*[@title='12px']"}
  (Session info: chrome=101.0.4951.67)
For documentation on this error, please visit: http://seleniumhq.org/exceptions/no_such_element.html
Build info: version: '3.4.0', revision: 'unknown', time: 'unknown'
System info: host: 'IN-BLR-L008', ip: '192.168.56.1', os.name: 'Windows 10', os.arch: 'amd64', os.version: '10.0', java.version: '1.8.0_202'
Driver info: org.openqa.selenium.chrome.ChromeDriver
Capabilities [{networkConnectionEnabled=false, chrome={chromedriverVersion=100.0.4896.20 (f9d71f93d32a6487809d6f35a9670c879fe97dfe-refs/branch-heads/4896@{#203}), userDataDir=C:\Users\nmaduru\AppData\Local\Temp\scoped_dir13608_167844171}, timeouts={implicit=0.0, pageLoad=300000.0, script=30000.0}, pageLoadStrategy=normal, unhandledPromptBehavior=dismiss and notify, strictFileInteractability=false, platform=ANY, proxy=Proxy(), goog:chromeOptions={debuggerAddress=localhost:52300}, webauthn:extension:credBlob=true, acceptInsecureCerts=true, browserVersion=101.0.4951.67, browserName=chrome, javascriptEnabled=true, platformName=windows, setWindowRect=true, webauthn:extension:largeBlob=true, webauthn:virtualAuthenticators=true}]
Session ID: eff4a89b1b34ead970fb37314f1a4c7c
*** Element info: {Using=xpath, value=//*[@title='12px']}
	at sun.reflect.GeneratedConstructorAccessor18.newInstance(Unknown Source)
	at sun.reflect.DelegatingConstructorAccessorImpl.newInstance(DelegatingConstructorAccessorImpl.java:45)
	at java.lang.reflect.Constructor.newInstance(Constructor.java:423)
	at org.openqa.selenium.remote.http.W3CHttpResponseCodec.createException(W3CHttpResponseCodec.java:150)
	at org.openqa.selenium.remote.http.W3CHttpResponseCodec.decode(W3CHttpResponseCodec.java:115)
	at org.openqa.selenium.remote.http.W3CHttpResponseCodec.decode(W3CHttpResponseCodec.java:45)
	at org.openqa.selenium.remote.HttpCommandExecutor.execute(HttpCommandExecutor.java:164)
	at org.openqa.selenium.remote.service.DriverCommandExecutor.execute(DriverCommandExecutor.java:82)
	at org.openqa.selenium.remote.RemoteWebDriver.execute(RemoteWebDriver.java:637)
	at org.openqa.selenium.remote.RemoteWebDriver.findElement(RemoteWebDriver.java:410)
	at org.openqa.selenium.remote.RemoteWebDriver.findElementByXPath(RemoteWebDriver.java:509)
	at org.openqa.selenium.By$ByXPath.findElement(By.java:361)
	at org.openqa.selenium.remote.RemoteWebDriver.findElement(RemoteWebDriver.java:402)
	at CDMNext.util.CommonFunctionality.getElementByXpath(CommonFunctionality.java:513)
	at CDMNext.StepDefinations.Commentary.choose_font_size_as(Commentary.java:1605)
	at ✽.And Choose font size as "12px"(Commentary.feature:664)
</pre></div>
			
		</li>
		<li test-id='218' class='node then skip' status='skip'>
			
			<b>Then</b>
			
			<span class="bdd-step-name">Then Text should be changed to "12px" size</span>
				<div class='pre'>skipped</div>
			
		</li>
	</ul>
</div>
<div class='scenario node' test-id='219' status='fail'>
	<div class='category-list'>
		<span class='category label white-text'>@Commentary1</span>
	</div>
	<span class='duration right label'>0h 1m 19s+790ms</span>
	<div class='desc'>
		<b>Scenario</b>
		<span class="desc-text">TC_Commentary_84:Verify 'Text color'</span>
	</div>
	<ul class='steps'>
		<li test-id='220' class='node and pass' status='pass'>
			
			<b>And</b>
			
			<span class="bdd-step-name">And Add some text in the description field</span>
				<div class='pre'>passed</div>
			
		</li>
		<li test-id='221' class='node and pass' status='pass'>
			
			<b>And</b>
			
			<span class="bdd-step-name">And Click on "Text color" drop down</span>
				<div class='pre'>passed</div>
			
		</li>
		<li test-id='222' class='node and fail' status='fail'>
			
			<b>And</b>
			
			<span class="bdd-step-name">And Choose text color as "Red"</span>
				<div class='pre'><pre>org.openqa.selenium.NoSuchElementException: no such element: Unable to locate element: {"method":"xpath","selector":"//div[@title='Red']"}
  (Session info: chrome=101.0.4951.67)
For documentation on this error, please visit: http://seleniumhq.org/exceptions/no_such_element.html
Build info: version: '3.4.0', revision: 'unknown', time: 'unknown'
System info: host: 'IN-BLR-L008', ip: '192.168.56.1', os.name: 'Windows 10', os.arch: 'amd64', os.version: '10.0', java.version: '1.8.0_202'
Driver info: org.openqa.selenium.chrome.ChromeDriver
Capabilities [{networkConnectionEnabled=false, chrome={chromedriverVersion=100.0.4896.20 (f9d71f93d32a6487809d6f35a9670c879fe97dfe-refs/branch-heads/4896@{#203}), userDataDir=C:\Users\nmaduru\AppData\Local\Temp\scoped_dir13608_167844171}, timeouts={implicit=0.0, pageLoad=300000.0, script=30000.0}, pageLoadStrategy=normal, unhandledPromptBehavior=dismiss and notify, strictFileInteractability=false, platform=ANY, proxy=Proxy(), goog:chromeOptions={debuggerAddress=localhost:52300}, webauthn:extension:credBlob=true, acceptInsecureCerts=true, browserVersion=101.0.4951.67, browserName=chrome, javascriptEnabled=true, platformName=windows, setWindowRect=true, webauthn:extension:largeBlob=true, webauthn:virtualAuthenticators=true}]
Session ID: eff4a89b1b34ead970fb37314f1a4c7c
*** Element info: {Using=xpath, value=//div[@title='Red']}
	at sun.reflect.GeneratedConstructorAccessor18.newInstance(Unknown Source)
	at sun.reflect.DelegatingConstructorAccessorImpl.newInstance(DelegatingConstructorAccessorImpl.java:45)
	at java.lang.reflect.Constructor.newInstance(Constructor.java:423)
	at org.openqa.selenium.remote.http.W3CHttpResponseCodec.createException(W3CHttpResponseCodec.java:150)
	at org.openqa.selenium.remote.http.W3CHttpResponseCodec.decode(W3CHttpResponseCodec.java:115)
	at org.openqa.selenium.remote.http.W3CHttpResponseCodec.decode(W3CHttpResponseCodec.java:45)
	at org.openqa.selenium.remote.HttpCommandExecutor.execute(HttpCommandExecutor.java:164)
	at org.openqa.selenium.remote.service.DriverCommandExecutor.execute(DriverCommandExecutor.java:82)
	at org.openqa.selenium.remote.RemoteWebDriver.execute(RemoteWebDriver.java:637)
	at org.openqa.selenium.remote.RemoteWebDriver.findElement(RemoteWebDriver.java:410)
	at org.openqa.selenium.remote.RemoteWebDriver.findElementByXPath(RemoteWebDriver.java:509)
	at org.openqa.selenium.By$ByXPath.findElement(By.java:361)
	at org.openqa.selenium.remote.RemoteWebDriver.findElement(RemoteWebDriver.java:402)
	at CDMNext.util.CommonFunctionality.getElementByXpath(CommonFunctionality.java:513)
	at CDMNext.StepDefinations.Commentary.choose_text_color_as(Commentary.java:1630)
	at ✽.And Choose text color as "Red"(Commentary.feature:671)
</pre></div>
			
		</li>
		<li test-id='223' class='node then skip' status='skip'>
			
			<b>Then</b>
			
			<span class="bdd-step-name">Then The Text should be changed to "Red"</span>
				<div class='pre'>skipped</div>
			
		</li>
	</ul>
</div>
<div class='scenario node' test-id='224' status='fail'>
	<div class='category-list'>
		<span class='category label white-text'>@Commentary1</span>
	</div>
	<span class='duration right label'>0h 1m 19s+738ms</span>
	<div class='desc'>
		<b>Scenario</b>
		<span class="desc-text">TC_Commentary_85:Verify 'Background color'</span>
	</div>
	<ul class='steps'>
		<li test-id='225' class='node and pass' status='pass'>
			
			<b>And</b>
			
			<span class="bdd-step-name">And Add some text in the description field</span>
				<div class='pre'>passed</div>
			
		</li>
		<li test-id='226' class='node and pass' status='pass'>
			
			<b>And</b>
			
			<span class="bdd-step-name">And Click on "Background color" drop down</span>
				<div class='pre'>passed</div>
			
		</li>
		<li test-id='227' class='node and fail' status='fail'>
			
			<b>And</b>
			
			<span class="bdd-step-name">And Choose background color as "Red"</span>
				<div class='pre'><pre>org.openqa.selenium.NoSuchElementException: no such element: Unable to locate element: {"method":"xpath","selector":"//div[@title='Red']"}
  (Session info: chrome=101.0.4951.67)
For documentation on this error, please visit: http://seleniumhq.org/exceptions/no_such_element.html
Build info: version: '3.4.0', revision: 'unknown', time: 'unknown'
System info: host: 'IN-BLR-L008', ip: '192.168.56.1', os.name: 'Windows 10', os.arch: 'amd64', os.version: '10.0', java.version: '1.8.0_202'
Driver info: org.openqa.selenium.chrome.ChromeDriver
Capabilities [{networkConnectionEnabled=false, chrome={chromedriverVersion=100.0.4896.20 (f9d71f93d32a6487809d6f35a9670c879fe97dfe-refs/branch-heads/4896@{#203}), userDataDir=C:\Users\nmaduru\AppData\Local\Temp\scoped_dir13608_167844171}, timeouts={implicit=0.0, pageLoad=300000.0, script=30000.0}, pageLoadStrategy=normal, unhandledPromptBehavior=dismiss and notify, strictFileInteractability=false, platform=ANY, proxy=Proxy(), goog:chromeOptions={debuggerAddress=localhost:52300}, webauthn:extension:credBlob=true, acceptInsecureCerts=true, browserVersion=101.0.4951.67, browserName=chrome, javascriptEnabled=true, platformName=windows, setWindowRect=true, webauthn:extension:largeBlob=true, webauthn:virtualAuthenticators=true}]
Session ID: eff4a89b1b34ead970fb37314f1a4c7c
*** Element info: {Using=xpath, value=//div[@title='Red']}
	at sun.reflect.GeneratedConstructorAccessor18.newInstance(Unknown Source)
	at sun.reflect.DelegatingConstructorAccessorImpl.newInstance(DelegatingConstructorAccessorImpl.java:45)
	at java.lang.reflect.Constructor.newInstance(Constructor.java:423)
	at org.openqa.selenium.remote.http.W3CHttpResponseCodec.createException(W3CHttpResponseCodec.java:150)
	at org.openqa.selenium.remote.http.W3CHttpResponseCodec.decode(W3CHttpResponseCodec.java:115)
	at org.openqa.selenium.remote.http.W3CHttpResponseCodec.decode(W3CHttpResponseCodec.java:45)
	at org.openqa.selenium.remote.HttpCommandExecutor.execute(HttpCommandExecutor.java:164)
	at org.openqa.selenium.remote.service.DriverCommandExecutor.execute(DriverCommandExecutor.java:82)
	at org.openqa.selenium.remote.RemoteWebDriver.execute(RemoteWebDriver.java:637)
	at org.openqa.selenium.remote.RemoteWebDriver.findElement(RemoteWebDriver.java:410)
	at org.openqa.selenium.remote.RemoteWebDriver.findElementByXPath(RemoteWebDriver.java:509)
	at org.openqa.selenium.By$ByXPath.findElement(By.java:361)
	at org.openqa.selenium.remote.RemoteWebDriver.findElement(RemoteWebDriver.java:402)
	at CDMNext.util.CommonFunctionality.getElementByXpath(CommonFunctionality.java:513)
	at CDMNext.StepDefinations.Commentary.choose_text_color_as(Commentary.java:1630)
	at CDMNext.StepDefinations.Commentary.choose_background_color_as(Commentary.java:1680)
	at ✽.And Choose background color as "Red"(Commentary.feature:678)
</pre></div>
			
		</li>
		<li test-id='228' class='node then skip' status='skip'>
			
			<b>Then</b>
			
			<span class="bdd-step-name">Then The background of text should be changed to "Red"</span>
				<div class='pre'>skipped</div>
			
		</li>
	</ul>
</div>
<div class='scenario node' test-id='229' status='pass'>
	<div class='category-list'>
		<span class='category label white-text'>@Commentary1</span>
	</div>
	<span class='duration right label'>0h 1m 46s+759ms</span>
	<div class='desc'>
		<b>Scenario</b>
		<span class="desc-text">TC_Commentary_86:Verify Horizontal alignment (left, right, center)</span>
	</div>
	<ul class='steps'>
		<li test-id='230' class='node and pass' status='pass'>
			
			<b>And</b>
			
			<span class="bdd-step-name">And Add some text in the description field</span>
				<div class='pre'>passed</div>
			
		</li>
		<li test-id='231' class='node and pass' status='pass'>
			
			<b>And</b>
			
			<span class="bdd-step-name">And Choose alignment as "Align left"</span>
				<div class='pre'>passed</div>
			
		</li>
		<li test-id='232' class='node then pass' status='pass'>
			
			<b>Then</b>
			
			<span class="bdd-step-name">Then Title should align to "left"</span>
				<div class='pre'>passed</div>
			
		</li>
		<li test-id='233' class='node and pass' status='pass'>
			
			<b>And</b>
			
			<span class="bdd-step-name">And Choose alignment as "Align right"</span>
				<div class='pre'>passed</div>
			
		</li>
		<li test-id='234' class='node then pass' status='pass'>
			
			<b>Then</b>
			
			<span class="bdd-step-name">Then Title should align to "right"</span>
				<div class='pre'>passed</div>
			
		</li>
		<li test-id='235' class='node and pass' status='pass'>
			
			<b>And</b>
			
			<span class="bdd-step-name">And Choose alignment as "Align center"</span>
				<div class='pre'>passed</div>
			
		</li>
		<li test-id='236' class='node then pass' status='pass'>
			
			<b>Then</b>
			
			<span class="bdd-step-name">Then Title should align to "center"</span>
				<div class='pre'>passed</div>
			
		</li>
	</ul>
</div>
<div class='scenario node' test-id='237' status='fail'>
	<div class='category-list'>
		<span class='category label white-text'>@Commentary1</span>
	</div>
	<span class='duration right label'>0h 1m 10s+675ms</span>
	<div class='desc'>
		<b>Scenario</b>
		<span class="desc-text">TC_Commentary_87:Verify Bullet list</span>
	</div>
	<ul class='steps'>
		<li test-id='238' class='node and pass' status='pass'>
			
			<b>And</b>
			
			<span class="bdd-step-name">And Create Commentary visual</span>
				<div class='pre'>passed</div>
			
		</li>
		<li test-id='239' class='node and pass' status='pass'>
			
			<b>And</b>
			
			<span class="bdd-step-name">And Enter data to description field</span>
				<div class='pre'>passed</div>
			
		</li>
		<li test-id='240' class='node and fail' status='fail'>
			
			<b>And</b>
			
			<span class="bdd-step-name">And Click on "Bullet list"</span>
				<div class='pre'><pre>org.openqa.selenium.NoSuchElementException: no such element: Unable to locate element: {"method":"xpath","selector":"//*[@aria-label='Bullet list']"}
  (Session info: chrome=101.0.4951.67)
For documentation on this error, please visit: http://seleniumhq.org/exceptions/no_such_element.html
Build info: version: '3.4.0', revision: 'unknown', time: 'unknown'
System info: host: 'IN-BLR-L008', ip: '192.168.56.1', os.name: 'Windows 10', os.arch: 'amd64', os.version: '10.0', java.version: '1.8.0_202'
Driver info: org.openqa.selenium.chrome.ChromeDriver
Capabilities [{networkConnectionEnabled=false, chrome={chromedriverVersion=100.0.4896.20 (f9d71f93d32a6487809d6f35a9670c879fe97dfe-refs/branch-heads/4896@{#203}), userDataDir=C:\Users\nmaduru\AppData\Local\Temp\scoped_dir13608_167844171}, timeouts={implicit=0.0, pageLoad=300000.0, script=30000.0}, pageLoadStrategy=normal, unhandledPromptBehavior=dismiss and notify, strictFileInteractability=false, platform=ANY, proxy=Proxy(), goog:chromeOptions={debuggerAddress=localhost:52300}, webauthn:extension:credBlob=true, acceptInsecureCerts=true, browserVersion=101.0.4951.67, browserName=chrome, javascriptEnabled=true, platformName=windows, setWindowRect=true, webauthn:extension:largeBlob=true, webauthn:virtualAuthenticators=true}]
Session ID: eff4a89b1b34ead970fb37314f1a4c7c
*** Element info: {Using=xpath, value=//*[@aria-label='Bullet list']}
	at sun.reflect.GeneratedConstructorAccessor18.newInstance(Unknown Source)
	at sun.reflect.DelegatingConstructorAccessorImpl.newInstance(DelegatingConstructorAccessorImpl.java:45)
	at java.lang.reflect.Constructor.newInstance(Constructor.java:423)
	at org.openqa.selenium.remote.http.W3CHttpResponseCodec.createException(W3CHttpResponseCodec.java:150)
	at org.openqa.selenium.remote.http.W3CHttpResponseCodec.decode(W3CHttpResponseCodec.java:115)
	at org.openqa.selenium.remote.http.W3CHttpResponseCodec.decode(W3CHttpResponseCodec.java:45)
	at org.openqa.selenium.remote.HttpCommandExecutor.execute(HttpCommandExecutor.java:164)
	at org.openqa.selenium.remote.service.DriverCommandExecutor.execute(DriverCommandExecutor.java:82)
	at org.openqa.selenium.remote.RemoteWebDriver.execute(RemoteWebDriver.java:637)
	at org.openqa.selenium.remote.RemoteWebDriver.findElement(RemoteWebDriver.java:410)
	at org.openqa.selenium.remote.RemoteWebDriver.findElementByXPath(RemoteWebDriver.java:509)
	at org.openqa.selenium.By$ByXPath.findElement(By.java:361)
	at org.openqa.selenium.remote.RemoteWebDriver.findElement(RemoteWebDriver.java:402)
	at CDMNext.util.CommonFunctionality.getElementByXpath(CommonFunctionality.java:513)
	at CDMNext.StepDefinations.SeriesTab.click_on(SeriesTab.java:692)
	at ✽.And Click on "Bullet list"(Commentary.feature:695)
</pre></div>
			
		</li>
		<li test-id='241' class='node then skip' status='skip'>
			
			<b>Then</b>
			
			<span class="bdd-step-name">Then Choosed list should be displayed</span>
				<div class='pre'>skipped</div>
			
		</li>
	</ul>
</div>
<div class='scenario node' test-id='242' status='fail'>
	<div class='category-list'>
		<span class='category label white-text'>@Commentary1</span>
	</div>
	<span class='duration right label'>0h 1m 10s+630ms</span>
	<div class='desc'>
		<b>Scenario</b>
		<span class="desc-text">TC_Commentary_88:Verify Number list</span>
	</div>
	<ul class='steps'>
		<li test-id='243' class='node and pass' status='pass'>
			
			<b>And</b>
			
			<span class="bdd-step-name">And Create Commentary visual</span>
				<div class='pre'>passed</div>
			
		</li>
		<li test-id='244' class='node and pass' status='pass'>
			
			<b>And</b>
			
			<span class="bdd-step-name">And Enter data to description field</span>
				<div class='pre'>passed</div>
			
		</li>
		<li test-id='245' class='node and fail' status='fail'>
			
			<b>And</b>
			
			<span class="bdd-step-name">And Click on "Numbered list"</span>
				<div class='pre'><pre>org.openqa.selenium.NoSuchElementException: no such element: Unable to locate element: {"method":"xpath","selector":"//*[@aria-label='Numbered list']"}
  (Session info: chrome=101.0.4951.67)
For documentation on this error, please visit: http://seleniumhq.org/exceptions/no_such_element.html
Build info: version: '3.4.0', revision: 'unknown', time: 'unknown'
System info: host: 'IN-BLR-L008', ip: '192.168.56.1', os.name: 'Windows 10', os.arch: 'amd64', os.version: '10.0', java.version: '1.8.0_202'
Driver info: org.openqa.selenium.chrome.ChromeDriver
Capabilities [{networkConnectionEnabled=false, chrome={chromedriverVersion=100.0.4896.20 (f9d71f93d32a6487809d6f35a9670c879fe97dfe-refs/branch-heads/4896@{#203}), userDataDir=C:\Users\nmaduru\AppData\Local\Temp\scoped_dir13608_167844171}, timeouts={implicit=0.0, pageLoad=300000.0, script=30000.0}, pageLoadStrategy=normal, unhandledPromptBehavior=dismiss and notify, strictFileInteractability=false, platform=ANY, proxy=Proxy(), goog:chromeOptions={debuggerAddress=localhost:52300}, webauthn:extension:credBlob=true, acceptInsecureCerts=true, browserVersion=101.0.4951.67, browserName=chrome, javascriptEnabled=true, platformName=windows, setWindowRect=true, webauthn:extension:largeBlob=true, webauthn:virtualAuthenticators=true}]
Session ID: eff4a89b1b34ead970fb37314f1a4c7c
*** Element info: {Using=xpath, value=//*[@aria-label='Numbered list']}
	at sun.reflect.GeneratedConstructorAccessor18.newInstance(Unknown Source)
	at sun.reflect.DelegatingConstructorAccessorImpl.newInstance(DelegatingConstructorAccessorImpl.java:45)
	at java.lang.reflect.Constructor.newInstance(Constructor.java:423)
	at org.openqa.selenium.remote.http.W3CHttpResponseCodec.createException(W3CHttpResponseCodec.java:150)
	at org.openqa.selenium.remote.http.W3CHttpResponseCodec.decode(W3CHttpResponseCodec.java:115)
	at org.openqa.selenium.remote.http.W3CHttpResponseCodec.decode(W3CHttpResponseCodec.java:45)
	at org.openqa.selenium.remote.HttpCommandExecutor.execute(HttpCommandExecutor.java:164)
	at org.openqa.selenium.remote.service.DriverCommandExecutor.execute(DriverCommandExecutor.java:82)
	at org.openqa.selenium.remote.RemoteWebDriver.execute(RemoteWebDriver.java:637)
	at org.openqa.selenium.remote.RemoteWebDriver.findElement(RemoteWebDriver.java:410)
	at org.openqa.selenium.remote.RemoteWebDriver.findElementByXPath(RemoteWebDriver.java:509)
	at org.openqa.selenium.By$ByXPath.findElement(By.java:361)
	at org.openqa.selenium.remote.RemoteWebDriver.findElement(RemoteWebDriver.java:402)
	at CDMNext.util.CommonFunctionality.getElementByXpath(CommonFunctionality.java:513)
	at CDMNext.StepDefinations.SeriesTab.click_on(SeriesTab.java:696)
	at ✽.And Click on "Numbered list"(Commentary.feature:702)
</pre></div>
			
		</li>
		<li test-id='246' class='node then skip' status='skip'>
			
			<b>Then</b>
			
			<span class="bdd-step-name">Then Choosed list should be displayed</span>
				<div class='pre'>skipped</div>
			
		</li>
	</ul>
</div>
<div class='scenario node' test-id='247' status='fail'>
	<div class='category-list'>
		<span class='category label white-text'>@Commentary1</span>
	</div>
	<span class='duration right label'>0h 1m 15s+405ms</span>
	<div class='desc'>
		<b>Scenario</b>
		<span class="desc-text">TC_Commentary_90:Verify Bold format</span>
	</div>
	<ul class='steps'>
		<li test-id='248' class='node and pass' status='pass'>
			
			<b>And</b>
			
			<span class="bdd-step-name">And Add some text in the description field</span>
				<div class='pre'>passed</div>
			
		</li>
		<li test-id='249' class='node and fail' status='fail'>
			
			<b>And</b>
			
			<span class="bdd-step-name">And Click on "Bold"</span>
				<div class='pre'><pre>org.openqa.selenium.NoSuchElementException: no such element: Unable to locate element: {"method":"xpath","selector":"//*[@aria-label='Bold']"}
  (Session info: chrome=101.0.4951.67)
For documentation on this error, please visit: http://seleniumhq.org/exceptions/no_such_element.html
Build info: version: '3.4.0', revision: 'unknown', time: 'unknown'
System info: host: 'IN-BLR-L008', ip: '192.168.56.1', os.name: 'Windows 10', os.arch: 'amd64', os.version: '10.0', java.version: '1.8.0_202'
Driver info: org.openqa.selenium.chrome.ChromeDriver
Capabilities [{networkConnectionEnabled=false, chrome={chromedriverVersion=100.0.4896.20 (f9d71f93d32a6487809d6f35a9670c879fe97dfe-refs/branch-heads/4896@{#203}), userDataDir=C:\Users\nmaduru\AppData\Local\Temp\scoped_dir13608_167844171}, timeouts={implicit=0.0, pageLoad=300000.0, script=30000.0}, pageLoadStrategy=normal, unhandledPromptBehavior=dismiss and notify, strictFileInteractability=false, platform=ANY, proxy=Proxy(), goog:chromeOptions={debuggerAddress=localhost:52300}, webauthn:extension:credBlob=true, acceptInsecureCerts=true, browserVersion=101.0.4951.67, browserName=chrome, javascriptEnabled=true, platformName=windows, setWindowRect=true, webauthn:extension:largeBlob=true, webauthn:virtualAuthenticators=true}]
Session ID: eff4a89b1b34ead970fb37314f1a4c7c
*** Element info: {Using=xpath, value=//*[@aria-label='Bold']}
	at sun.reflect.GeneratedConstructorAccessor18.newInstance(Unknown Source)
	at sun.reflect.DelegatingConstructorAccessorImpl.newInstance(DelegatingConstructorAccessorImpl.java:45)
	at java.lang.reflect.Constructor.newInstance(Constructor.java:423)
	at org.openqa.selenium.remote.http.W3CHttpResponseCodec.createException(W3CHttpResponseCodec.java:150)
	at org.openqa.selenium.remote.http.W3CHttpResponseCodec.decode(W3CHttpResponseCodec.java:115)
	at org.openqa.selenium.remote.http.W3CHttpResponseCodec.decode(W3CHttpResponseCodec.java:45)
	at org.openqa.selenium.remote.HttpCommandExecutor.execute(HttpCommandExecutor.java:164)
	at org.openqa.selenium.remote.service.DriverCommandExecutor.execute(DriverCommandExecutor.java:82)
	at org.openqa.selenium.remote.RemoteWebDriver.execute(RemoteWebDriver.java:637)
	at org.openqa.selenium.remote.RemoteWebDriver.findElement(RemoteWebDriver.java:410)
	at org.openqa.selenium.remote.RemoteWebDriver.findElementByXPath(RemoteWebDriver.java:509)
	at org.openqa.selenium.By$ByXPath.findElement(By.java:361)
	at org.openqa.selenium.remote.RemoteWebDriver.findElement(RemoteWebDriver.java:402)
	at CDMNext.util.CommonFunctionality.getElementByXpath(CommonFunctionality.java:513)
	at CDMNext.StepDefinations.SeriesTab.click_on(SeriesTab.java:708)
	at ✽.And Click on "Bold"(Commentary.feature:714)
</pre></div>
			
		</li>
		<li test-id='250' class='node then skip' status='skip'>
			
			<b>Then</b>
			
			<span class="bdd-step-name">Then The text should be changed to "Bold"</span>
				<div class='pre'>skipped</div>
			
		</li>
	</ul>
</div>
<div class='scenario node' test-id='251' status='fail'>
	<div class='category-list'>
		<span class='category label white-text'>@Commentary1</span>
	</div>
	<span class='duration right label'>0h 1m 15s+532ms</span>
	<div class='desc'>
		<b>Scenario</b>
		<span class="desc-text">TC_Commentary_91:Verify Italic format</span>
	</div>
	<ul class='steps'>
		<li test-id='252' class='node and pass' status='pass'>
			
			<b>And</b>
			
			<span class="bdd-step-name">And Add some text in the description field</span>
				<div class='pre'>passed</div>
			
		</li>
		<li test-id='253' class='node and fail' status='fail'>
			
			<b>And</b>
			
			<span class="bdd-step-name">And Click on "Italic"</span>
				<div class='pre'><pre>org.openqa.selenium.NoSuchElementException: no such element: Unable to locate element: {"method":"xpath","selector":"//*[@aria-label='Italic']"}
  (Session info: chrome=101.0.4951.67)
For documentation on this error, please visit: http://seleniumhq.org/exceptions/no_such_element.html
Build info: version: '3.4.0', revision: 'unknown', time: 'unknown'
System info: host: 'IN-BLR-L008', ip: '192.168.56.1', os.name: 'Windows 10', os.arch: 'amd64', os.version: '10.0', java.version: '1.8.0_202'
Driver info: org.openqa.selenium.chrome.ChromeDriver
Capabilities [{networkConnectionEnabled=false, chrome={chromedriverVersion=100.0.4896.20 (f9d71f93d32a6487809d6f35a9670c879fe97dfe-refs/branch-heads/4896@{#203}), userDataDir=C:\Users\nmaduru\AppData\Local\Temp\scoped_dir13608_167844171}, timeouts={implicit=0.0, pageLoad=300000.0, script=30000.0}, pageLoadStrategy=normal, unhandledPromptBehavior=dismiss and notify, strictFileInteractability=false, platform=ANY, proxy=Proxy(), goog:chromeOptions={debuggerAddress=localhost:52300}, webauthn:extension:credBlob=true, acceptInsecureCerts=true, browserVersion=101.0.4951.67, browserName=chrome, javascriptEnabled=true, platformName=windows, setWindowRect=true, webauthn:extension:largeBlob=true, webauthn:virtualAuthenticators=true}]
Session ID: eff4a89b1b34ead970fb37314f1a4c7c
*** Element info: {Using=xpath, value=//*[@aria-label='Italic']}
	at sun.reflect.GeneratedConstructorAccessor18.newInstance(Unknown Source)
	at sun.reflect.DelegatingConstructorAccessorImpl.newInstance(DelegatingConstructorAccessorImpl.java:45)
	at java.lang.reflect.Constructor.newInstance(Constructor.java:423)
	at org.openqa.selenium.remote.http.W3CHttpResponseCodec.createException(W3CHttpResponseCodec.java:150)
	at org.openqa.selenium.remote.http.W3CHttpResponseCodec.decode(W3CHttpResponseCodec.java:115)
	at org.openqa.selenium.remote.http.W3CHttpResponseCodec.decode(W3CHttpResponseCodec.java:45)
	at org.openqa.selenium.remote.HttpCommandExecutor.execute(HttpCommandExecutor.java:164)
	at org.openqa.selenium.remote.service.DriverCommandExecutor.execute(DriverCommandExecutor.java:82)
	at org.openqa.selenium.remote.RemoteWebDriver.execute(RemoteWebDriver.java:637)
	at org.openqa.selenium.remote.RemoteWebDriver.findElement(RemoteWebDriver.java:410)
	at org.openqa.selenium.remote.RemoteWebDriver.findElementByXPath(RemoteWebDriver.java:509)
	at org.openqa.selenium.By$ByXPath.findElement(By.java:361)
	at org.openqa.selenium.remote.RemoteWebDriver.findElement(RemoteWebDriver.java:402)
	at CDMNext.util.CommonFunctionality.getElementByXpath(CommonFunctionality.java:513)
	at CDMNext.StepDefinations.SeriesTab.click_on(SeriesTab.java:714)
	at ✽.And Click on "Italic"(Commentary.feature:720)
</pre></div>
			
		</li>
		<li test-id='254' class='node then skip' status='skip'>
			
			<b>Then</b>
			
			<span class="bdd-step-name">Then The text should be changed to "Italic"</span>
				<div class='pre'>skipped</div>
			
		</li>
	</ul>
</div>
<div class='scenario node' test-id='255' status='fail'>
	<div class='category-list'>
		<span class='category label white-text'>@Commentary1</span>
	</div>
	<span class='duration right label'>0h 1m 1s+633ms</span>
	<div class='desc'>
		<b>Scenario</b>
		<span class="desc-text">TC_Commentary_92:Verify upload image</span>
	</div>
	<ul class='steps'>
		<li test-id='256' class='node and pass' status='pass'>
			
			<b>And</b>
			
			<span class="bdd-step-name">And Create Commentary visual</span>
				<div class='pre'>passed</div>
			
		</li>
		<li test-id='257' class='node and fail' status='fail'>
			
			<b>And</b>
			
			<span class="bdd-step-name">And Click on "Upload image"</span>
				<div class='pre'><pre>org.openqa.selenium.NoSuchElementException: no such element: Unable to locate element: {"method":"xpath","selector":"//*[@aria-label='Upload image']"}
  (Session info: chrome=101.0.4951.67)
For documentation on this error, please visit: http://seleniumhq.org/exceptions/no_such_element.html
Build info: version: '3.4.0', revision: 'unknown', time: 'unknown'
System info: host: 'IN-BLR-L008', ip: '192.168.56.1', os.name: 'Windows 10', os.arch: 'amd64', os.version: '10.0', java.version: '1.8.0_202'
Driver info: org.openqa.selenium.chrome.ChromeDriver
Capabilities [{networkConnectionEnabled=false, chrome={chromedriverVersion=100.0.4896.20 (f9d71f93d32a6487809d6f35a9670c879fe97dfe-refs/branch-heads/4896@{#203}), userDataDir=C:\Users\nmaduru\AppData\Local\Temp\scoped_dir13608_167844171}, timeouts={implicit=0.0, pageLoad=300000.0, script=30000.0}, pageLoadStrategy=normal, unhandledPromptBehavior=dismiss and notify, strictFileInteractability=false, platform=ANY, proxy=Proxy(), goog:chromeOptions={debuggerAddress=localhost:52300}, webauthn:extension:credBlob=true, acceptInsecureCerts=true, browserVersion=101.0.4951.67, browserName=chrome, javascriptEnabled=true, platformName=windows, setWindowRect=true, webauthn:extension:largeBlob=true, webauthn:virtualAuthenticators=true}]
Session ID: eff4a89b1b34ead970fb37314f1a4c7c
*** Element info: {Using=xpath, value=//*[@aria-label='Upload image']}
	at sun.reflect.GeneratedConstructorAccessor18.newInstance(Unknown Source)
	at sun.reflect.DelegatingConstructorAccessorImpl.newInstance(DelegatingConstructorAccessorImpl.java:45)
	at java.lang.reflect.Constructor.newInstance(Constructor.java:423)
	at org.openqa.selenium.remote.http.W3CHttpResponseCodec.createException(W3CHttpResponseCodec.java:150)
	at org.openqa.selenium.remote.http.W3CHttpResponseCodec.decode(W3CHttpResponseCodec.java:115)
	at org.openqa.selenium.remote.http.W3CHttpResponseCodec.decode(W3CHttpResponseCodec.java:45)
	at org.openqa.selenium.remote.HttpCommandExecutor.execute(HttpCommandExecutor.java:164)
	at org.openqa.selenium.remote.service.DriverCommandExecutor.execute(DriverCommandExecutor.java:82)
	at org.openqa.selenium.remote.RemoteWebDriver.execute(RemoteWebDriver.java:637)
	at org.openqa.selenium.remote.RemoteWebDriver.findElement(RemoteWebDriver.java:410)
	at org.openqa.selenium.remote.RemoteWebDriver.findElementByXPath(RemoteWebDriver.java:509)
	at org.openqa.selenium.By$ByXPath.findElement(By.java:361)
	at org.openqa.selenium.remote.RemoteWebDriver.findElement(RemoteWebDriver.java:402)
	at CDMNext.util.CommonFunctionality.getElementByXpath(CommonFunctionality.java:513)
	at CDMNext.StepDefinations.SeriesTab.click_on(SeriesTab.java:718)
	at ✽.And Click on "Upload image"(Commentary.feature:726)
</pre></div>
			
		</li>
		<li test-id='258' class='node and skip' status='skip'>
			
			<b>And</b>
			
			<span class="bdd-step-name">And Select image</span>
				<div class='pre'>skipped</div>
			
		</li>
		<li test-id='259' class='node then skip' status='skip'>
			
			<b>Then</b>
			
			<span class="bdd-step-name">Then Selected image should be uploaded</span>
				<div class='pre'>skipped</div>
			
		</li>
	</ul>
</div>
<div class='scenario node' test-id='260' status='fail'>
	<div class='category-list'>
		<span class='category label white-text'>@Commentary1</span>
	</div>
	<span class='duration right label'>0h 1m 3s+558ms</span>
	<div class='desc'>
		<b>Scenario</b>
		<span class="desc-text">TC_Commentary_118:Verify 'Delete' insight having all type of visuals</span>
	</div>
	<ul class='steps'>
		<li test-id='261' class='node and fail' status='fail'>
			
			<b>And</b>
			
			<span class="bdd-step-name">And Delete the created insight with all visuals</span>
				<div class='pre'><pre>org.openqa.selenium.NoSuchElementException: no such element: Unable to locate element: {"method":"xpath","selector":"//*[text()='Automation_Insight']/following::a[contains(text(),'Customize')][1]"}
  (Session info: chrome=101.0.4951.67)
For documentation on this error, please visit: http://seleniumhq.org/exceptions/no_such_element.html
Build info: version: '3.4.0', revision: 'unknown', time: 'unknown'
System info: host: 'IN-BLR-L008', ip: '192.168.56.1', os.name: 'Windows 10', os.arch: 'amd64', os.version: '10.0', java.version: '1.8.0_202'
Driver info: org.openqa.selenium.chrome.ChromeDriver
Capabilities [{networkConnectionEnabled=false, chrome={chromedriverVersion=100.0.4896.20 (f9d71f93d32a6487809d6f35a9670c879fe97dfe-refs/branch-heads/4896@{#203}), userDataDir=C:\Users\nmaduru\AppData\Local\Temp\scoped_dir13608_167844171}, timeouts={implicit=0.0, pageLoad=300000.0, script=30000.0}, pageLoadStrategy=normal, unhandledPromptBehavior=dismiss and notify, strictFileInteractability=false, platform=ANY, proxy=Proxy(), goog:chromeOptions={debuggerAddress=localhost:52300}, webauthn:extension:credBlob=true, acceptInsecureCerts=true, browserVersion=101.0.4951.67, browserName=chrome, javascriptEnabled=true, platformName=windows, setWindowRect=true, webauthn:extension:largeBlob=true, webauthn:virtualAuthenticators=true}]
Session ID: eff4a89b1b34ead970fb37314f1a4c7c
*** Element info: {Using=xpath, value=//*[text()='Automation_Insight']/following::a[contains(text(),'Customize')][1]}
	at sun.reflect.GeneratedConstructorAccessor18.newInstance(Unknown Source)
	at sun.reflect.DelegatingConstructorAccessorImpl.newInstance(DelegatingConstructorAccessorImpl.java:45)
	at java.lang.reflect.Constructor.newInstance(Constructor.java:423)
	at org.openqa.selenium.remote.http.W3CHttpResponseCodec.createException(W3CHttpResponseCodec.java:150)
	at org.openqa.selenium.remote.http.W3CHttpResponseCodec.decode(W3CHttpResponseCodec.java:115)
	at org.openqa.selenium.remote.http.W3CHttpResponseCodec.decode(W3CHttpResponseCodec.java:45)
	at org.openqa.selenium.remote.HttpCommandExecutor.execute(HttpCommandExecutor.java:164)
	at org.openqa.selenium.remote.service.DriverCommandExecutor.execute(DriverCommandExecutor.java:82)
	at org.openqa.selenium.remote.RemoteWebDriver.execute(RemoteWebDriver.java:637)
	at org.openqa.selenium.remote.RemoteWebDriver.findElement(RemoteWebDriver.java:410)
	at org.openqa.selenium.remote.RemoteWebDriver.findElementByXPath(RemoteWebDriver.java:509)
	at org.openqa.selenium.By$ByXPath.findElement(By.java:361)
	at org.openqa.selenium.remote.RemoteWebDriver.findElement(RemoteWebDriver.java:402)
	at CDMNext.util.CommonFunctionality.getElementByProperty(CommonFunctionality.java:480)
	at CDMNext.StepDefinations.Commentary.delete_the_created_insight_with_all_visuals(Commentary.java:2075)
	at ✽.And Delete the created insight with all visuals(Commentary.feature:968)
</pre></div>
			
		</li>
		<li test-id='262' class='node then skip' status='skip'>
			
			<b>Then</b>
			
			<span class="bdd-step-name">Then The insight should be deleted successfully</span>
				<div class='pre'>skipped</div>
			
		</li>
	</ul>
</div>
					</div>
				</li>
			</ul>
		</div>
	</div>
	<!-- subview left -->

	<div class='subview-right left'>
		<div class='view-summary'>
			<h5 class='test-name'></h5>

			<div id='step-filters' class="right">
				<span class="blue-text" status="info" alt="info" title="info"><i class="material-icons">info_outline</i></span>
				<span class="green-text" status="pass" alt="pass" title="pass"><i class="material-icons">check_circle</i></span>
				<span class="red-text" status="fail" alt="fail" title="fail"><i class="material-icons">cancel</i></span>
				<span class="red-text text-darken-4" status="fatal" alt="fatal" title="fatal"><i class="material-icons">cancel</i></span>
				<span class="pink-text text-lighten-1" status="error" alt="error" title="error"><i class="material-icons">error</i></span>
				<span class="orange-text" alt="warning" status="warning" title="warning"><i class="material-icons">warning</i></span>
				<span class="teal-text" status="skip" alt="skip" title="skip"><i class="material-icons">redo</i></span>
				<span status="clear" alt="Clear filters" title="Clear filters"><i class="material-icons">clear</i></span>
			</div>
		</div>
	</div>
	<!-- subview right -->

</div>
<!-- test view -->
<div id='category-view' class='view hide'>

	<section id='controls'>
		<div class='controls grey lighten-4'>
			<!-- search -->
			<div class='chip transparent' alt='Search Tests' title='Search Tests'>
				<a href="#" class='search-div'>
					<i class='material-icons'>search</i> Search
				</a>
				
				<div class='input-field left hide'>
					<input id='search-tests' type='text' class='validate browser-default' placeholder='Search Tests...'>
				</div>
				
			</div>
			<!-- search -->
		</div>
	</section>

	<div class='subview-left left'>
		
		<div class='view-summary'>
			<h5>Categories</h3>
			<ul id='category-collection' class='category-collection'>
				
				<li class='category displayed active'>
					<div class='category-heading'>
						<span class='category-name'>@Commentary1</span>
						<span class='category-status right'>
							<span class='label pass'>5</span>
							<span class='label fail'>30</span>
						</span>
					</div>
					<div class='category-content hide'>
						<div class='category-status-counts'>
							<span class='label green accent-4 white-text'>Passed: 5</span>
							<span class='label red lighten-1 white-text'>Failed: 30</span>
							
						</div>
					
						<div class='category-tests'>
							<table class='bordered table-results'>
								<thead>
									<tr>
										<th>Timestamp</th>
										<th>TestName</th>
										<th>Status</th>
									</tr>
								</thead>
								<tbody>
									<tr>
										<td>May 27, 2022 04:36:36 PM</td>
										<td class='linked' test-id='2'>Verifying Commentary Visual functionality.TC_Commentary_57:Verify Delete commentary</td>
										<td><span class='test-status pass'>pass</span></td>
									</tr>
									<tr>
										<td>May 27, 2022 04:38:18 PM</td>
										<td class='linked' test-id='6'>Verifying Commentary Visual functionality.TC_Commentary_58:Verify description for delete confirmation popup</td>
										<td><span class='test-status pass'>pass</span></td>
									</tr>
									<tr>
										<td>May 27, 2022 04:39:50 PM</td>
										<td class='linked' test-id='10'>Verifying Commentary Visual functionality.TC_Commentary_60:Table - Verify insert table</td>
										<td><span class='test-status pass'>pass</span></td>
									</tr>
									<tr>
										<td>May 27, 2022 04:41:17 PM</td>
										<td class='linked' test-id='15'>Verifying Commentary Visual functionality.TC_Commentary_61:Table - Verify Table properties</td>
										<td><span class='test-status fail'>fail</span></td>
									</tr>
									<tr>
										<td>May 27, 2022 04:42:32 PM</td>
										<td class='linked' test-id='22'>Verifying Commentary Visual functionality.TC_Commentary_62:Table - properties - verify width field for table</td>
										<td><span class='test-status fail'>fail</span></td>
									</tr>
									<tr>
										<td>May 27, 2022 04:43:47 PM</td>
										<td class='linked' test-id='30'>Verifying Commentary Visual functionality.TC_Commentary_63:Table - properties - verify hight field for table</td>
										<td><span class='test-status fail'>fail</span></td>
									</tr>
									<tr>
										<td>May 27, 2022 04:45:13 PM</td>
										<td class='linked' test-id='38'>Verifying Commentary Visual functionality.TC_Commentary_64:Table - properties - verify cell spacing field for table</td>
										<td><span class='test-status fail'>fail</span></td>
									</tr>
									<tr>
										<td>May 27, 2022 04:46:40 PM</td>
										<td class='linked' test-id='46'>Verifying Commentary Visual functionality.TC_Commentary_65:Table - properties - verify cell padding field for table</td>
										<td><span class='test-status fail'>fail</span></td>
									</tr>
									<tr>
										<td>May 27, 2022 04:48:06 PM</td>
										<td class='linked' test-id='54'>Verifying Commentary Visual functionality.TC_Commentary_66:Table - properties - verify caption field for table</td>
										<td><span class='test-status fail'>fail</span></td>
									</tr>
									<tr>
										<td>May 27, 2022 04:49:33 PM</td>
										<td class='linked' test-id='62'>Verifying Commentary Visual functionality.TC_Commentary_67:Table - properties - verify removing caption by unchecking the field.</td>
										<td><span class='test-status fail'>fail</span></td>
									</tr>
									<tr>
										<td>May 27, 2022 04:50:59 PM</td>
										<td class='linked' test-id='70'>Verifying Commentary Visual functionality.TC_Commentary_68:Table - properties - verify cancel/x icon</td>
										<td><span class='test-status fail'>fail</span></td>
									</tr>
									<tr>
										<td>May 27, 2022 04:52:26 PM</td>
										<td class='linked' test-id='78'>Verifying Commentary Visual functionality.TC_Commentary_69:Table - Delete table</td>
										<td><span class='test-status fail'>fail</span></td>
									</tr>
									<tr>
										<td>May 27, 2022 04:53:47 PM</td>
										<td class='linked' test-id='85'>Verifying Commentary Visual functionality.TC_Commentary_70:Table - Verify Cell proprites</td>
										<td><span class='test-status fail'>fail</span></td>
									</tr>
									<tr>
										<td>May 27, 2022 04:55:15 PM</td>
										<td class='linked' test-id='93'>Verifying Commentary Visual functionality.TC_Commentary_71:Table - Merge cells</td>
										<td><span class='test-status fail'>fail</span></td>
									</tr>
									<tr>
										<td>May 27, 2022 04:56:49 PM</td>
										<td class='linked' test-id='102'>Verifying Commentary Visual functionality.TC_Commentary_72:Table - Split cell</td>
										<td><span class='test-status fail'>fail</span></td>
									</tr>
									<tr>
										<td>May 27, 2022 04:58:28 PM</td>
										<td class='linked' test-id='114'>Verifying Commentary Visual functionality.TC_Commentary_73:Table - Row - verify insert row before</td>
										<td><span class='test-status fail'>fail</span></td>
									</tr>
									<tr>
										<td>May 27, 2022 05:00:21 PM</td>
										<td class='linked' test-id='123'>Verifying Commentary Visual functionality.TC_Commentary_74:Table - Row - verify insert row after</td>
										<td><span class='test-status fail'>fail</span></td>
									</tr>
									<tr>
										<td>May 27, 2022 05:02:13 PM</td>
										<td class='linked' test-id='132'>Verifying Commentary Visual functionality.TC_Commentary_75:Table - Row - verify Delete row</td>
										<td><span class='test-status fail'>fail</span></td>
									</tr>
									<tr>
										<td>May 27, 2022 05:03:28 PM</td>
										<td class='linked' test-id='141'>Verifying Commentary Visual functionality.TC_Commentary_76:Table - Row - Verify Row proprities</td>
										<td><span class='test-status fail'>fail</span></td>
									</tr>
									<tr>
										<td>May 27, 2022 05:04:57 PM</td>
										<td class='linked' test-id='154'>Verifying Commentary Visual functionality.TC_Commentary_77:Table - Row - verify cut row</td>
										<td><span class='test-status pass'>pass</span></td>
									</tr>
									<tr>
										<td>May 27, 2022 05:06:49 PM</td>
										<td class='linked' test-id='163'>Verifying Commentary Visual functionality.TC_1Commentary_78:Table - Row - Verify Paste row before</td>
										<td><span class='test-status fail'>fail</span></td>
									</tr>
									<tr>
										<td>May 27, 2022 05:08:37 PM</td>
										<td class='linked' test-id='175'>Verifying Commentary Visual functionality.TC_Commentary_79:Table - Row - Verify paste row after</td>
										<td><span class='test-status fail'>fail</span></td>
									</tr>
									<tr>
										<td>May 27, 2022 05:10:25 PM</td>
										<td class='linked' test-id='187'>Verifying Commentary Visual functionality.TC_Commentary_80:Table - Column - Verify Insert column before</td>
										<td><span class='test-status fail'>fail</span></td>
									</tr>
									<tr>
										<td>May 27, 2022 05:11:56 PM</td>
										<td class='linked' test-id='196'>Verifying Commentary Visual functionality.TC_Commentary_81:Table - Column - Verify Insert column after</td>
										<td><span class='test-status fail'>fail</span></td>
									</tr>
									<tr>
										<td>May 27, 2022 05:13:28 PM</td>
										<td class='linked' test-id='205'>Verifying Commentary Visual functionality.TC_Commentary_82:Table - Column - Verify Delete column</td>
										<td><span class='test-status fail'>fail</span></td>
									</tr>
									<tr>
										<td>May 27, 2022 05:14:59 PM</td>
										<td class='linked' test-id='214'>Verifying Commentary Visual functionality.TC_Commentary_83:Verify 'font size'</td>
										<td><span class='test-status fail'>fail</span></td>
									</tr>
									<tr>
										<td>May 27, 2022 05:16:27 PM</td>
										<td class='linked' test-id='219'>Verifying Commentary Visual functionality.TC_Commentary_84:Verify 'Text color'</td>
										<td><span class='test-status fail'>fail</span></td>
									</tr>
									<tr>
										<td>May 27, 2022 05:17:57 PM</td>
										<td class='linked' test-id='224'>Verifying Commentary Visual functionality.TC_Commentary_85:Verify 'Background color'</td>
										<td><span class='test-status fail'>fail</span></td>
									</tr>
									<tr>
										<td>May 27, 2022 05:19:27 PM</td>
										<td class='linked' test-id='229'>Verifying Commentary Visual functionality.TC_Commentary_86:Verify Horizontal alignment (left, right, center)</td>
										<td><span class='test-status pass'>pass</span></td>
									</tr>
									<tr>
										<td>May 27, 2022 05:21:24 PM</td>
										<td class='linked' test-id='237'>Verifying Commentary Visual functionality.TC_Commentary_87:Verify Bullet list</td>
										<td><span class='test-status fail'>fail</span></td>
									</tr>
									<tr>
										<td>May 27, 2022 05:22:45 PM</td>
										<td class='linked' test-id='242'>Verifying Commentary Visual functionality.TC_Commentary_88:Verify Number list</td>
										<td><span class='test-status fail'>fail</span></td>
									</tr>
									<tr>
										<td>May 27, 2022 05:24:06 PM</td>
										<td class='linked' test-id='247'>Verifying Commentary Visual functionality.TC_Commentary_90:Verify Bold format</td>
										<td><span class='test-status fail'>fail</span></td>
									</tr>
									<tr>
										<td>May 27, 2022 05:25:32 PM</td>
										<td class='linked' test-id='251'>Verifying Commentary Visual functionality.TC_Commentary_91:Verify Italic format</td>
										<td><span class='test-status fail'>fail</span></td>
									</tr>
									<tr>
										<td>May 27, 2022 05:26:57 PM</td>
										<td class='linked' test-id='255'>Verifying Commentary Visual functionality.TC_Commentary_92:Verify upload image</td>
										<td><span class='test-status fail'>fail</span></td>
									</tr>
									<tr>
										<td>May 27, 2022 05:28:09 PM</td>
										<td class='linked' test-id='260'>Verifying Commentary Visual functionality.TC_Commentary_118:Verify 'Delete' insight having all type of visuals</td>
										<td><span class='test-status fail'>fail</span></td>
									</tr>
								</tbody>
							</table>
						</div>
					</div>
				</li>

			</ul>
		</div>
	</div>

	<div class='subview-right left'>
		<div class='view-summary'>
			<h5 class='category-name'></h5>
		</div>
	</div>
</div>
<!-- category view -->
<div id='exception-view' class='view hide'>

    <section id='controls'>
        <div class='controls grey lighten-4'>
            <!-- search -->
            <div class='chip transparent' alt='Search Tests' title='Search Tests'>
                <a href="#" class='search-div'>
                    <i class='material-icons'>search</i> Search
                </a>

                <div class='input-field left hide'>
                    <input id='search-tests' type='text' class='validate browser-default' placeholder='Search Tests...'>
                </div>

            </div>
            <!-- search -->
        </div>
    </section>

    <div class='subview-left left'>

        <div class='view-summary'>
            <h5>Exceptions</h3>
                <ul id='exception-collection' class='exception-collection'>

                        <li class='exception displayed active'>
                            <div class='exception-heading'>
                                <span class='exception-name'>org.openqa.selenium.NoSuchElementException</span>
                                <span class='exception-count right'><span class='label red lighten-1 white-text'>23</span></span>
                            </div>
                            <div class='exception-content hide'>
                                <div class='exception-tests'>
                                    <table class='bordered table-results'>
                                        <thead>
                                        <tr>
                                            <th>Timestamp</th>
                                            <th>TestName</th>
                                            <th>Status</th>
                                        </tr>
                                        </thead>
                                        <tbody>
                                                    <tr>
                                                        <td>May 27, 2022 04:42:11 PM</td>
                                                        <td class='linked' test-id='18'>Verifying Commentary Visual functionality.TC_Commentary_61:Table - Verify Table properties.And Create table</td>
                                                        <td><pre><pre>org.openqa.selenium.NoSuchElementException: no such element: Unable to locate element: {"method":"xpath","selector":"//*[@title='Table']//*[contains(text(),'Table')]"}
  (Session info: chrome=101.0.4951.67)
For documentation on this error, please visit: http://seleniumhq.org/exceptions/no_such_element.html
Build info: version: '3.4.0', revision: 'unknown', time: 'unknown'
System info: host: 'IN-BLR-L008', ip: '192.168.56.1', os.name: 'Windows 10', os.arch: 'amd64', os.version: '10.0', java.version: '1.8.0_202'
Driver info: org.openqa.selenium.chrome.ChromeDriver
Capabilities [{networkConnectionEnabled=false, chrome={chromedriverVersion=100.0.4896.20 (f9d71f93d32a6487809d6f35a9670c879fe97dfe-refs/branch-heads/4896@{#203}), userDataDir=C:\Users\nmaduru\AppData\Local\Temp\scoped_dir13608_167844171}, timeouts={implicit=0.0, pageLoad=300000.0, script=30000.0}, pageLoadStrategy=normal, unhandledPromptBehavior=dismiss and notify, strictFileInteractability=false, platform=ANY, proxy=Proxy(), goog:chromeOptions={debuggerAddress=localhost:52300}, webauthn:extension:credBlob=true, acceptInsecureCerts=true, browserVersion=101.0.4951.67, browserName=chrome, javascriptEnabled=true, platformName=windows, setWindowRect=true, webauthn:extension:largeBlob=true, webauthn:virtualAuthenticators=true}]
Session ID: eff4a89b1b34ead970fb37314f1a4c7c
*** Element info: {Using=xpath, value=//*[@title='Table']//*[contains(text(),'Table')]}
	at sun.reflect.NativeConstructorAccessorImpl.newInstance0(Native Method)
	at sun.reflect.NativeConstructorAccessorImpl.newInstance(NativeConstructorAccessorImpl.java:62)
	at sun.reflect.DelegatingConstructorAccessorImpl.newInstance(DelegatingConstructorAccessorImpl.java:45)
	at java.lang.reflect.Constructor.newInstance(Constructor.java:423)
	at org.openqa.selenium.remote.http.W3CHttpResponseCodec.createException(W3CHttpResponseCodec.java:150)
	at org.openqa.selenium.remote.http.W3CHttpResponseCodec.decode(W3CHttpResponseCodec.java:115)
	at org.openqa.selenium.remote.http.W3CHttpResponseCodec.decode(W3CHttpResponseCodec.java:45)
	at org.openqa.selenium.remote.HttpCommandExecutor.execute(HttpCommandExecutor.java:164)
	at org.openqa.selenium.remote.service.DriverCommandExecutor.execute(DriverCommandExecutor.java:82)
	at org.openqa.selenium.remote.RemoteWebDriver.execute(RemoteWebDriver.java:637)
	at org.openqa.selenium.remote.RemoteWebDriver.findElement(RemoteWebDriver.java:410)
	at org.openqa.selenium.remote.RemoteWebDriver.findElementByXPath(RemoteWebDriver.java:509)
	at org.openqa.selenium.By$ByXPath.findElement(By.java:361)
	at org.openqa.selenium.remote.RemoteWebDriver.findElement(RemoteWebDriver.java:402)
	at CDMNext.util.CommonFunctionality.getElementByProperty(CommonFunctionality.java:480)
	at CDMNext.StepDefinations.Commentary.create_table(Commentary.java:1190)
	at ✽.And Create table(Commentary.feature:421)
</pre></pre></td>
                                                    </tr>
                                                    <tr>
                                                        <td>May 27, 2022 04:43:26 PM</td>
                                                        <td class='linked' test-id='25'>Verifying Commentary Visual functionality.TC_Commentary_62:Table - properties - verify width field for table.And Create table</td>
                                                        <td><pre><pre>org.openqa.selenium.NoSuchElementException: no such element: Unable to locate element: {"method":"xpath","selector":"//*[@title='Table']//*[contains(text(),'Table')]"}
  (Session info: chrome=101.0.4951.67)
For documentation on this error, please visit: http://seleniumhq.org/exceptions/no_such_element.html
Build info: version: '3.4.0', revision: 'unknown', time: 'unknown'
System info: host: 'IN-BLR-L008', ip: '192.168.56.1', os.name: 'Windows 10', os.arch: 'amd64', os.version: '10.0', java.version: '1.8.0_202'
Driver info: org.openqa.selenium.chrome.ChromeDriver
Capabilities [{networkConnectionEnabled=false, chrome={chromedriverVersion=100.0.4896.20 (f9d71f93d32a6487809d6f35a9670c879fe97dfe-refs/branch-heads/4896@{#203}), userDataDir=C:\Users\nmaduru\AppData\Local\Temp\scoped_dir13608_167844171}, timeouts={implicit=0.0, pageLoad=300000.0, script=30000.0}, pageLoadStrategy=normal, unhandledPromptBehavior=dismiss and notify, strictFileInteractability=false, platform=ANY, proxy=Proxy(), goog:chromeOptions={debuggerAddress=localhost:52300}, webauthn:extension:credBlob=true, acceptInsecureCerts=true, browserVersion=101.0.4951.67, browserName=chrome, javascriptEnabled=true, platformName=windows, setWindowRect=true, webauthn:extension:largeBlob=true, webauthn:virtualAuthenticators=true}]
Session ID: eff4a89b1b34ead970fb37314f1a4c7c
*** Element info: {Using=xpath, value=//*[@title='Table']//*[contains(text(),'Table')]}
	at sun.reflect.NativeConstructorAccessorImpl.newInstance0(Native Method)
	at sun.reflect.NativeConstructorAccessorImpl.newInstance(NativeConstructorAccessorImpl.java:62)
	at sun.reflect.DelegatingConstructorAccessorImpl.newInstance(DelegatingConstructorAccessorImpl.java:45)
	at java.lang.reflect.Constructor.newInstance(Constructor.java:423)
	at org.openqa.selenium.remote.http.W3CHttpResponseCodec.createException(W3CHttpResponseCodec.java:150)
	at org.openqa.selenium.remote.http.W3CHttpResponseCodec.decode(W3CHttpResponseCodec.java:115)
	at org.openqa.selenium.remote.http.W3CHttpResponseCodec.decode(W3CHttpResponseCodec.java:45)
	at org.openqa.selenium.remote.HttpCommandExecutor.execute(HttpCommandExecutor.java:164)
	at org.openqa.selenium.remote.service.DriverCommandExecutor.execute(DriverCommandExecutor.java:82)
	at org.openqa.selenium.remote.RemoteWebDriver.execute(RemoteWebDriver.java:637)
	at org.openqa.selenium.remote.RemoteWebDriver.findElement(RemoteWebDriver.java:410)
	at org.openqa.selenium.remote.RemoteWebDriver.findElementByXPath(RemoteWebDriver.java:509)
	at org.openqa.selenium.By$ByXPath.findElement(By.java:361)
	at org.openqa.selenium.remote.RemoteWebDriver.findElement(RemoteWebDriver.java:402)
	at CDMNext.util.CommonFunctionality.getElementByProperty(CommonFunctionality.java:480)
	at CDMNext.StepDefinations.Commentary.create_table(Commentary.java:1190)
	at ✽.And Create table(Commentary.feature:430)
</pre></pre></td>
                                                    </tr>
                                                    <tr>
                                                        <td>May 27, 2022 04:44:52 PM</td>
                                                        <td class='linked' test-id='36'>Verifying Commentary Visual functionality.TC_Commentary_63:Table - properties - verify hight field for table.And Set "height" for table "50px"</td>
                                                        <td><pre><pre>org.openqa.selenium.NoSuchElementException: no such element: Unable to locate element: {"method":"xpath","selector":"//*[@class='tox-form__grid tox-form__grid--2col']/*[2]/*[2]"}
  (Session info: chrome=101.0.4951.67)
For documentation on this error, please visit: http://seleniumhq.org/exceptions/no_such_element.html
Build info: version: '3.4.0', revision: 'unknown', time: 'unknown'
System info: host: 'IN-BLR-L008', ip: '192.168.56.1', os.name: 'Windows 10', os.arch: 'amd64', os.version: '10.0', java.version: '1.8.0_202'
Driver info: org.openqa.selenium.chrome.ChromeDriver
Capabilities [{networkConnectionEnabled=false, chrome={chromedriverVersion=100.0.4896.20 (f9d71f93d32a6487809d6f35a9670c879fe97dfe-refs/branch-heads/4896@{#203}), userDataDir=C:\Users\nmaduru\AppData\Local\Temp\scoped_dir13608_167844171}, timeouts={implicit=0.0, pageLoad=300000.0, script=30000.0}, pageLoadStrategy=normal, unhandledPromptBehavior=dismiss and notify, strictFileInteractability=false, platform=ANY, proxy=Proxy(), goog:chromeOptions={debuggerAddress=localhost:52300}, webauthn:extension:credBlob=true, acceptInsecureCerts=true, browserVersion=101.0.4951.67, browserName=chrome, javascriptEnabled=true, platformName=windows, setWindowRect=true, webauthn:extension:largeBlob=true, webauthn:virtualAuthenticators=true}]
Session ID: eff4a89b1b34ead970fb37314f1a4c7c
*** Element info: {Using=xpath, value=//*[@class='tox-form__grid tox-form__grid--2col']/*[2]/*[2]}
	at sun.reflect.NativeConstructorAccessorImpl.newInstance0(Native Method)
	at sun.reflect.NativeConstructorAccessorImpl.newInstance(NativeConstructorAccessorImpl.java:62)
	at sun.reflect.DelegatingConstructorAccessorImpl.newInstance(DelegatingConstructorAccessorImpl.java:45)
	at java.lang.reflect.Constructor.newInstance(Constructor.java:423)
	at org.openqa.selenium.remote.http.W3CHttpResponseCodec.createException(W3CHttpResponseCodec.java:150)
	at org.openqa.selenium.remote.http.W3CHttpResponseCodec.decode(W3CHttpResponseCodec.java:115)
	at org.openqa.selenium.remote.http.W3CHttpResponseCodec.decode(W3CHttpResponseCodec.java:45)
	at org.openqa.selenium.remote.HttpCommandExecutor.execute(HttpCommandExecutor.java:164)
	at org.openqa.selenium.remote.service.DriverCommandExecutor.execute(DriverCommandExecutor.java:82)
	at org.openqa.selenium.remote.RemoteWebDriver.execute(RemoteWebDriver.java:637)
	at org.openqa.selenium.remote.RemoteWebDriver.findElement(RemoteWebDriver.java:410)
	at org.openqa.selenium.remote.RemoteWebDriver.findElementByXPath(RemoteWebDriver.java:509)
	at org.openqa.selenium.By$ByXPath.findElement(By.java:361)
	at org.openqa.selenium.remote.RemoteWebDriver.findElement(RemoteWebDriver.java:402)
	at CDMNext.util.CommonFunctionality.getElementByProperty(CommonFunctionality.java:480)
	at CDMNext.StepDefinations.Commentary.set_for_table(Commentary.java:1227)
	at ✽.And Set "height" for table "50px"(Commentary.feature:443)
</pre></pre></td>
                                                    </tr>
                                                    <tr>
                                                        <td>May 27, 2022 04:46:19 PM</td>
                                                        <td class='linked' test-id='44'>Verifying Commentary Visual functionality.TC_Commentary_64:Table - properties - verify cell spacing field for table.And Set "cell spacing" for table "30"</td>
                                                        <td><pre><pre>org.openqa.selenium.NoSuchElementException: no such element: Unable to locate element: {"method":"xpath","selector":"//*[@class='tox-form__grid tox-form__grid--2col']/*[2]/*[2]"}
  (Session info: chrome=101.0.4951.67)
For documentation on this error, please visit: http://seleniumhq.org/exceptions/no_such_element.html
Build info: version: '3.4.0', revision: 'unknown', time: 'unknown'
System info: host: 'IN-BLR-L008', ip: '192.168.56.1', os.name: 'Windows 10', os.arch: 'amd64', os.version: '10.0', java.version: '1.8.0_202'
Driver info: org.openqa.selenium.chrome.ChromeDriver
Capabilities [{networkConnectionEnabled=false, chrome={chromedriverVersion=100.0.4896.20 (f9d71f93d32a6487809d6f35a9670c879fe97dfe-refs/branch-heads/4896@{#203}), userDataDir=C:\Users\nmaduru\AppData\Local\Temp\scoped_dir13608_167844171}, timeouts={implicit=0.0, pageLoad=300000.0, script=30000.0}, pageLoadStrategy=normal, unhandledPromptBehavior=dismiss and notify, strictFileInteractability=false, platform=ANY, proxy=Proxy(), goog:chromeOptions={debuggerAddress=localhost:52300}, webauthn:extension:credBlob=true, acceptInsecureCerts=true, browserVersion=101.0.4951.67, browserName=chrome, javascriptEnabled=true, platformName=windows, setWindowRect=true, webauthn:extension:largeBlob=true, webauthn:virtualAuthenticators=true}]
Session ID: eff4a89b1b34ead970fb37314f1a4c7c
*** Element info: {Using=xpath, value=//*[@class='tox-form__grid tox-form__grid--2col']/*[2]/*[2]}
	at sun.reflect.GeneratedConstructorAccessor18.newInstance(Unknown Source)
	at sun.reflect.DelegatingConstructorAccessorImpl.newInstance(DelegatingConstructorAccessorImpl.java:45)
	at java.lang.reflect.Constructor.newInstance(Constructor.java:423)
	at org.openqa.selenium.remote.http.W3CHttpResponseCodec.createException(W3CHttpResponseCodec.java:150)
	at org.openqa.selenium.remote.http.W3CHttpResponseCodec.decode(W3CHttpResponseCodec.java:115)
	at org.openqa.selenium.remote.http.W3CHttpResponseCodec.decode(W3CHttpResponseCodec.java:45)
	at org.openqa.selenium.remote.HttpCommandExecutor.execute(HttpCommandExecutor.java:164)
	at org.openqa.selenium.remote.service.DriverCommandExecutor.execute(DriverCommandExecutor.java:82)
	at org.openqa.selenium.remote.RemoteWebDriver.execute(RemoteWebDriver.java:637)
	at org.openqa.selenium.remote.RemoteWebDriver.findElement(RemoteWebDriver.java:410)
	at org.openqa.selenium.remote.RemoteWebDriver.findElementByXPath(RemoteWebDriver.java:509)
	at org.openqa.selenium.By$ByXPath.findElement(By.java:361)
	at org.openqa.selenium.remote.RemoteWebDriver.findElement(RemoteWebDriver.java:402)
	at CDMNext.util.CommonFunctionality.getElementByProperty(CommonFunctionality.java:480)
	at CDMNext.StepDefinations.Commentary.set_for_table(Commentary.java:1229)
	at ✽.And Set "cell spacing" for table "30"(Commentary.feature:453)
</pre></pre></td>
                                                    </tr>
                                                    <tr>
                                                        <td>May 27, 2022 04:47:45 PM</td>
                                                        <td class='linked' test-id='52'>Verifying Commentary Visual functionality.TC_Commentary_65:Table - properties - verify cell padding field for table.And Set "cell padding" for table "40"</td>
                                                        <td><pre><pre>org.openqa.selenium.NoSuchElementException: no such element: Unable to locate element: {"method":"xpath","selector":"//*[@class='tox-form__grid tox-form__grid--2col']/*[4]/*[2]"}
  (Session info: chrome=101.0.4951.67)
For documentation on this error, please visit: http://seleniumhq.org/exceptions/no_such_element.html
Build info: version: '3.4.0', revision: 'unknown', time: 'unknown'
System info: host: 'IN-BLR-L008', ip: '192.168.56.1', os.name: 'Windows 10', os.arch: 'amd64', os.version: '10.0', java.version: '1.8.0_202'
Driver info: org.openqa.selenium.chrome.ChromeDriver
Capabilities [{networkConnectionEnabled=false, chrome={chromedriverVersion=100.0.4896.20 (f9d71f93d32a6487809d6f35a9670c879fe97dfe-refs/branch-heads/4896@{#203}), userDataDir=C:\Users\nmaduru\AppData\Local\Temp\scoped_dir13608_167844171}, timeouts={implicit=0.0, pageLoad=300000.0, script=30000.0}, pageLoadStrategy=normal, unhandledPromptBehavior=dismiss and notify, strictFileInteractability=false, platform=ANY, proxy=Proxy(), goog:chromeOptions={debuggerAddress=localhost:52300}, webauthn:extension:credBlob=true, acceptInsecureCerts=true, browserVersion=101.0.4951.67, browserName=chrome, javascriptEnabled=true, platformName=windows, setWindowRect=true, webauthn:extension:largeBlob=true, webauthn:virtualAuthenticators=true}]
Session ID: eff4a89b1b34ead970fb37314f1a4c7c
*** Element info: {Using=xpath, value=//*[@class='tox-form__grid tox-form__grid--2col']/*[4]/*[2]}
	at sun.reflect.GeneratedConstructorAccessor18.newInstance(Unknown Source)
	at sun.reflect.DelegatingConstructorAccessorImpl.newInstance(DelegatingConstructorAccessorImpl.java:45)
	at java.lang.reflect.Constructor.newInstance(Constructor.java:423)
	at org.openqa.selenium.remote.http.W3CHttpResponseCodec.createException(W3CHttpResponseCodec.java:150)
	at org.openqa.selenium.remote.http.W3CHttpResponseCodec.decode(W3CHttpResponseCodec.java:115)
	at org.openqa.selenium.remote.http.W3CHttpResponseCodec.decode(W3CHttpResponseCodec.java:45)
	at org.openqa.selenium.remote.HttpCommandExecutor.execute(HttpCommandExecutor.java:164)
	at org.openqa.selenium.remote.service.DriverCommandExecutor.execute(DriverCommandExecutor.java:82)
	at org.openqa.selenium.remote.RemoteWebDriver.execute(RemoteWebDriver.java:637)
	at org.openqa.selenium.remote.RemoteWebDriver.findElement(RemoteWebDriver.java:410)
	at org.openqa.selenium.remote.RemoteWebDriver.findElementByXPath(RemoteWebDriver.java:509)
	at org.openqa.selenium.By$ByXPath.findElement(By.java:361)
	at org.openqa.selenium.remote.RemoteWebDriver.findElement(RemoteWebDriver.java:402)
	at CDMNext.util.CommonFunctionality.getElementByProperty(CommonFunctionality.java:480)
	at CDMNext.StepDefinations.Commentary.set_for_table(Commentary.java:1231)
	at ✽.And Set "cell padding" for table "40"(Commentary.feature:463)
</pre></pre></td>
                                                    </tr>
                                                    <tr>
                                                        <td>May 27, 2022 04:49:11 PM</td>
                                                        <td class='linked' test-id='60'>Verifying Commentary Visual functionality.TC_Commentary_66:Table - properties - verify caption field for table.And Check Caption for table</td>
                                                        <td><pre><pre>org.openqa.selenium.NoSuchElementException: no such element: Unable to locate element: {"method":"xpath","selector":"//*[@class='tox-checkbox']/*[2]"}
  (Session info: chrome=101.0.4951.67)
For documentation on this error, please visit: http://seleniumhq.org/exceptions/no_such_element.html
Build info: version: '3.4.0', revision: 'unknown', time: 'unknown'
System info: host: 'IN-BLR-L008', ip: '192.168.56.1', os.name: 'Windows 10', os.arch: 'amd64', os.version: '10.0', java.version: '1.8.0_202'
Driver info: org.openqa.selenium.chrome.ChromeDriver
Capabilities [{networkConnectionEnabled=false, chrome={chromedriverVersion=100.0.4896.20 (f9d71f93d32a6487809d6f35a9670c879fe97dfe-refs/branch-heads/4896@{#203}), userDataDir=C:\Users\nmaduru\AppData\Local\Temp\scoped_dir13608_167844171}, timeouts={implicit=0.0, pageLoad=300000.0, script=30000.0}, pageLoadStrategy=normal, unhandledPromptBehavior=dismiss and notify, strictFileInteractability=false, platform=ANY, proxy=Proxy(), goog:chromeOptions={debuggerAddress=localhost:52300}, webauthn:extension:credBlob=true, acceptInsecureCerts=true, browserVersion=101.0.4951.67, browserName=chrome, javascriptEnabled=true, platformName=windows, setWindowRect=true, webauthn:extension:largeBlob=true, webauthn:virtualAuthenticators=true}]
Session ID: eff4a89b1b34ead970fb37314f1a4c7c
*** Element info: {Using=xpath, value=//*[@class='tox-checkbox']/*[2]}
	at sun.reflect.GeneratedConstructorAccessor18.newInstance(Unknown Source)
	at sun.reflect.DelegatingConstructorAccessorImpl.newInstance(DelegatingConstructorAccessorImpl.java:45)
	at java.lang.reflect.Constructor.newInstance(Constructor.java:423)
	at org.openqa.selenium.remote.http.W3CHttpResponseCodec.createException(W3CHttpResponseCodec.java:150)
	at org.openqa.selenium.remote.http.W3CHttpResponseCodec.decode(W3CHttpResponseCodec.java:115)
	at org.openqa.selenium.remote.http.W3CHttpResponseCodec.decode(W3CHttpResponseCodec.java:45)
	at org.openqa.selenium.remote.HttpCommandExecutor.execute(HttpCommandExecutor.java:164)
	at org.openqa.selenium.remote.service.DriverCommandExecutor.execute(DriverCommandExecutor.java:82)
	at org.openqa.selenium.remote.RemoteWebDriver.execute(RemoteWebDriver.java:637)
	at org.openqa.selenium.remote.RemoteWebDriver.findElement(RemoteWebDriver.java:410)
	at org.openqa.selenium.remote.RemoteWebDriver.findElementByXPath(RemoteWebDriver.java:509)
	at org.openqa.selenium.By$ByXPath.findElement(By.java:361)
	at org.openqa.selenium.remote.RemoteWebDriver.findElement(RemoteWebDriver.java:402)
	at CDMNext.util.CommonFunctionality.getElementByProperty(CommonFunctionality.java:480)
	at CDMNext.StepDefinations.Commentary.check_Caption_for_table(Commentary.java:1325)
	at ✽.And Check Caption for table(Commentary.feature:473)
</pre></pre></td>
                                                    </tr>
                                                    <tr>
                                                        <td>May 27, 2022 04:50:38 PM</td>
                                                        <td class='linked' test-id='68'>Verifying Commentary Visual functionality.TC_Commentary_67:Table - properties - verify removing caption by unchecking the field..And Uncheck caption for table</td>
                                                        <td><pre><pre>org.openqa.selenium.NoSuchElementException: no such element: Unable to locate element: {"method":"xpath","selector":"//*[@class='tox-checkbox']/*[2]"}
  (Session info: chrome=101.0.4951.67)
For documentation on this error, please visit: http://seleniumhq.org/exceptions/no_such_element.html
Build info: version: '3.4.0', revision: 'unknown', time: 'unknown'
System info: host: 'IN-BLR-L008', ip: '192.168.56.1', os.name: 'Windows 10', os.arch: 'amd64', os.version: '10.0', java.version: '1.8.0_202'
Driver info: org.openqa.selenium.chrome.ChromeDriver
Capabilities [{networkConnectionEnabled=false, chrome={chromedriverVersion=100.0.4896.20 (f9d71f93d32a6487809d6f35a9670c879fe97dfe-refs/branch-heads/4896@{#203}), userDataDir=C:\Users\nmaduru\AppData\Local\Temp\scoped_dir13608_167844171}, timeouts={implicit=0.0, pageLoad=300000.0, script=30000.0}, pageLoadStrategy=normal, unhandledPromptBehavior=dismiss and notify, strictFileInteractability=false, platform=ANY, proxy=Proxy(), goog:chromeOptions={debuggerAddress=localhost:52300}, webauthn:extension:credBlob=true, acceptInsecureCerts=true, browserVersion=101.0.4951.67, browserName=chrome, javascriptEnabled=true, platformName=windows, setWindowRect=true, webauthn:extension:largeBlob=true, webauthn:virtualAuthenticators=true}]
Session ID: eff4a89b1b34ead970fb37314f1a4c7c
*** Element info: {Using=xpath, value=//*[@class='tox-checkbox']/*[2]}
	at sun.reflect.GeneratedConstructorAccessor18.newInstance(Unknown Source)
	at sun.reflect.DelegatingConstructorAccessorImpl.newInstance(DelegatingConstructorAccessorImpl.java:45)
	at java.lang.reflect.Constructor.newInstance(Constructor.java:423)
	at org.openqa.selenium.remote.http.W3CHttpResponseCodec.createException(W3CHttpResponseCodec.java:150)
	at org.openqa.selenium.remote.http.W3CHttpResponseCodec.decode(W3CHttpResponseCodec.java:115)
	at org.openqa.selenium.remote.http.W3CHttpResponseCodec.decode(W3CHttpResponseCodec.java:45)
	at org.openqa.selenium.remote.HttpCommandExecutor.execute(HttpCommandExecutor.java:164)
	at org.openqa.selenium.remote.service.DriverCommandExecutor.execute(DriverCommandExecutor.java:82)
	at org.openqa.selenium.remote.RemoteWebDriver.execute(RemoteWebDriver.java:637)
	at org.openqa.selenium.remote.RemoteWebDriver.findElement(RemoteWebDriver.java:410)
	at org.openqa.selenium.remote.RemoteWebDriver.findElementByXPath(RemoteWebDriver.java:509)
	at org.openqa.selenium.By$ByXPath.findElement(By.java:361)
	at org.openqa.selenium.remote.RemoteWebDriver.findElement(RemoteWebDriver.java:402)
	at CDMNext.util.CommonFunctionality.getElementByProperty(CommonFunctionality.java:480)
	at CDMNext.StepDefinations.Commentary.check_Caption_for_table(Commentary.java:1325)
	at CDMNext.StepDefinations.Commentary.uncheck_caption_for_table(Commentary.java:1348)
	at ✽.And Uncheck caption for table(Commentary.feature:483)
</pre></pre></td>
                                                    </tr>
                                                    <tr>
                                                        <td>May 27, 2022 04:52:04 PM</td>
                                                        <td class='linked' test-id='76'>Verifying Commentary Visual functionality.TC_Commentary_68:Table - properties - verify cancel/x icon.And Click on Cancel</td>
                                                        <td><pre><pre>org.openqa.selenium.NoSuchElementException: no such element: Unable to locate element: {"method":"xpath","selector":"//*[contains(text(),'Cancel')]"}
  (Session info: chrome=101.0.4951.67)
For documentation on this error, please visit: http://seleniumhq.org/exceptions/no_such_element.html
Build info: version: '3.4.0', revision: 'unknown', time: 'unknown'
System info: host: 'IN-BLR-L008', ip: '192.168.56.1', os.name: 'Windows 10', os.arch: 'amd64', os.version: '10.0', java.version: '1.8.0_202'
Driver info: org.openqa.selenium.chrome.ChromeDriver
Capabilities [{networkConnectionEnabled=false, chrome={chromedriverVersion=100.0.4896.20 (f9d71f93d32a6487809d6f35a9670c879fe97dfe-refs/branch-heads/4896@{#203}), userDataDir=C:\Users\nmaduru\AppData\Local\Temp\scoped_dir13608_167844171}, timeouts={implicit=0.0, pageLoad=300000.0, script=30000.0}, pageLoadStrategy=normal, unhandledPromptBehavior=dismiss and notify, strictFileInteractability=false, platform=ANY, proxy=Proxy(), goog:chromeOptions={debuggerAddress=localhost:52300}, webauthn:extension:credBlob=true, acceptInsecureCerts=true, browserVersion=101.0.4951.67, browserName=chrome, javascriptEnabled=true, platformName=windows, setWindowRect=true, webauthn:extension:largeBlob=true, webauthn:virtualAuthenticators=true}]
Session ID: eff4a89b1b34ead970fb37314f1a4c7c
*** Element info: {Using=xpath, value=//*[contains(text(),'Cancel')]}
	at sun.reflect.GeneratedConstructorAccessor18.newInstance(Unknown Source)
	at sun.reflect.DelegatingConstructorAccessorImpl.newInstance(DelegatingConstructorAccessorImpl.java:45)
	at java.lang.reflect.Constructor.newInstance(Constructor.java:423)
	at org.openqa.selenium.remote.http.W3CHttpResponseCodec.createException(W3CHttpResponseCodec.java:150)
	at org.openqa.selenium.remote.http.W3CHttpResponseCodec.decode(W3CHttpResponseCodec.java:115)
	at org.openqa.selenium.remote.http.W3CHttpResponseCodec.decode(W3CHttpResponseCodec.java:45)
	at org.openqa.selenium.remote.HttpCommandExecutor.execute(HttpCommandExecutor.java:164)
	at org.openqa.selenium.remote.service.DriverCommandExecutor.execute(DriverCommandExecutor.java:82)
	at org.openqa.selenium.remote.RemoteWebDriver.execute(RemoteWebDriver.java:637)
	at org.openqa.selenium.remote.RemoteWebDriver.findElement(RemoteWebDriver.java:410)
	at org.openqa.selenium.remote.RemoteWebDriver.findElementByXPath(RemoteWebDriver.java:509)
	at org.openqa.selenium.By$ByXPath.findElement(By.java:361)
	at org.openqa.selenium.remote.RemoteWebDriver.findElement(RemoteWebDriver.java:402)
	at CDMNext.util.CommonFunctionality.getElementByProperty(CommonFunctionality.java:480)
	at CDMNext.StepDefinations.Attachments.click_on_Cancel(Attachments.java:427)
	at ✽.And Click on Cancel(Commentary.feature:493)
</pre></pre></td>
                                                    </tr>
                                                    <tr>
                                                        <td>May 27, 2022 04:54:53 PM</td>
                                                        <td class='linked' test-id='92'>Verifying Commentary Visual functionality.TC_Commentary_70:Table - Verify Cell proprites.Then The Cell properties popup should be displayed</td>
                                                        <td><pre><pre>org.openqa.selenium.NoSuchElementException: no such element: Unable to locate element: {"method":"xpath","selector":"//*[contains(text(),'Cell Properties')]"}
  (Session info: chrome=101.0.4951.67)
For documentation on this error, please visit: http://seleniumhq.org/exceptions/no_such_element.html
Build info: version: '3.4.0', revision: 'unknown', time: 'unknown'
System info: host: 'IN-BLR-L008', ip: '192.168.56.1', os.name: 'Windows 10', os.arch: 'amd64', os.version: '10.0', java.version: '1.8.0_202'
Driver info: org.openqa.selenium.chrome.ChromeDriver
Capabilities [{networkConnectionEnabled=false, chrome={chromedriverVersion=100.0.4896.20 (f9d71f93d32a6487809d6f35a9670c879fe97dfe-refs/branch-heads/4896@{#203}), userDataDir=C:\Users\nmaduru\AppData\Local\Temp\scoped_dir13608_167844171}, timeouts={implicit=0.0, pageLoad=300000.0, script=30000.0}, pageLoadStrategy=normal, unhandledPromptBehavior=dismiss and notify, strictFileInteractability=false, platform=ANY, proxy=Proxy(), goog:chromeOptions={debuggerAddress=localhost:52300}, webauthn:extension:credBlob=true, acceptInsecureCerts=true, browserVersion=101.0.4951.67, browserName=chrome, javascriptEnabled=true, platformName=windows, setWindowRect=true, webauthn:extension:largeBlob=true, webauthn:virtualAuthenticators=true}]
Session ID: eff4a89b1b34ead970fb37314f1a4c7c
*** Element info: {Using=xpath, value=//*[contains(text(),'Cell Properties')]}
	at sun.reflect.GeneratedConstructorAccessor18.newInstance(Unknown Source)
	at sun.reflect.DelegatingConstructorAccessorImpl.newInstance(DelegatingConstructorAccessorImpl.java:45)
	at java.lang.reflect.Constructor.newInstance(Constructor.java:423)
	at org.openqa.selenium.remote.http.W3CHttpResponseCodec.createException(W3CHttpResponseCodec.java:150)
	at org.openqa.selenium.remote.http.W3CHttpResponseCodec.decode(W3CHttpResponseCodec.java:115)
	at org.openqa.selenium.remote.http.W3CHttpResponseCodec.decode(W3CHttpResponseCodec.java:45)
	at org.openqa.selenium.remote.HttpCommandExecutor.execute(HttpCommandExecutor.java:164)
	at org.openqa.selenium.remote.service.DriverCommandExecutor.execute(DriverCommandExecutor.java:82)
	at org.openqa.selenium.remote.RemoteWebDriver.execute(RemoteWebDriver.java:637)
	at org.openqa.selenium.remote.RemoteWebDriver.findElement(RemoteWebDriver.java:410)
	at org.openqa.selenium.remote.RemoteWebDriver.findElementByXPath(RemoteWebDriver.java:509)
	at org.openqa.selenium.By$ByXPath.findElement(By.java:361)
	at org.openqa.selenium.remote.RemoteWebDriver.findElement(RemoteWebDriver.java:402)
	at CDMNext.util.CommonFunctionality.getElementByProperty(CommonFunctionality.java:480)
	at CDMNext.StepDefinations.Commentary.the_Cell_properties_popup_should_be_displayed(Commentary.java:1399)
	at ✽.Then The Cell properties popup should be displayed(Commentary.feature:513)
</pre></pre></td>
                                                    </tr>
                                                    <tr>
                                                        <td>May 27, 2022 04:58:07 PM</td>
                                                        <td class='linked' test-id='111'>Verifying Commentary Visual functionality.TC_Commentary_72:Table - Split cell.And Click on "Cell"</td>
                                                        <td><pre><pre>org.openqa.selenium.NoSuchElementException: no such element: Unable to locate element: {"method":"xpath","selector":"//*[contains(text(),'Cell')]"}
  (Session info: chrome=101.0.4951.67)
For documentation on this error, please visit: http://seleniumhq.org/exceptions/no_such_element.html
Build info: version: '3.4.0', revision: 'unknown', time: 'unknown'
System info: host: 'IN-BLR-L008', ip: '192.168.56.1', os.name: 'Windows 10', os.arch: 'amd64', os.version: '10.0', java.version: '1.8.0_202'
Driver info: org.openqa.selenium.chrome.ChromeDriver
Capabilities [{networkConnectionEnabled=false, chrome={chromedriverVersion=100.0.4896.20 (f9d71f93d32a6487809d6f35a9670c879fe97dfe-refs/branch-heads/4896@{#203}), userDataDir=C:\Users\nmaduru\AppData\Local\Temp\scoped_dir13608_167844171}, timeouts={implicit=0.0, pageLoad=300000.0, script=30000.0}, pageLoadStrategy=normal, unhandledPromptBehavior=dismiss and notify, strictFileInteractability=false, platform=ANY, proxy=Proxy(), goog:chromeOptions={debuggerAddress=localhost:52300}, webauthn:extension:credBlob=true, acceptInsecureCerts=true, browserVersion=101.0.4951.67, browserName=chrome, javascriptEnabled=true, platformName=windows, setWindowRect=true, webauthn:extension:largeBlob=true, webauthn:virtualAuthenticators=true}]
Session ID: eff4a89b1b34ead970fb37314f1a4c7c
*** Element info: {Using=xpath, value=//*[contains(text(),'Cell')]}
	at sun.reflect.GeneratedConstructorAccessor18.newInstance(Unknown Source)
	at sun.reflect.DelegatingConstructorAccessorImpl.newInstance(DelegatingConstructorAccessorImpl.java:45)
	at java.lang.reflect.Constructor.newInstance(Constructor.java:423)
	at org.openqa.selenium.remote.http.W3CHttpResponseCodec.createException(W3CHttpResponseCodec.java:150)
	at org.openqa.selenium.remote.http.W3CHttpResponseCodec.decode(W3CHttpResponseCodec.java:115)
	at org.openqa.selenium.remote.http.W3CHttpResponseCodec.decode(W3CHttpResponseCodec.java:45)
	at org.openqa.selenium.remote.HttpCommandExecutor.execute(HttpCommandExecutor.java:164)
	at org.openqa.selenium.remote.service.DriverCommandExecutor.execute(DriverCommandExecutor.java:82)
	at org.openqa.selenium.remote.RemoteWebDriver.execute(RemoteWebDriver.java:637)
	at org.openqa.selenium.remote.RemoteWebDriver.findElement(RemoteWebDriver.java:410)
	at org.openqa.selenium.remote.RemoteWebDriver.findElementByXPath(RemoteWebDriver.java:509)
	at org.openqa.selenium.By$ByXPath.findElement(By.java:361)
	at org.openqa.selenium.remote.RemoteWebDriver.findElement(RemoteWebDriver.java:402)
	at CDMNext.util.CommonFunctionality.getElementByXpath(CommonFunctionality.java:513)
	at CDMNext.StepDefinations.SeriesTab.click_on(SeriesTab.java:665)
	at ✽.And Click on "Cell"(Commentary.feature:536)
</pre></pre></td>
                                                    </tr>
                                                    <tr>
                                                        <td>May 27, 2022 05:03:07 PM</td>
                                                        <td class='linked' test-id='135'>Verifying Commentary Visual functionality.TC_Commentary_75:Table - Row - verify Delete row.And Create table</td>
                                                        <td><pre><pre>org.openqa.selenium.NoSuchElementException: no such element: Unable to locate element: {"method":"xpath","selector":"//*[@title='Table']//*[contains(text(),'Table')]"}
  (Session info: chrome=101.0.4951.67)
For documentation on this error, please visit: http://seleniumhq.org/exceptions/no_such_element.html
Build info: version: '3.4.0', revision: 'unknown', time: 'unknown'
System info: host: 'IN-BLR-L008', ip: '192.168.56.1', os.name: 'Windows 10', os.arch: 'amd64', os.version: '10.0', java.version: '1.8.0_202'
Driver info: org.openqa.selenium.chrome.ChromeDriver
Capabilities [{networkConnectionEnabled=false, chrome={chromedriverVersion=100.0.4896.20 (f9d71f93d32a6487809d6f35a9670c879fe97dfe-refs/branch-heads/4896@{#203}), userDataDir=C:\Users\nmaduru\AppData\Local\Temp\scoped_dir13608_167844171}, timeouts={implicit=0.0, pageLoad=300000.0, script=30000.0}, pageLoadStrategy=normal, unhandledPromptBehavior=dismiss and notify, strictFileInteractability=false, platform=ANY, proxy=Proxy(), goog:chromeOptions={debuggerAddress=localhost:52300}, webauthn:extension:credBlob=true, acceptInsecureCerts=true, browserVersion=101.0.4951.67, browserName=chrome, javascriptEnabled=true, platformName=windows, setWindowRect=true, webauthn:extension:largeBlob=true, webauthn:virtualAuthenticators=true}]
Session ID: eff4a89b1b34ead970fb37314f1a4c7c
*** Element info: {Using=xpath, value=//*[@title='Table']//*[contains(text(),'Table')]}
	at sun.reflect.GeneratedConstructorAccessor18.newInstance(Unknown Source)
	at sun.reflect.DelegatingConstructorAccessorImpl.newInstance(DelegatingConstructorAccessorImpl.java:45)
	at java.lang.reflect.Constructor.newInstance(Constructor.java:423)
	at org.openqa.selenium.remote.http.W3CHttpResponseCodec.createException(W3CHttpResponseCodec.java:150)
	at org.openqa.selenium.remote.http.W3CHttpResponseCodec.decode(W3CHttpResponseCodec.java:115)
	at org.openqa.selenium.remote.http.W3CHttpResponseCodec.decode(W3CHttpResponseCodec.java:45)
	at org.openqa.selenium.remote.HttpCommandExecutor.execute(HttpCommandExecutor.java:164)
	at org.openqa.selenium.remote.service.DriverCommandExecutor.execute(DriverCommandExecutor.java:82)
	at org.openqa.selenium.remote.RemoteWebDriver.execute(RemoteWebDriver.java:637)
	at org.openqa.selenium.remote.RemoteWebDriver.findElement(RemoteWebDriver.java:410)
	at org.openqa.selenium.remote.RemoteWebDriver.findElementByXPath(RemoteWebDriver.java:509)
	at org.openqa.selenium.By$ByXPath.findElement(By.java:361)
	at org.openqa.selenium.remote.RemoteWebDriver.findElement(RemoteWebDriver.java:402)
	at CDMNext.util.CommonFunctionality.getElementByProperty(CommonFunctionality.java:480)
	at CDMNext.StepDefinations.Commentary.create_table(Commentary.java:1190)
	at ✽.And Create table(Commentary.feature:566)
</pre></pre></td>
                                                    </tr>
                                                    <tr>
                                                        <td>May 27, 2022 05:04:29 PM</td>
                                                        <td class='linked' test-id='145'>Verifying Commentary Visual functionality.TC_Commentary_76:Table - Row - Verify Row proprities.And Enter text in a cell</td>
                                                        <td><pre><pre>org.openqa.selenium.NoSuchElementException: no such element: Unable to locate element: {"method":"xpath","selector":"//table[@class='table-default mce-item-table']//tr//td[1]"}
  (Session info: chrome=101.0.4951.67)
For documentation on this error, please visit: http://seleniumhq.org/exceptions/no_such_element.html
Build info: version: '3.4.0', revision: 'unknown', time: 'unknown'
System info: host: 'IN-BLR-L008', ip: '192.168.56.1', os.name: 'Windows 10', os.arch: 'amd64', os.version: '10.0', java.version: '1.8.0_202'
Driver info: org.openqa.selenium.chrome.ChromeDriver
Capabilities [{networkConnectionEnabled=false, chrome={chromedriverVersion=100.0.4896.20 (f9d71f93d32a6487809d6f35a9670c879fe97dfe-refs/branch-heads/4896@{#203}), userDataDir=C:\Users\nmaduru\AppData\Local\Temp\scoped_dir13608_167844171}, timeouts={implicit=0.0, pageLoad=300000.0, script=30000.0}, pageLoadStrategy=normal, unhandledPromptBehavior=dismiss and notify, strictFileInteractability=false, platform=ANY, proxy=Proxy(), goog:chromeOptions={debuggerAddress=localhost:52300}, webauthn:extension:credBlob=true, acceptInsecureCerts=true, browserVersion=101.0.4951.67, browserName=chrome, javascriptEnabled=true, platformName=windows, setWindowRect=true, webauthn:extension:largeBlob=true, webauthn:virtualAuthenticators=true}]
Session ID: eff4a89b1b34ead970fb37314f1a4c7c
*** Element info: {Using=xpath, value=//table[@class='table-default mce-item-table']//tr//td[1]}
	at sun.reflect.GeneratedConstructorAccessor18.newInstance(Unknown Source)
	at sun.reflect.DelegatingConstructorAccessorImpl.newInstance(DelegatingConstructorAccessorImpl.java:45)
	at java.lang.reflect.Constructor.newInstance(Constructor.java:423)
	at org.openqa.selenium.remote.http.W3CHttpResponseCodec.createException(W3CHttpResponseCodec.java:150)
	at org.openqa.selenium.remote.http.W3CHttpResponseCodec.decode(W3CHttpResponseCodec.java:115)
	at org.openqa.selenium.remote.http.W3CHttpResponseCodec.decode(W3CHttpResponseCodec.java:45)
	at org.openqa.selenium.remote.HttpCommandExecutor.execute(HttpCommandExecutor.java:164)
	at org.openqa.selenium.remote.service.DriverCommandExecutor.execute(DriverCommandExecutor.java:82)
	at org.openqa.selenium.remote.RemoteWebDriver.execute(RemoteWebDriver.java:637)
	at org.openqa.selenium.remote.RemoteWebDriver.findElement(RemoteWebDriver.java:410)
	at org.openqa.selenium.remote.RemoteWebDriver.findElementByXPath(RemoteWebDriver.java:509)
	at org.openqa.selenium.By$ByXPath.findElement(By.java:361)
	at org.openqa.selenium.remote.RemoteWebDriver.findElement(RemoteWebDriver.java:402)
	at CDMNext.util.CommonFunctionality.getElementByProperty(CommonFunctionality.java:480)
	at CDMNext.StepDefinations.Commentary.enter_text_in_a_cell(Commentary.java:1492)
	at ✽.And Enter text in a cell(Commentary.feature:578)
</pre></pre></td>
                                                    </tr>
                                                    <tr>
                                                        <td>May 27, 2022 05:08:16 PM</td>
                                                        <td class='linked' test-id='172'>Verifying Commentary Visual functionality.TC_1Commentary_78:Table - Row - Verify Paste row before.And Click on "Row"</td>
                                                        <td><pre><pre>org.openqa.selenium.NoSuchElementException: no such element: Unable to locate element: {"method":"xpath","selector":"//*[contains(text(),'Row')]"}
  (Session info: chrome=101.0.4951.67)
For documentation on this error, please visit: http://seleniumhq.org/exceptions/no_such_element.html
Build info: version: '3.4.0', revision: 'unknown', time: 'unknown'
System info: host: 'IN-BLR-L008', ip: '192.168.56.1', os.name: 'Windows 10', os.arch: 'amd64', os.version: '10.0', java.version: '1.8.0_202'
Driver info: org.openqa.selenium.chrome.ChromeDriver
Capabilities [{networkConnectionEnabled=false, chrome={chromedriverVersion=100.0.4896.20 (f9d71f93d32a6487809d6f35a9670c879fe97dfe-refs/branch-heads/4896@{#203}), userDataDir=C:\Users\nmaduru\AppData\Local\Temp\scoped_dir13608_167844171}, timeouts={implicit=0.0, pageLoad=300000.0, script=30000.0}, pageLoadStrategy=normal, unhandledPromptBehavior=dismiss and notify, strictFileInteractability=false, platform=ANY, proxy=Proxy(), goog:chromeOptions={debuggerAddress=localhost:52300}, webauthn:extension:credBlob=true, acceptInsecureCerts=true, browserVersion=101.0.4951.67, browserName=chrome, javascriptEnabled=true, platformName=windows, setWindowRect=true, webauthn:extension:largeBlob=true, webauthn:virtualAuthenticators=true}]
Session ID: eff4a89b1b34ead970fb37314f1a4c7c
*** Element info: {Using=xpath, value=//*[contains(text(),'Row')]}
	at sun.reflect.GeneratedConstructorAccessor18.newInstance(Unknown Source)
	at sun.reflect.DelegatingConstructorAccessorImpl.newInstance(DelegatingConstructorAccessorImpl.java:45)
	at java.lang.reflect.Constructor.newInstance(Constructor.java:423)
	at org.openqa.selenium.remote.http.W3CHttpResponseCodec.createException(W3CHttpResponseCodec.java:150)
	at org.openqa.selenium.remote.http.W3CHttpResponseCodec.decode(W3CHttpResponseCodec.java:115)
	at org.openqa.selenium.remote.http.W3CHttpResponseCodec.decode(W3CHttpResponseCodec.java:45)
	at org.openqa.selenium.remote.HttpCommandExecutor.execute(HttpCommandExecutor.java:164)
	at org.openqa.selenium.remote.service.DriverCommandExecutor.execute(DriverCommandExecutor.java:82)
	at org.openqa.selenium.remote.RemoteWebDriver.execute(RemoteWebDriver.java:637)
	at org.openqa.selenium.remote.RemoteWebDriver.findElement(RemoteWebDriver.java:410)
	at org.openqa.selenium.remote.RemoteWebDriver.findElementByXPath(RemoteWebDriver.java:509)
	at org.openqa.selenium.By$ByXPath.findElement(By.java:361)
	at org.openqa.selenium.remote.RemoteWebDriver.findElement(RemoteWebDriver.java:402)
	at CDMNext.util.CommonFunctionality.getElementByXpath(CommonFunctionality.java:513)
	at CDMNext.StepDefinations.SeriesTab.click_on(SeriesTab.java:680)
	at ✽.And Click on "Row"(Commentary.feature:609)
</pre></pre></td>
                                                    </tr>
                                                    <tr>
                                                        <td>May 27, 2022 05:10:04 PM</td>
                                                        <td class='linked' test-id='184'>Verifying Commentary Visual functionality.TC_Commentary_79:Table - Row - Verify paste row after.And Click on "Row"</td>
                                                        <td><pre><pre>org.openqa.selenium.NoSuchElementException: no such element: Unable to locate element: {"method":"xpath","selector":"//*[contains(text(),'Row')]"}
  (Session info: chrome=101.0.4951.67)
For documentation on this error, please visit: http://seleniumhq.org/exceptions/no_such_element.html
Build info: version: '3.4.0', revision: 'unknown', time: 'unknown'
System info: host: 'IN-BLR-L008', ip: '192.168.56.1', os.name: 'Windows 10', os.arch: 'amd64', os.version: '10.0', java.version: '1.8.0_202'
Driver info: org.openqa.selenium.chrome.ChromeDriver
Capabilities [{networkConnectionEnabled=false, chrome={chromedriverVersion=100.0.4896.20 (f9d71f93d32a6487809d6f35a9670c879fe97dfe-refs/branch-heads/4896@{#203}), userDataDir=C:\Users\nmaduru\AppData\Local\Temp\scoped_dir13608_167844171}, timeouts={implicit=0.0, pageLoad=300000.0, script=30000.0}, pageLoadStrategy=normal, unhandledPromptBehavior=dismiss and notify, strictFileInteractability=false, platform=ANY, proxy=Proxy(), goog:chromeOptions={debuggerAddress=localhost:52300}, webauthn:extension:credBlob=true, acceptInsecureCerts=true, browserVersion=101.0.4951.67, browserName=chrome, javascriptEnabled=true, platformName=windows, setWindowRect=true, webauthn:extension:largeBlob=true, webauthn:virtualAuthenticators=true}]
Session ID: eff4a89b1b34ead970fb37314f1a4c7c
*** Element info: {Using=xpath, value=//*[contains(text(),'Row')]}
	at sun.reflect.GeneratedConstructorAccessor18.newInstance(Unknown Source)
	at sun.reflect.DelegatingConstructorAccessorImpl.newInstance(DelegatingConstructorAccessorImpl.java:45)
	at java.lang.reflect.Constructor.newInstance(Constructor.java:423)
	at org.openqa.selenium.remote.http.W3CHttpResponseCodec.createException(W3CHttpResponseCodec.java:150)
	at org.openqa.selenium.remote.http.W3CHttpResponseCodec.decode(W3CHttpResponseCodec.java:115)
	at org.openqa.selenium.remote.http.W3CHttpResponseCodec.decode(W3CHttpResponseCodec.java:45)
	at org.openqa.selenium.remote.HttpCommandExecutor.execute(HttpCommandExecutor.java:164)
	at org.openqa.selenium.remote.service.DriverCommandExecutor.execute(DriverCommandExecutor.java:82)
	at org.openqa.selenium.remote.RemoteWebDriver.execute(RemoteWebDriver.java:637)
	at org.openqa.selenium.remote.RemoteWebDriver.findElement(RemoteWebDriver.java:410)
	at org.openqa.selenium.remote.RemoteWebDriver.findElementByXPath(RemoteWebDriver.java:509)
	at org.openqa.selenium.By$ByXPath.findElement(By.java:361)
	at org.openqa.selenium.remote.RemoteWebDriver.findElement(RemoteWebDriver.java:402)
	at CDMNext.util.CommonFunctionality.getElementByXpath(CommonFunctionality.java:513)
	at CDMNext.StepDefinations.SeriesTab.click_on(SeriesTab.java:680)
	at ✽.And Click on "Row"(Commentary.feature:623)
</pre></pre></td>
                                                    </tr>
                                                    <tr>
                                                        <td>May 27, 2022 05:16:07 PM</td>
                                                        <td class='linked' test-id='217'>Verifying Commentary Visual functionality.TC_Commentary_83:Verify 'font size'.And Choose font size as "12px"</td>
                                                        <td><pre><pre>org.openqa.selenium.NoSuchElementException: no such element: Unable to locate element: {"method":"xpath","selector":"//*[@title='12px']"}
  (Session info: chrome=101.0.4951.67)
For documentation on this error, please visit: http://seleniumhq.org/exceptions/no_such_element.html
Build info: version: '3.4.0', revision: 'unknown', time: 'unknown'
System info: host: 'IN-BLR-L008', ip: '192.168.56.1', os.name: 'Windows 10', os.arch: 'amd64', os.version: '10.0', java.version: '1.8.0_202'
Driver info: org.openqa.selenium.chrome.ChromeDriver
Capabilities [{networkConnectionEnabled=false, chrome={chromedriverVersion=100.0.4896.20 (f9d71f93d32a6487809d6f35a9670c879fe97dfe-refs/branch-heads/4896@{#203}), userDataDir=C:\Users\nmaduru\AppData\Local\Temp\scoped_dir13608_167844171}, timeouts={implicit=0.0, pageLoad=300000.0, script=30000.0}, pageLoadStrategy=normal, unhandledPromptBehavior=dismiss and notify, strictFileInteractability=false, platform=ANY, proxy=Proxy(), goog:chromeOptions={debuggerAddress=localhost:52300}, webauthn:extension:credBlob=true, acceptInsecureCerts=true, browserVersion=101.0.4951.67, browserName=chrome, javascriptEnabled=true, platformName=windows, setWindowRect=true, webauthn:extension:largeBlob=true, webauthn:virtualAuthenticators=true}]
Session ID: eff4a89b1b34ead970fb37314f1a4c7c
*** Element info: {Using=xpath, value=//*[@title='12px']}
	at sun.reflect.GeneratedConstructorAccessor18.newInstance(Unknown Source)
	at sun.reflect.DelegatingConstructorAccessorImpl.newInstance(DelegatingConstructorAccessorImpl.java:45)
	at java.lang.reflect.Constructor.newInstance(Constructor.java:423)
	at org.openqa.selenium.remote.http.W3CHttpResponseCodec.createException(W3CHttpResponseCodec.java:150)
	at org.openqa.selenium.remote.http.W3CHttpResponseCodec.decode(W3CHttpResponseCodec.java:115)
	at org.openqa.selenium.remote.http.W3CHttpResponseCodec.decode(W3CHttpResponseCodec.java:45)
	at org.openqa.selenium.remote.HttpCommandExecutor.execute(HttpCommandExecutor.java:164)
	at org.openqa.selenium.remote.service.DriverCommandExecutor.execute(DriverCommandExecutor.java:82)
	at org.openqa.selenium.remote.RemoteWebDriver.execute(RemoteWebDriver.java:637)
	at org.openqa.selenium.remote.RemoteWebDriver.findElement(RemoteWebDriver.java:410)
	at org.openqa.selenium.remote.RemoteWebDriver.findElementByXPath(RemoteWebDriver.java:509)
	at org.openqa.selenium.By$ByXPath.findElement(By.java:361)
	at org.openqa.selenium.remote.RemoteWebDriver.findElement(RemoteWebDriver.java:402)
	at CDMNext.util.CommonFunctionality.getElementByXpath(CommonFunctionality.java:513)
	at CDMNext.StepDefinations.Commentary.choose_font_size_as(Commentary.java:1605)
	at ✽.And Choose font size as "12px"(Commentary.feature:664)
</pre></pre></td>
                                                    </tr>
                                                    <tr>
                                                        <td>May 27, 2022 05:17:34 PM</td>
                                                        <td class='linked' test-id='222'>Verifying Commentary Visual functionality.TC_Commentary_84:Verify 'Text color'.And Choose text color as "Red"</td>
                                                        <td><pre><pre>org.openqa.selenium.NoSuchElementException: no such element: Unable to locate element: {"method":"xpath","selector":"//div[@title='Red']"}
  (Session info: chrome=101.0.4951.67)
For documentation on this error, please visit: http://seleniumhq.org/exceptions/no_such_element.html
Build info: version: '3.4.0', revision: 'unknown', time: 'unknown'
System info: host: 'IN-BLR-L008', ip: '192.168.56.1', os.name: 'Windows 10', os.arch: 'amd64', os.version: '10.0', java.version: '1.8.0_202'
Driver info: org.openqa.selenium.chrome.ChromeDriver
Capabilities [{networkConnectionEnabled=false, chrome={chromedriverVersion=100.0.4896.20 (f9d71f93d32a6487809d6f35a9670c879fe97dfe-refs/branch-heads/4896@{#203}), userDataDir=C:\Users\nmaduru\AppData\Local\Temp\scoped_dir13608_167844171}, timeouts={implicit=0.0, pageLoad=300000.0, script=30000.0}, pageLoadStrategy=normal, unhandledPromptBehavior=dismiss and notify, strictFileInteractability=false, platform=ANY, proxy=Proxy(), goog:chromeOptions={debuggerAddress=localhost:52300}, webauthn:extension:credBlob=true, acceptInsecureCerts=true, browserVersion=101.0.4951.67, browserName=chrome, javascriptEnabled=true, platformName=windows, setWindowRect=true, webauthn:extension:largeBlob=true, webauthn:virtualAuthenticators=true}]
Session ID: eff4a89b1b34ead970fb37314f1a4c7c
*** Element info: {Using=xpath, value=//div[@title='Red']}
	at sun.reflect.GeneratedConstructorAccessor18.newInstance(Unknown Source)
	at sun.reflect.DelegatingConstructorAccessorImpl.newInstance(DelegatingConstructorAccessorImpl.java:45)
	at java.lang.reflect.Constructor.newInstance(Constructor.java:423)
	at org.openqa.selenium.remote.http.W3CHttpResponseCodec.createException(W3CHttpResponseCodec.java:150)
	at org.openqa.selenium.remote.http.W3CHttpResponseCodec.decode(W3CHttpResponseCodec.java:115)
	at org.openqa.selenium.remote.http.W3CHttpResponseCodec.decode(W3CHttpResponseCodec.java:45)
	at org.openqa.selenium.remote.HttpCommandExecutor.execute(HttpCommandExecutor.java:164)
	at org.openqa.selenium.remote.service.DriverCommandExecutor.execute(DriverCommandExecutor.java:82)
	at org.openqa.selenium.remote.RemoteWebDriver.execute(RemoteWebDriver.java:637)
	at org.openqa.selenium.remote.RemoteWebDriver.findElement(RemoteWebDriver.java:410)
	at org.openqa.selenium.remote.RemoteWebDriver.findElementByXPath(RemoteWebDriver.java:509)
	at org.openqa.selenium.By$ByXPath.findElement(By.java:361)
	at org.openqa.selenium.remote.RemoteWebDriver.findElement(RemoteWebDriver.java:402)
	at CDMNext.util.CommonFunctionality.getElementByXpath(CommonFunctionality.java:513)
	at CDMNext.StepDefinations.Commentary.choose_text_color_as(Commentary.java:1630)
	at ✽.And Choose text color as "Red"(Commentary.feature:671)
</pre></pre></td>
                                                    </tr>
                                                    <tr>
                                                        <td>May 27, 2022 05:19:04 PM</td>
                                                        <td class='linked' test-id='227'>Verifying Commentary Visual functionality.TC_Commentary_85:Verify 'Background color'.And Choose background color as "Red"</td>
                                                        <td><pre><pre>org.openqa.selenium.NoSuchElementException: no such element: Unable to locate element: {"method":"xpath","selector":"//div[@title='Red']"}
  (Session info: chrome=101.0.4951.67)
For documentation on this error, please visit: http://seleniumhq.org/exceptions/no_such_element.html
Build info: version: '3.4.0', revision: 'unknown', time: 'unknown'
System info: host: 'IN-BLR-L008', ip: '192.168.56.1', os.name: 'Windows 10', os.arch: 'amd64', os.version: '10.0', java.version: '1.8.0_202'
Driver info: org.openqa.selenium.chrome.ChromeDriver
Capabilities [{networkConnectionEnabled=false, chrome={chromedriverVersion=100.0.4896.20 (f9d71f93d32a6487809d6f35a9670c879fe97dfe-refs/branch-heads/4896@{#203}), userDataDir=C:\Users\nmaduru\AppData\Local\Temp\scoped_dir13608_167844171}, timeouts={implicit=0.0, pageLoad=300000.0, script=30000.0}, pageLoadStrategy=normal, unhandledPromptBehavior=dismiss and notify, strictFileInteractability=false, platform=ANY, proxy=Proxy(), goog:chromeOptions={debuggerAddress=localhost:52300}, webauthn:extension:credBlob=true, acceptInsecureCerts=true, browserVersion=101.0.4951.67, browserName=chrome, javascriptEnabled=true, platformName=windows, setWindowRect=true, webauthn:extension:largeBlob=true, webauthn:virtualAuthenticators=true}]
Session ID: eff4a89b1b34ead970fb37314f1a4c7c
*** Element info: {Using=xpath, value=//div[@title='Red']}
	at sun.reflect.GeneratedConstructorAccessor18.newInstance(Unknown Source)
	at sun.reflect.DelegatingConstructorAccessorImpl.newInstance(DelegatingConstructorAccessorImpl.java:45)
	at java.lang.reflect.Constructor.newInstance(Constructor.java:423)
	at org.openqa.selenium.remote.http.W3CHttpResponseCodec.createException(W3CHttpResponseCodec.java:150)
	at org.openqa.selenium.remote.http.W3CHttpResponseCodec.decode(W3CHttpResponseCodec.java:115)
	at org.openqa.selenium.remote.http.W3CHttpResponseCodec.decode(W3CHttpResponseCodec.java:45)
	at org.openqa.selenium.remote.HttpCommandExecutor.execute(HttpCommandExecutor.java:164)
	at org.openqa.selenium.remote.service.DriverCommandExecutor.execute(DriverCommandExecutor.java:82)
	at org.openqa.selenium.remote.RemoteWebDriver.execute(RemoteWebDriver.java:637)
	at org.openqa.selenium.remote.RemoteWebDriver.findElement(RemoteWebDriver.java:410)
	at org.openqa.selenium.remote.RemoteWebDriver.findElementByXPath(RemoteWebDriver.java:509)
	at org.openqa.selenium.By$ByXPath.findElement(By.java:361)
	at org.openqa.selenium.remote.RemoteWebDriver.findElement(RemoteWebDriver.java:402)
	at CDMNext.util.CommonFunctionality.getElementByXpath(CommonFunctionality.java:513)
	at CDMNext.StepDefinations.Commentary.choose_text_color_as(Commentary.java:1630)
	at CDMNext.StepDefinations.Commentary.choose_background_color_as(Commentary.java:1680)
	at ✽.And Choose background color as "Red"(Commentary.feature:678)
</pre></pre></td>
                                                    </tr>
                                                    <tr>
                                                        <td>May 27, 2022 05:22:24 PM</td>
                                                        <td class='linked' test-id='240'>Verifying Commentary Visual functionality.TC_Commentary_87:Verify Bullet list.And Click on "Bullet list"</td>
                                                        <td><pre><pre>org.openqa.selenium.NoSuchElementException: no such element: Unable to locate element: {"method":"xpath","selector":"//*[@aria-label='Bullet list']"}
  (Session info: chrome=101.0.4951.67)
For documentation on this error, please visit: http://seleniumhq.org/exceptions/no_such_element.html
Build info: version: '3.4.0', revision: 'unknown', time: 'unknown'
System info: host: 'IN-BLR-L008', ip: '192.168.56.1', os.name: 'Windows 10', os.arch: 'amd64', os.version: '10.0', java.version: '1.8.0_202'
Driver info: org.openqa.selenium.chrome.ChromeDriver
Capabilities [{networkConnectionEnabled=false, chrome={chromedriverVersion=100.0.4896.20 (f9d71f93d32a6487809d6f35a9670c879fe97dfe-refs/branch-heads/4896@{#203}), userDataDir=C:\Users\nmaduru\AppData\Local\Temp\scoped_dir13608_167844171}, timeouts={implicit=0.0, pageLoad=300000.0, script=30000.0}, pageLoadStrategy=normal, unhandledPromptBehavior=dismiss and notify, strictFileInteractability=false, platform=ANY, proxy=Proxy(), goog:chromeOptions={debuggerAddress=localhost:52300}, webauthn:extension:credBlob=true, acceptInsecureCerts=true, browserVersion=101.0.4951.67, browserName=chrome, javascriptEnabled=true, platformName=windows, setWindowRect=true, webauthn:extension:largeBlob=true, webauthn:virtualAuthenticators=true}]
Session ID: eff4a89b1b34ead970fb37314f1a4c7c
*** Element info: {Using=xpath, value=//*[@aria-label='Bullet list']}
	at sun.reflect.GeneratedConstructorAccessor18.newInstance(Unknown Source)
	at sun.reflect.DelegatingConstructorAccessorImpl.newInstance(DelegatingConstructorAccessorImpl.java:45)
	at java.lang.reflect.Constructor.newInstance(Constructor.java:423)
	at org.openqa.selenium.remote.http.W3CHttpResponseCodec.createException(W3CHttpResponseCodec.java:150)
	at org.openqa.selenium.remote.http.W3CHttpResponseCodec.decode(W3CHttpResponseCodec.java:115)
	at org.openqa.selenium.remote.http.W3CHttpResponseCodec.decode(W3CHttpResponseCodec.java:45)
	at org.openqa.selenium.remote.HttpCommandExecutor.execute(HttpCommandExecutor.java:164)
	at org.openqa.selenium.remote.service.DriverCommandExecutor.execute(DriverCommandExecutor.java:82)
	at org.openqa.selenium.remote.RemoteWebDriver.execute(RemoteWebDriver.java:637)
	at org.openqa.selenium.remote.RemoteWebDriver.findElement(RemoteWebDriver.java:410)
	at org.openqa.selenium.remote.RemoteWebDriver.findElementByXPath(RemoteWebDriver.java:509)
	at org.openqa.selenium.By$ByXPath.findElement(By.java:361)
	at org.openqa.selenium.remote.RemoteWebDriver.findElement(RemoteWebDriver.java:402)
	at CDMNext.util.CommonFunctionality.getElementByXpath(CommonFunctionality.java:513)
	at CDMNext.StepDefinations.SeriesTab.click_on(SeriesTab.java:692)
	at ✽.And Click on "Bullet list"(Commentary.feature:695)
</pre></pre></td>
                                                    </tr>
                                                    <tr>
                                                        <td>May 27, 2022 05:23:45 PM</td>
                                                        <td class='linked' test-id='245'>Verifying Commentary Visual functionality.TC_Commentary_88:Verify Number list.And Click on "Numbered list"</td>
                                                        <td><pre><pre>org.openqa.selenium.NoSuchElementException: no such element: Unable to locate element: {"method":"xpath","selector":"//*[@aria-label='Numbered list']"}
  (Session info: chrome=101.0.4951.67)
For documentation on this error, please visit: http://seleniumhq.org/exceptions/no_such_element.html
Build info: version: '3.4.0', revision: 'unknown', time: 'unknown'
System info: host: 'IN-BLR-L008', ip: '192.168.56.1', os.name: 'Windows 10', os.arch: 'amd64', os.version: '10.0', java.version: '1.8.0_202'
Driver info: org.openqa.selenium.chrome.ChromeDriver
Capabilities [{networkConnectionEnabled=false, chrome={chromedriverVersion=100.0.4896.20 (f9d71f93d32a6487809d6f35a9670c879fe97dfe-refs/branch-heads/4896@{#203}), userDataDir=C:\Users\nmaduru\AppData\Local\Temp\scoped_dir13608_167844171}, timeouts={implicit=0.0, pageLoad=300000.0, script=30000.0}, pageLoadStrategy=normal, unhandledPromptBehavior=dismiss and notify, strictFileInteractability=false, platform=ANY, proxy=Proxy(), goog:chromeOptions={debuggerAddress=localhost:52300}, webauthn:extension:credBlob=true, acceptInsecureCerts=true, browserVersion=101.0.4951.67, browserName=chrome, javascriptEnabled=true, platformName=windows, setWindowRect=true, webauthn:extension:largeBlob=true, webauthn:virtualAuthenticators=true}]
Session ID: eff4a89b1b34ead970fb37314f1a4c7c
*** Element info: {Using=xpath, value=//*[@aria-label='Numbered list']}
	at sun.reflect.GeneratedConstructorAccessor18.newInstance(Unknown Source)
	at sun.reflect.DelegatingConstructorAccessorImpl.newInstance(DelegatingConstructorAccessorImpl.java:45)
	at java.lang.reflect.Constructor.newInstance(Constructor.java:423)
	at org.openqa.selenium.remote.http.W3CHttpResponseCodec.createException(W3CHttpResponseCodec.java:150)
	at org.openqa.selenium.remote.http.W3CHttpResponseCodec.decode(W3CHttpResponseCodec.java:115)
	at org.openqa.selenium.remote.http.W3CHttpResponseCodec.decode(W3CHttpResponseCodec.java:45)
	at org.openqa.selenium.remote.HttpCommandExecutor.execute(HttpCommandExecutor.java:164)
	at org.openqa.selenium.remote.service.DriverCommandExecutor.execute(DriverCommandExecutor.java:82)
	at org.openqa.selenium.remote.RemoteWebDriver.execute(RemoteWebDriver.java:637)
	at org.openqa.selenium.remote.RemoteWebDriver.findElement(RemoteWebDriver.java:410)
	at org.openqa.selenium.remote.RemoteWebDriver.findElementByXPath(RemoteWebDriver.java:509)
	at org.openqa.selenium.By$ByXPath.findElement(By.java:361)
	at org.openqa.selenium.remote.RemoteWebDriver.findElement(RemoteWebDriver.java:402)
	at CDMNext.util.CommonFunctionality.getElementByXpath(CommonFunctionality.java:513)
	at CDMNext.StepDefinations.SeriesTab.click_on(SeriesTab.java:696)
	at ✽.And Click on "Numbered list"(Commentary.feature:702)
</pre></pre></td>
                                                    </tr>
                                                    <tr>
                                                        <td>May 27, 2022 05:25:10 PM</td>
                                                        <td class='linked' test-id='249'>Verifying Commentary Visual functionality.TC_Commentary_90:Verify Bold format.And Click on "Bold"</td>
                                                        <td><pre><pre>org.openqa.selenium.NoSuchElementException: no such element: Unable to locate element: {"method":"xpath","selector":"//*[@aria-label='Bold']"}
  (Session info: chrome=101.0.4951.67)
For documentation on this error, please visit: http://seleniumhq.org/exceptions/no_such_element.html
Build info: version: '3.4.0', revision: 'unknown', time: 'unknown'
System info: host: 'IN-BLR-L008', ip: '192.168.56.1', os.name: 'Windows 10', os.arch: 'amd64', os.version: '10.0', java.version: '1.8.0_202'
Driver info: org.openqa.selenium.chrome.ChromeDriver
Capabilities [{networkConnectionEnabled=false, chrome={chromedriverVersion=100.0.4896.20 (f9d71f93d32a6487809d6f35a9670c879fe97dfe-refs/branch-heads/4896@{#203}), userDataDir=C:\Users\nmaduru\AppData\Local\Temp\scoped_dir13608_167844171}, timeouts={implicit=0.0, pageLoad=300000.0, script=30000.0}, pageLoadStrategy=normal, unhandledPromptBehavior=dismiss and notify, strictFileInteractability=false, platform=ANY, proxy=Proxy(), goog:chromeOptions={debuggerAddress=localhost:52300}, webauthn:extension:credBlob=true, acceptInsecureCerts=true, browserVersion=101.0.4951.67, browserName=chrome, javascriptEnabled=true, platformName=windows, setWindowRect=true, webauthn:extension:largeBlob=true, webauthn:virtualAuthenticators=true}]
Session ID: eff4a89b1b34ead970fb37314f1a4c7c
*** Element info: {Using=xpath, value=//*[@aria-label='Bold']}
	at sun.reflect.GeneratedConstructorAccessor18.newInstance(Unknown Source)
	at sun.reflect.DelegatingConstructorAccessorImpl.newInstance(DelegatingConstructorAccessorImpl.java:45)
	at java.lang.reflect.Constructor.newInstance(Constructor.java:423)
	at org.openqa.selenium.remote.http.W3CHttpResponseCodec.createException(W3CHttpResponseCodec.java:150)
	at org.openqa.selenium.remote.http.W3CHttpResponseCodec.decode(W3CHttpResponseCodec.java:115)
	at org.openqa.selenium.remote.http.W3CHttpResponseCodec.decode(W3CHttpResponseCodec.java:45)
	at org.openqa.selenium.remote.HttpCommandExecutor.execute(HttpCommandExecutor.java:164)
	at org.openqa.selenium.remote.service.DriverCommandExecutor.execute(DriverCommandExecutor.java:82)
	at org.openqa.selenium.remote.RemoteWebDriver.execute(RemoteWebDriver.java:637)
	at org.openqa.selenium.remote.RemoteWebDriver.findElement(RemoteWebDriver.java:410)
	at org.openqa.selenium.remote.RemoteWebDriver.findElementByXPath(RemoteWebDriver.java:509)
	at org.openqa.selenium.By$ByXPath.findElement(By.java:361)
	at org.openqa.selenium.remote.RemoteWebDriver.findElement(RemoteWebDriver.java:402)
	at CDMNext.util.CommonFunctionality.getElementByXpath(CommonFunctionality.java:513)
	at CDMNext.StepDefinations.SeriesTab.click_on(SeriesTab.java:708)
	at ✽.And Click on "Bold"(Commentary.feature:714)
</pre></pre></td>
                                                    </tr>
                                                    <tr>
                                                        <td>May 27, 2022 05:26:36 PM</td>
                                                        <td class='linked' test-id='253'>Verifying Commentary Visual functionality.TC_Commentary_91:Verify Italic format.And Click on "Italic"</td>
                                                        <td><pre><pre>org.openqa.selenium.NoSuchElementException: no such element: Unable to locate element: {"method":"xpath","selector":"//*[@aria-label='Italic']"}
  (Session info: chrome=101.0.4951.67)
For documentation on this error, please visit: http://seleniumhq.org/exceptions/no_such_element.html
Build info: version: '3.4.0', revision: 'unknown', time: 'unknown'
System info: host: 'IN-BLR-L008', ip: '192.168.56.1', os.name: 'Windows 10', os.arch: 'amd64', os.version: '10.0', java.version: '1.8.0_202'
Driver info: org.openqa.selenium.chrome.ChromeDriver
Capabilities [{networkConnectionEnabled=false, chrome={chromedriverVersion=100.0.4896.20 (f9d71f93d32a6487809d6f35a9670c879fe97dfe-refs/branch-heads/4896@{#203}), userDataDir=C:\Users\nmaduru\AppData\Local\Temp\scoped_dir13608_167844171}, timeouts={implicit=0.0, pageLoad=300000.0, script=30000.0}, pageLoadStrategy=normal, unhandledPromptBehavior=dismiss and notify, strictFileInteractability=false, platform=ANY, proxy=Proxy(), goog:chromeOptions={debuggerAddress=localhost:52300}, webauthn:extension:credBlob=true, acceptInsecureCerts=true, browserVersion=101.0.4951.67, browserName=chrome, javascriptEnabled=true, platformName=windows, setWindowRect=true, webauthn:extension:largeBlob=true, webauthn:virtualAuthenticators=true}]
Session ID: eff4a89b1b34ead970fb37314f1a4c7c
*** Element info: {Using=xpath, value=//*[@aria-label='Italic']}
	at sun.reflect.GeneratedConstructorAccessor18.newInstance(Unknown Source)
	at sun.reflect.DelegatingConstructorAccessorImpl.newInstance(DelegatingConstructorAccessorImpl.java:45)
	at java.lang.reflect.Constructor.newInstance(Constructor.java:423)
	at org.openqa.selenium.remote.http.W3CHttpResponseCodec.createException(W3CHttpResponseCodec.java:150)
	at org.openqa.selenium.remote.http.W3CHttpResponseCodec.decode(W3CHttpResponseCodec.java:115)
	at org.openqa.selenium.remote.http.W3CHttpResponseCodec.decode(W3CHttpResponseCodec.java:45)
	at org.openqa.selenium.remote.HttpCommandExecutor.execute(HttpCommandExecutor.java:164)
	at org.openqa.selenium.remote.service.DriverCommandExecutor.execute(DriverCommandExecutor.java:82)
	at org.openqa.selenium.remote.RemoteWebDriver.execute(RemoteWebDriver.java:637)
	at org.openqa.selenium.remote.RemoteWebDriver.findElement(RemoteWebDriver.java:410)
	at org.openqa.selenium.remote.RemoteWebDriver.findElementByXPath(RemoteWebDriver.java:509)
	at org.openqa.selenium.By$ByXPath.findElement(By.java:361)
	at org.openqa.selenium.remote.RemoteWebDriver.findElement(RemoteWebDriver.java:402)
	at CDMNext.util.CommonFunctionality.getElementByXpath(CommonFunctionality.java:513)
	at CDMNext.StepDefinations.SeriesTab.click_on(SeriesTab.java:714)
	at ✽.And Click on "Italic"(Commentary.feature:720)
</pre></pre></td>
                                                    </tr>
                                                    <tr>
                                                        <td>May 27, 2022 05:27:48 PM</td>
                                                        <td class='linked' test-id='257'>Verifying Commentary Visual functionality.TC_Commentary_92:Verify upload image.And Click on "Upload image"</td>
                                                        <td><pre><pre>org.openqa.selenium.NoSuchElementException: no such element: Unable to locate element: {"method":"xpath","selector":"//*[@aria-label='Upload image']"}
  (Session info: chrome=101.0.4951.67)
For documentation on this error, please visit: http://seleniumhq.org/exceptions/no_such_element.html
Build info: version: '3.4.0', revision: 'unknown', time: 'unknown'
System info: host: 'IN-BLR-L008', ip: '192.168.56.1', os.name: 'Windows 10', os.arch: 'amd64', os.version: '10.0', java.version: '1.8.0_202'
Driver info: org.openqa.selenium.chrome.ChromeDriver
Capabilities [{networkConnectionEnabled=false, chrome={chromedriverVersion=100.0.4896.20 (f9d71f93d32a6487809d6f35a9670c879fe97dfe-refs/branch-heads/4896@{#203}), userDataDir=C:\Users\nmaduru\AppData\Local\Temp\scoped_dir13608_167844171}, timeouts={implicit=0.0, pageLoad=300000.0, script=30000.0}, pageLoadStrategy=normal, unhandledPromptBehavior=dismiss and notify, strictFileInteractability=false, platform=ANY, proxy=Proxy(), goog:chromeOptions={debuggerAddress=localhost:52300}, webauthn:extension:credBlob=true, acceptInsecureCerts=true, browserVersion=101.0.4951.67, browserName=chrome, javascriptEnabled=true, platformName=windows, setWindowRect=true, webauthn:extension:largeBlob=true, webauthn:virtualAuthenticators=true}]
Session ID: eff4a89b1b34ead970fb37314f1a4c7c
*** Element info: {Using=xpath, value=//*[@aria-label='Upload image']}
	at sun.reflect.GeneratedConstructorAccessor18.newInstance(Unknown Source)
	at sun.reflect.DelegatingConstructorAccessorImpl.newInstance(DelegatingConstructorAccessorImpl.java:45)
	at java.lang.reflect.Constructor.newInstance(Constructor.java:423)
	at org.openqa.selenium.remote.http.W3CHttpResponseCodec.createException(W3CHttpResponseCodec.java:150)
	at org.openqa.selenium.remote.http.W3CHttpResponseCodec.decode(W3CHttpResponseCodec.java:115)
	at org.openqa.selenium.remote.http.W3CHttpResponseCodec.decode(W3CHttpResponseCodec.java:45)
	at org.openqa.selenium.remote.HttpCommandExecutor.execute(HttpCommandExecutor.java:164)
	at org.openqa.selenium.remote.service.DriverCommandExecutor.execute(DriverCommandExecutor.java:82)
	at org.openqa.selenium.remote.RemoteWebDriver.execute(RemoteWebDriver.java:637)
	at org.openqa.selenium.remote.RemoteWebDriver.findElement(RemoteWebDriver.java:410)
	at org.openqa.selenium.remote.RemoteWebDriver.findElementByXPath(RemoteWebDriver.java:509)
	at org.openqa.selenium.By$ByXPath.findElement(By.java:361)
	at org.openqa.selenium.remote.RemoteWebDriver.findElement(RemoteWebDriver.java:402)
	at CDMNext.util.CommonFunctionality.getElementByXpath(CommonFunctionality.java:513)
	at CDMNext.StepDefinations.SeriesTab.click_on(SeriesTab.java:718)
	at ✽.And Click on "Upload image"(Commentary.feature:726)
</pre></pre></td>
                                                    </tr>
                                                    <tr>
                                                        <td>May 27, 2022 05:28:51 PM</td>
                                                        <td class='linked' test-id='261'>Verifying Commentary Visual functionality.TC_Commentary_118:Verify 'Delete' insight having all type of visuals.And Delete the created insight with all visuals</td>
                                                        <td><pre><pre>org.openqa.selenium.NoSuchElementException: no such element: Unable to locate element: {"method":"xpath","selector":"//*[text()='Automation_Insight']/following::a[contains(text(),'Customize')][1]"}
  (Session info: chrome=101.0.4951.67)
For documentation on this error, please visit: http://seleniumhq.org/exceptions/no_such_element.html
Build info: version: '3.4.0', revision: 'unknown', time: 'unknown'
System info: host: 'IN-BLR-L008', ip: '192.168.56.1', os.name: 'Windows 10', os.arch: 'amd64', os.version: '10.0', java.version: '1.8.0_202'
Driver info: org.openqa.selenium.chrome.ChromeDriver
Capabilities [{networkConnectionEnabled=false, chrome={chromedriverVersion=100.0.4896.20 (f9d71f93d32a6487809d6f35a9670c879fe97dfe-refs/branch-heads/4896@{#203}), userDataDir=C:\Users\nmaduru\AppData\Local\Temp\scoped_dir13608_167844171}, timeouts={implicit=0.0, pageLoad=300000.0, script=30000.0}, pageLoadStrategy=normal, unhandledPromptBehavior=dismiss and notify, strictFileInteractability=false, platform=ANY, proxy=Proxy(), goog:chromeOptions={debuggerAddress=localhost:52300}, webauthn:extension:credBlob=true, acceptInsecureCerts=true, browserVersion=101.0.4951.67, browserName=chrome, javascriptEnabled=true, platformName=windows, setWindowRect=true, webauthn:extension:largeBlob=true, webauthn:virtualAuthenticators=true}]
Session ID: eff4a89b1b34ead970fb37314f1a4c7c
*** Element info: {Using=xpath, value=//*[text()='Automation_Insight']/following::a[contains(text(),'Customize')][1]}
	at sun.reflect.GeneratedConstructorAccessor18.newInstance(Unknown Source)
	at sun.reflect.DelegatingConstructorAccessorImpl.newInstance(DelegatingConstructorAccessorImpl.java:45)
	at java.lang.reflect.Constructor.newInstance(Constructor.java:423)
	at org.openqa.selenium.remote.http.W3CHttpResponseCodec.createException(W3CHttpResponseCodec.java:150)
	at org.openqa.selenium.remote.http.W3CHttpResponseCodec.decode(W3CHttpResponseCodec.java:115)
	at org.openqa.selenium.remote.http.W3CHttpResponseCodec.decode(W3CHttpResponseCodec.java:45)
	at org.openqa.selenium.remote.HttpCommandExecutor.execute(HttpCommandExecutor.java:164)
	at org.openqa.selenium.remote.service.DriverCommandExecutor.execute(DriverCommandExecutor.java:82)
	at org.openqa.selenium.remote.RemoteWebDriver.execute(RemoteWebDriver.java:637)
	at org.openqa.selenium.remote.RemoteWebDriver.findElement(RemoteWebDriver.java:410)
	at org.openqa.selenium.remote.RemoteWebDriver.findElementByXPath(RemoteWebDriver.java:509)
	at org.openqa.selenium.By$ByXPath.findElement(By.java:361)
	at org.openqa.selenium.remote.RemoteWebDriver.findElement(RemoteWebDriver.java:402)
	at CDMNext.util.CommonFunctionality.getElementByProperty(CommonFunctionality.java:480)
	at CDMNext.StepDefinations.Commentary.delete_the_created_insight_with_all_visuals(Commentary.java:2075)
	at ✽.And Delete the created insight with all visuals(Commentary.feature:968)
</pre></pre></td>
                                                    </tr>
                                        </tbody>
                                    </table>
                                </div>
                            </div>
                        </li>
                        <li class='exception displayed active'>
                            <div class='exception-heading'>
                                <span class='exception-name'>java.lang.AssertionError</span>
                                <span class='exception-count right'><span class='label red lighten-1 white-text'>6</span></span>
                            </div>
                            <div class='exception-content hide'>
                                <div class='exception-tests'>
                                    <table class='bordered table-results'>
                                        <thead>
                                        <tr>
                                            <th>Timestamp</th>
                                            <th>TestName</th>
                                            <th>Status</th>
                                        </tr>
                                        </thead>
                                        <tbody>
                                                    <tr>
                                                        <td>May 27, 2022 04:53:31 PM</td>
                                                        <td class='linked' test-id='84'>Verifying Commentary Visual functionality.TC_Commentary_69:Table - Delete table.Then The table should be deleted from the visual</td>
                                                        <td><pre><pre>java.lang.AssertionError: The table is not deleted
	at org.testng.Assert.fail(Assert.java:94)
	at CDMNext.StepDefinations.Commentary.the_table_should_be_deleted_from_the_visual(Commentary.java:1390)
	at ✽.Then The table should be deleted from the visual(Commentary.feature:503)
</pre></pre></td>
                                                    </tr>
                                                    <tr>
                                                        <td>May 27, 2022 04:59:52 PM</td>
                                                        <td class='linked' test-id='122'>Verifying Commentary Visual functionality.TC_Commentary_73:Table - Row - verify insert row before.Then The row should be insertd before the selected table</td>
                                                        <td><pre><pre>java.lang.AssertionError: The row is not inserted
	at org.testng.Assert.fail(Assert.java:94)
	at CDMNext.StepDefinations.Commentary.the_row_should_be_insertd_before_the_selected_table(Commentary.java:1457)
	at ✽.Then The row should be insertd before the selected table(Commentary.feature:549)
</pre></pre></td>
                                                    </tr>
                                                    <tr>
                                                        <td>May 27, 2022 05:01:45 PM</td>
                                                        <td class='linked' test-id='131'>Verifying Commentary Visual functionality.TC_Commentary_74:Table - Row - verify insert row after.Then The row should be insertd after selected the table</td>
                                                        <td><pre><pre>java.lang.AssertionError: The row is not inserted
	at org.testng.Assert.fail(Assert.java:94)
	at CDMNext.StepDefinations.Commentary.the_row_should_be_insertd_before_the_selected_table(Commentary.java:1457)
	at CDMNext.StepDefinations.Commentary.the_row_should_be_insertd_after_selected_the_table(Commentary.java:1465)
	at ✽.Then The row should be insertd after selected the table(Commentary.feature:560)
</pre></pre></td>
                                                    </tr>
                                                    <tr>
                                                        <td>May 27, 2022 05:11:38 PM</td>
                                                        <td class='linked' test-id='195'>Verifying Commentary Visual functionality.TC_Commentary_80:Table - Column - Verify Insert column before.Then The column should be inserted before selected column</td>
                                                        <td><pre><pre>java.lang.AssertionError: The Column is not inserted
	at org.testng.Assert.fail(Assert.java:94)
	at CDMNext.StepDefinations.Commentary.the_column_should_be_inserted_before_selected_column(Commentary.java:1576)
	at ✽.Then The column should be inserted before selected column(Commentary.feature:636)
</pre></pre></td>
                                                    </tr>
                                                    <tr>
                                                        <td>May 27, 2022 05:13:09 PM</td>
                                                        <td class='linked' test-id='204'>Verifying Commentary Visual functionality.TC_Commentary_81:Table - Column - Verify Insert column after.Then The column should be inserted after selected column</td>
                                                        <td><pre><pre>java.lang.AssertionError: The Column is not inserted
	at org.testng.Assert.fail(Assert.java:94)
	at CDMNext.StepDefinations.Commentary.the_column_should_be_inserted_before_selected_column(Commentary.java:1576)
	at CDMNext.StepDefinations.Commentary.the_column_should_be_inserted_after_selected_column(Commentary.java:1584)
	at ✽.Then The column should be inserted after selected column(Commentary.feature:647)
</pre></pre></td>
                                                    </tr>
                                                    <tr>
                                                        <td>May 27, 2022 05:14:41 PM</td>
                                                        <td class='linked' test-id='213'>Verifying Commentary Visual functionality.TC_Commentary_82:Table - Column - Verify Delete column.Then The column should be deleted</td>
                                                        <td><pre><pre>java.lang.AssertionError: The Column is not deleted
	at org.testng.Assert.fail(Assert.java:94)
	at CDMNext.StepDefinations.Commentary.the_column_should_be_deleted(Commentary.java:1596)
	at ✽.Then The column should be deleted(Commentary.feature:658)
</pre></pre></td>
                                                    </tr>
                                        </tbody>
                                    </table>
                                </div>
                            </div>
                        </li>
                        <li class='exception displayed active'>
                            <div class='exception-heading'>
                                <span class='exception-name'>java.lang.NumberFormatException</span>
                                <span class='exception-count right'><span class='label red lighten-1 white-text'>1</span></span>
                            </div>
                            <div class='exception-content hide'>
                                <div class='exception-tests'>
                                    <table class='bordered table-results'>
                                        <thead>
                                        <tr>
                                            <th>Timestamp</th>
                                            <th>TestName</th>
                                            <th>Status</th>
                                        </tr>
                                        </thead>
                                        <tbody>
                                                    <tr>
                                                        <td>May 27, 2022 04:56:30 PM</td>
                                                        <td class='linked' test-id='101'>Verifying Commentary Visual functionality.TC_Commentary_71:Table - Merge cells.Then The selected cells should be merged</td>
                                                        <td><pre><pre>java.lang.NumberFormatException: null
	at java.lang.Integer.parseInt(Integer.java:542)
	at java.lang.Integer.parseInt(Integer.java:615)
	at CDMNext.StepDefinations.Commentary.the_selected_cells_should_be_merged(Commentary.java:1424)
	at ✽.Then The selected cells should be merged(Commentary.feature:524)
</pre></pre></td>
                                                    </tr>
                                        </tbody>
                                    </table>
                                </div>
                            </div>
                        </li>
                </ul>
        </div>
    </div>

    <div class='subview-right left'>
        <div class='view-summary'>
            <h5 class='exception-name'></h5>
        </div>
    </div>
</div>
<!-- exception view -->
<div id='dashboard-view' class='view hide'>
	<div class='card-panel transparent np-v'>
		<h5>Dashboard</h5>

		<div class='row'>
			<div class='col s2'>
				<div class='card-panel r'>
					Features
					<div class='panel-lead'>1</div>
				</div>
			</div>
			<div class='col s2'>
				<div class='card-panel r'>
					Scenarios
					<div class='panel-lead'>35</div>
				</div>
			</div>
			<div class='col s2'>
				<div class='card-panel r'>
					Steps
					<div class='panel-lead'>226</div>
				</div>
			</div>
			<div class='col s2'>
				<div class='card-panel r'>
					Start
					<div class='panel-lead'>May 27, 2022 04:36:36 PM</div>
				</div>
			</div>
			<div class='col s2'>
				<div class='card-panel r'>
			 		End
			 		<div class='panel-lead'>May 27, 2022 05:29:23 PM</div>
				</div>
			</div>
			<div class='col s2'>
				<div class='card-panel r'>
					Time Taken
					<div class='panel-lead'>0h 52m 47s+70ms</div>
				</div>
			</div>
			<div class='col s6'>
				<div class='card-panel dashboard-categories'>
					<span class='right label cyan white-text'>Categories</span><p>&nbsp;</p>
					
					<table>
						<tr>
							<th>Name</th>
							<th>Passed</th>
							<th>Failed</th>
							<th>Others</th>
							<th>Passed %</th>
						</tr>
						<tr>
							<td>@Commentary1</td>
							<td>5</td>
							<td>30</td>
							<td>0</td>
							<td>
									14.286%
							</td>
						</tr>
					</table>
				</div>
			</div>
		</div>
	</div>
</div>
<!-- dashboard view -->
<!-- testrunner-logs view -->
		</div>
		<!-- container -->

		<script>
			var statusGroup = {
				passParent: 0,
				failParent: 1,
				fatalParent: 0,
				errorParent: 0,
				warningParent: 0,
				skipParent: 0,
				exceptionsParent: 1,
				
				passChild: 5,
				failChild: 30,
				fatalChild: 0,
				errorChild: 0,
				warningChild: 0,
				skipChild: 0,
				infoChild: 0,
				exceptionsChild: 30,
				
				passGrandChild: 154,
				failGrandChild: 30,
				fatalGrandChild: 0,
				errorGrandChild: 0,
				warningGrandChild: 0,
				skipGrandChild: 42,
				infoGrandChild: 0,
				exceptionsGrandChild: 72,
			};
		</script>
		
			<script src='https://cdn.rawgit.com/anshooarora/extentreports-java/fca20fb7653aade98810546ab96a2a4360e3e712/dist/js/extent.js' type='text/javascript'></script>
		
		
 		<script type='text/javascript'>
 		</script>
	</body>
	
</html>
